{"C:\\Users\\aiman\\Projects\\Monitoring_System_TonyPi\\frontend\\src\\App.tsx": {"path":"C:\\Users\\aiman\\Projects\\Monitoring_System_TonyPi\\frontend\\src\\App.tsx","statementMap":{"0":{"start":{"line":46,"column":2},"end":{"line":54,"column":4}}},"fnMap":{"0":{"name":"App","decl":{"start":{"line":45,"column":9},"end":{"line":45,"column":12}},"loc":{"start":{"line":45,"column":15},"end":{"line":55,"column":1}},"line":45}},"branchMap":{},"s":{"0":2},"f":{"0":2},"b":{},"_coverageSchema":"1a1c01bbd47fc00a2c39e90264f33305004495a9","hash":"6e003457017d79166dcd3dc61b041b0d0abac8c1"}
,"C:\\Users\\aiman\\Projects\\Monitoring_System_TonyPi\\frontend\\src\\TonyPiApp.tsx": {"path":"C:\\Users\\aiman\\Projects\\Monitoring_System_TonyPi\\frontend\\src\\TonyPiApp.tsx","statementMap":{"0":{"start":{"line":91,"column":35},"end":{"line":851,"column":1}},"1":{"start":{"line":92,"column":55},"end":{"line":92,"column":64}},"2":{"start":{"line":93,"column":34},"end":{"line":93,"column":44}},"3":{"start":{"line":94,"column":40},"end":{"line":94,"column":60}},"4":{"start":{"line":95,"column":25},"end":{"line":95,"column":51}},"5":{"start":{"line":96,"column":36},"end":{"line":96,"column":68}},"6":{"start":{"line":97,"column":36},"end":{"line":97,"column":61}},"7":{"start":{"line":98,"column":44},"end":{"line":98,"column":70}},"8":{"start":{"line":99,"column":34},"end":{"line":99,"column":100}},"9":{"start":{"line":100,"column":40},"end":{"line":100,"column":68}},"10":{"start":{"line":101,"column":48},"end":{"line":101,"column":68}},"11":{"start":{"line":102,"column":40},"end":{"line":102,"column":64}},"12":{"start":{"line":103,"column":46},"end":{"line":103,"column":65}},"13":{"start":{"line":104,"column":44},"end":{"line":104,"column":68}},"14":{"start":{"line":105,"column":42},"end":{"line":105,"column":66}},"15":{"start":{"line":106,"column":46},"end":{"line":106,"column":70}},"16":{"start":{"line":107,"column":38},"end":{"line":107,"column":57}},"17":{"start":{"line":111,"column":2},"end":{"line":116,"column":9}},"18":{"start":{"line":112,"column":18},"end":{"line":114,"column":12}},"19":{"start":{"line":113,"column":6},"end":{"line":113,"column":50}},"20":{"start":{"line":115,"column":4},"end":{"line":115,"column":38}},"21":{"start":{"line":115,"column":17},"end":{"line":115,"column":37}},"22":{"start":{"line":119,"column":2},"end":{"line":138,"column":24}},"23":{"start":{"line":120,"column":4},"end":{"line":120,"column":33}},"24":{"start":{"line":120,"column":26},"end":{"line":120,"column":33}},"25":{"start":{"line":122,"column":28},"end":{"line":129,"column":5}},"26":{"start":{"line":123,"column":6},"end":{"line":128,"column":7}},"27":{"start":{"line":124,"column":22},"end":{"line":124,"column":59}},"28":{"start":{"line":125,"column":8},"end":{"line":125,"column":49}},"29":{"start":{"line":127,"column":8},"end":{"line":127,"column":60}},"30":{"start":{"line":132,"column":4},"end":{"line":132,"column":22}},"31":{"start":{"line":135,"column":21},"end":{"line":135,"column":56}},"32":{"start":{"line":137,"column":4},"end":{"line":137,"column":41}},"33":{"start":{"line":137,"column":17},"end":{"line":137,"column":40}},"34":{"start":{"line":141,"column":2},"end":{"line":201,"column":41}},"35":{"start":{"line":142,"column":4},"end":{"line":142,"column":33}},"36":{"start":{"line":142,"column":26},"end":{"line":142,"column":33}},"37":{"start":{"line":144,"column":27},"end":{"line":196,"column":5}},"38":{"start":{"line":145,"column":6},"end":{"line":195,"column":7}},"39":{"start":{"line":148,"column":26},"end":{"line":148,"column":27}},"40":{"start":{"line":149,"column":29},"end":{"line":149,"column":30}},"41":{"start":{"line":150,"column":34},"end":{"line":150,"column":35}},"42":{"start":{"line":152,"column":8},"end":{"line":160,"column":9}},"43":{"start":{"line":153,"column":31},"end":{"line":153,"column":68}},"44":{"start":{"line":154,"column":10},"end":{"line":154,"column":54}},"45":{"start":{"line":155,"column":10},"end":{"line":155,"column":60}},"46":{"start":{"line":156,"column":10},"end":{"line":156,"column":67}},"47":{"start":{"line":157,"column":10},"end":{"line":157,"column":116}},"48":{"start":{"line":159,"column":10},"end":{"line":159,"column":67}},"49":{"start":{"line":162,"column":33},"end":{"line":165,"column":10}},"50":{"start":{"line":167,"column":8},"end":{"line":167,"column":29}},"51":{"start":{"line":168,"column":8},"end":{"line":170,"column":9}},"52":{"start":{"line":169,"column":10},"end":{"line":169,"column":45}},"53":{"start":{"line":172,"column":8},"end":{"line":188,"column":9}},"54":{"start":{"line":174,"column":30},"end":{"line":176,"column":23}},"55":{"start":{"line":175,"column":31},"end":{"line":175,"column":61}},"56":{"start":{"line":178,"column":10},"end":{"line":184,"column":11}},"57":{"start":{"line":179,"column":12},"end":{"line":179,"column":38}},"58":{"start":{"line":181,"column":12},"end":{"line":183,"column":13}},"59":{"start":{"line":182,"column":14},"end":{"line":182,"column":55}},"60":{"start":{"line":185,"column":10},"end":{"line":185,"column":31}},"61":{"start":{"line":187,"column":10},"end":{"line":187,"column":32}},"62":{"start":{"line":190,"column":24},"end":{"line":190,"column":71}},"63":{"start":{"line":191,"column":8},"end":{"line":191,"column":45}},"64":{"start":{"line":193,"column":8},"end":{"line":193,"column":57}},"65":{"start":{"line":194,"column":8},"end":{"line":194,"column":30}},"66":{"start":{"line":198,"column":4},"end":{"line":198,"column":21}},"67":{"start":{"line":199,"column":21},"end":{"line":199,"column":54}},"68":{"start":{"line":200,"column":4},"end":{"line":200,"column":41}},"69":{"start":{"line":200,"column":17},"end":{"line":200,"column":40}},"70":{"start":{"line":204,"column":2},"end":{"line":211,"column":37}},"71":{"start":{"line":205,"column":31},"end":{"line":208,"column":5}},"72":{"start":{"line":206,"column":6},"end":{"line":206,"column":47}},"73":{"start":{"line":206,"column":24},"end":{"line":206,"column":47}},"74":{"start":{"line":207,"column":6},"end":{"line":207,"column":51}},"75":{"start":{"line":207,"column":26},"end":{"line":207,"column":51}},"76":{"start":{"line":209,"column":4},"end":{"line":209,"column":59}},"77":{"start":{"line":210,"column":4},"end":{"line":210,"column":75}},"78":{"start":{"line":210,"column":17},"end":{"line":210,"column":74}},"79":{"start":{"line":213,"column":15},"end":{"line":224,"column":3}},"80":{"start":{"line":227,"column":2},"end":{"line":251,"column":3}},"81":{"start":{"line":228,"column":4},"end":{"line":250,"column":6}},"82":{"start":{"line":254,"column":2},"end":{"line":256,"column":3}},"83":{"start":{"line":255,"column":4},"end":{"line":255,"column":21}},"84":{"start":{"line":258,"column":23},"end":{"line":261,"column":3}},"85":{"start":{"line":259,"column":4},"end":{"line":259,"column":13}},"86":{"start":{"line":260,"column":4},"end":{"line":260,"column":27}},"87":{"start":{"line":263,"column":2},"end":{"line":850,"column":4}},"88":{"start":{"line":303,"column":31},"end":{"line":303,"column":55}},"89":{"start":{"line":316,"column":31},"end":{"line":316,"column":53}},"90":{"start":{"line":328,"column":20},"end":{"line":328,"column":40}},"91":{"start":{"line":329,"column":20},"end":{"line":329,"column":51}},"92":{"start":{"line":344,"column":36},"end":{"line":344,"column":55}},"93":{"start":{"line":375,"column":18},"end":{"line":375,"column":43}},"94":{"start":{"line":376,"column":18},"end":{"line":376,"column":43}},"95":{"start":{"line":396,"column":18},"end":{"line":396,"column":38}},"96":{"start":{"line":397,"column":18},"end":{"line":397,"column":53}},"97":{"start":{"line":422,"column":18},"end":{"line":422,"column":41}},"98":{"start":{"line":423,"column":18},"end":{"line":423,"column":43}},"99":{"start":{"line":447,"column":14},"end":{"line":459,"column":23}},"100":{"start":{"line":449,"column":31},"end":{"line":449,"column":53}},"101":{"start":{"line":542,"column":122},"end":{"line":542,"column":143}},"102":{"start":{"line":622,"column":37},"end":{"line":622,"column":71}},"103":{"start":{"line":626,"column":22},"end":{"line":628,"column":31}},"104":{"start":{"line":674,"column":20},"end":{"line":688,"column":26}},"105":{"start":{"line":710,"column":20},"end":{"line":723,"column":26}},"106":{"start":{"line":739,"column":25},"end":{"line":739,"column":48}},"107":{"start":{"line":743,"column":28},"end":{"line":743,"column":47}},"108":{"start":{"line":751,"column":31},"end":{"line":751,"column":54}},"109":{"start":{"line":803,"column":20},"end":{"line":806,"column":26}},"110":{"start":{"line":840,"column":31},"end":{"line":840,"column":54}},"111":{"start":{"line":854,"column":28},"end":{"line":865,"column":1}},"112":{"start":{"line":855,"column":2},"end":{"line":864,"column":4}}},"fnMap":{"0":{"name":"(anonymous_0)","decl":{"start":{"line":91,"column":35},"end":{"line":91,"column":36}},"loc":{"start":{"line":91,"column":41},"end":{"line":851,"column":1}},"line":91},"1":{"name":"(anonymous_1)","decl":{"start":{"line":111,"column":12},"end":{"line":111,"column":13}},"loc":{"start":{"line":111,"column":18},"end":{"line":116,"column":3}},"line":111},"2":{"name":"(anonymous_2)","decl":{"start":{"line":112,"column":30},"end":{"line":112,"column":31}},"loc":{"start":{"line":112,"column":36},"end":{"line":114,"column":5}},"line":112},"3":{"name":"(anonymous_3)","decl":{"start":{"line":115,"column":11},"end":{"line":115,"column":12}},"loc":{"start":{"line":115,"column":17},"end":{"line":115,"column":37}},"line":115},"4":{"name":"(anonymous_4)","decl":{"start":{"line":119,"column":12},"end":{"line":119,"column":13}},"loc":{"start":{"line":119,"column":18},"end":{"line":138,"column":3}},"line":119},"5":{"name":"(anonymous_5)","decl":{"start":{"line":122,"column":28},"end":{"line":122,"column":29}},"loc":{"start":{"line":122,"column":40},"end":{"line":129,"column":5}},"line":122},"6":{"name":"(anonymous_6)","decl":{"start":{"line":137,"column":11},"end":{"line":137,"column":12}},"loc":{"start":{"line":137,"column":17},"end":{"line":137,"column":40}},"line":137},"7":{"name":"(anonymous_7)","decl":{"start":{"line":141,"column":12},"end":{"line":141,"column":13}},"loc":{"start":{"line":141,"column":18},"end":{"line":201,"column":3}},"line":141},"8":{"name":"(anonymous_8)","decl":{"start":{"line":144,"column":27},"end":{"line":144,"column":28}},"loc":{"start":{"line":144,"column":39},"end":{"line":196,"column":5}},"line":144},"9":{"name":"(anonymous_9)","decl":{"start":{"line":175,"column":26},"end":{"line":175,"column":27}},"loc":{"start":{"line":175,"column":31},"end":{"line":175,"column":61}},"line":175},"10":{"name":"(anonymous_10)","decl":{"start":{"line":200,"column":11},"end":{"line":200,"column":12}},"loc":{"start":{"line":200,"column":17},"end":{"line":200,"column":40}},"line":200},"11":{"name":"(anonymous_11)","decl":{"start":{"line":204,"column":12},"end":{"line":204,"column":13}},"loc":{"start":{"line":204,"column":18},"end":{"line":211,"column":3}},"line":204},"12":{"name":"(anonymous_12)","decl":{"start":{"line":205,"column":31},"end":{"line":205,"column":32}},"loc":{"start":{"line":205,"column":37},"end":{"line":208,"column":5}},"line":205},"13":{"name":"(anonymous_13)","decl":{"start":{"line":210,"column":11},"end":{"line":210,"column":12}},"loc":{"start":{"line":210,"column":17},"end":{"line":210,"column":74}},"line":210},"14":{"name":"(anonymous_14)","decl":{"start":{"line":258,"column":23},"end":{"line":258,"column":24}},"loc":{"start":{"line":258,"column":29},"end":{"line":261,"column":3}},"line":258},"15":{"name":"(anonymous_15)","decl":{"start":{"line":303,"column":25},"end":{"line":303,"column":26}},"loc":{"start":{"line":303,"column":31},"end":{"line":303,"column":55}},"line":303},"16":{"name":"(anonymous_16)","decl":{"start":{"line":316,"column":25},"end":{"line":316,"column":26}},"loc":{"start":{"line":316,"column":31},"end":{"line":316,"column":53}},"line":316},"17":{"name":"(anonymous_17)","decl":{"start":{"line":327,"column":27},"end":{"line":327,"column":28}},"loc":{"start":{"line":327,"column":34},"end":{"line":330,"column":19}},"line":327},"18":{"name":"(anonymous_18)","decl":{"start":{"line":344,"column":29},"end":{"line":344,"column":30}},"loc":{"start":{"line":344,"column":36},"end":{"line":344,"column":55}},"line":344},"19":{"name":"(anonymous_19)","decl":{"start":{"line":374,"column":25},"end":{"line":374,"column":26}},"loc":{"start":{"line":374,"column":31},"end":{"line":377,"column":17}},"line":374},"20":{"name":"(anonymous_20)","decl":{"start":{"line":395,"column":25},"end":{"line":395,"column":26}},"loc":{"start":{"line":395,"column":32},"end":{"line":398,"column":17}},"line":395},"21":{"name":"(anonymous_21)","decl":{"start":{"line":421,"column":25},"end":{"line":421,"column":26}},"loc":{"start":{"line":421,"column":31},"end":{"line":424,"column":17}},"line":421},"22":{"name":"(anonymous_22)","decl":{"start":{"line":446,"column":22},"end":{"line":446,"column":23}},"loc":{"start":{"line":447,"column":14},"end":{"line":459,"column":23}},"line":447},"23":{"name":"(anonymous_23)","decl":{"start":{"line":449,"column":25},"end":{"line":449,"column":26}},"loc":{"start":{"line":449,"column":31},"end":{"line":449,"column":53}},"line":449},"24":{"name":"(anonymous_24)","decl":{"start":{"line":542,"column":117},"end":{"line":542,"column":118}},"loc":{"start":{"line":542,"column":122},"end":{"line":542,"column":143}},"line":542},"25":{"name":"(anonymous_25)","decl":{"start":{"line":622,"column":30},"end":{"line":622,"column":31}},"loc":{"start":{"line":622,"column":37},"end":{"line":622,"column":71}},"line":622},"26":{"name":"(anonymous_26)","decl":{"start":{"line":625,"column":35},"end":{"line":625,"column":36}},"loc":{"start":{"line":626,"column":22},"end":{"line":628,"column":31}},"line":626},"27":{"name":"(anonymous_27)","decl":{"start":{"line":673,"column":54},"end":{"line":673,"column":55}},"loc":{"start":{"line":674,"column":20},"end":{"line":688,"column":26}},"line":674},"28":{"name":"(anonymous_28)","decl":{"start":{"line":709,"column":47},"end":{"line":709,"column":48}},"loc":{"start":{"line":710,"column":20},"end":{"line":723,"column":26}},"line":710},"29":{"name":"(anonymous_29)","decl":{"start":{"line":739,"column":19},"end":{"line":739,"column":20}},"loc":{"start":{"line":739,"column":25},"end":{"line":739,"column":48}},"line":739},"30":{"name":"(anonymous_30)","decl":{"start":{"line":743,"column":21},"end":{"line":743,"column":22}},"loc":{"start":{"line":743,"column":28},"end":{"line":743,"column":47}},"line":743},"31":{"name":"(anonymous_31)","decl":{"start":{"line":751,"column":25},"end":{"line":751,"column":26}},"loc":{"start":{"line":751,"column":31},"end":{"line":751,"column":54}},"line":751},"32":{"name":"(anonymous_32)","decl":{"start":{"line":802,"column":24},"end":{"line":802,"column":25}},"loc":{"start":{"line":803,"column":20},"end":{"line":806,"column":26}},"line":803},"33":{"name":"(anonymous_33)","decl":{"start":{"line":840,"column":25},"end":{"line":840,"column":26}},"loc":{"start":{"line":840,"column":31},"end":{"line":840,"column":54}},"line":840},"34":{"name":"(anonymous_34)","decl":{"start":{"line":854,"column":28},"end":{"line":854,"column":29}},"loc":{"start":{"line":854,"column":34},"end":{"line":865,"column":1}},"line":854}},"branchMap":{"0":{"loc":{"start":{"line":120,"column":4},"end":{"line":120,"column":33}},"type":"if","locations":[{"start":{"line":120,"column":4},"end":{"line":120,"column":33}},{"start":{},"end":{}}],"line":120},"1":{"loc":{"start":{"line":125,"column":22},"end":{"line":125,"column":47}},"type":"binary-expr","locations":[{"start":{"line":125,"column":22},"end":{"line":125,"column":42}},{"start":{"line":125,"column":46},"end":{"line":125,"column":47}}],"line":125},"2":{"loc":{"start":{"line":142,"column":4},"end":{"line":142,"column":33}},"type":"if","locations":[{"start":{"line":142,"column":4},"end":{"line":142,"column":33}},{"start":{},"end":{}}],"line":142},"3":{"loc":{"start":{"line":154,"column":24},"end":{"line":154,"column":53}},"type":"binary-expr","locations":[{"start":{"line":154,"column":24},"end":{"line":154,"column":48}},{"start":{"line":154,"column":52},"end":{"line":154,"column":53}}],"line":154},"4":{"loc":{"start":{"line":155,"column":27},"end":{"line":155,"column":59}},"type":"binary-expr","locations":[{"start":{"line":155,"column":27},"end":{"line":155,"column":54}},{"start":{"line":155,"column":58},"end":{"line":155,"column":59}}],"line":155},"5":{"loc":{"start":{"line":156,"column":32},"end":{"line":156,"column":66}},"type":"binary-expr","locations":[{"start":{"line":156,"column":32},"end":{"line":156,"column":61}},{"start":{"line":156,"column":65},"end":{"line":156,"column":66}}],"line":156},"6":{"loc":{"start":{"line":168,"column":8},"end":{"line":170,"column":9}},"type":"if","locations":[{"start":{"line":168,"column":8},"end":{"line":170,"column":9}},{"start":{},"end":{}}],"line":168},"7":{"loc":{"start":{"line":172,"column":8},"end":{"line":188,"column":9}},"type":"if","locations":[{"start":{"line":172,"column":8},"end":{"line":188,"column":9}},{"start":{"line":186,"column":15},"end":{"line":188,"column":9}}],"line":172},"8":{"loc":{"start":{"line":174,"column":30},"end":{"line":176,"column":23}},"type":"cond-expr","locations":[{"start":{"line":175,"column":14},"end":{"line":175,"column":62}},{"start":{"line":176,"column":14},"end":{"line":176,"column":23}}],"line":174},"9":{"loc":{"start":{"line":178,"column":10},"end":{"line":184,"column":11}},"type":"if","locations":[{"start":{"line":178,"column":10},"end":{"line":184,"column":11}},{"start":{},"end":{}}],"line":178},"10":{"loc":{"start":{"line":181,"column":12},"end":{"line":183,"column":13}},"type":"if","locations":[{"start":{"line":181,"column":12},"end":{"line":183,"column":13}},{"start":{},"end":{}}],"line":181},"11":{"loc":{"start":{"line":206,"column":6},"end":{"line":206,"column":47}},"type":"if","locations":[{"start":{"line":206,"column":6},"end":{"line":206,"column":47}},{"start":{},"end":{}}],"line":206},"12":{"loc":{"start":{"line":207,"column":6},"end":{"line":207,"column":51}},"type":"if","locations":[{"start":{"line":207,"column":6},"end":{"line":207,"column":51}},{"start":{},"end":{}}],"line":207},"13":{"loc":{"start":{"line":223,"column":8},"end":{"line":223,"column":88}},"type":"cond-expr","locations":[{"start":{"line":223,"column":33},"end":{"line":223,"column":83}},{"start":{"line":223,"column":86},"end":{"line":223,"column":88}}],"line":223},"14":{"loc":{"start":{"line":227,"column":2},"end":{"line":251,"column":3}},"type":"if","locations":[{"start":{"line":227,"column":2},"end":{"line":251,"column":3}},{"start":{},"end":{}}],"line":227},"15":{"loc":{"start":{"line":254,"column":2},"end":{"line":256,"column":3}},"type":"if","locations":[{"start":{"line":254,"column":2},"end":{"line":256,"column":3}},{"start":{},"end":{}}],"line":254},"16":{"loc":{"start":{"line":264,"column":67},"end":{"line":264,"column":150}},"type":"cond-expr","locations":[{"start":{"line":264,"column":76},"end":{"line":264,"column":89}},{"start":{"line":264,"column":92},"end":{"line":264,"column":150}}],"line":264},"17":{"loc":{"start":{"line":266,"column":110},"end":{"line":266,"column":183}},"type":"cond-expr","locations":[{"start":{"line":266,"column":119},"end":{"line":266,"column":151}},{"start":{"line":266,"column":154},"end":{"line":266,"column":183}}],"line":266},"18":{"loc":{"start":{"line":277,"column":68},"end":{"line":277,"column":110}},"type":"cond-expr","locations":[{"start":{"line":277,"column":77},"end":{"line":277,"column":92}},{"start":{"line":277,"column":95},"end":{"line":277,"column":110}}],"line":277},"19":{"loc":{"start":{"line":283,"column":78},"end":{"line":283,"column":115}},"type":"cond-expr","locations":[{"start":{"line":283,"column":87},"end":{"line":283,"column":100}},{"start":{"line":283,"column":103},"end":{"line":283,"column":115}}],"line":283},"20":{"loc":{"start":{"line":284,"column":45},"end":{"line":284,"column":87}},"type":"cond-expr","locations":[{"start":{"line":284,"column":54},"end":{"line":284,"column":69}},{"start":{"line":284,"column":72},"end":{"line":284,"column":87}}],"line":284},"21":{"loc":{"start":{"line":285,"column":56},"end":{"line":285,"column":98}},"type":"cond-expr","locations":[{"start":{"line":285,"column":65},"end":{"line":285,"column":80}},{"start":{"line":285,"column":83},"end":{"line":285,"column":98}}],"line":285},"22":{"loc":{"start":{"line":285,"column":103},"end":{"line":285,"column":130}},"type":"binary-expr","locations":[{"start":{"line":285,"column":103},"end":{"line":285,"column":114}},{"start":{"line":285,"column":118},"end":{"line":285,"column":130}}],"line":285},"23":{"loc":{"start":{"line":287,"column":78},"end":{"line":287,"column":235}},"type":"cond-expr","locations":[{"start":{"line":287,"column":93},"end":{"line":287,"column":165}},{"start":{"line":287,"column":170},"end":{"line":287,"column":234}}],"line":287},"24":{"loc":{"start":{"line":287,"column":93},"end":{"line":287,"column":165}},"type":"cond-expr","locations":[{"start":{"line":287,"column":102},"end":{"line":287,"column":134}},{"start":{"line":287,"column":137},"end":{"line":287,"column":165}}],"line":287},"25":{"loc":{"start":{"line":287,"column":170},"end":{"line":287,"column":234}},"type":"cond-expr","locations":[{"start":{"line":287,"column":179},"end":{"line":287,"column":207}},{"start":{"line":287,"column":210},"end":{"line":287,"column":234}}],"line":287},"26":{"loc":{"start":{"line":288,"column":17},"end":{"line":288,"column":93}},"type":"cond-expr","locations":[{"start":{"line":288,"column":31},"end":{"line":288,"column":59}},{"start":{"line":288,"column":62},"end":{"line":288,"column":93}}],"line":288},"27":{"loc":{"start":{"line":289,"column":55},"end":{"line":289,"column":97}},"type":"cond-expr","locations":[{"start":{"line":289,"column":69},"end":{"line":289,"column":80}},{"start":{"line":289,"column":83},"end":{"line":289,"column":97}}],"line":289},"28":{"loc":{"start":{"line":295,"column":102},"end":{"line":295,"column":216}},"type":"cond-expr","locations":[{"start":{"line":295,"column":111},"end":{"line":295,"column":168}},{"start":{"line":295,"column":171},"end":{"line":295,"column":216}}],"line":295},"29":{"loc":{"start":{"line":296,"column":23},"end":{"line":296,"column":78}},"type":"cond-expr","locations":[{"start":{"line":296,"column":32},"end":{"line":296,"column":54}},{"start":{"line":296,"column":57},"end":{"line":296,"column":78}}],"line":296},"30":{"loc":{"start":{"line":298,"column":17},"end":{"line":298,"column":84}},"type":"cond-expr","locations":[{"start":{"line":298,"column":26},"end":{"line":298,"column":53}},{"start":{"line":298,"column":56},"end":{"line":298,"column":84}}],"line":298},"31":{"loc":{"start":{"line":304,"column":111},"end":{"line":304,"column":185}},"type":"cond-expr","locations":[{"start":{"line":304,"column":120},"end":{"line":304,"column":151}},{"start":{"line":304,"column":154},"end":{"line":304,"column":185}}],"line":304},"32":{"loc":{"start":{"line":307,"column":44},"end":{"line":307,"column":86}},"type":"cond-expr","locations":[{"start":{"line":307,"column":53},"end":{"line":307,"column":68}},{"start":{"line":307,"column":71},"end":{"line":307,"column":86}}],"line":307},"33":{"loc":{"start":{"line":308,"column":17},"end":{"line":312,"column":17}},"type":"binary-expr","locations":[{"start":{"line":308,"column":17},"end":{"line":308,"column":31}},{"start":{"line":309,"column":18},"end":{"line":311,"column":25}}],"line":308},"34":{"loc":{"start":{"line":310,"column":21},"end":{"line":310,"column":55}},"type":"cond-expr","locations":[{"start":{"line":310,"column":38},"end":{"line":310,"column":42}},{"start":{"line":310,"column":45},"end":{"line":310,"column":55}}],"line":310},"35":{"loc":{"start":{"line":317,"column":93},"end":{"line":317,"column":200}},"type":"cond-expr","locations":[{"start":{"line":317,"column":102},"end":{"line":317,"column":153}},{"start":{"line":317,"column":156},"end":{"line":317,"column":200}}],"line":317},"36":{"loc":{"start":{"line":331,"column":95},"end":{"line":331,"column":214}},"type":"cond-expr","locations":[{"start":{"line":331,"column":104},"end":{"line":331,"column":161}},{"start":{"line":331,"column":164},"end":{"line":331,"column":214}}],"line":331},"37":{"loc":{"start":{"line":335,"column":82},"end":{"line":335,"column":156}},"type":"cond-expr","locations":[{"start":{"line":335,"column":91},"end":{"line":335,"column":122}},{"start":{"line":335,"column":125},"end":{"line":335,"column":156}}],"line":335},"38":{"loc":{"start":{"line":341,"column":17},"end":{"line":358,"column":17}},"type":"binary-expr","locations":[{"start":{"line":341,"column":17},"end":{"line":341,"column":29}},{"start":{"line":342,"column":18},"end":{"line":357,"column":24}}],"line":341},"39":{"loc":{"start":{"line":343,"column":92},"end":{"line":343,"column":173}},"type":"cond-expr","locations":[{"start":{"line":343,"column":101},"end":{"line":343,"column":137}},{"start":{"line":343,"column":140},"end":{"line":343,"column":173}}],"line":343},"40":{"loc":{"start":{"line":346,"column":58},"end":{"line":346,"column":104}},"type":"cond-expr","locations":[{"start":{"line":346,"column":67},"end":{"line":346,"column":84}},{"start":{"line":346,"column":87},"end":{"line":346,"column":104}}],"line":346},"41":{"loc":{"start":{"line":347,"column":59},"end":{"line":347,"column":101}},"type":"cond-expr","locations":[{"start":{"line":347,"column":68},"end":{"line":347,"column":83}},{"start":{"line":347,"column":86},"end":{"line":347,"column":101}}],"line":347},"42":{"loc":{"start":{"line":348,"column":58},"end":{"line":348,"column":100}},"type":"cond-expr","locations":[{"start":{"line":348,"column":67},"end":{"line":348,"column":82}},{"start":{"line":348,"column":85},"end":{"line":348,"column":100}}],"line":348},"43":{"loc":{"start":{"line":352,"column":105},"end":{"line":352,"column":181}},"type":"cond-expr","locations":[{"start":{"line":352,"column":114},"end":{"line":352,"column":148}},{"start":{"line":352,"column":151},"end":{"line":352,"column":181}}],"line":352},"44":{"loc":{"start":{"line":367,"column":102},"end":{"line":367,"column":175}},"type":"cond-expr","locations":[{"start":{"line":367,"column":111},"end":{"line":367,"column":145}},{"start":{"line":367,"column":148},"end":{"line":367,"column":175}}],"line":367},"45":{"loc":{"start":{"line":369,"column":17},"end":{"line":369,"column":84}},"type":"cond-expr","locations":[{"start":{"line":369,"column":26},"end":{"line":369,"column":53}},{"start":{"line":369,"column":56},"end":{"line":369,"column":84}}],"line":369},"46":{"loc":{"start":{"line":378,"column":111},"end":{"line":378,"column":149}},"type":"cond-expr","locations":[{"start":{"line":378,"column":120},"end":{"line":378,"column":133}},{"start":{"line":378,"column":136},"end":{"line":378,"column":149}}],"line":378},"47":{"loc":{"start":{"line":380,"column":44},"end":{"line":380,"column":86}},"type":"cond-expr","locations":[{"start":{"line":380,"column":53},"end":{"line":380,"column":68}},{"start":{"line":380,"column":71},"end":{"line":380,"column":86}}],"line":380},"48":{"loc":{"start":{"line":381,"column":17},"end":{"line":385,"column":17}},"type":"binary-expr","locations":[{"start":{"line":381,"column":17},"end":{"line":381,"column":31}},{"start":{"line":382,"column":18},"end":{"line":384,"column":25}}],"line":381},"49":{"loc":{"start":{"line":383,"column":21},"end":{"line":383,"column":55}},"type":"cond-expr","locations":[{"start":{"line":383,"column":38},"end":{"line":383,"column":42}},{"start":{"line":383,"column":45},"end":{"line":383,"column":55}}],"line":383},"50":{"loc":{"start":{"line":389,"column":80},"end":{"line":389,"column":237}},"type":"cond-expr","locations":[{"start":{"line":389,"column":95},"end":{"line":389,"column":167}},{"start":{"line":389,"column":172},"end":{"line":389,"column":236}}],"line":389},"51":{"loc":{"start":{"line":389,"column":95},"end":{"line":389,"column":167}},"type":"cond-expr","locations":[{"start":{"line":389,"column":104},"end":{"line":389,"column":136}},{"start":{"line":389,"column":139},"end":{"line":389,"column":167}}],"line":389},"52":{"loc":{"start":{"line":389,"column":172},"end":{"line":389,"column":236}},"type":"cond-expr","locations":[{"start":{"line":389,"column":181},"end":{"line":389,"column":209}},{"start":{"line":389,"column":212},"end":{"line":389,"column":236}}],"line":389},"53":{"loc":{"start":{"line":390,"column":17},"end":{"line":390,"column":93}},"type":"cond-expr","locations":[{"start":{"line":390,"column":31},"end":{"line":390,"column":59}},{"start":{"line":390,"column":62},"end":{"line":390,"column":93}}],"line":390},"54":{"loc":{"start":{"line":399,"column":102},"end":{"line":399,"column":176}},"type":"cond-expr","locations":[{"start":{"line":399,"column":111},"end":{"line":399,"column":142}},{"start":{"line":399,"column":145},"end":{"line":399,"column":176}}],"line":399},"55":{"loc":{"start":{"line":401,"column":44},"end":{"line":401,"column":86}},"type":"cond-expr","locations":[{"start":{"line":401,"column":53},"end":{"line":401,"column":68}},{"start":{"line":401,"column":71},"end":{"line":401,"column":86}}],"line":401},"56":{"loc":{"start":{"line":407,"column":11},"end":{"line":438,"column":11}},"type":"binary-expr","locations":[{"start":{"line":407,"column":11},"end":{"line":407,"column":25}},{"start":{"line":408,"column":12},"end":{"line":437,"column":18}}],"line":407},"57":{"loc":{"start":{"line":408,"column":70},"end":{"line":408,"column":116}},"type":"cond-expr","locations":[{"start":{"line":408,"column":79},"end":{"line":408,"column":96}},{"start":{"line":408,"column":99},"end":{"line":408,"column":116}}],"line":408},"58":{"loc":{"start":{"line":409,"column":78},"end":{"line":409,"column":115}},"type":"cond-expr","locations":[{"start":{"line":409,"column":87},"end":{"line":409,"column":100}},{"start":{"line":409,"column":103},"end":{"line":409,"column":115}}],"line":409},"59":{"loc":{"start":{"line":410,"column":45},"end":{"line":410,"column":87}},"type":"cond-expr","locations":[{"start":{"line":410,"column":54},"end":{"line":410,"column":69}},{"start":{"line":410,"column":72},"end":{"line":410,"column":87}}],"line":410},"60":{"loc":{"start":{"line":411,"column":56},"end":{"line":411,"column":98}},"type":"cond-expr","locations":[{"start":{"line":411,"column":65},"end":{"line":411,"column":80}},{"start":{"line":411,"column":83},"end":{"line":411,"column":98}}],"line":411},"61":{"loc":{"start":{"line":411,"column":103},"end":{"line":411,"column":130}},"type":"binary-expr","locations":[{"start":{"line":411,"column":103},"end":{"line":411,"column":114}},{"start":{"line":411,"column":118},"end":{"line":411,"column":130}}],"line":411},"62":{"loc":{"start":{"line":413,"column":78},"end":{"line":413,"column":122}},"type":"cond-expr","locations":[{"start":{"line":413,"column":87},"end":{"line":413,"column":105}},{"start":{"line":413,"column":108},"end":{"line":413,"column":122}}],"line":413},"63":{"loc":{"start":{"line":414,"column":44},"end":{"line":414,"column":90}},"type":"cond-expr","locations":[{"start":{"line":414,"column":53},"end":{"line":414,"column":70}},{"start":{"line":414,"column":73},"end":{"line":414,"column":90}}],"line":414},"64":{"loc":{"start":{"line":415,"column":56},"end":{"line":415,"column":102}},"type":"cond-expr","locations":[{"start":{"line":415,"column":65},"end":{"line":415,"column":82}},{"start":{"line":415,"column":85},"end":{"line":415,"column":102}}],"line":415},"65":{"loc":{"start":{"line":416,"column":80},"end":{"line":416,"column":154}},"type":"cond-expr","locations":[{"start":{"line":416,"column":89},"end":{"line":416,"column":120}},{"start":{"line":416,"column":123},"end":{"line":416,"column":154}}],"line":416},"66":{"loc":{"start":{"line":425,"column":100},"end":{"line":425,"column":207}},"type":"cond-expr","locations":[{"start":{"line":425,"column":109},"end":{"line":425,"column":160}},{"start":{"line":425,"column":163},"end":{"line":425,"column":207}}],"line":425},"67":{"loc":{"start":{"line":432,"column":100},"end":{"line":432,"column":201}},"type":"cond-expr","locations":[{"start":{"line":432,"column":109},"end":{"line":432,"column":157}},{"start":{"line":432,"column":160},"end":{"line":432,"column":201}}],"line":432},"68":{"loc":{"start":{"line":443,"column":119},"end":{"line":443,"column":192}},"type":"cond-expr","locations":[{"start":{"line":443,"column":128},"end":{"line":443,"column":160}},{"start":{"line":443,"column":163},"end":{"line":443,"column":192}}],"line":443},"69":{"loc":{"start":{"line":451,"column":18},"end":{"line":455,"column":95}},"type":"cond-expr","locations":[{"start":{"line":452,"column":22},"end":{"line":452,"column":89}},{"start":{"line":453,"column":22},"end":{"line":455,"column":95}}],"line":451},"70":{"loc":{"start":{"line":453,"column":22},"end":{"line":455,"column":95}},"type":"cond-expr","locations":[{"start":{"line":454,"column":24},"end":{"line":454,"column":86}},{"start":{"line":455,"column":24},"end":{"line":455,"column":95}}],"line":453},"71":{"loc":{"start":{"line":468,"column":9},"end":{"line":472,"column":9}},"type":"binary-expr","locations":[{"start":{"line":468,"column":9},"end":{"line":468,"column":38}},{"start":{"line":469,"column":10},"end":{"line":471,"column":16}}],"line":468},"72":{"loc":{"start":{"line":475,"column":9},"end":{"line":479,"column":9}},"type":"binary-expr","locations":[{"start":{"line":475,"column":9},"end":{"line":475,"column":31}},{"start":{"line":476,"column":10},"end":{"line":478,"column":16}}],"line":475},"73":{"loc":{"start":{"line":482,"column":9},"end":{"line":486,"column":9}},"type":"binary-expr","locations":[{"start":{"line":482,"column":9},"end":{"line":482,"column":33}},{"start":{"line":483,"column":10},"end":{"line":485,"column":16}}],"line":482},"74":{"loc":{"start":{"line":489,"column":9},"end":{"line":493,"column":9}},"type":"binary-expr","locations":[{"start":{"line":489,"column":9},"end":{"line":489,"column":33}},{"start":{"line":490,"column":10},"end":{"line":492,"column":16}}],"line":489},"75":{"loc":{"start":{"line":496,"column":9},"end":{"line":500,"column":9}},"type":"binary-expr","locations":[{"start":{"line":496,"column":9},"end":{"line":496,"column":34}},{"start":{"line":497,"column":10},"end":{"line":499,"column":16}}],"line":496},"76":{"loc":{"start":{"line":503,"column":9},"end":{"line":507,"column":9}},"type":"binary-expr","locations":[{"start":{"line":503,"column":9},"end":{"line":503,"column":33}},{"start":{"line":504,"column":10},"end":{"line":506,"column":16}}],"line":503},"77":{"loc":{"start":{"line":510,"column":9},"end":{"line":514,"column":9}},"type":"binary-expr","locations":[{"start":{"line":510,"column":9},"end":{"line":510,"column":31}},{"start":{"line":511,"column":10},"end":{"line":513,"column":16}}],"line":510},"78":{"loc":{"start":{"line":517,"column":9},"end":{"line":521,"column":9}},"type":"binary-expr","locations":[{"start":{"line":517,"column":9},"end":{"line":517,"column":34}},{"start":{"line":518,"column":10},"end":{"line":520,"column":16}}],"line":517},"79":{"loc":{"start":{"line":524,"column":9},"end":{"line":528,"column":9}},"type":"binary-expr","locations":[{"start":{"line":524,"column":9},"end":{"line":524,"column":32}},{"start":{"line":524,"column":36},"end":{"line":524,"column":58}},{"start":{"line":525,"column":10},"end":{"line":527,"column":16}}],"line":524},"80":{"loc":{"start":{"line":531,"column":9},"end":{"line":731,"column":9}},"type":"binary-expr","locations":[{"start":{"line":531,"column":9},"end":{"line":531,"column":35}},{"start":{"line":532,"column":10},"end":{"line":730,"column":16}}],"line":531},"81":{"loc":{"start":{"line":535,"column":96},"end":{"line":535,"column":177}},"type":"cond-expr","locations":[{"start":{"line":535,"column":105},"end":{"line":535,"column":141}},{"start":{"line":535,"column":144},"end":{"line":535,"column":177}}],"line":535},"82":{"loc":{"start":{"line":537,"column":52},"end":{"line":537,"column":92}},"type":"cond-expr","locations":[{"start":{"line":537,"column":61},"end":{"line":537,"column":77}},{"start":{"line":537,"column":80},"end":{"line":537,"column":92}}],"line":537},"83":{"loc":{"start":{"line":538,"column":52},"end":{"line":538,"column":94}},"type":"cond-expr","locations":[{"start":{"line":538,"column":61},"end":{"line":538,"column":76}},{"start":{"line":538,"column":79},"end":{"line":538,"column":94}}],"line":538},"84":{"loc":{"start":{"line":541,"column":57},"end":{"line":541,"column":99}},"type":"cond-expr","locations":[{"start":{"line":541,"column":66},"end":{"line":541,"column":81}},{"start":{"line":541,"column":84},"end":{"line":541,"column":99}}],"line":541},"85":{"loc":{"start":{"line":542,"column":56},"end":{"line":542,"column":95}},"type":"cond-expr","locations":[{"start":{"line":542,"column":65},"end":{"line":542,"column":77}},{"start":{"line":542,"column":80},"end":{"line":542,"column":95}}],"line":542},"86":{"loc":{"start":{"line":546,"column":96},"end":{"line":546,"column":177}},"type":"cond-expr","locations":[{"start":{"line":546,"column":105},"end":{"line":546,"column":141}},{"start":{"line":546,"column":144},"end":{"line":546,"column":177}}],"line":546},"87":{"loc":{"start":{"line":548,"column":52},"end":{"line":548,"column":96}},"type":"cond-expr","locations":[{"start":{"line":548,"column":61},"end":{"line":548,"column":79}},{"start":{"line":548,"column":82},"end":{"line":548,"column":96}}],"line":548},"88":{"loc":{"start":{"line":549,"column":52},"end":{"line":549,"column":98}},"type":"cond-expr","locations":[{"start":{"line":549,"column":61},"end":{"line":549,"column":78}},{"start":{"line":549,"column":81},"end":{"line":549,"column":98}}],"line":549},"89":{"loc":{"start":{"line":552,"column":57},"end":{"line":552,"column":99}},"type":"cond-expr","locations":[{"start":{"line":552,"column":66},"end":{"line":552,"column":81}},{"start":{"line":552,"column":84},"end":{"line":552,"column":99}}],"line":552},"90":{"loc":{"start":{"line":553,"column":56},"end":{"line":553,"column":95}},"type":"cond-expr","locations":[{"start":{"line":553,"column":65},"end":{"line":553,"column":77}},{"start":{"line":553,"column":80},"end":{"line":553,"column":95}}],"line":553},"91":{"loc":{"start":{"line":557,"column":96},"end":{"line":557,"column":177}},"type":"cond-expr","locations":[{"start":{"line":557,"column":105},"end":{"line":557,"column":141}},{"start":{"line":557,"column":144},"end":{"line":557,"column":177}}],"line":557},"92":{"loc":{"start":{"line":559,"column":52},"end":{"line":559,"column":94}},"type":"cond-expr","locations":[{"start":{"line":559,"column":61},"end":{"line":559,"column":78}},{"start":{"line":559,"column":81},"end":{"line":559,"column":94}}],"line":559},"93":{"loc":{"start":{"line":560,"column":55},"end":{"line":560,"column":99}},"type":"cond-expr","locations":[{"start":{"line":560,"column":64},"end":{"line":560,"column":80}},{"start":{"line":560,"column":83},"end":{"line":560,"column":99}}],"line":560},"94":{"loc":{"start":{"line":563,"column":57},"end":{"line":563,"column":99}},"type":"cond-expr","locations":[{"start":{"line":563,"column":66},"end":{"line":563,"column":81}},{"start":{"line":563,"column":84},"end":{"line":563,"column":99}}],"line":563},"95":{"loc":{"start":{"line":564,"column":56},"end":{"line":564,"column":95}},"type":"cond-expr","locations":[{"start":{"line":564,"column":65},"end":{"line":564,"column":77}},{"start":{"line":564,"column":80},"end":{"line":564,"column":95}}],"line":564},"96":{"loc":{"start":{"line":568,"column":96},"end":{"line":568,"column":177}},"type":"cond-expr","locations":[{"start":{"line":568,"column":105},"end":{"line":568,"column":141}},{"start":{"line":568,"column":144},"end":{"line":568,"column":177}}],"line":568},"97":{"loc":{"start":{"line":570,"column":52},"end":{"line":570,"column":96}},"type":"cond-expr","locations":[{"start":{"line":570,"column":61},"end":{"line":570,"column":79}},{"start":{"line":570,"column":82},"end":{"line":570,"column":96}}],"line":570},"98":{"loc":{"start":{"line":571,"column":55},"end":{"line":571,"column":101}},"type":"cond-expr","locations":[{"start":{"line":571,"column":64},"end":{"line":571,"column":81}},{"start":{"line":571,"column":84},"end":{"line":571,"column":101}}],"line":571},"99":{"loc":{"start":{"line":574,"column":57},"end":{"line":574,"column":99}},"type":"cond-expr","locations":[{"start":{"line":574,"column":66},"end":{"line":574,"column":81}},{"start":{"line":574,"column":84},"end":{"line":574,"column":99}}],"line":574},"100":{"loc":{"start":{"line":575,"column":56},"end":{"line":575,"column":95}},"type":"cond-expr","locations":[{"start":{"line":575,"column":65},"end":{"line":575,"column":77}},{"start":{"line":575,"column":80},"end":{"line":575,"column":95}}],"line":575},"101":{"loc":{"start":{"line":582,"column":94},"end":{"line":582,"column":175}},"type":"cond-expr","locations":[{"start":{"line":582,"column":103},"end":{"line":582,"column":139}},{"start":{"line":582,"column":142},"end":{"line":582,"column":175}}],"line":582},"102":{"loc":{"start":{"line":584,"column":76},"end":{"line":584,"column":115}},"type":"cond-expr","locations":[{"start":{"line":584,"column":85},"end":{"line":584,"column":97}},{"start":{"line":584,"column":100},"end":{"line":584,"column":115}}],"line":584},"103":{"loc":{"start":{"line":588,"column":80},"end":{"line":588,"column":343}},"type":"cond-expr","locations":[{"start":{"line":588,"column":109},"end":{"line":588,"column":229}},{"start":{"line":588,"column":234},"end":{"line":588,"column":342}}],"line":588},"104":{"loc":{"start":{"line":588,"column":109},"end":{"line":588,"column":229}},"type":"cond-expr","locations":[{"start":{"line":588,"column":118},"end":{"line":588,"column":174}},{"start":{"line":588,"column":177},"end":{"line":588,"column":229}}],"line":588},"105":{"loc":{"start":{"line":588,"column":234},"end":{"line":588,"column":342}},"type":"cond-expr","locations":[{"start":{"line":588,"column":243},"end":{"line":588,"column":293}},{"start":{"line":588,"column":296},"end":{"line":588,"column":342}}],"line":588},"106":{"loc":{"start":{"line":593,"column":57},"end":{"line":593,"column":129}},"type":"cond-expr","locations":[{"start":{"line":593,"column":66},"end":{"line":593,"column":98}},{"start":{"line":593,"column":101},"end":{"line":593,"column":129}}],"line":593},"107":{"loc":{"start":{"line":594,"column":48},"end":{"line":594,"column":90}},"type":"cond-expr","locations":[{"start":{"line":594,"column":57},"end":{"line":594,"column":72}},{"start":{"line":594,"column":75},"end":{"line":594,"column":90}}],"line":594},"108":{"loc":{"start":{"line":595,"column":57},"end":{"line":595,"column":118}},"type":"cond-expr","locations":[{"start":{"line":595,"column":85},"end":{"line":595,"column":101}},{"start":{"line":595,"column":104},"end":{"line":595,"column":118}}],"line":595},"109":{"loc":{"start":{"line":599,"column":57},"end":{"line":599,"column":137}},"type":"cond-expr","locations":[{"start":{"line":599,"column":66},"end":{"line":599,"column":102}},{"start":{"line":599,"column":105},"end":{"line":599,"column":137}}],"line":599},"110":{"loc":{"start":{"line":600,"column":48},"end":{"line":600,"column":90}},"type":"cond-expr","locations":[{"start":{"line":600,"column":57},"end":{"line":600,"column":72}},{"start":{"line":600,"column":75},"end":{"line":600,"column":90}}],"line":600},"111":{"loc":{"start":{"line":601,"column":57},"end":{"line":601,"column":104}},"type":"cond-expr","locations":[{"start":{"line":601,"column":71},"end":{"line":601,"column":87}},{"start":{"line":601,"column":90},"end":{"line":601,"column":104}}],"line":601},"112":{"loc":{"start":{"line":602,"column":21},"end":{"line":602,"column":63}},"type":"cond-expr","locations":[{"start":{"line":602,"column":35},"end":{"line":602,"column":46}},{"start":{"line":602,"column":49},"end":{"line":602,"column":63}}],"line":602},"113":{"loc":{"start":{"line":605,"column":57},"end":{"line":605,"column":137}},"type":"cond-expr","locations":[{"start":{"line":605,"column":66},"end":{"line":605,"column":102}},{"start":{"line":605,"column":105},"end":{"line":605,"column":137}}],"line":605},"114":{"loc":{"start":{"line":606,"column":48},"end":{"line":606,"column":90}},"type":"cond-expr","locations":[{"start":{"line":606,"column":57},"end":{"line":606,"column":72}},{"start":{"line":606,"column":75},"end":{"line":606,"column":90}}],"line":606},"115":{"loc":{"start":{"line":607,"column":57},"end":{"line":607,"column":96}},"type":"cond-expr","locations":[{"start":{"line":607,"column":66},"end":{"line":607,"column":78}},{"start":{"line":607,"column":81},"end":{"line":607,"column":96}}],"line":607},"116":{"loc":{"start":{"line":607,"column":101},"end":{"line":607,"column":128}},"type":"binary-expr","locations":[{"start":{"line":607,"column":101},"end":{"line":607,"column":112}},{"start":{"line":607,"column":116},"end":{"line":607,"column":128}}],"line":607},"117":{"loc":{"start":{"line":613,"column":94},"end":{"line":613,"column":175}},"type":"cond-expr","locations":[{"start":{"line":613,"column":103},"end":{"line":613,"column":139}},{"start":{"line":613,"column":142},"end":{"line":613,"column":175}}],"line":613},"118":{"loc":{"start":{"line":615,"column":76},"end":{"line":615,"column":115}},"type":"cond-expr","locations":[{"start":{"line":615,"column":85},"end":{"line":615,"column":97}},{"start":{"line":615,"column":100},"end":{"line":615,"column":115}}],"line":615},"119":{"loc":{"start":{"line":619,"column":17},"end":{"line":631,"column":17}},"type":"binary-expr","locations":[{"start":{"line":619,"column":17},"end":{"line":619,"column":37}},{"start":{"line":620,"column":18},"end":{"line":630,"column":27}}],"line":619},"120":{"loc":{"start":{"line":623,"column":121},"end":{"line":623,"column":213}},"type":"cond-expr","locations":[{"start":{"line":623,"column":130},"end":{"line":623,"column":170}},{"start":{"line":623,"column":173},"end":{"line":623,"column":213}}],"line":623},"121":{"loc":{"start":{"line":627,"column":42},"end":{"line":627,"column":94}},"type":"cond-expr","locations":[{"start":{"line":627,"column":70},"end":{"line":627,"column":80}},{"start":{"line":627,"column":83},"end":{"line":627,"column":94}}],"line":627},"122":{"loc":{"start":{"line":633,"column":15},"end":{"line":665,"column":15}},"type":"cond-expr","locations":[{"start":{"line":634,"column":16},"end":{"line":659,"column":22}},{"start":{"line":661,"column":16},"end":{"line":664,"column":22}}],"line":633},"123":{"loc":{"start":{"line":636,"column":61},"end":{"line":636,"column":165}},"type":"cond-expr","locations":[{"start":{"line":636,"column":70},"end":{"line":636,"column":102}},{"start":{"line":636,"column":105},"end":{"line":636,"column":165}}],"line":636},"124":{"loc":{"start":{"line":637,"column":52},"end":{"line":637,"column":94}},"type":"cond-expr","locations":[{"start":{"line":637,"column":61},"end":{"line":637,"column":76}},{"start":{"line":637,"column":79},"end":{"line":637,"column":94}}],"line":637},"125":{"loc":{"start":{"line":638,"column":61},"end":{"line":638,"column":100}},"type":"cond-expr","locations":[{"start":{"line":638,"column":70},"end":{"line":638,"column":82}},{"start":{"line":638,"column":85},"end":{"line":638,"column":100}}],"line":638},"126":{"loc":{"start":{"line":640,"column":61},"end":{"line":640,"column":170}},"type":"cond-expr","locations":[{"start":{"line":640,"column":70},"end":{"line":640,"column":104}},{"start":{"line":640,"column":107},"end":{"line":640,"column":170}}],"line":640},"127":{"loc":{"start":{"line":641,"column":52},"end":{"line":641,"column":94}},"type":"cond-expr","locations":[{"start":{"line":641,"column":61},"end":{"line":641,"column":76}},{"start":{"line":641,"column":79},"end":{"line":641,"column":94}}],"line":641},"128":{"loc":{"start":{"line":642,"column":72},"end":{"line":642,"column":111}},"type":"cond-expr","locations":[{"start":{"line":642,"column":81},"end":{"line":642,"column":93}},{"start":{"line":642,"column":96},"end":{"line":642,"column":111}}],"line":642},"129":{"loc":{"start":{"line":644,"column":61},"end":{"line":644,"column":175}},"type":"cond-expr","locations":[{"start":{"line":644,"column":70},"end":{"line":644,"column":106}},{"start":{"line":644,"column":109},"end":{"line":644,"column":175}}],"line":644},"130":{"loc":{"start":{"line":645,"column":52},"end":{"line":645,"column":94}},"type":"cond-expr","locations":[{"start":{"line":645,"column":61},"end":{"line":645,"column":76}},{"start":{"line":645,"column":79},"end":{"line":645,"column":94}}],"line":645},"131":{"loc":{"start":{"line":646,"column":61},"end":{"line":646,"column":100}},"type":"cond-expr","locations":[{"start":{"line":646,"column":70},"end":{"line":646,"column":82}},{"start":{"line":646,"column":85},"end":{"line":646,"column":100}}],"line":646},"132":{"loc":{"start":{"line":646,"column":105},"end":{"line":646,"column":154}},"type":"binary-expr","locations":[{"start":{"line":646,"column":105},"end":{"line":646,"column":145}},{"start":{"line":646,"column":149},"end":{"line":646,"column":154}}],"line":646},"133":{"loc":{"start":{"line":650,"column":61},"end":{"line":650,"column":175}},"type":"cond-expr","locations":[{"start":{"line":650,"column":70},"end":{"line":650,"column":106}},{"start":{"line":650,"column":109},"end":{"line":650,"column":175}}],"line":650},"134":{"loc":{"start":{"line":651,"column":52},"end":{"line":651,"column":94}},"type":"cond-expr","locations":[{"start":{"line":651,"column":61},"end":{"line":651,"column":76}},{"start":{"line":651,"column":79},"end":{"line":651,"column":94}}],"line":651},"135":{"loc":{"start":{"line":653,"column":61},"end":{"line":653,"column":103}},"type":"cond-expr","locations":[{"start":{"line":653,"column":70},"end":{"line":653,"column":85}},{"start":{"line":653,"column":88},"end":{"line":653,"column":103}}],"line":653},"136":{"loc":{"start":{"line":653,"column":111},"end":{"line":653,"column":149}},"type":"binary-expr","locations":[{"start":{"line":653,"column":111},"end":{"line":653,"column":144}},{"start":{"line":653,"column":148},"end":{"line":653,"column":149}}],"line":653},"137":{"loc":{"start":{"line":654,"column":61},"end":{"line":654,"column":103}},"type":"cond-expr","locations":[{"start":{"line":654,"column":70},"end":{"line":654,"column":85}},{"start":{"line":654,"column":88},"end":{"line":654,"column":103}}],"line":654},"138":{"loc":{"start":{"line":654,"column":111},"end":{"line":654,"column":149}},"type":"binary-expr","locations":[{"start":{"line":654,"column":111},"end":{"line":654,"column":144}},{"start":{"line":654,"column":148},"end":{"line":654,"column":149}}],"line":654},"139":{"loc":{"start":{"line":655,"column":61},"end":{"line":655,"column":103}},"type":"cond-expr","locations":[{"start":{"line":655,"column":70},"end":{"line":655,"column":85}},{"start":{"line":655,"column":88},"end":{"line":655,"column":103}}],"line":655},"140":{"loc":{"start":{"line":655,"column":111},"end":{"line":655,"column":149}},"type":"binary-expr","locations":[{"start":{"line":655,"column":111},"end":{"line":655,"column":144}},{"start":{"line":655,"column":148},"end":{"line":655,"column":149}}],"line":655},"141":{"loc":{"start":{"line":662,"column":68},"end":{"line":662,"column":110}},"type":"cond-expr","locations":[{"start":{"line":662,"column":77},"end":{"line":662,"column":92}},{"start":{"line":662,"column":95},"end":{"line":662,"column":110}}],"line":662},"142":{"loc":{"start":{"line":663,"column":32},"end":{"line":663,"column":74}},"type":"cond-expr","locations":[{"start":{"line":663,"column":41},"end":{"line":663,"column":56}},{"start":{"line":663,"column":59},"end":{"line":663,"column":74}}],"line":663},"143":{"loc":{"start":{"line":669,"column":13},"end":{"line":692,"column":13}},"type":"binary-expr","locations":[{"start":{"line":669,"column":13},"end":{"line":669,"column":27}},{"start":{"line":669,"column":31},"end":{"line":669,"column":69}},{"start":{"line":670,"column":14},"end":{"line":691,"column":20}}],"line":669},"144":{"loc":{"start":{"line":670,"column":96},"end":{"line":670,"column":177}},"type":"cond-expr","locations":[{"start":{"line":670,"column":105},"end":{"line":670,"column":141}},{"start":{"line":670,"column":144},"end":{"line":670,"column":177}}],"line":670},"145":{"loc":{"start":{"line":671,"column":61},"end":{"line":671,"column":100}},"type":"cond-expr","locations":[{"start":{"line":671,"column":70},"end":{"line":671,"column":82}},{"start":{"line":671,"column":85},"end":{"line":671,"column":100}}],"line":671},"146":{"loc":{"start":{"line":676,"column":24},"end":{"line":676,"column":76}},"type":"cond-expr","locations":[{"start":{"line":676,"column":47},"end":{"line":676,"column":61}},{"start":{"line":676,"column":64},"end":{"line":676,"column":76}}],"line":676},"147":{"loc":{"start":{"line":679,"column":72},"end":{"line":679,"column":114}},"type":"cond-expr","locations":[{"start":{"line":679,"column":81},"end":{"line":679,"column":96}},{"start":{"line":679,"column":99},"end":{"line":679,"column":114}}],"line":679},"148":{"loc":{"start":{"line":683,"column":26},"end":{"line":683,"column":82}},"type":"cond-expr","locations":[{"start":{"line":683,"column":49},"end":{"line":683,"column":65}},{"start":{"line":683,"column":68},"end":{"line":683,"column":82}}],"line":683},"149":{"loc":{"start":{"line":695,"column":94},"end":{"line":695,"column":175}},"type":"cond-expr","locations":[{"start":{"line":695,"column":103},"end":{"line":695,"column":139}},{"start":{"line":695,"column":142},"end":{"line":695,"column":175}}],"line":695},"150":{"loc":{"start":{"line":697,"column":76},"end":{"line":697,"column":115}},"type":"cond-expr","locations":[{"start":{"line":697,"column":85},"end":{"line":697,"column":97}},{"start":{"line":697,"column":100},"end":{"line":697,"column":115}}],"line":697},"151":{"loc":{"start":{"line":701,"column":17},"end":{"line":705,"column":17}},"type":"binary-expr","locations":[{"start":{"line":701,"column":17},"end":{"line":701,"column":32}},{"start":{"line":702,"column":18},"end":{"line":704,"column":25}}],"line":701},"152":{"loc":{"start":{"line":702,"column":69},"end":{"line":702,"column":135}},"type":"cond-expr","locations":[{"start":{"line":702,"column":78},"end":{"line":702,"column":105}},{"start":{"line":702,"column":108},"end":{"line":702,"column":135}}],"line":702},"153":{"loc":{"start":{"line":707,"column":15},"end":{"line":728,"column":15}},"type":"cond-expr","locations":[{"start":{"line":708,"column":16},"end":{"line":725,"column":22}},{"start":{"line":727,"column":16},"end":{"line":727,"column":155}}],"line":707},"154":{"loc":{"start":{"line":712,"column":92},"end":{"line":712,"column":192}},"type":"cond-expr","locations":[{"start":{"line":712,"column":101},"end":{"line":712,"column":133}},{"start":{"line":712,"column":136},"end":{"line":712,"column":192}}],"line":712},"155":{"loc":{"start":{"line":715,"column":56},"end":{"line":715,"column":98}},"type":"cond-expr","locations":[{"start":{"line":715,"column":65},"end":{"line":715,"column":80}},{"start":{"line":715,"column":83},"end":{"line":715,"column":98}}],"line":715},"156":{"loc":{"start":{"line":716,"column":62},"end":{"line":716,"column":104}},"type":"cond-expr","locations":[{"start":{"line":716,"column":71},"end":{"line":716,"column":86}},{"start":{"line":716,"column":89},"end":{"line":716,"column":104}}],"line":716},"157":{"loc":{"start":{"line":717,"column":69},"end":{"line":717,"column":111}},"type":"cond-expr","locations":[{"start":{"line":717,"column":78},"end":{"line":717,"column":93}},{"start":{"line":717,"column":96},"end":{"line":717,"column":111}}],"line":717},"158":{"loc":{"start":{"line":720,"column":52},"end":{"line":720,"column":94}},"type":"cond-expr","locations":[{"start":{"line":720,"column":61},"end":{"line":720,"column":76}},{"start":{"line":720,"column":79},"end":{"line":720,"column":94}}],"line":720},"159":{"loc":{"start":{"line":727,"column":50},"end":{"line":727,"column":92}},"type":"cond-expr","locations":[{"start":{"line":727,"column":59},"end":{"line":727,"column":74}},{"start":{"line":727,"column":77},"end":{"line":727,"column":92}}],"line":727},"160":{"loc":{"start":{"line":736,"column":7},"end":{"line":848,"column":7}},"type":"binary-expr","locations":[{"start":{"line":736,"column":7},"end":{"line":736,"column":20}},{"start":{"line":737,"column":8},"end":{"line":847,"column":14}}],"line":736},"161":{"loc":{"start":{"line":742,"column":116},"end":{"line":742,"column":174}},"type":"cond-expr","locations":[{"start":{"line":742,"column":125},"end":{"line":742,"column":161}},{"start":{"line":742,"column":164},"end":{"line":742,"column":174}}],"line":742},"162":{"loc":{"start":{"line":746,"column":74},"end":{"line":746,"column":113}},"type":"cond-expr","locations":[{"start":{"line":746,"column":83},"end":{"line":746,"column":95}},{"start":{"line":746,"column":98},"end":{"line":746,"column":113}}],"line":746},"163":{"loc":{"start":{"line":752,"column":48},"end":{"line":752,"column":130}},"type":"cond-expr","locations":[{"start":{"line":752,"column":57},"end":{"line":752,"column":92}},{"start":{"line":752,"column":95},"end":{"line":752,"column":130}}],"line":752},"164":{"loc":{"start":{"line":760,"column":61},"end":{"line":760,"column":103}},"type":"cond-expr","locations":[{"start":{"line":760,"column":70},"end":{"line":760,"column":85}},{"start":{"line":760,"column":88},"end":{"line":760,"column":103}}],"line":760},"165":{"loc":{"start":{"line":762,"column":62},"end":{"line":762,"column":138}},"type":"cond-expr","locations":[{"start":{"line":762,"column":71},"end":{"line":762,"column":105}},{"start":{"line":762,"column":108},"end":{"line":762,"column":138}}],"line":762},"166":{"loc":{"start":{"line":763,"column":55},"end":{"line":763,"column":99}},"type":"cond-expr","locations":[{"start":{"line":763,"column":64},"end":{"line":763,"column":80}},{"start":{"line":763,"column":83},"end":{"line":763,"column":99}}],"line":763},"167":{"loc":{"start":{"line":764,"column":71},"end":{"line":764,"column":113}},"type":"cond-expr","locations":[{"start":{"line":764,"column":80},"end":{"line":764,"column":95}},{"start":{"line":764,"column":98},"end":{"line":764,"column":113}}],"line":764},"168":{"loc":{"start":{"line":765,"column":112},"end":{"line":765,"column":150}},"type":"cond-expr","locations":[{"start":{"line":765,"column":121},"end":{"line":765,"column":134}},{"start":{"line":765,"column":137},"end":{"line":765,"column":150}}],"line":765},"169":{"loc":{"start":{"line":766,"column":111},"end":{"line":766,"column":149}},"type":"cond-expr","locations":[{"start":{"line":766,"column":120},"end":{"line":766,"column":133}},{"start":{"line":766,"column":136},"end":{"line":766,"column":149}}],"line":766},"170":{"loc":{"start":{"line":767,"column":108},"end":{"line":767,"column":146}},"type":"cond-expr","locations":[{"start":{"line":767,"column":117},"end":{"line":767,"column":130}},{"start":{"line":767,"column":133},"end":{"line":767,"column":146}}],"line":767},"171":{"loc":{"start":{"line":772,"column":62},"end":{"line":772,"column":142}},"type":"cond-expr","locations":[{"start":{"line":772,"column":71},"end":{"line":772,"column":107}},{"start":{"line":772,"column":110},"end":{"line":772,"column":142}}],"line":772},"172":{"loc":{"start":{"line":773,"column":55},"end":{"line":773,"column":101}},"type":"cond-expr","locations":[{"start":{"line":773,"column":64},"end":{"line":773,"column":81}},{"start":{"line":773,"column":84},"end":{"line":773,"column":101}}],"line":773},"173":{"loc":{"start":{"line":774,"column":71},"end":{"line":774,"column":113}},"type":"cond-expr","locations":[{"start":{"line":774,"column":80},"end":{"line":774,"column":95}},{"start":{"line":774,"column":98},"end":{"line":774,"column":113}}],"line":774},"174":{"loc":{"start":{"line":775,"column":105},"end":{"line":775,"column":143}},"type":"cond-expr","locations":[{"start":{"line":775,"column":114},"end":{"line":775,"column":127}},{"start":{"line":775,"column":130},"end":{"line":775,"column":143}}],"line":775},"175":{"loc":{"start":{"line":776,"column":120},"end":{"line":776,"column":158}},"type":"cond-expr","locations":[{"start":{"line":776,"column":129},"end":{"line":776,"column":142}},{"start":{"line":776,"column":145},"end":{"line":776,"column":158}}],"line":776},"176":{"loc":{"start":{"line":777,"column":94},"end":{"line":777,"column":132}},"type":"cond-expr","locations":[{"start":{"line":777,"column":103},"end":{"line":777,"column":116}},{"start":{"line":777,"column":119},"end":{"line":777,"column":132}}],"line":777},"177":{"loc":{"start":{"line":783,"column":55},"end":{"line":783,"column":127}},"type":"cond-expr","locations":[{"start":{"line":783,"column":64},"end":{"line":783,"column":96}},{"start":{"line":783,"column":99},"end":{"line":783,"column":127}}],"line":783},"178":{"loc":{"start":{"line":784,"column":41},"end":{"line":784,"column":83}},"type":"cond-expr","locations":[{"start":{"line":784,"column":50},"end":{"line":784,"column":65}},{"start":{"line":784,"column":68},"end":{"line":784,"column":83}}],"line":784},"179":{"loc":{"start":{"line":785,"column":205},"end":{"line":785,"column":243}},"type":"cond-expr","locations":[{"start":{"line":785,"column":214},"end":{"line":785,"column":227}},{"start":{"line":785,"column":230},"end":{"line":785,"column":243}}],"line":785},"180":{"loc":{"start":{"line":789,"column":47},"end":{"line":789,"column":93}},"type":"cond-expr","locations":[{"start":{"line":789,"column":56},"end":{"line":789,"column":73}},{"start":{"line":789,"column":76},"end":{"line":789,"column":93}}],"line":789},"181":{"loc":{"start":{"line":790,"column":61},"end":{"line":790,"column":103}},"type":"cond-expr","locations":[{"start":{"line":790,"column":70},"end":{"line":790,"column":85}},{"start":{"line":790,"column":88},"end":{"line":790,"column":103}}],"line":790},"182":{"loc":{"start":{"line":803,"column":71},"end":{"line":803,"column":111}},"type":"cond-expr","locations":[{"start":{"line":803,"column":80},"end":{"line":803,"column":96}},{"start":{"line":803,"column":99},"end":{"line":803,"column":111}}],"line":803},"183":{"loc":{"start":{"line":804,"column":52},"end":{"line":804,"column":94}},"type":"cond-expr","locations":[{"start":{"line":804,"column":61},"end":{"line":804,"column":76}},{"start":{"line":804,"column":79},"end":{"line":804,"column":94}}],"line":804},"184":{"loc":{"start":{"line":805,"column":47},"end":{"line":805,"column":89}},"type":"cond-expr","locations":[{"start":{"line":805,"column":56},"end":{"line":805,"column":71}},{"start":{"line":805,"column":74},"end":{"line":805,"column":89}}],"line":805},"185":{"loc":{"start":{"line":811,"column":47},"end":{"line":811,"column":93}},"type":"cond-expr","locations":[{"start":{"line":811,"column":56},"end":{"line":811,"column":73}},{"start":{"line":811,"column":76},"end":{"line":811,"column":93}}],"line":811},"186":{"loc":{"start":{"line":812,"column":61},"end":{"line":812,"column":103}},"type":"cond-expr","locations":[{"start":{"line":812,"column":70},"end":{"line":812,"column":85}},{"start":{"line":812,"column":88},"end":{"line":812,"column":103}}],"line":812},"187":{"loc":{"start":{"line":814,"column":59},"end":{"line":814,"column":163}},"type":"cond-expr","locations":[{"start":{"line":814,"column":68},"end":{"line":814,"column":100}},{"start":{"line":814,"column":103},"end":{"line":814,"column":163}}],"line":814},"188":{"loc":{"start":{"line":815,"column":79},"end":{"line":815,"column":121}},"type":"cond-expr","locations":[{"start":{"line":815,"column":88},"end":{"line":815,"column":103}},{"start":{"line":815,"column":106},"end":{"line":815,"column":121}}],"line":815},"189":{"loc":{"start":{"line":819,"column":56},"end":{"line":819,"column":98}},"type":"cond-expr","locations":[{"start":{"line":819,"column":65},"end":{"line":819,"column":80}},{"start":{"line":819,"column":83},"end":{"line":819,"column":98}}],"line":819},"190":{"loc":{"start":{"line":825,"column":59},"end":{"line":825,"column":173}},"type":"cond-expr","locations":[{"start":{"line":825,"column":68},"end":{"line":825,"column":104}},{"start":{"line":825,"column":107},"end":{"line":825,"column":173}}],"line":825},"191":{"loc":{"start":{"line":826,"column":79},"end":{"line":826,"column":121}},"type":"cond-expr","locations":[{"start":{"line":826,"column":88},"end":{"line":826,"column":103}},{"start":{"line":826,"column":106},"end":{"line":826,"column":121}}],"line":826},"192":{"loc":{"start":{"line":830,"column":45},"end":{"line":830,"column":87}},"type":"cond-expr","locations":[{"start":{"line":830,"column":54},"end":{"line":830,"column":69}},{"start":{"line":830,"column":72},"end":{"line":830,"column":87}}],"line":830},"193":{"loc":{"start":{"line":838,"column":50},"end":{"line":838,"column":96}},"type":"cond-expr","locations":[{"start":{"line":838,"column":59},"end":{"line":838,"column":76}},{"start":{"line":838,"column":79},"end":{"line":838,"column":96}}],"line":838}},"s":{"0":0,"1":0,"2":0,"3":0,"4":0,"5":0,"6":0,"7":0,"8":0,"9":0,"10":0,"11":0,"12":0,"13":0,"14":0,"15":0,"16":0,"17":0,"18":0,"19":0,"20":0,"21":0,"22":0,"23":0,"24":0,"25":0,"26":0,"27":0,"28":0,"29":0,"30":0,"31":0,"32":0,"33":0,"34":0,"35":0,"36":0,"37":0,"38":0,"39":0,"40":0,"41":0,"42":0,"43":0,"44":0,"45":0,"46":0,"47":0,"48":0,"49":0,"50":0,"51":0,"52":0,"53":0,"54":0,"55":0,"56":0,"57":0,"58":0,"59":0,"60":0,"61":0,"62":0,"63":0,"64":0,"65":0,"66":0,"67":0,"68":0,"69":0,"70":0,"71":0,"72":0,"73":0,"74":0,"75":0,"76":0,"77":0,"78":0,"79":0,"80":0,"81":0,"82":0,"83":0,"84":0,"85":0,"86":0,"87":0,"88":0,"89":0,"90":0,"91":0,"92":0,"93":0,"94":0,"95":0,"96":0,"97":0,"98":0,"99":0,"100":0,"101":0,"102":0,"103":0,"104":0,"105":0,"106":0,"107":0,"108":0,"109":0,"110":0,"111":0,"112":0},"f":{"0":0,"1":0,"2":0,"3":0,"4":0,"5":0,"6":0,"7":0,"8":0,"9":0,"10":0,"11":0,"12":0,"13":0,"14":0,"15":0,"16":0,"17":0,"18":0,"19":0,"20":0,"21":0,"22":0,"23":0,"24":0,"25":0,"26":0,"27":0,"28":0,"29":0,"30":0,"31":0,"32":0,"33":0,"34":0},"b":{"0":[0,0],"1":[0,0],"2":[0,0],"3":[0,0],"4":[0,0],"5":[0,0],"6":[0,0],"7":[0,0],"8":[0,0],"9":[0,0],"10":[0,0],"11":[0,0],"12":[0,0],"13":[0,0],"14":[0,0],"15":[0,0],"16":[0,0],"17":[0,0],"18":[0,0],"19":[0,0],"20":[0,0],"21":[0,0],"22":[0,0],"23":[0,0],"24":[0,0],"25":[0,0],"26":[0,0],"27":[0,0],"28":[0,0],"29":[0,0],"30":[0,0],"31":[0,0],"32":[0,0],"33":[0,0],"34":[0,0],"35":[0,0],"36":[0,0],"37":[0,0],"38":[0,0],"39":[0,0],"40":[0,0],"41":[0,0],"42":[0,0],"43":[0,0],"44":[0,0],"45":[0,0],"46":[0,0],"47":[0,0],"48":[0,0],"49":[0,0],"50":[0,0],"51":[0,0],"52":[0,0],"53":[0,0],"54":[0,0],"55":[0,0],"56":[0,0],"57":[0,0],"58":[0,0],"59":[0,0],"60":[0,0],"61":[0,0],"62":[0,0],"63":[0,0],"64":[0,0],"65":[0,0],"66":[0,0],"67":[0,0],"68":[0,0],"69":[0,0],"70":[0,0],"71":[0,0],"72":[0,0],"73":[0,0],"74":[0,0],"75":[0,0],"76":[0,0],"77":[0,0],"78":[0,0],"79":[0,0,0],"80":[0,0],"81":[0,0],"82":[0,0],"83":[0,0],"84":[0,0],"85":[0,0],"86":[0,0],"87":[0,0],"88":[0,0],"89":[0,0],"90":[0,0],"91":[0,0],"92":[0,0],"93":[0,0],"94":[0,0],"95":[0,0],"96":[0,0],"97":[0,0],"98":[0,0],"99":[0,0],"100":[0,0],"101":[0,0],"102":[0,0],"103":[0,0],"104":[0,0],"105":[0,0],"106":[0,0],"107":[0,0],"108":[0,0],"109":[0,0],"110":[0,0],"111":[0,0],"112":[0,0],"113":[0,0],"114":[0,0],"115":[0,0],"116":[0,0],"117":[0,0],"118":[0,0],"119":[0,0],"120":[0,0],"121":[0,0],"122":[0,0],"123":[0,0],"124":[0,0],"125":[0,0],"126":[0,0],"127":[0,0],"128":[0,0],"129":[0,0],"130":[0,0],"131":[0,0],"132":[0,0],"133":[0,0],"134":[0,0],"135":[0,0],"136":[0,0],"137":[0,0],"138":[0,0],"139":[0,0],"140":[0,0],"141":[0,0],"142":[0,0],"143":[0,0,0],"144":[0,0],"145":[0,0],"146":[0,0],"147":[0,0],"148":[0,0],"149":[0,0],"150":[0,0],"151":[0,0],"152":[0,0],"153":[0,0],"154":[0,0],"155":[0,0],"156":[0,0],"157":[0,0],"158":[0,0],"159":[0,0],"160":[0,0],"161":[0,0],"162":[0,0],"163":[0,0],"164":[0,0],"165":[0,0],"166":[0,0],"167":[0,0],"168":[0,0],"169":[0,0],"170":[0,0],"171":[0,0],"172":[0,0],"173":[0,0],"174":[0,0],"175":[0,0],"176":[0,0],"177":[0,0],"178":[0,0],"179":[0,0],"180":[0,0],"181":[0,0],"182":[0,0],"183":[0,0],"184":[0,0],"185":[0,0],"186":[0,0],"187":[0,0],"188":[0,0],"189":[0,0],"190":[0,0],"191":[0,0],"192":[0,0],"193":[0,0]}}
,"C:\\Users\\aiman\\Projects\\Monitoring_System_TonyPi\\frontend\\src\\__tests__\\mocks\\handlers.ts": {"path":"C:\\Users\\aiman\\Projects\\Monitoring_System_TonyPi\\frontend\\src\\__tests__\\mocks\\handlers.ts","statementMap":{"0":{"start":{"line":55,"column":17},"end":{"line":55,"column":47}},"1":{"start":{"line":61,"column":19},"end":{"line":70,"column":1}},"2":{"start":{"line":72,"column":20},"end":{"line":82,"column":1}},"3":{"start":{"line":84,"column":23},"end":{"line":92,"column":1}},"4":{"start":{"line":98,"column":24},"end":{"line":187,"column":1}},"5":{"start":{"line":101,"column":4},"end":{"line":101,"column":89}},"6":{"start":{"line":106,"column":4},"end":{"line":106,"column":41}},"7":{"start":{"line":111,"column":4},"end":{"line":111,"column":45}},"8":{"start":{"line":116,"column":4},"end":{"line":116,"column":42}},"9":{"start":{"line":121,"column":17},"end":{"line":121,"column":44}},"10":{"start":{"line":122,"column":22},"end":{"line":126,"column":5}},"11":{"start":{"line":127,"column":4},"end":{"line":127,"column":40}},"12":{"start":{"line":132,"column":19},"end":{"line":132,"column":68}},"13":{"start":{"line":132,"column":41},"end":{"line":132,"column":67}},"14":{"start":{"line":133,"column":4},"end":{"line":135,"column":5}},"15":{"start":{"line":134,"column":6},"end":{"line":134,"column":39}},"16":{"start":{"line":136,"column":4},"end":{"line":136,"column":51}},"17":{"start":{"line":141,"column":4},"end":{"line":141,"column":73}},"18":{"start":{"line":146,"column":4},"end":{"line":152,"column":7}},"19":{"start":{"line":157,"column":4},"end":{"line":161,"column":7}},"20":{"start":{"line":166,"column":4},"end":{"line":173,"column":7}},"21":{"start":{"line":178,"column":4},"end":{"line":185,"column":7}}},"fnMap":{"0":{"name":"(anonymous_0)","decl":{"start":{"line":100,"column":33},"end":{"line":100,"column":34}},"loc":{"start":{"line":100,"column":39},"end":{"line":102,"column":3}},"line":100},"1":{"name":"(anonymous_1)","decl":{"start":{"line":105,"column":44},"end":{"line":105,"column":45}},"loc":{"start":{"line":105,"column":50},"end":{"line":107,"column":3}},"line":105},"2":{"name":"(anonymous_2)","decl":{"start":{"line":110,"column":45},"end":{"line":110,"column":46}},"loc":{"start":{"line":110,"column":51},"end":{"line":112,"column":3}},"line":110},"3":{"name":"(anonymous_3)","decl":{"start":{"line":115,"column":34},"end":{"line":115,"column":35}},"loc":{"start":{"line":115,"column":40},"end":{"line":117,"column":3}},"line":115},"4":{"name":"(anonymous_4)","decl":{"start":{"line":120,"column":35},"end":{"line":120,"column":36}},"loc":{"start":{"line":120,"column":58},"end":{"line":128,"column":3}},"line":120},"5":{"name":"(anonymous_5)","decl":{"start":{"line":131,"column":38},"end":{"line":131,"column":39}},"loc":{"start":{"line":131,"column":54},"end":{"line":137,"column":3}},"line":131},"6":{"name":"(anonymous_6)","decl":{"start":{"line":132,"column":36},"end":{"line":132,"column":37}},"loc":{"start":{"line":132,"column":41},"end":{"line":132,"column":67}},"line":132},"7":{"name":"(anonymous_7)","decl":{"start":{"line":140,"column":41},"end":{"line":140,"column":42}},"loc":{"start":{"line":140,"column":57},"end":{"line":142,"column":3}},"line":140},"8":{"name":"(anonymous_8)","decl":{"start":{"line":145,"column":44},"end":{"line":145,"column":45}},"loc":{"start":{"line":145,"column":50},"end":{"line":153,"column":3}},"line":145},"9":{"name":"(anonymous_9)","decl":{"start":{"line":156,"column":44},"end":{"line":156,"column":45}},"loc":{"start":{"line":156,"column":50},"end":{"line":162,"column":3}},"line":156},"10":{"name":"(anonymous_10)","decl":{"start":{"line":165,"column":58},"end":{"line":165,"column":59}},"loc":{"start":{"line":165,"column":64},"end":{"line":174,"column":3}},"line":165},"11":{"name":"(anonymous_11)","decl":{"start":{"line":177,"column":51},"end":{"line":177,"column":52}},"loc":{"start":{"line":177,"column":57},"end":{"line":186,"column":3}},"line":177}},"branchMap":{"0":{"loc":{"start":{"line":133,"column":4},"end":{"line":135,"column":5}},"type":"if","locations":[{"start":{"line":133,"column":4},"end":{"line":135,"column":5}},{"start":{},"end":{}}],"line":133}},"s":{"0":0,"1":0,"2":0,"3":0,"4":0,"5":0,"6":0,"7":0,"8":0,"9":0,"10":0,"11":0,"12":0,"13":0,"14":0,"15":0,"16":0,"17":0,"18":0,"19":0,"20":0,"21":0},"f":{"0":0,"1":0,"2":0,"3":0,"4":0,"5":0,"6":0,"7":0,"8":0,"9":0,"10":0,"11":0},"b":{"0":[0,0]}}
,"C:\\Users\\aiman\\Projects\\Monitoring_System_TonyPi\\frontend\\src\\__tests__\\mocks\\server.ts": {"path":"C:\\Users\\aiman\\Projects\\Monitoring_System_TonyPi\\frontend\\src\\__tests__\\mocks\\server.ts","statementMap":{"0":{"start":{"line":48,"column":22},"end":{"line":48,"column":46}}},"fnMap":{},"branchMap":{},"s":{"0":0},"f":{},"b":{}}
,"C:\\Users\\aiman\\Projects\\Monitoring_System_TonyPi\\frontend\\src\\__tests__\\utils\\testUtils.tsx": {"path":"C:\\Users\\aiman\\Projects\\Monitoring_System_TonyPi\\frontend\\src\\__tests__\\utils\\testUtils.tsx","statementMap":{"0":{"start":{"line":61,"column":65},"end":{"line":69,"column":1}},"1":{"start":{"line":62,"column":2},"end":{"line":68,"column":4}},"2":{"start":{"line":82,"column":21},"end":{"line":85,"column":57}},"3":{"start":{"line":85,"column":5},"end":{"line":85,"column":57}},"4":{"start":{"line":98,"column":31},"end":{"line":106,"column":2}},"5":{"start":{"line":98,"column":52},"end":{"line":106,"column":1}},"6":{"start":{"line":108,"column":32},"end":{"line":117,"column":2}},"7":{"start":{"line":108,"column":53},"end":{"line":117,"column":1}},"8":{"start":{"line":119,"column":36},"end":{"line":126,"column":2}},"9":{"start":{"line":119,"column":57},"end":{"line":126,"column":1}},"10":{"start":{"line":128,"column":36},"end":{"line":137,"column":2}},"11":{"start":{"line":128,"column":57},"end":{"line":137,"column":1}},"12":{"start":{"line":143,"column":30},"end":{"line":145,"column":1}},"13":{"start":{"line":144,"column":2},"end":{"line":144,"column":35}},"14":{"start":{"line":147,"column":28},"end":{"line":151,"column":1}},"15":{"start":{"line":148,"column":16},"end":{"line":148,"column":41}},"16":{"start":{"line":149,"column":2},"end":{"line":149,"column":57}},"17":{"start":{"line":150,"column":2},"end":{"line":150,"column":31}},"18":{"start":{"line":157,"column":38},"end":{"line":158,"column":48}},"19":{"start":{"line":158,"column":2},"end":{"line":158,"column":48}},"20":{"start":{"line":158,"column":25},"end":{"line":158,"column":47}}},"fnMap":{"0":{"name":"(anonymous_0)","decl":{"start":{"line":61,"column":65},"end":{"line":61,"column":66}},"loc":{"start":{"line":61,"column":83},"end":{"line":69,"column":1}},"line":61},"1":{"name":"(anonymous_1)","decl":{"start":{"line":82,"column":21},"end":{"line":82,"column":22}},"loc":{"start":{"line":85,"column":5},"end":{"line":85,"column":57}},"line":85},"2":{"name":"(anonymous_2)","decl":{"start":{"line":98,"column":31},"end":{"line":98,"column":32}},"loc":{"start":{"line":98,"column":52},"end":{"line":106,"column":1}},"line":98},"3":{"name":"(anonymous_3)","decl":{"start":{"line":108,"column":32},"end":{"line":108,"column":33}},"loc":{"start":{"line":108,"column":53},"end":{"line":117,"column":1}},"line":108},"4":{"name":"(anonymous_4)","decl":{"start":{"line":119,"column":36},"end":{"line":119,"column":37}},"loc":{"start":{"line":119,"column":57},"end":{"line":126,"column":1}},"line":119},"5":{"name":"(anonymous_5)","decl":{"start":{"line":128,"column":36},"end":{"line":128,"column":37}},"loc":{"start":{"line":128,"column":57},"end":{"line":137,"column":1}},"line":128},"6":{"name":"(anonymous_6)","decl":{"start":{"line":143,"column":30},"end":{"line":143,"column":31}},"loc":{"start":{"line":143,"column":47},"end":{"line":145,"column":1}},"line":143},"7":{"name":"(anonymous_7)","decl":{"start":{"line":147,"column":28},"end":{"line":147,"column":29}},"loc":{"start":{"line":147,"column":65},"end":{"line":151,"column":1}},"line":147},"8":{"name":"(anonymous_8)","decl":{"start":{"line":157,"column":38},"end":{"line":157,"column":39}},"loc":{"start":{"line":158,"column":2},"end":{"line":158,"column":48}},"line":158},"9":{"name":"(anonymous_9)","decl":{"start":{"line":158,"column":14},"end":{"line":158,"column":15}},"loc":{"start":{"line":158,"column":25},"end":{"line":158,"column":47}},"line":158}},"branchMap":{"0":{"loc":{"start":{"line":98,"column":32},"end":{"line":98,"column":46}},"type":"default-arg","locations":[{"start":{"line":98,"column":44},"end":{"line":98,"column":46}}],"line":98},"1":{"loc":{"start":{"line":108,"column":33},"end":{"line":108,"column":47}},"type":"default-arg","locations":[{"start":{"line":108,"column":45},"end":{"line":108,"column":47}}],"line":108},"2":{"loc":{"start":{"line":119,"column":37},"end":{"line":119,"column":51}},"type":"default-arg","locations":[{"start":{"line":119,"column":49},"end":{"line":119,"column":51}}],"line":119},"3":{"loc":{"start":{"line":128,"column":37},"end":{"line":128,"column":51}},"type":"default-arg","locations":[{"start":{"line":128,"column":49},"end":{"line":128,"column":51}}],"line":128}},"s":{"0":9,"1":81,"2":9,"3":81,"4":9,"5":0,"6":9,"7":0,"8":9,"9":0,"10":9,"11":0,"12":9,"13":0,"14":9,"15":0,"16":0,"17":0,"18":9,"19":0,"20":0},"f":{"0":81,"1":81,"2":0,"3":0,"4":0,"5":0,"6":0,"7":0,"8":0,"9":0},"b":{"0":[0],"1":[0],"2":[0],"3":[0]},"_coverageSchema":"1a1c01bbd47fc00a2c39e90264f33305004495a9","hash":"a97410041143336b0ccdfa697bfa15d529474e58"}
,"C:\\Users\\aiman\\Projects\\Monitoring_System_TonyPi\\frontend\\src\\components\\GrafanaPanel.tsx": {"path":"C:\\Users\\aiman\\Projects\\Monitoring_System_TonyPi\\frontend\\src\\components\\GrafanaPanel.tsx","statementMap":{"0":{"start":{"line":81,"column":50},"end":{"line":164,"column":1}},"1":{"start":{"line":92,"column":34},"end":{"line":92,"column":49}},"2":{"start":{"line":95,"column":36},"end":{"line":95,"column":50}},"3":{"start":{"line":98,"column":14},"end":{"line":98,"column":109}},"4":{"start":{"line":100,"column":2},"end":{"line":104,"column":17}},"5":{"start":{"line":102,"column":4},"end":{"line":102,"column":23}},"6":{"start":{"line":103,"column":4},"end":{"line":103,"column":23}},"7":{"start":{"line":106,"column":21},"end":{"line":109,"column":3}},"8":{"start":{"line":107,"column":4},"end":{"line":107,"column":24}},"9":{"start":{"line":108,"column":4},"end":{"line":108,"column":23}},"10":{"start":{"line":111,"column":22},"end":{"line":114,"column":3}},"11":{"start":{"line":112,"column":4},"end":{"line":112,"column":24}},"12":{"start":{"line":113,"column":4},"end":{"line":113,"column":22}},"13":{"start":{"line":116,"column":46},"end":{"line":123,"column":3}},"14":{"start":{"line":125,"column":2},"end":{"line":133,"column":3}},"15":{"start":{"line":126,"column":4},"end":{"line":132,"column":6}},"16":{"start":{"line":135,"column":2},"end":{"line":145,"column":3}},"17":{"start":{"line":136,"column":4},"end":{"line":144,"column":6}},"18":{"start":{"line":147,"column":2},"end":{"line":163,"column":4}}},"fnMap":{"0":{"name":"(anonymous_0)","decl":{"start":{"line":81,"column":50},"end":{"line":81,"column":51}},"loc":{"start":{"line":86,"column":6},"end":{"line":164,"column":1}},"line":86},"1":{"name":"(anonymous_1)","decl":{"start":{"line":100,"column":12},"end":{"line":100,"column":13}},"loc":{"start":{"line":100,"column":18},"end":{"line":104,"column":3}},"line":100},"2":{"name":"(anonymous_2)","decl":{"start":{"line":106,"column":21},"end":{"line":106,"column":22}},"loc":{"start":{"line":106,"column":27},"end":{"line":109,"column":3}},"line":106},"3":{"name":"(anonymous_3)","decl":{"start":{"line":111,"column":22},"end":{"line":111,"column":23}},"loc":{"start":{"line":111,"column":28},"end":{"line":114,"column":3}},"line":111}},"branchMap":{"0":{"loc":{"start":{"line":83,"column":2},"end":{"line":83,"column":16}},"type":"default-arg
[...]
"18":{"start":{"line":119,"column":2},"end":{"line":119,"column":86}},"19":{"start":{"line":125,"column":38},"end":{"line":127,"column":1}},"20":{"start":{"line":126,"column":2},"end":{"line":126,"column":44}}},"fnMap":{"0":{"name":"(anonymous_0)","decl":{"start":{"line":58,"column":40},"end":{"line":58,"column":41}},"loc":{"start":{"line":58,"column":70},"end":{"line":82,"column":1}},"line":58},"1":{"name":"(anonymous_1)","decl":{"start":{"line":67,"column":33},"end":{"line":67,"column":34}},"loc":{"start":{"line":67,"column":39},"end":{"line":67,"column":57}},"line":67},"2":{"name":"(anonymous_2)","decl":{"start":{"line":87,"column":36},"end":{"line":87,"column":37}},"loc":{"start":{"line":97,"column":13},"end":{"line":120,"column":1}},"line":97},"3":{"name":"(anonymous_3)","decl":{"start":{"line":125,"column":38},"end":{"line":125,"column":39}},"loc":{"start":{"line":125,"column":72},"end":{"line":127,"column":1}},"line":125}},"branchMap":{"0":{"loc":{"start":{"line":49,"column":20},"end":{"line":49,"column":80}},"type":"binary-expr","locations":[{"start":{"line":49,"column":20},"end":{"line":49,"column":53}},{"start":{"line":49,"column":57},"end":{"line":49,"column":80}}],"line":49},"1":{"loc":{"start":{"line":59,"column":2},"end":{"line":61,"column":3}},"type":"if","locations":[{"start":{"line":59,"column":2},"end":{"line":61,"column":3}},{"start":{},"end":{}}],"line":59},"2":{"loc":{"start":{"line":90,"column":2},"end":{"line":96,"column":8}},"type":"default-arg","locations":[{"start":{"line":96,"column":6},"end":{"line":96,"column":8}}],"line":90},"3":{"loc":{"start":{"line":100,"column":4},"end":{"line":100,"column":19}},"type":"default-arg","locations":[{"start":{"line":100,"column":11},"end":{"line":100,"column":19}}],"line":100},"4":{"loc":{"start":{"line":101,"column":4},"end":{"line":101,"column":14}},"type":"default-arg","locations":[{"start":{"line":101,"column":9},"end":{"line":101,"column":14}}],"line":101},"5":{"loc":{"start":{"line":102,"column":4},"end":{"line":102,"column":18}},"type":"default-arg","locations":[{"start":{"line":102,"column":14},"end":{"line":102,"column":18}}],"line":102},"6":{"loc":{"start":{"line":103,"column":4},"end":{"line":103,"column":19}},"type":"default-arg","locations":[{"start":{"line":103,"column":12},"end":{"line":103,"column":19}}],"line":103},"7":{"loc":{"start":{"line":115,"column":2},"end":{"line":117,"column":3}},"type":"if","locations":[{"start":{"line":115,"column":2},"end":{"line":117,"column":3}},{"start":{},"end":{}}],"line":115}},"s":{"0":1,"1":1,"2":1,"3":4,"4":0,"5":4,"6":4,"7":4,"8":0,"9":4,"10":2,"11":2,"12":2,"13":1,"14":9,"15":9,"16":9,"17":3,"18":9,"19":1,"20":4},"f":{"0":4,"1":0,"2":9,"3":4},"b":{"0":[1,1],"1":[0,4],"2":[3],"3":[7],"4":[7],"5":[7],"6":[7],"7":[3,6]},"_coverageSchema":"1a1c01bbd47fc00a2c39e90264f33305004495a9","hash":"766d5ae5f4945e37888e95a7bce55069162a7d3f"}
,"C:\\Users\\aiman\\Projects\\Monitoring_System_TonyPi\\frontend\\src\\utils\\helpers.ts": {"path":"C:\\Users\\aiman\\Projects\\Monitoring_System_TonyPi\\frontend\\src\\utils\\helpers.ts","statementMap":{"0":{"start":{"line":54,"column":2},"end":{"line":54,"column":31}},"1":{"start":{"line":75,"column":12},"end":{"line":75,"column":60}},"2":{"start":{"line":76,"column":2},"end":{"line":76,"column":63}},"3":{"start":{"line":94,"column":2},"end":{"line":94,"column":32}},"4":{"start":{"line":116,"column":2},"end":{"line":125,"column":3}},"5":{"start":{"line":118,"column":6},"end":{"line":118,"column":43}},"6":{"start":{"line":120,"column":6},"end":{"line":120,"column":39}},"7":{"start":{"line":122,"column":6},"end":{"line":122,"column":45}},"8":{"start":{"line":124,"column":6},"end":{"line":124,"column":41}},"9":{"start":{"line":145,"column":2},"end":{"line":145,"column":42}},"10":{"start":{"line":145,"column":18},"end":{"line":145,"column":42}},"11":{"start":{"line":146,"column":2},"end":{"line":146,"column":43}},"12":{"start":{"line":146,"column":18},"end":{"line":146,"column":43}},"13":{"start":{"line":147,"column":2},"end":{"line":147,"column":24}}},"fnMap":{"0":{"name":"cn","decl":{"start":{"line":53,"column":16},"end":{"line":53,"column":18}},"loc":{"start":{"line":53,"column":44},"end":{"line":55,"column":1}},"line":53},"1":{"name":"formatDate","decl":{"start":{"line":74,"column":16},"end":{"line":74,"column":26}},"loc":{"start":{"line":74,"column":56},"end":{"line":77,"column":1}},"line":74},"2":{"name":"formatBatteryLevel","decl":{"start":{"line":93,"column":16},"end":{"line":93,"column":34}},"loc":{"start":{"line":93,"column":58},"end":{"line":95,"column":1}},"line":93},"3":{"name":"getStatusColor","decl":{"start":{"line":115,"column":16},"end":{"line":115,"column":30}},"loc":{"start":{"line":115,"column":55},"end":{"line":126,"column":1}},"line":115},"4":{"name":"getBatteryColor","decl":{"start":{"line":144,"column":16},"end":{"line":144,"column":31}},"loc":{"start":{"line":144,"column":55},"end":{"line":148,"column":1}},"line":144}},"branchMap":{"0":{"loc":{"start":{"line":75,"column":12},"end":{"line":75,"column":60}},"type":"cond-expr","locations":[{"start":{"line":75,"column":39},"end":{"line":75,"column":53}},{"start":{"line":75,"column":56},"end":{"line":75,"column":60}}],"line":75},"1":{"loc":{"start":{"line":116,"column":2},"end":{"line":125,"column":3}},"type":"switch","locations":[{"start":{"line":117,"column":4},"end":{"line":118,"column":43}},{"start":{"line":119,"column":4},"end":{"line":120,"column":39}},{"start":{"line":121,"column":4},"end":{"line":122,"column":45}},{"start":{"line":123,"column":4},"end":{"line":124,"column":41}}],"line":116},"2":{"loc":{"start":{"line":145,"column":2},"end":{"line":145,"column":42}},"type":"if","locations":[{"start":{"line":145,"column":2},"end":{"line":145,"column":42}},{"start":{},"end":{}}],"line":145},"3":{"loc":{"start":{"line":146,"column":2},"end":{"line":146,"column":43}},"type":"if","locations":[{"start":{"line":146,"column":2},"end":{"line":146,"column":43}},{"start":{},"end":{}}],"line":146}},"s":{"0":0,"1":0,"2":0,"3":0,"4":0,"5":0,"6":0,"7":0,"8":0,"9":0,"10":0,"11":0,"12":0,"13":0},"f":{"0":0,"1":0,"2":0,"3":0,"4":0},"b":{"0":[0,0],"1":[0,0,0,0],"2":[0,0],"3":[0,0]}}
,"C:\\Users\\aiman\\Projects\\Monitoring_System_TonyPi\\frontend\\src\\utils\\useMqtt.ts": {"path":"C:\\Users\\aiman\\Projects\\Monitoring_System_TonyPi\\frontend\\src\\utils\\useMqtt.ts","statementMap":{"0":{"start":{"line":83,"column":23},"end":{"line":237,"column":1}},"1":{"start":{"line":88,"column":30},"end":{"line":88,"column":63}},"2":{"start":{"line":89,"column":40},"end":{"line":89,"column":55}},"3":{"start":{"line":90,"column":34},"end":{"line":90,"column":61}},"4":{"start":{"line":91,"column":28},"end":{"line":91,"column":57}},"5":{"start":{"line":92,"column":20},"end":{"line":92,"column":51}},"6":{"start":{"line":95,"column":18},"end":{"line":158,"column":34}},"7":{"start":{"line":96,"column":4},"end":{"line":157,"column":5}},"8":{"start":{"line":97,"column":25},"end":{"line":102,"column":8}},"9":{"start":{"line":104,"column":6},"end":{"line":119,"column":9}},"10":{"start":{"line":105,"column":8},"end":{"line":105,"column":49}},"11":{"start":{"line":106,"column":8},"end":{"line":106,"column":29}},"12":{"start":{"line":107,"column":8},"end":{"line":107,"column":23}},"13":{"start":{"line":110,"column":8},"end":{"line":118,"column":11}},"14":{"start":{"line":111,"column":10},"end":{"line":117,"column":13}},"15":{"start":{"line":112,"column":12},"end":{"line":116,"column":13}},"16":{"start":{"line":113,"column":14},"end":{"line":113,"column":75}},"17":{"start":{"line":115,"column":14},"end":{"line":115,"column":58}},"18":{"start":{"line":121,"column":6},"end":{"line":125,"column":9}},"19":{"start":{"line":122,"column":8},"end":{"line":122,"column":54}},"20":{"start":{"line":123,"column":8},"end":{"line":123,"column":30}},"21":{"start":{"line":124,"column":8},"end":{"line":124,"column":30}},"22":{"start":{"line":127,"column":6},"end":{"line":139,"column":9}},"23":{"start":{"line":128,"column":8},"end":{"line":138,"column":9}},"24":{"start":{"line":129,"column":39},"end":{"line":133,"column":11}},"25":{"start":{"line":135,"column":10},"end":{"line":135,"column":61}},"26":{"start":{"line":135,"column":30},"end":{"line":135,"column":59}},"27":{"start":{"line":137,"column":10},"end":{"line":137,"column":68}},"28":{"start":{"line":141,"column":6},"end":{"line":144,"column":9}},"29":{"start":{"line":142,"column":8},"end":{"line":142,"column":47}},"30":{"start":{"line":143,"column":8},"end":{"line":143,"column":30}},"31":{"start":{"line":146,"column":6},"end":{"line":149,"column":9}},"32":{"start":{"line":147,"column":8},"end":{"line":147,"column":42}},"33":{"start":{"line":148,"column":8},"end":{"line":148,"column":30}},"34":{"start":{"line":151,"column":6},"end":{"line":151,"column":28}},"35":{"start":{"line":152,"column":6},"end":{"line":152,"column":37}},"36":{"start":{"line":155,"column":6},"end":{"line":155,"column":53}},"37":{"start":{"line":156,"column":6},"end":{"line":156,"column":69}},"38":{"start":{"line":161,"column":21},"end":{"line":168,"column":8}},"39":{"start":{"line":162,"column":4},"end":{"line":167,"column":5}},"40":{"start":{"line":163,"column":6},"end":{"line":163,"column":30}},"41":{"start":{"line":164,"column":6},"end":{"line":164,"column":22}},"42":{"start":{"line":165,"column":6},"end":{"line":165,"column":31}},"43":{"start":{"line":166,"column":6},"end":{"line":166,"column":28}},"44":{"start":{"line":171,"column":20},"end":{"line":182,"column":27}},"45":{"start":{"line":172,"column":4},"end":{"line":181,"column":5}},"46":{"start":{"line":173,"column":6},"end":{"line":180,"column":9}},"47":{"start":{"line":174,"column":8},"end":{"line":179,"column":9}},"48":{"start":{"line":175,"column":10},"end":{"line":175,"column":71}},"49":{"start":{"line":176,"column":10},"end":{"line":176,"column":54}},"50":{"start":{"line":178,"column":10},"end":{"line":178,"column":54}},"51":{"start":{"line":185,"column":22},"end":{"line":195,"column":27}},"52":{"start":{"line":186,"column":4},"end":{"line":194,"column":5}},"53":{"start":{"line":187,"column":6},"end":{"line":193,"column":9}},"54":{"start":{"line":188,"column":8},"end":{"line":192,"column":9}},"55":{"start":{"line":189,"column":10},"end":{"line":189,"column":75}},"56":{"start":{"line":191,"column":10},"end":{"line":191,"column":58}},"57":{"start":{"line":198,"column":18},"end":{"line":210,"column":27}},"58":{"start":{"line":199,"column":4},"end":{"line":209,"column":5}},"59":{"start":{"line":200,"column":22},"end":{"line":200,"column":85}},"60":{"start":{"line":201,"column":6},"end":{"line":208,"column":9}},"61":{"start":{"line":202,"column":8},"end":{"line":207,"column":9}},"62":{"start":{"line":203,"column":10},"end":{"line":203,"column":69}},"63":{"start":{"line":204,"column":10},"end":{"line":204,"column":52}},"64":{"start":{"line":206,"column":10},"end":{"line":206,"column":53}},"65":{"start":{"line":213,"column":24},"end":{"line":215,"column":8}},"66":{"start":{"line":214,"column":4},"end":{"line":214,"column":20}},"67":{"start":{"line":218,"column":2},"end":{"line":223,"column":28}},"68":{"start":{"line":219,"column":4},"end":{"line":219,"column":14}},"69":{"start":{"line":220,"column":4},"end":{"line":222,"column":6}},"70":{"start":{"line":221,"column":6},"end":{"line":221,"column":19}},"71":{"start":{"line":225,"column":2},"end":{"line":236,"column":4}}},"fnMap":{"0":{"name":"(anonymous_0)","decl":{"start":{"line":83,"column":23},"end":{"line":83,"column":24}},"loc":{"start":{"line":87,"column":27},"end":{"line":237,"column":1}},"line":87},"1":{"name":"(anonymous_1)","decl":{"start":{"line":95,"column":30},"end":{"line":95,"column":31}},"loc":{"start":{"line":95,"column":36},"end":{"line":158,"column":3}},"line":95},"2":{"name":"(anonymous_2)","decl":{"start":{"line":104,"column":31},"end":{"line":104,"column":32}},"loc":{"start":{"line":104,"column":37},"end":{"line":119,"column":7}},"line":104},"3":{"name":"(anonymous_3)","decl":{"start":{"line":110,"column":23},"end":{"line":110,"column":24}},"loc":{"start":{"line":110,"column":32},"end":{"line":118,"column":9}},"line":110},"4":{"name":"(anonymous_4)","decl":{"start":{"line":111,"column":38},"end":{"line":111,"column":39}},"loc":{"start":{"line":111,"column":47},"end":{"line":117,"column":11}},"line":111},"5":{"name":"(anonymous_5)","decl":{"start":{"line":121,"column":29},"end":{"line":121,"column":30}},"loc":{"start":{"line":121,"column":38},"end":{"line":125,"column":7}},"line":121},"6":{"name":"(anonymous_6)","decl":{"start":{"line":127,"column":31},"end":{"line":127,"column":32}},"loc":{"start":{"line":127,"column":51},"end":{"line":139,"column":7}},"line":127},"7":{"name":"(anonymous_7)","decl":{"start":{"line":135,"column":22},"end":{"line":135,"column":23}},"loc":{"start":{"line":135,"column":30},"end":{"line":135,"column":59}},"line":135},"8":{"name":"(anonymous_8)","decl":{"start":{"line":141,"column":29},"end":{"line":141,"column":30}},"loc":{"start":{"line":141,"column":35},"end":{"line":144,"column":7}},"line":141},"9":{"name":"(anonymous_9)","decl":{"start":{"line":146,"column":34},"end":{"line":146,"column":35}},"loc":{"start":{"line":146,"column":40},"end":{"line":149,"column":7}},"line":146},"10":{"name":"(anonymous_10)","decl":{"start":{"line":161,"column":33},"end":{"line":161,"column":34}},"loc":{"start":{"line":161,"column":39},"end":{"line":168,"column":3}},"line":161},"11":{"name":"(anonymous_11)","decl":{"start":{"line":171,"column":32},"end":{"line":171,"column":33}},"loc":{"start":{"line":171,"column":51},"end":{"line":182,"column":3}},"line":171},"12":{"name":"(anonymous_12)","decl":{"start":{"line":173,"column":30},"end":{"line":173,"column":31}},"loc":{"start":{"line":173,"column":39},"end":{"line":180,"column":7}},"line":173},"13":{"name":"(anonymous_13)","decl":{"start":{"line":185,"column":34},"end":{"line":185,"column":35}},"loc":{"start":{"line":185,"column":53},"end":{"line":195,"column":3}},"line":185},"14":{"name":"(anonymous_14)","decl":{"start":{"line":187,"column":32},"end":{"line":187,"column":33}},"loc":{"start":{"line":187,"column":41},"end":{"line":193,"column":7}},"line":187},"15":{"name":"(anonymous_15)","decl":{"start":{"line":198,"column":30},"end":{"line":198,"column":31}},"loc":{"start":{"line":198,"column":63},"end":{"line":210,"column":3}},"line":198},"16":{"name":"(anonymous_16)","decl":{"start":{"line":201,"column":37},"end":{"line":201,"column":38}},"loc":{"start":{"line":201,"column":46},"end":{"line":208,"column":7}},"line":201},"17":{"name":"(anonymous_17)","decl":{"start":{"line":213,"column":36},"end":{"line":213,"column":37}},"loc":{"start":{"line":213,"column":42},"end":{"line":215,"column":3}},"line":213},"18":{"name":"(anonymous_18)","decl":{"start":{"line":218,"column":12},"end":{"line":218,"column":13}},"loc":{"start":{"line":218,"column":18},"end":{"line":223,"column":3}},"line":218},"19":{"name":"(anonymous_19)","decl":{"start":{"line":220,"column":11},"end":{"line":220,"column":12}},"loc":{"start":{"line":220,"column":17},"end":{"line":222,"column":5}},"line":220}},"branchMap":{"0":{"loc":{"start":{"line":83,"column":24},"end":{"line":87,"column":22}},"type":"default-arg","locations":[{"start":{"line":87,"column":20},"end":{"line":87,"column":22}}],"line":83},"1":{"loc":{"start":{"line":84,"column":2},"end":{"line":84,"column":76}},"type":"default-arg","locations":[{"start":{"line":84,"column":14},"end":{"line":84,"column":76}}],"line":84},"2":{"loc":{"start":{"line":84,"column":14},"end":{"line":84,"column":76}},"type":"binary-expr","locations":[{"start":{"line":84,"column":14},"end":{"line":84,"column":51}},{"start":{"line":84,"column":55},"end":{"line":84,"column":76}}],"line":84},"3":{"loc":{"start":{"line":85,"column":2},"end":{"line":85,"column":14}},"type":"default-arg","locations":[{"start":{"line":85,"column":12},"end":{"line":85,"column":14}}],"line":85},"4":{"loc":{"start":{"line":86,"column":2},"end":{"line":86,"column":13}},"type":"default-arg","locations":[{"start":{"line":86,"column":11},"end":{"line":86,"column":13}}],"line":86},"5":{"loc":{"start":{"line":112,"column":12},"end":{"line":116,"column":13}},"type":"if","locations":[{"start":{"line":112,"column":12},"end":{"line":116,"column":13}},{"start":{"line":114,"column":19},"end":{"line":116,"column":13}}],"line":112},"6":{"loc":{"start":{"line":156,"column":15},"end":{"line":156,"column":67}},"type":"cond-expr","locations":[{"start":{"line":156,"column":38},"end":{"line":156,"column":49}},{"start":{"line":156,"column":52},"end":{"line":156,"column":67}}],"line":156},"7":{"loc":{"start":{"line":162,"column":4},"end":{"line":167,"column":5}},"type":"if","locations":[{"start":{"line":162,"column":4},"end":{"line":167,"column":5}},{"start":{},"end":{}}],"line":162},"8":{"loc":{"start":{"line":172,"column":4},"end":{"line":181,"column":5}},"type":"if","locations":[{"start":{"line":172,"column":4},"end":{"line":181,"column":5}},{"start":{},"end":{}}],"line":172},"9":{"loc":{"start":{"line":172,"column":8},"end":{"line":172,"column":29}},"type":"binary-expr","locations":[{"start":{"line":172,"column":8},"end":{"line":172,"column":14}},{"start":{"line":172,"column":18},"end":{"line":172,"column":29}}],"line":172},"10":{"loc":{"start":{"line":174,"column":8},"end":{"line":179,"column":9}},"type":"if","locations":[{"start":{"line":174,"column":8},"end":{"line":179,"column":9}},{"start":{"line":177,"column":15},"end":{"line":179,"column":9}}],"line":174},"11":{"loc":{"start":{"line":186,"column":4},"end":{"line":194,"column":5}},"type":"if","locations":[{"start":{"line":186,"column":4},"end":{"line":194,"column":5}},{"start":{},"end":{}}],"line":186},"12":{"loc":{"start":{"line":186,"column":8},"end":{"line":186,"column":29}},"type":"binary-expr","locations":[{"start":{"line":186,"column":8},"end":{"line":186,"column":14}},{"start":{"line":186,"column":18},"end":{"line":186,"column":29}}],"line":186},"13":{"loc":{"start":{"line":188,"column":8},"end":{"line":192,"column":9}},"type":"if","locations":[{"start":{"line":188,"column":8},"end":{"line":192,"column":9}},{"start":{"line":190,"column":15},"end":{"line":192,"column":9}}],"line":188},"14":{"loc":{"start":{"line":199,"column":4},"end":{"line":209,"column":5}},"type":"if","locations":[{"start":{"line":199,"column":4},"end":{"line":209,"column":5}},{"start":{},"end":{}}],"line":199},"15":{"loc":{"start":{"line":199,"column":8},"end":{"line":199,"column":29}},"type":"binary-expr","locations":[{"start":{"line":199,"column":8},"end":{"line":199,"column":14}},{"start":{"line":199,"column":18},"end":{"line":199,"column":29}}],"line":199},"16":{"loc":{"start":{"line":200,"column":22},"end":{"line":200,"column":85}},"type":"cond-expr","locations":[{"start":{"line":200,"column":52},"end":{"line":200,"column":59}},{"start":{"line":200,"column":62},"end":{"line":200,"column":85}}],"line":200},"17":{"loc":{"start":{"line":202,"column":8},"end":{"line":207,"column":9}},"type":"if","locations":[{"start":{"line":202,"column":8},"end":{"line":207,"column":9}},{"start":{"line":205,"column":15},"end":{"line":207,"column":9}}],"line":202}},"s":{"0":0,"1":0,"2":0,"3":0,"4":0,"5":0,"6":0,"7":0,"8":0,"9":0,"10":0,"11":0,"12":0,"13":0,"14":0,"15":0,"16":0,"17":0,"18":0,"19":0,"20":0,"21":0,"22":0,"23":0,"24":0,"25":0,"26":0,"27":0,"28":0,"29":0,"30":0,"31":0,"32":0,"33":0,"34":0,"35":0,"36":0,"37":0,"38":0,"39":0,"40":0,"41":0,"42":0,"43":0,"44":0,"45":0,"46":0,"47":0,"48":0,"49":0,"50":0,"51":0,"52":0,"53":0,"54":0,"55":0,"56":0,"57":0,"58":0,"59":0,"60":0,"61":0,"62":0,"63":0,"64":0,"65":0,"66":0,"67":0,"68":0,"69":0,"70":0,"71":0},"f":{"0":0,"1":0,"2":0,"3":0,"4":0,"5":0,"6":0,"7":0,"8":0,"9":0,"10":0,"11":0,"12":0,"13":0,"14":0,"15":0,"16":0,"17":0,"18":0,"19":0},"b":{"0":[0],"1":[0],"2":[0,0],"3":[0],"4":[0],"5":[0,0],"6":[0,0],"7":[0,0],"8":[0,0],"9":[0,0],"10":[0,0],"11":[0,0],"12":[0,0],"13":[0,0],"14":[0,0],"15":[0,0],"16":[0,0],"17":[0,0]}}
}
