{"C:\\Users\\aiman\\Projects\\Monitoring_System_TonyPi\\frontend\\src\\App.tsx": {"path":"C:\\Users\\aiman\\Projects\\Monitoring_System_TonyPi\\frontend\\src\\App.tsx","statementMap":{"0":{"start":{"line":5,"column":2},"end":{"line":10,"column":4}}},"fnMap":{"0":{"name":"App","decl":{"start":{"line":4,"column":9},"end":{"line":4,"column":12}},"loc":{"start":{"line":4,"column":15},"end":{"line":11,"column":1}},"line":4}},"branchMap":{},"s":{"0":2},"f":{"0":2},"b":{},"_coverageSchema":"1a1c01bbd47fc00a2c39e90264f33305004495a9","hash":"2d30c0e0b950dc5b816f8859421f72b473bde94c"}
,"C:\\Users\\aiman\\Projects\\Monitoring_System_TonyPi\\frontend\\src\\TonyPiApp.tsx": {"path":"C:\\Users\\aiman\\Projects\\Monitoring_System_TonyPi\\frontend\\src\\TonyPiApp.tsx","statementMap":{"0":{"start":{"line":21,"column":35},"end":{"line":721,"column":1}},"1":{"start":{"line":22,"column":55},"end":{"line":22,"column":64}},"2":{"start":{"line":23,"column":34},"end":{"line":23,"column":44}},"3":{"start":{"line":24,"column":40},"end":{"line":24,"column":60}},"4":{"start":{"line":25,"column":25},"end":{"line":25,"column":51}},"5":{"start":{"line":26,"column":36},"end":{"line":26,"column":68}},"6":{"start":{"line":27,"column":36},"end":{"line":27,"column":61}},"7":{"start":{"line":28,"column":44},"end":{"line":28,"column":70}},"8":{"start":{"line":29,"column":34},"end":{"line":29,"column":100}},"9":{"start":{"line":30,"column":40},"end":{"line":30,"column":68}},"10":{"start":{"line":31,"column":48},"end":{"line":31,"column":68}},"11":{"start":{"line":32,"column":40},"end":{"line":32,"column":64}},"12":{"start":{"line":33,"column":46},"end":{"line":33,"column":65}},"13":{"start":{"line":34,"column":44},"end":{"line":34,"column":68}},"14":{"start":{"line":35,"column":42},"end":{"line":35,"column":66}},"15":{"start":{"line":36,"column":46},"end":{"line":36,"column":70}},"16":{"start":{"line":40,"column":2},"end":{"line":45,"column":9}},"17":{"start":{"line":41,"column":18},"end":{"line":43,"column":12}},"18":{"start":{"line":42,"column":6},"end":{"line":42,"column":50}},"19":{"start":{"line":44,"column":4},"end":{"line":44,"column":38}},"20":{"start":{"line":44,"column":17},"end":{"line":44,"column":37}},"21":{"start":{"line":48,"column":2},"end":{"line":116,"column":41}},"22":{"start":{"line":49,"column":4},"end":{"line":49,"column":33}},"23":{"start":{"line":49,"column":26},"end":{"line":49,"column":33}},"24":{"start":{"line":51,"column":27},"end":{"line":111,"column":5}},"25":{"start":{"line":52,"column":6},"end":{"line":110,"column":7}},"26":{"start":{"line":53,"column":33},"end":{"line":56,"column":10}},"27":{"start":{"line":58,"column":8},"end":{"line":58,"column":29}},"28":{"start":{"line":59,"column":8},"end":{"line":61,"column":9}},"29":{"start":{"line":60,"column":10},"end":{"line":60,"column":45}},"30":{"start":{"line":63,"column":8},"end":{"line":103,"column":9}},"31":{"start":{"line":65,"column":30},"end":{"line":67,"column":23}},"32":{"start":{"line":66,"column":31},"end":{"line":66,"column":61}},"33":{"start":{"line":69,"column":10},"end":{"line":75,"column":11}},"34":{"start":{"line":70,"column":12},"end":{"line":70,"column":38}},"35":{"start":{"line":72,"column":12},"end":{"line":74,"column":13}},"36":{"start":{"line":73,"column":14},"end":{"line":73,"column":55}},"37":{"start":{"line":76,"column":10},"end":{"line":76,"column":31}},"38":{"start":{"line":79,"column":28},"end":{"line":79,"column":29}},"39":{"start":{"line":80,"column":31},"end":{"line":80,"column":32}},"40":{"start":{"line":81,"column":36},"end":{"line":81,"column":37}},"41":{"start":{"line":83,"column":10},"end":{"line":99,"column":11}},"42":{"start":{"line":84,"column":12},"end":{"line":98,"column":13}},"43":{"start":{"line":85,"column":30},"end":{"line":85,"column":76}},"44":{"start":{"line":86,"column":14},"end":{"line":94,"column":15}},"45":{"start":{"line":87,"column":16},"end":{"line":87,"column":30}},"46":{"start":{"line":88,"column":21},"end":{"line":94,"column":15}},"47":{"start":{"line":89,"column":30},"end":{"line":89,"column":55}},"48":{"start":{"line":90,"column":32},"end":{"line":90,"column":73}},"49":{"start":{"line":91,"column":16},"end":{"line":93,"column":17}},"50":{"start":{"line":92,"column":18},"end":{"line":92,"column":35}},"51":{"start":{"line":95,"column":14},"end":{"line":95,"column":61}},"52":{"start":{"line":100,"column":10},"end":{"line":100,"column":116}},"53":{"start":{"line":102,"column":10},"end":{"line":102,"column":32}},"54":{"start":{"line":105,"column":24},"end":{"line":105,"column":71}},"55":{"start":{"line":106,"column":8},"end":{"line":106,"column":45}},"56":{"start":{"line":108,"column":8},"end":{"line":108,"column":57}},"57":{"start":{"line":109,"column":8},"end":{"line":109,"column":30}},"58":{"start":{"line":113,"column":4},"end":{"line":113,"column":21}},"59":{"start":{"line":114,"column":21},"end":{"line":114,"column":54}},"60":{"start":{"line":115,"column":4},"end":{"line":115,"column":41}},"61":{"start":{"line":115,"column":17},"end":{"line":115,"column":40}},"62":{"start":{"line":119,"column":2},"end":{"line":126,"column":37}},"63":{"start":{"line":120,"column":31},"end":{"line":123,"column":5}},"64":{"start":{"line":121,"column":6},"end":{"line":121,"column":47}},"65":{"start":{"line":121,"column":24},"end":{"line":121,"column":47}},"66":{"start":{"line":122,"column":6},"end":{"line":122,"column":51}},"67":{"start":{"line":122,"column":26},"end":{"line":122,"column":51}},"68":{"start":{"line":124,"column":4},"end":{"line":124,"column":59}},"69":{"start":{"line":125,"column":4},"end":{"line":125,"column":75}},"70":{"start":{"line":125,"column":17},"end":{"line":125,"column":74}},"71":{"start":{"line":128,"column":15},"end":{"line":139,"column":3}},"72":{"start":{"line":142,"column":2},"end":{"line":166,"column":3}},"73":{"start":{"line":143,"column":4},"end":{"line":165,"column":6}},"74":{"start":{"line":169,"column":2},"end":{"line":171,"column":3}},"75":{"start":{"line":170,"column":4},"end":{"line":170,"column":21}},"76":{"start":{"line":173,"column":23},"end":{"line":176,"column":3}},"77":{"start":{"line":174,"column":4},"end":{"line":174,"column":13}},"78":{"start":{"line":175,"column":4},"end":{"line":175,"column":27}},"79":{"start":{"line":178,"column":2},"end":{"line":720,"column":4}},"80":{"start":{"line":217,"column":31},"end":{"line":217,"column":53}},"81":{"start":{"line":229,"column":20},"end":{"line":229,"column":40}},"82":{"start":{"line":230,"column":20},"end":{"line":230,"column":51}},"83":{"start":{"line":245,"column":36},"end":{"line":245,"column":55}},"84":{"start":{"line":281,"column":18},"end":{"line":281,"column":38}},"85":{"start":{"line":282,"column":18},"end":{"line":282,"column":53}},"86":{"start":{"line":307,"column":18},"end":{"line":307,"column":41}},"87":{"start":{"line":308,"column":18},"end":{"line":308,"column":43}},"88":{"start":{"line":332,"column":14},"end":{"line":344,"column":23}},"89":{"start":{"line":334,"column":31},"end":{"line":334,"column":53}},"90":{"start":{"line":427,"column":122},"end":{"line":427,"column":143}},"91":{"start":{"line":507,"column":37},"end":{"line":507,"column":71}},"92":{"start":{"line":511,"column":22},"end":{"line":513,"column":31}},"93":{"start":{"line":559,"column":20},"end":{"line":573,"column":26}},"94":{"start":{"line":595,"column":20},"end":{"line":608,"column":26}},"95":{"start":{"line":624,"column":25},"end":{"line":624,"column":48}},"96":{"start":{"line":628,"column":28},"end":{"line":628,"column":47}},"97":{"start":{"line":636,"column":31},"end":{"line":636,"column":54}},"98":{"start":{"line":685,"column":20},"end":{"line":688,"column":26}},"99":{"start":{"line":710,"column":31},"end":{"line":710,"column":54}},"100":{"start":{"line":724,"column":28},"end":{"line":735,"column":1}},"101":{"start":{"line":725,"column":2},"end":{"line":734,"column":4}}},"fnMap":{"0":{"name":"(anonymous_0)","decl":{"start":{"line":21,"column":35},"end":{"line":21,"column":36}},"loc":{"start":{"line":21,"column":41},"end":{"line":721,"column":1}},"line":21},"1":{"name":"(anonymous_1)","decl":{"start":{"line":40,"column":12},"end":{"line":40,"column":13}},"loc":{"start":{"line":40,"column":18},"end":{"line":45,"column":3}},"line":40},"2":{"name":"(anonymous_2)","decl":{"start":{"line":41,"column":30},"end":{"line":41,"column":31}},"loc":{"start":{"line":41,"column":36},"end":{"line":43,"column":5}},"line":41},"3":{"name":"(anonymous_3)","decl":{"start":{"line":44,"column":11},"end":{"line":44,"column":12}},"loc":{"start":{"line":44,"column":17},"end":{"line":44,"column":37}},"line":44},"4":{"name":"(anonymous_4)","decl":{"start":{"line":48,"column":12},"end":{"line":48,"column":13}},"loc":{"start":{"line":48,"column":18},"end":{"line":116,"column":3}},"line":48},"5":{"name":"(anonymous_5)","decl":{"start":{"line":51,"column":27},"end":{"line":51,"column":28}},"loc":{"start":{"line":51,"column":39},"end":{"line":111,"column":5}},"line":51},"6":{"name":"(anonymous_6)","decl":{"start":{"line":66,"column":26},"end":{"line":66,"column":27}},"loc":{"start":{"line":66,"column":31},"end":{"line":66,"column":61}},"line":66},"7":{"name":"(anonymous_7)","decl":{"start":{"line":115,"column":11},"end":{"line":115,"column":12}},"loc":{"start":{"line":115,"column":17},"end":{"line":115,"column":40}},"line":115},"8":{"name":"(anonymous_8)","decl":{"start":{"line":119,"column":12},"end":{"line":119,"column":13}},"loc":{"start":{"line":119,"column":18},"end":{"line":126,"column":3}},"line":119},"9":{"name":"(anonymous_9)","decl":{"start":{"line":120,"column":31},"end":{"line":120,"column":32}},"loc":{"start":{"line":120,"column":37},"end":{"line":123,"column":5}},"line":120},"10":{"name":"(anonymous_10)","decl":{"start":{"line":125,"column":11},"end":{"line":125,"column":12}},"loc":{"start":{"line":125,"column":17},"end":{"line":125,"column":74}},"line":125},"11":{"name":"(anonymous_11)","decl":{"start":{"line":173,"column":23},"end":{"line":173,"column":24}},"loc":{"start":{"line":173,"column":29},"end":{"line":176,"column":3}},"line":173},"12":{"name":"(anonymous_12)","decl":{"start":{"line":217,"column":25},"end":{"line":217,"column":26}},"loc":{"start":{"line":217,"column":31},"end":{"line":217,"column":53}},"line":217},"13":{"name":"(anonymous_13)","decl":{"start":{"line":228,"column":27},"end":{"line":228,"column":28}},"loc":{"start":{"line":228,"column":34},"end":{"line":231,"column":19}},"line":228},"14":{"name":"(anonymous_14)","decl":{"start":{"line":245,"column":29},"end":{"line":245,"column":30}},"loc":{"start":{"line":245,"column":36},"end":{"line":245,"column":55}},"line":245},"15":{"name":"(anonymous_15)","decl":{"start":{"line":280,"column":25},"end":{"line":280,"column":26}},"loc":{"start":{"line":280,"column":32},"end":{"line":283,"column":17}},"line":280},"16":{"name":"(anonymous_16)","decl":{"start":{"line":306,"column":25},"end":{"line":306,"column":26}},"loc":{"start":{"line":306,"column":31},"end":{"line":309,"column":17}},"line":306},"17":{"name":"(anonymous_17)","decl":{"start":{"line":331,"column":22},"end":{"line":331,"column":23}},"loc":{"start":{"line":332,"column":14},"end":{"line":344,"column":23}},"line":332},"18":{"name":"(anonymous_18)","decl":{"start":{"line":334,"column":25},"end":{"line":334,"column":26}},"loc":{"start":{"line":334,"column":31},"end":{"line":334,"column":53}},"line":334},"19":{"name":"(anonymous_19)","decl":{"start":{"line":427,"column":117},"end":{"line":427,"column":118}},"loc":{"start":{"line":427,"column":122},"end":{"line":427,"column":143}},"line":427},"20":{"name":"(anonymous_20)","decl":{"start":{"line":507,"column":30},"end":{"line":507,"column":31}},"loc":{"start":{"line":507,"column":37},"end":{"line":507,"column":71}},"line":507},"21":{"name":"(anonymous_21)","decl":{"start":{"line":510,"column":35},"end":{"line":510,"column":36}},"loc":{"start":{"line":511,"column":22},"end":{"line":513,"column":31}},"line":511},"22":{"name":"(anonymous_22)","decl":{"start":{"line":558,"column":54},"end":{"line":558,"column":55}},"loc":{"start":{"line":559,"column":20},"end":{"line":573,"column":26}},"line":559},"23":{"name":"(anonymous_23)","decl":{"start":{"line":594,"column":47},"end":{"line":594,"column":48}},"loc":{"start":{"line":595,"column":20},"end":{"line":608,"column":26}},"line":595},"24":{"name":"(anonymous_24)","decl":{"start":{"line":624,"column":19},"end":{"line":624,"column":20}},"loc":{"start":{"line":624,"column":25},"end":{"line":624,"column":48}},"line":624},"25":{"name":"(anonymous_25)","decl":{"start":{"line":628,"column":21},"end":{"line":628,"column":22}},"loc":{"start":{"line":628,"column":28},"end":{"line":628,"column":47}},"line":628},"26":{"name":"(anonymous_26)","decl":{"start":{"line":636,"column":25},"end":{"line":636,"column":26}},"loc":{"start":{"line":636,"column":31},"end":{"line":636,"column":54}},"line":636},"27":{"name":"(anonymous_27)","decl":{"start":{"line":684,"column":24},"end":{"line":684,"column":25}},"loc":{"start":{"line":685,"column":20},"end":{"line":688,"column":26}},"line":685},"28":{"name":"(anonymous_28)","decl":{"start":{"line":710,"column":25},"end":{"line":710,"column":26}},"loc":{"start":{"line":710,"column":31},"end":{"line":710,"column":54}},"line":710},"29":{"name":"(anonymous_29)","decl":{"start":{"line":724,"column":28},"end":{"line":724,"column":29}},"loc":{"start":{"line":724,"column":34},"end":{"line":735,"column":1}},"line":724}},"branchMap":{"0":{"loc":{"start":{"line":49,"column":4},"end":{"line":49,"column":33}},"type":"if","locations":[{"start":{"line":49,"column":4},"end":{"line":49,"column":33}},{"start":{},"end":{}}],"line":49},"1":{"loc":{"start":{"line":59,"column":8},"end":{"line":61,"column":9}},"type":"if","locations":[{"start":{"line":59,"column":8},"end":{"line":61,"column":9}},{"start":{},"end":{}}],"line":59},"2":{"loc":{"start":{"line":63,"column":8},"end":{"line":103,"column":9}},"type":"if","locations":[{"start":{"line":63,"column":8},"end":{"line":103,"column":9}},{"start":{"line":101,"column":15},"end":{"line":103,"column":9}}],"line":63},"3":{"loc":{"start":{"line":65,"column":30},"end":{"line":67,"column":23}},"type":"cond-expr","locations":[{"start":{"line":66,"column":14},"end":{"line":66,"column":62}},{"start":{"line":67,"column":14},"end":{"line":67,"column":23}}],"line":65},"4":{"loc":{"start":{"line":69,"column":10},"end":{"line":75,"column":11}},"type":"if","locations":[{"start":{"line":69,"column":10},"end":{"line":75,"column":11}},{"start":{},"end":{}}],"line":69},"5":{"loc":{"start":{"line":72,"column":12},"end":{"line":74,"column":13}},"type":"if","locations":[{"start":{"line":72,"column":12},"end":{"line":74,"column":13}},{"start":{},"end":{}}],"line":72},"6":{"loc":{"start":{"line":86,"column":14},"end":{"line":94,"column":15}},"type":"if","locations":[{"start":{"line":86,"column":14},"end":{"line":94,"column":15}},{"start":{"line":88,"column":21},"end":{"line":94,"column":15}}],"line":86},"7":{"loc":{"start":{"line":86,"column":18},"end":{"line":86,"column":57}},"type":"binary-expr","locations":[{"start":{"line":86,"column":18},"end":{"line":86,"column":36}},{"start":{"line":86,"column":40},"end":{"line":86,"column":57}}],"line":86},"8":{"loc":{"start":{"line":88,"column":21},"end":{"line":94,"column":15}},"type":"if","locations":[{"start":{"line":88,"column":21},"end":{"line":94,"column":15}},{"start":{},"end":{}}],"line":88},"9":{"loc":{"start":{"line":91,"column":16},"end":{"line":93,"column":17}},"type":"if","locations":[{"start":{"line":91,"column":16},"end":{"line":93,"column":17}},{"start":{},"end":{}}],"line":91},"10":{"loc":{"start":{"line":95,"column":37},"end":{"line":95,"column":60}},"type":"binary-expr","locations":[{"start":{"line":95,"column":37},"end":{"line":95,"column":55}},{"start":{"line":95,"column":59},"end":{"line":95,"column":60}}],"line":95},"11":{"loc":{"start":{"line":121,"column":6},"end":{"line":121,"column":47}},"type":"if","locations":[{"start":{"line":121,"column":6},"end":{"line":121,"column":47}},{"start":{},"end":{}}],"line":121},"12":{"loc":{"start":{"line":122,"column":6},"end":{"line":122,"column":51}},"type":"if","locations":[{"start":{"line":122,"column":6},"end":{"line":122,"column":51}},{"start":{},"end":{}}],"line":122},"13":{"loc":{"start":{"line":138,"column":8},"end":{"line":138,"column":88}},"type":"cond-expr","locations":[{"start":{"line":138,"column":33},"end":{"line":138,"column":83}},{"start":{"line":138,"column":86},"end":{"line":138,"column":88}}],"line":138},"14":{"loc":{"start":{"line":142,"column":2},"end":{"line":166,"column":3}},"type":"if","locations":[{"start":{"line":142,"column":2},"end":{"line":166,"column":3}},{"start":{},"end":{}}],"line":142},"15":{"loc":{"start":{"line":169,"column":2},"end":{"line":171,"column":3}},"type":"if","locations":[{"start":{"line":169,"column":2},"end":{"line":171,"column":3}},{"start":{},"end":{}}],"line":169},"16":{"loc":{"start":{"line":179,"column":67},"end":{"line":179,"column":150}},"type":"cond-expr","locations":[{"start":{"line":179,"column":76},"end":{"line":179,"column":89}},{"start":{"line":179,"column":92},"end":{"line":179,"column":150}}],"line":179},"17":{"loc":{"start":{"line":181,"column":110},"end":{"line":181,"column":183}},"type":"cond-expr","locations":[{"start":{"line":181,"column":119},"end":{"line":181,"column":151}},{"start":{"line":181,"column":154},"end":{"line":181,"column":183}}],"line":181},"18":{"loc":{"start":{"line":192,"column":68},"end":{"line":192,"column":110}},"type":"cond-expr","locations":[{"start":{"line":192,"column":77},"end":{"line":192,"column":92}},{"start":{"line":192,"column":95},"end":{"line":192,"column":110}}],"line":192},"19":{"loc":{"start":{"line":198,"column":78},"end":{"line":198,"column":115}},"type":"cond-expr","locations":[{"start":{"line":198,"column":87},"end":{"line":198,"column":100}},{"start":{"line":198,"column":103},"end":{"line":198,"column":115}}],"line":198},"20":{"loc":{"start":{"line":199,"column":45},"end":{"line":199,"column":87}},"type":"cond-expr","locations":[{"start":{"line":199,"column":54},"end":{"line":199,"column":69}},{"start":{"line":199,"column":72},"end":{"line":199,"column":87}}],"line":199},"21":{"loc":{"start":{"line":200,"column":56},"end":{"line":200,"column":98}},"type":"cond-expr","locations":[{"start":{"line":200,"column":65},"end":{"line":200,"column":80}},{"start":{"line":200,"column":83},"end":{"line":200,"column":98}}],"line":200},"22":{"loc":{"start":{"line":200,"column":103},"end":{"line":200,"column":130}},"type":"binary-expr","locations":[{"start":{"line":200,"column":103},"end":{"line":200,"column":114}},{"start":{"line":200,"column":118},"end":{"line":200,"column":130}}],"line":200},"23":{"loc":{"start":{"line":202,"column":78},"end":{"line":202,"column":235}},"type":"cond-expr","locations":[{"start":{"line":202,"column":93},"end":{"line":202,"column":165}},{"start":{"line":202,"column":170},"end":{"line":202,"column":234}}],"line":202},"24":{"loc":{"start":{"line":202,"column":93},"end":{"line":202,"column":165}},"type":"cond-expr","locations":[{"start":{"line":202,"column":102},"end":{"line":202,"column":134}},{"start":{"line":202,"column":137},"end":{"line":202,"column":165}}],"line":202},"25":{"loc":{"start":{"line":202,"column":170},"end":{"line":202,"column":234}},"type":"cond-expr","locations":[{"start":{"line":202,"column":179},"end":{"line":202,"column":207}},{"start":{"line":202,"column":210},"end":{"line":202,"column":234}}],"line":202},"26":{"loc":{"start":{"line":203,"column":17},"end":{"line":203,"column":93}},"type":"cond-expr","locations":[{"start":{"line":203,"column":31},"end":{"line":203,"column":59}},{"start":{"line":203,"column":62},"end":{"line":203,"column":93}}],"line":203},"27":{"loc":{"start":{"line":204,"column":55},"end":{"line":204,"column":97}},"type":"cond-expr","locations":[{"start":{"line":204,"column":69},"end":{"line":204,"column":80}},{"start":{"line":204,"column":83},"end":{"line":204,"column":97}}],"line":204},"28":{"loc":{"start":{"line":210,"column":102},"end":{"line":210,"column":216}},"type":"cond-expr","locations":[{"start":{"line":210,"column":111},"end":{"line":210,"column":168}},{"start":{"line":210,"column":171},"end":{"line":210,"column":216}}],"line":210},"29":{"loc":{"start":{"line":211,"column":23},"end":{"line":211,"column":78}},"type":"cond-expr","locations":[{"start":{"line":211,"column":32},"end":{"line":211,"column":54}},{"start":{"line":211,"column":57},"end":{"line":211,"column":78}}],"line":211},"30":{"loc":{"start":{"line":213,"column":17},"end":{"line":213,"column":84}},"type":"cond-expr","locations":[{"start":{"line":213,"column":26},"end":{"line":213,"column":53}},{"start":{"line":213,"column":56},"end":{"line":213,"column":84}}],"line":213},"31":{"loc":{"start":{"line":218,"column":93},"end":{"line":218,"column":200}},"type":"cond-expr","locations":[{"start":{"line":218,"column":102},"end":{"line":218,"column":153}},{"start":{"line":218,"column":156},"end":{"line":218,"column":200}}],"line":218},"32":{"loc":{"start":{"line":232,"column":95},"end":{"line":232,"column":214}},"type":"cond-expr","locations":[{"start":{"line":232,"column":104},"end":{"line":232,"column":161}},{"start":{"line":232,"column":164},"end":{"line":232,"column":214}}],"line":232},"33":{"loc":{"start":{"line":236,"column":82},"end":{"line":236,"column":156}},"type":"cond-expr","locations":[{"start":{"line":236,"column":91},"end":{"line":236,"column":122}},{"start":{"line":236,"column":125},"end":{"line":236,"column":156}}],"line":236},"34":{"loc":{"start":{"line":242,"column":17},"end":{"line":259,"column":17}},"type":"binary-expr","locations":[{"start":{"line":242,"column":17},"end":{"line":242,"column":29}},{"start":{"line":243,"column":18},"end":{"line":258,"column":24}}],"line":242},"35":{"loc":{"start":{"line":244,"column":92},"end":{"line":244,"column":173}},"type":"cond-expr","locations":[{"start":{"line":244,"column":101},"end":{"line":244,"column":137}},{"start":{"line":244,"column":140},"end":{"line":244,"column":173}}],"line":244},"36":{"loc":{"start":{"line":247,"column":58},"end":{"line":247,"column":104}},"type":"cond-expr","locations":[{"start":{"line":247,"column":67},"end":{"line":247,"column":84}},{"start":{"line":247,"column":87},"end":{"line":247,"column":104}}],"line":247},"37":{"loc":{"start":{"line":248,"column":59},"end":{"line":248,"column":101}},"type":"cond-expr","locations":[{"start":{"line":248,"column":68},"end":{"line":248,"column":83}},{"start":{"line":248,"column":86},"end":{"line":248,"column":101}}],"line":248},"38":{"loc":{"start":{"line":249,"column":58},"end":{"line":249,"column":100}},"type":"cond-expr","locations":[{"start":{"line":249,"column":67},"end":{"line":249,"column":82}},{"start":{"line":249,"column":85},"end":{"line":249,"column":100}}],"line":249},"39":{"loc":{"start":{"line":253,"column":105},"end":{"line":253,"column":181}},"type":"cond-expr","locations":[{"start":{"line":253,"column":114},"end":{"line":253,"column":148}},{"start":{"line":253,"column":151},"end":{"line":253,"column":181}}],"line":253},"40":{"loc":{"start":{"line":268,"column":102},"end":{"line":268,"column":175}},"type":"cond-expr","locations":[{"start":{"line":268,"column":111},"end":{"line":268,"column":145}},{"start":{"line":268,"column":148},"end":{"line":268,"column":175}}],"line":268},"41":{"loc":{"start":{"line":270,"column":17},"end":{"line":270,"column":84}},"type":"cond-expr","locations":[{"start":{"line":270,"column":26},"end":{"line":270,"column":53}},{"start":{"line":270,"column":56},"end":{"line":270,"column":84}}],"line":270},"42":{"loc":{"start":{"line":274,"column":80},"end":{"line":274,"column":237}},"type":"cond-expr","locations":[{"start":{"line":274,"column":95},"end":{"line":274,"column":167}},{"start":{"line":274,"column":172},"end":{"line":274,"column":236}}],"line":274},"43":{"loc":{"start":{"line":274,"column":95},"end":{"line":274,"column":167}},"type":"cond-expr","locations":[{"start":{"line":274,"column":104},"end":{"line":274,"column":136}},{"start":{"line":274,"column":139},"end":{"line":274,"column":167}}],"line":274},"44":{"loc":{"start":{"line":274,"column":172},"end":{"line":274,"column":236}},"type":"cond-expr","locations":[{"start":{"line":274,"column":181},"end":{"line":274,"column":209}},{"start":{"line":274,"column":212},"end":{"line":274,"column":236}}],"line":274},"45":{"loc":{"start":{"line":275,"column":17},"end":{"line":275,"column":93}},"type":"cond-expr","locations":[{"start":{"line":275,"column":31},"end":{"line":275,"column":59}},{"start":{"line":275,"column":62},"end":{"line":275,"column":93}}],"line":275},"46":{"loc":{"start":{"line":284,"column":102},"end":{"line":284,"column":176}},"type":"cond-expr","locations":[{"start":{"line":284,"column":111},"end":{"line":284,"column":142}},{"start":{"line":284,"column":145},"end":{"line":284,"column":176}}],"line":284},"47":{"loc":{"start":{"line":286,"column":44},"end":{"line":286,"column":86}},"type":"cond-expr","locations":[{"start":{"line":286,"column":53},"end":{"line":286,"column":68}},{"start":{"line":286,"column":71},"end":{"line":286,"column":86}}],"line":286},"48":{"loc":{"start":{"line":292,"column":11},"end":{"line":323,"column":11}},"type":"binary-expr","locations":[{"start":{"line":292,"column":11},"end":{"line":292,"column":25}},{"start":{"line":293,"column":12},"end":{"line":322,"column":18}}],"line":292},"49":{"loc":{"start":{"line":293,"column":70},"end":{"line":293,"column":116}},"type":"cond-expr","locations":[{"start":{"line":293,"column":79},"end":{"line":293,"column":96}},{"start":{"line":293,"column":99},"end":{"line":293,"column":116}}],"line":293},"50":{"loc":{"start":{"line":294,"column":78},"end":{"line":294,"column":115}},"type":"cond-expr","locations":[{"start":{"line":294,"column":87},"end":{"line":294,"column":100}},{"start":{"line":294,"column":103},"end":{"line":294,"column":115}}],"line":294},"51":{"loc":{"start":{"line":295,"column":45},"end":{"line":295,"column":87}},"type":"cond-expr","locations":[{"start":{"line":295,"column":54},"end":{"line":295,"column":69}},{"start":{"line":295,"column":72},"end":{"line":295,"column":87}}],"line":295},"52":{"loc":{"start":{"line":296,"column":56},"end":{"line":296,"column":98}},"type":"cond-expr","locations":[{"start":{"line":296,"column":65},"end":{"line":296,"column":80}},{"start":{"line":296,"column":83},"end":{"line":296,"column":98}}],"line":296},"53":{"loc":{"start":{"line":296,"column":103},"end":{"line":296,"column":130}},"type":"binary-expr","locations":[{"start":{"line":296,"column":103},"end":{"line":296,"column":114}},{"start":{"line":296,"column":118},"end":{"line":296,"column":130}}],"line":296},"54":{"loc":{"start":{"line":298,"column":78},"end":{"line":298,"column":122}},"type":"cond-expr","locations":[{"start":{"line":298,"column":87},"end":{"line":298,"column":105}},{"start":{"line":298,"column":108},"end":{"line":298,"column":122}}],"line":298},"55":{"loc":{"start":{"line":299,"column":44},"end":{"line":299,"column":90}},"type":"cond-expr","locations":[{"start":{"line":299,"column":53},"end":{"line":299,"column":70}},{"start":{"line":299,"column":73},"end":{"line":299,"column":90}}],"line":299},"56":{"loc":{"start":{"line":300,"column":56},"end":{"line":300,"column":102}},"type":"cond-expr","locations":[{"start":{"line":300,"column":65},"end":{"line":300,"column":82}},{"start":{"line":300,"column":85},"end":{"line":300,"column":102}}],"line":300},"57":{"loc":{"start":{"line":301,"column":80},"end":{"line":301,"column":154}},"type":"cond-expr","locations":[{"start":{"line":301,"column":89},"end":{"line":301,"column":120}},{"start":{"line":301,"column":123},"end":{"line":301,"column":154}}],"line":301},"58":{"loc":{"start":{"line":310,"column":100},"end":{"line":310,"column":207}},"type":"cond-expr","locations":[{"start":{"line":310,"column":109},"end":{"line":310,"column":160}},{"start":{"line":310,"column":163},"end":{"line":310,"column":207}}],"line":310},"59":{"loc":{"start":{"line":317,"column":100},"end":{"line":317,"column":201}},"type":"cond-expr","locations":[{"start":{"line":317,"column":109},"end":{"line":317,"column":157}},{"start":{"line":317,"column":160},"end":{"line":317,"column":201}}],"line":317},"60":{"loc":{"start":{"line":328,"column":119},"end":{"line":328,"column":192}},"type":"cond-expr","locations":[{"start":{"line":328,"column":128},"end":{"line":328,"column":160}},{"start":{"line":328,"column":163},"end":{"line":328,"column":192}}],"line":328},"61":{"loc":{"start":{"line":336,"column":18},"end":{"line":340,"column":95}},"type":"cond-expr","locations":[{"start":{"line":337,"column":22},"end":{"line":337,"column":89}},{"start":{"line":338,"column":22},"end":{"line":340,"column":95}}],"line":336},"62":{"loc":{"start":{"line":338,"column":22},"end":{"line":340,"column":95}},"type":"cond-expr","locations":[{"start":{"line":339,"column":24},"end":{"line":339,"column":86}},{"start":{"line":340,"column":24},"end":{"line":340,"column":95}}],"line":338},"63":{"loc":{"start":{"line":353,"column":9},"end":{"line":357,"column":9}},"type":"binary-expr","locations":[{"start":{"line":353,"column":9},"end":{"line":353,"column":38}},{"start":{"line":354,"column":10},"end":{"line":356,"column":16}}],"line":353},"64":{"loc":{"start":{"line":360,"column":9},"end":{"line":364,"column":9}},"type":"binary-expr","locations":[{"start":{"line":360,"column":9},"end":{"line":360,"column":31}},{"start":{"line":361,"column":10},"end":{"line":363,"column":16}}],"line":360},"65":{"loc":{"start":{"line":367,"column":9},"end":{"line":371,"column":9}},"type":"binary-expr","locations":[{"start":{"line":367,"column":9},"end":{"line":367,"column":33}},{"start":{"line":368,"column":10},"end":{"line":370,"column":16}}],"line":367},"66":{"loc":{"start":{"line":374,"column":9},"end":{"line":378,"column":9}},"type":"binary-expr","locations":[{"start":{"line":374,"column":9},"end":{"line":374,"column":33}},{"start":{"line":375,"column":10},"end":{"line":377,"column":16}}],"line":374},"67":{"loc":{"start":{"line":381,"column":9},"end":{"line":385,"column":9}},"type":"binary-expr","locations":[{"start":{"line":381,"column":9},"end":{"line":381,"column":34}},{"start":{"line":382,"column":10},"end":{"line":384,"column":16}}],"line":381},"68":{"loc":{"start":{"line":388,"column":9},"end":{"line":392,"column":9}},"type":"binary-expr","locations":[{"start":{"line":388,"column":9},"end":{"line":388,"column":33}},{"start":{"line":389,"column":10},"end":{"line":391,"column":16}}],"line":388},"69":{"loc":{"start":{"line":395,"column":9},"end":{"line":399,"column":9}},"type":"binary-expr","locations":[{"start":{"line":395,"column":9},"end":{"line":395,"column":31}},{"start":{"line":396,"column":10},"end":{"line":398,"column":16}}],"line":395},"70":{"loc":{"start":{"line":402,"column":9},"end":{"line":406,"column":9}},"type":"binary-expr","locations":[{"start":{"line":402,"column":9},"end":{"line":402,"column":34}},{"start":{"line":403,"column":10},"end":{"line":405,"column":16}}],"line":402},"71":{"loc":{"start":{"line":409,"column":9},"end":{"line":413,"column":9}},"type":"binary-expr","locations":[{"start":{"line":409,"column":9},"end":{"line":409,"column":32}},{"start":{"line":409,"column":36},"end":{"line":409,"column":58}},{"start":{"line":410,"column":10},"end":{"line":412,"column":16}}],"line":409},"72":{"loc":{"start":{"line":416,"column":9},"end":{"line":616,"column":9}},"type":"binary-expr","locations":[{"start":{"line":416,"column":9},"end":{"line":416,"column":35}},{"start":{"line":417,"column":10},"end":{"line":615,"column":16}}],"line":416},"73":{"loc":{"start":{"line":420,"column":96},"end":{"line":420,"column":177}},"type":"cond-expr","locations":[{"start":{"line":420,"column":105},"end":{"line":420,"column":141}},{"start":{"line":420,"column":144},"end":{"line":420,"column":177}}],"line":420},"74":{"loc":{"start":{"line":422,"column":52},"end":{"line":422,"column":92}},"type":"cond-expr","locations":[{"start":{"line":422,"column":61},"end":{"line":422,"column":77}},{"start":{"line":422,"column":80},"end":{"line":422,"column":92}}],"line":422},"75":{"loc":{"start":{"line":423,"column":52},"end":{"line":423,"column":94}},"type":"cond-expr","locations":[{"start":{"line":423,"column":61},"end":{"line":423,"column":76}},{"start":{"line":423,"column":79},"end":{"line":423,"column":94}}],"line":423},"76":{"loc":{"start":{"line":426,"column":57},"end":{"line":426,"column":99}},"type":"cond-expr","locations":[{"start":{"line":426,"column":66},"end":{"line":426,"column":81}},{"start":{"line":426,"column":84},"end":{"line":426,"column":99}}],"line":426},"77":{"loc":{"start":{"line":427,"column":56},"end":{"line":427,"column":95}},"type":"cond-expr","locations":[{"start":{"line":427,"column":65},"end":{"line":427,"column":77}},{"start":{"line":427,"column":80},"end":{"line":427,"column":95}}],"line":427},"78":{"loc":{"start":{"line":431,"column":96},"end":{"line":431,"column":177}},"type":"cond-expr","locations":[{"start":{"line":431,"column":105},"end":{"line":431,"column":141}},{"start":{"line":431,"column":144},"end":{"line":431,"column":177}}],"line":431},"79":{"loc":{"start":{"line":433,"column":52},"end":{"line":433,"column":96}},"type":"cond-expr","locations":[{"start":{"line":433,"column":61},"end":{"line":433,"column":79}},{"start":{"line":433,"column":82},"end":{"line":433,"column":96}}],"line":433},"80":{"loc":{"start":{"line":434,"column":52},"end":{"line":434,"column":98}},"type":"cond-expr","locations":[{"start":{"line":434,"column":61},"end":{"line":434,"column":78}},{"start":{"line":434,"column":81},"end":{"line":434,"column":98}}],"line":434},"81":{"loc":{"start":{"line":437,"column":57},"end":{"line":437,"column":99}},"type":"cond-expr","locations":[{"start":{"line":437,"column":66},"end":{"line":437,"column":81}},{"start":{"line":437,"column":84},"end":{"line":437,"column":99}}],"line":437},"82":{"loc":{"start":{"line":438,"column":56},"end":{"line":438,"column":95}},"type":"cond-expr","locations":[{"start":{"line":438,"column":65},"end":{"line":438,"column":77}},{"start":{"line":438,"column":80},"end":{"line":438,"column":95}}],"line":438},"83":{"loc":{"start":{"line":442,"column":96},"end":{"line":442,"column":177}},"type":"cond-expr","locations":[{"start":{"line":442,"column":105},"end":{"line":442,"column":141}},{"start":{"line":442,"column":144},"end":{"line":442,"column":177}}],"line":442},"84":{"loc":{"start":{"line":444,"column":52},"end":{"line":444,"column":94}},"type":"cond-expr","locations":[{"start":{"line":444,"column":61},"end":{"line":444,"column":78}},{"start":{"line":444,"column":81},"end":{"line":444,"column":94}}],"line":444},"85":{"loc":{"start":{"line":445,"column":55},"end":{"line":445,"column":99}},"type":"cond-expr","locations":[{"start":{"line":445,"column":64},"end":{"line":445,"column":80}},{"start":{"line":445,"column":83},"end":{"line":445,"column":99}}],"line":445},"86":{"loc":{"start":{"line":448,"column":57},"end":{"line":448,"column":99}},"type":"cond-expr","locations":[{"start":{"line":448,"column":66},"end":{"line":448,"column":81}},{"start":{"line":448,"column":84},"end":{"line":448,"column":99}}],"line":448},"87":{"loc":{"start":{"line":449,"column":56},"end":{"line":449,"column":95}},"type":"cond-expr","locations":[{"start":{"line":449,"column":65},"end":{"line":449,"column":77}},{"start":{"line":449,"column":80},"end":{"line":449,"column":95}}],"line":449},"88":{"loc":{"start":{"line":453,"column":96},"end":{"line":453,"column":177}},"type":"cond-expr","locations":[{"start":{"line":453,"column":105},"end":{"line":453,"column":141}},{"start":{"line":453,"column":144},"end":{"line":453,"column":177}}],"line":453},"89":{"loc":{"start":{"line":455,"column":52},"end":{"line":455,"column":96}},"type":"cond-expr","locations":[{"start":{"line":455,"column":61},"end":{"line":455,"column":79}},{"start":{"line":455,"column":82},"end":{"line":455,"column":96}}],"line":455},"90":{"loc":{"start":{"line":456,"column":55},"end":{"line":456,"column":101}},"type":"cond-expr","locations":[{"start":{"line":456,"column":64},"end":{"line":456,"column":81}},{"start":{"line":456,"column":84},"end":{"line":456,"column":101}}],"line":456},"91":{"loc":{"start":{"line":459,"column":57},"end":{"line":459,"column":99}},"type":"cond-expr","locations":[{"start":{"line":459,"column":66},"end":{"line":459,"column":81}},{"start":{"line":459,"column":84},"end":{"line":459,"column":99}}],"line":459},"92":{"loc":{"start":{"line":460,"column":56},"end":{"line":460,"column":95}},"type":"cond-expr","locations":[{"start":{"line":460,"column":65},"end":{"line":460,"column":77}},{"start":{"line":460,"column":80},"end":{"line":460,"column":95}}],"line":460},"93":{"loc":{"start":{"line":467,"column":94},"end":{"line":467,"column":175}},"type":"cond-expr","locations":[{"start":{"line":467,"column":103},"end":{"line":467,"column":139}},{"start":{"line":467,"column":142},"end":{"line":467,"column":175}}],"line":467},"94":{"loc":{"start":{"line":469,"column":76},"end":{"line":469,"column":115}},"type":"cond-expr","locations":[{"start":{"line":469,"column":85},"end":{"line":469,"column":97}},{"start":{"line":469,"column":100},"end":{"line":469,"column":115}}],"line":469},"95":{"loc":{"start":{"line":473,"column":80},"end":{"line":473,"column":343}},"type":"cond-expr","locations":[{"start":{"line":473,"column":109},"end":{"line":473,"column":229}},{"start":{"line":473,"column":234},"end":{"line":473,"column":342}}],"line":473},"96":{"loc":{"start":{"line":473,"column":109},"end":{"line":473,"column":229}},"type":"cond-expr","locations":[{"start":{"line":473,"column":118},"end":{"line":473,"column":174}},{"start":{"line":473,"column":177},"end":{"line":473,"column":229}}],"line":473},"97":{"loc":{"start":{"line":473,"column":234},"end":{"line":473,"column":342}},"type":"cond-expr","locations":[{"start":{"line":473,"column":243},"end":{"line":473,"column":293}},{"start":{"line":473,"column":296},"end":{"line":473,"column":342}}],"line":473},"98":{"loc":{"start":{"line":478,"column":57},"end":{"line":478,"column":129}},"type":"cond-expr","locations":[{"start":{"line":478,"column":66},"end":{"line":478,"column":98}},{"start":{"line":478,"column":101},"end":{"line":478,"column":129}}],"line":478},"99":{"loc":{"start":{"line":479,"column":48},"end":{"line":479,"column":90}},"type":"cond-expr","locations":[{"start":{"line":479,"column":57},"end":{"line":479,"column":72}},{"start":{"line":479,"column":75},"end":{"line":479,"column":90}}],"line":479},"100":{"loc":{"start":{"line":480,"column":57},"end":{"line":480,"column":118}},"type":"cond-expr","locations":[{"start":{"line":480,"column":85},"end":{"line":480,"column":101}},{"start":{"line":480,"column":104},"end":{"line":480,"column":118}}],"line":480},"101":{"loc":{"start":{"line":484,"column":57},"end":{"line":484,"column":137}},"type":"cond-expr","locations":[{"start":{"line":484,"column":66},"end":{"line":484,"column":102}},{"start":{"line":484,"column":105},"end":{"line":484,"column":137}}],"line":484},"102":{"loc":{"start":{"line":485,"column":48},"end":{"line":485,"column":90}},"type":"cond-expr","locations":[{"start":{"line":485,"column":57},"end":{"line":485,"column":72}},{"start":{"line":485,"column":75},"end":{"line":485,"column":90}}],"line":485},"103":{"loc":{"start":{"line":486,"column":57},"end":{"line":486,"column":104}},"type":"cond-expr","locations":[{"start":{"line":486,"column":71},"end":{"line":486,"column":87}},{"start":{"line":486,"column":90},"end":{"line":486,"column":104}}],"line":486},"104":{"loc":{"start":{"line":487,"column":21},"end":{"line":487,"column":63}},"type":"cond-expr","locations":[{"start":{"line":487,"column":35},"end":{"line":487,"column":46}},{"start":{"line":487,"column":49},"end":{"line":487,"column":63}}],"line":487},"105":{"loc":{"start":{"line":490,"column":57},"end":{"line":490,"column":137}},"type":"cond-expr","locations":[{"start":{"line":490,"column":66},"end":{"line":490,"column":102}},{"start":{"line":490,"column":105},"end":{"line":490,"column":137}}],"line":490},"106":{"loc":{"start":{"line":491,"column":48},"end":{"line":491,"column":90}},"type":"cond-expr","locations":[{"start":{"line":491,"column":57},"end":{"line":491,"column":72}},{"start":{"line":491,"column":75},"end":{"line":491,"column":90}}],"line":491},"107":{"loc":{"start":{"line":492,"column":57},"end":{"line":492,"column":96}},"type":"cond-expr","locations":[{"start":{"line":492,"column":66},"end":{"line":492,"column":78}},{"start":{"line":492,"column":81},"end":{"line":492,"column":96}}],"line":492},"108":{"loc":{"start":{"line":492,"column":101},"end":{"line":492,"column":128}},"type":"binary-expr","locations":[{"start":{"line":492,"column":101},"end":{"line":492,"column":112}},{"start":{"line":492,"column":116},"end":{"line":492,"column":128}}],"line":492},"109":{"loc":{"start":{"line":498,"column":94},"end":{"line":498,"column":175}},"type":"cond-expr","locations":[{"start":{"line":498,"column":103},"end":{"line":498,"column":139}},{"start":{"line":498,"column":142},"end":{"line":498,"column":175}}],"line":498},"110":{"loc":{"start":{"line":500,"column":76},"end":{"line":500,"column":115}},"type":"cond-expr","locations":[{"start":{"line":500,"column":85},"end":{"line":500,"column":97}},{"start":{"line":500,"column":100},"end":{"line":500,"column":115}}],"line":500},"111":{"loc":{"start":{"line":504,"column":17},"end":{"line":516,"column":17}},"type":"binary-expr","locations":[{"start":{"line":504,"column":17},"end":{"line":504,"column":37}},{"start":{"line":505,"column":18},"end":{"line":515,"column":27}}],"line":504},"112":{"loc":{"start":{"line":508,"column":121},"end":{"line":508,"column":213}},"type":"cond-expr","locations":[{"start":{"line":508,"column":130},"end":{"line":508,"column":170}},{"start":{"line":508,"column":173},"end":{"line":508,"column":213}}],"line":508},"113":{"loc":{"start":{"line":512,"column":42},"end":{"line":512,"column":94}},"type":"cond-expr","locations":[{"start":{"line":512,"column":70},"end":{"line":512,"column":80}},{"start":{"line":512,"column":83},"end":{"line":512,"column":94}}],"line":512},"114":{"loc":{"start":{"line":518,"column":15},"end":{"line":550,"column":15}},"type":"cond-expr","locations":[{"start":{"line":519,"column":16},"end":{"line":544,"column":22}},{"start":{"line":546,"column":16},"end":{"line":549,"column":22}}],"line":518},"115":{"loc":{"start":{"line":521,"column":61},"end":{"line":521,"column":165}},"type":"cond-expr","locations":[{"start":{"line":521,"column":70},"end":{"line":521,"column":102}},{"start":{"line":521,"column":105},"end":{"line":521,"column":165}}],"line":521},"116":{"loc":{"start":{"line":522,"column":52},"end":{"line":522,"column":94}},"type":"cond-expr","locations":[{"start":{"line":522,"column":61},"end":{"line":522,"column":76}},{"start":{"line":522,"column":79},"end":{"line":522,"column":94}}],"line":522},"117":{"loc":{"start":{"line":523,"column":61},"end":{"line":523,"column":100}},"type":"cond-expr","locations":[{"start":{"line":523,"column":70},"end":{"line":523,"column":82}},{"start":{"line":523,"column":85},"end":{"line":523,"column":100}}],"line":523},"118":{"loc":{"start":{"line":525,"column":61},"end":{"line":525,"column":170}},"type":"cond-expr","locations":[{"start":{"line":525,"column":70},"end":{"line":525,"column":104}},{"start":{"line":525,"column":107},"end":{"line":525,"column":170}}],"line":525},"119":{"loc":{"start":{"line":526,"column":52},"end":{"line":526,"column":94}},"type":"cond-expr","locations":[{"start":{"line":526,"column":61},"end":{"line":526,"column":76}},{"start":{"line":526,"column":79},"end":{"line":526,"column":94}}],"line":526},"120":{"loc":{"start":{"line":527,"column":72},"end":{"line":527,"column":111}},"type":"cond-expr","locations":[{"start":{"line":527,"column":81},"end":{"line":527,"column":93}},{"start":{"line":527,"column":96},"end":{"line":527,"column":111}}],"line":527},"121":{"loc":{"start":{"line":529,"column":61},"end":{"line":529,"column":175}},"type":"cond-expr","locations":[{"start":{"line":529,"column":70},"end":{"line":529,"column":106}},{"start":{"line":529,"column":109},"end":{"line":529,"column":175}}],"line":529},"122":{"loc":{"start":{"line":530,"column":52},"end":{"line":530,"column":94}},"type":"cond-expr","locations":[{"start":{"line":530,"column":61},"end":{"line":530,"column":76}},{"start":{"line":530,"column":79},"end":{"line":530,"column":94}}],"line":530},"123":{"loc":{"start":{"line":531,"column":61},"end":{"line":531,"column":100}},"type":"cond-expr","locations":[{"start":{"line":531,"column":70},"end":{"line":531,"column":82}},{"start":{"line":531,"column":85},"end":{"line":531,"column":100}}],"line":531},"124":{"loc":{"start":{"line":531,"column":105},"end":{"line":531,"column":154}},"type":"binary-expr","locations":[{"start":{"line":531,"column":105},"end":{"line":531,"column":145}},{"start":{"line":531,"column":149},"end":{"line":531,"column":154}}],"line":531},"125":{"loc":{"start":{"line":535,"column":61},"end":{"line":535,"column":175}},"type":"cond-expr","locations":[{"start":{"line":535,"column":70},"end":{"line":535,"column":106}},{"start":{"line":535,"column":109},"end":{"line":535,"column":175}}],"line":535},"126":{"loc":{"start":{"line":536,"column":52},"end":{"line":536,"column":94}},"type":"cond-expr","locations":[{"start":{"line":536,"column":61},"end":{"line":536,"column":76}},{"start":{"line":536,"column":79},"end":{"line":536,"column":94}}],"line":536},"127":{"loc":{"start":{"line":538,"column":61},"end":{"line":538,"column":103}},"type":"cond-expr","locations":[{"start":{"line":538,"column":70},"end":{"line":538,"column":85}},{"start":{"line":538,"column":88},"end":{"line":538,"column":103}}],"line":538},"128":{"loc":{"start":{"line":538,"column":111},"end":{"line":538,"column":149}},"type":"binary-expr","locations":[{"start":{"line":538,"column":111},"end":{"line":538,"column":144}},{"start":{"line":538,"column":148},"end":{"line":538,"column":149}}],"line":538},"129":{"loc":{"start":{"line":539,"column":61},"end":{"line":539,"column":103}},"type":"cond-expr","locations":[{"start":{"line":539,"column":70},"end":{"line":539,"column":85}},{"start":{"line":539,"column":88},"end":{"line":539,"column":103}}],"line":539},"130":{"loc":{"start":{"line":539,"column":111},"end":{"line":539,"column":149}},"type":"binary-expr","locations":[{"start":{"line":539,"column":111},"end":{"line":539,"column":144}},{"start":{"line":539,"column":148},"end":{"line":539,"column":149}}],"line":539},"131":{"loc":{"start":{"line":540,"column":61},"end":{"line":540,"column":103}},"type":"cond-expr","locations":[{"start":{"line":540,"column":70},"end":{"line":540,"column":85}},{"start":{"line":540,"column":88},"end":{"line":540,"column":103}}],"line":540},"132":{"loc":{"start":{"line":540,"column":111},"end":{"line":540,"column":149}},"type":"binary-expr","locations":[{"start":{"line":540,"column":111},"end":{"line":540,"column":144}},{"start":{"line":540,"column":148},"end":{"line":540,"column":149}}],"line":540},"133":{"loc":{"start":{"line":547,"column":68},"end":{"line":547,"column":110}},"type":"cond-expr","locations":[{"start":{"line":547,"column":77},"end":{"line":547,"column":92}},{"start":{"line":547,"column":95},"end":{"line":547,"column":110}}],"line":547},"134":{"loc":{"start":{"line":548,"column":32},"end":{"line":548,"column":74}},"type":"cond-expr","locations":[{"start":{"line":548,"column":41},"end":{"line":548,"column":56}},{"start":{"line":548,"column":59},"end":{"line":548,"column":74}}],"line":548},"135":{"loc":{"start":{"line":554,"column":13},"end":{"line":577,"column":13}},"type":"binary-expr","locations":[{"start":{"line":554,"column":13},"end":{"line":554,"column":27}},{"start":{"line":554,"column":31},"end":{"line":554,"column":69}},{"start":{"line":555,"column":14},"end":{"line":576,"column":20}}],"line":554},"136":{"loc":{"start":{"line":555,"column":96},"end":{"line":555,"column":177}},"type":"cond-expr","locations":[{"start":{"line":555,"column":105},"end":{"line":555,"column":141}},{"start":{"line":555,"column":144},"end":{"line":555,"column":177}}],"line":555},"137":{"loc":{"start":{"line":556,"column":61},"end":{"line":556,"column":100}},"type":"cond-expr","locations":[{"start":{"line":556,"column":70},"end":{"line":556,"column":82}},{"start":{"line":556,"column":85},"end":{"line":556,"column":100}}],"line":556},"138":{"loc":{"start":{"line":561,"column":24},"end":{"line":561,"column":76}},"type":"cond-expr","locations":[{"start":{"line":561,"column":47},"end":{"line":561,"column":61}},{"start":{"line":561,"column":64},"end":{"line":561,"column":76}}],"line":561},"139":{"loc":{"start":{"line":564,"column":72},"end":{"line":564,"column":114}},"type":"cond-expr","locations":[{"start":{"line":564,"column":81},"end":{"line":564,"column":96}},{"start":{"line":564,"column":99},"end":{"line":564,"column":114}}],"line":564},"140":{"loc":{"start":{"line":568,"column":26},"end":{"line":568,"column":82}},"type":"cond-expr","locations":[{"start":{"line":568,"column":49},"end":{"line":568,"column":65}},{"start":{"line":568,"column":68},"end":{"line":568,"column":82}}],"line":568},"141":{"loc":{"start":{"line":580,"column":94},"end":{"line":580,"column":175}},"type":"cond-expr","locations":[{"start":{"line":580,"column":103},"end":{"line":580,"column":139}},{"start":{"line":580,"column":142},"end":{"line":580,"column":175}}],"line":580},"142":{"loc":{"start":{"line":582,"column":76},"end":{"line":582,"column":115}},"type":"cond-expr","locations":[{"start":{"line":582,"column":85},"end":{"line":582,"column":97}},{"start":{"line":582,"column":100},"end":{"line":582,"column":115}}],"line":582},"143":{"loc":{"start":{"line":586,"column":17},"end":{"line":590,"column":17}},"type":"binary-expr","locations":[{"start":{"line":586,"column":17},"end":{"line":586,"column":32}},{"start":{"line":587,"column":18},"end":{"line":589,"column":25}}],"line":586},"144":{"loc":{"start":{"line":587,"column":69},"end":{"line":587,"column":135}},"type":"cond-expr","locations":[{"start":{"line":587,"column":78},"end":{"line":587,"column":105}},{"start":{"line":587,"column":108},"end":{"line":587,"column":135}}],"line":587},"145":{"loc":{"start":{"line":592,"column":15},"end":{"line":613,"column":15}},"type":"cond-expr","locations":[{"start":{"line":593,"column":16},"end":{"line":610,"column":22}},{"start":{"line":612,"column":16},"end":{"line":612,"column":155}}],"line":592},"146":{"loc":{"start":{"line":597,"column":92},"end":{"line":597,"column":192}},"type":"cond-expr","locations":[{"start":{"line":597,"column":101},"end":{"line":597,"column":133}},{"start":{"line":597,"column":136},"end":{"line":597,"column":192}}],"line":597},"147":{"loc":{"start":{"line":600,"column":56},"end":{"line":600,"column":98}},"type":"cond-expr","locations":[{"start":{"line":600,"column":65},"end":{"line":600,"column":80}},{"start":{"line":600,"column":83},"end":{"line":600,"column":98}}],"line":600},"148":{"loc":{"start":{"line":601,"column":62},"end":{"line":601,"column":104}},"type":"cond-expr","locations":[{"start":{"line":601,"column":71},"end":{"line":601,"column":86}},{"start":{"line":601,"column":89},"end":{"line":601,"column":104}}],"line":601},"149":{"loc":{"start":{"line":602,"column":69},"end":{"line":602,"column":111}},"type":"cond-expr","locations":[{"start":{"line":602,"column":78},"end":{"line":602,"column":93}},{"start":{"line":602,"column":96},"end":{"line":602,"column":111}}],"line":602},"150":{"loc":{"start":{"line":605,"column":52},"end":{"line":605,"column":94}},"type":"cond-expr","locations":[{"start":{"line":605,"column":61},"end":{"line":605,"column":76}},{"start":{"line":605,"column":79},"end":{"line":605,"column":94}}],"line":605},"151":{"loc":{"start":{"line":612,"column":50},"end":{"line":612,"column":92}},"type":"cond-expr","locations":[{"start":{"line":612,"column":59},"end":{"line":612,"column":74}},{"start":{"line":612,"column":77},"end":{"line":612,"column":92}}],"line":612},"152":{"loc":{"start":{"line":621,"column":7},"end":{"line":718,"column":7}},"type":"binary-expr","locations":[{"start":{"line":621,"column":7},"end":{"line":621,"column":20}},{"start":{"line":622,"column":8},"end":{"line":717,"column":14}}],"line":621},"153":{"loc":{"start":{"line":627,"column":116},"end":{"line":627,"column":174}},"type":"cond-expr","locations":[{"start":{"line":627,"column":125},"end":{"line":627,"column":161}},{"start":{"line":627,"column":164},"end":{"line":627,"column":174}}],"line":627},"154":{"loc":{"start":{"line":631,"column":74},"end":{"line":631,"column":113}},"type":"cond-expr","locations":[{"start":{"line":631,"column":83},"end":{"line":631,"column":95}},{"start":{"line":631,"column":98},"end":{"line":631,"column":113}}],"line":631},"155":{"loc":{"start":{"line":637,"column":48},"end":{"line":637,"column":130}},"type":"cond-expr","locations":[{"start":{"line":637,"column":57},"end":{"line":637,"column":92}},{"start":{"line":637,"column":95},"end":{"line":637,"column":130}}],"line":637},"156":{"loc":{"start":{"line":645,"column":61},"end":{"line":645,"column":103}},"type":"cond-expr","locations":[{"start":{"line":645,"column":70},"end":{"line":645,"column":85}},{"start":{"line":645,"column":88},"end":{"line":645,"column":103}}],"line":645},"157":{"loc":{"start":{"line":646,"column":69},"end":{"line":646,"column":111}},"type":"cond-expr","locations":[{"start":{"line":646,"column":78},"end":{"line":646,"column":93}},{"start":{"line":646,"column":96},"end":{"line":646,"column":111}}],"line":646},"158":{"loc":{"start":{"line":652,"column":71},"end":{"line":652,"column":109}},"type":"cond-expr","locations":[{"start":{"line":652,"column":80},"end":{"line":652,"column":93}},{"start":{"line":652,"column":96},"end":{"line":652,"column":109}}],"line":652},"159":{"loc":{"start":{"line":656,"column":71},"end":{"line":656,"column":109}},"type":"cond-expr","locations":[{"start":{"line":656,"column":80},"end":{"line":656,"column":93}},{"start":{"line":656,"column":96},"end":{"line":656,"column":109}}],"line":656},"160":{"loc":{"start":{"line":660,"column":71},"end":{"line":660,"column":109}},"type":"cond-expr","locations":[{"start":{"line":660,"column":80},"end":{"line":660,"column":93}},{"start":{"line":660,"column":96},"end":{"line":660,"column":109}}],"line":660},"161":{"loc":{"start":{"line":665,"column":55},"end":{"line":665,"column":127}},"type":"cond-expr","locations":[{"start":{"line":665,"column":64},"end":{"line":665,"column":96}},{"start":{"line":665,"column":99},"end":{"line":665,"column":127}}],"line":665},"162":{"loc":{"start":{"line":666,"column":41},"end":{"line":666,"column":83}},"type":"cond-expr","locations":[{"start":{"line":666,"column":50},"end":{"line":666,"column":65}},{"start":{"line":666,"column":68},"end":{"line":666,"column":83}}],"line":666},"163":{"loc":{"start":{"line":671,"column":47},"end":{"line":671,"column":93}},"type":"cond-expr","locations":[{"start":{"line":671,"column":56},"end":{"line":671,"column":73}},{"start":{"line":671,"column":76},"end":{"line":671,"column":93}}],"line":671},"164":{"loc":{"start":{"line":672,"column":61},"end":{"line":672,"column":103}},"type":"cond-expr","locations":[{"start":{"line":672,"column":70},"end":{"line":672,"column":85}},{"start":{"line":672,"column":88},"end":{"line":672,"column":103}}],"line":672},"165":{"loc":{"start":{"line":685,"column":71},"end":{"line":685,"column":111}},"type":"cond-expr","locations":[{"start":{"line":685,"column":80},"end":{"line":685,"column":96}},{"start":{"line":685,"column":99},"end":{"line":685,"column":111}}],"line":685},"166":{"loc":{"start":{"line":686,"column":52},"end":{"line":686,"column":94}},"type":"cond-expr","locations":[{"start":{"line":686,"column":61},"end":{"line":686,"column":76}},{"start":{"line":686,"column":79},"end":{"line":686,"column":94}}],"line":686},"167":{"loc":{"start":{"line":687,"column":47},"end":{"line":687,"column":89}},"type":"cond-expr","locations":[{"start":{"line":687,"column":56},"end":{"line":687,"column":71}},{"start":{"line":687,"column":74},"end":{"line":687,"column":89}}],"line":687},"168":{"loc":{"start":{"line":693,"column":47},"end":{"line":693,"column":93}},"type":"cond-expr","locations":[{"start":{"line":693,"column":56},"end":{"line":693,"column":73}},{"start":{"line":693,"column":76},"end":{"line":693,"column":93}}],"line":693},"169":{"loc":{"start":{"line":694,"column":61},"end":{"line":694,"column":103}},"type":"cond-expr","locations":[{"start":{"line":694,"column":70},"end":{"line":694,"column":85}},{"start":{"line":694,"column":88},"end":{"line":694,"column":103}}],"line":694},"170":{"loc":{"start":{"line":696,"column":59},"end":{"line":696,"column":163}},"type":"cond-expr","locations":[{"start":{"line":696,"column":68},"end":{"line":696,"column":100}},{"start":{"line":696,"column":103},"end":{"line":696,"column":163}}],"line":696},"171":{"loc":{"start":{"line":697,"column":55},"end":{"line":697,"column":97}},"type":"cond-expr","locations":[{"start":{"line":697,"column":64},"end":{"line":697,"column":79}},{"start":{"line":697,"column":82},"end":{"line":697,"column":97}}],"line":697},"172":{"loc":{"start":{"line":698,"column":45},"end":{"line":698,"column":87}},"type":"cond-expr","locations":[{"start":{"line":698,"column":54},"end":{"line":698,"column":69}},{"start":{"line":698,"column":72},"end":{"line":698,"column":87}}],"line":698},"173":{"loc":{"start":{"line":700,"column":59},"end":{"line":700,"column":173}},"type":"cond-expr","locations":[{"start":{"line":700,"column":68},"end":{"line":700,"column":104}},{"start":{"line":700,"column":107},"end":{"line":700,"column":173}}],"line":700},"174":{"loc":{"start":{"line":701,"column":55},"end":{"line":701,"column":97}},"type":"cond-expr","locations":[{"start":{"line":701,"column":64},"end":{"line":701,"column":79}},{"start":{"line":701,"column":82},"end":{"line":701,"column":97}}],"line":701},"175":{"loc":{"start":{"line":702,"column":45},"end":{"line":702,"column":87}},"type":"cond-expr","locations":[{"start":{"line":702,"column":54},"end":{"line":702,"column":69}},{"start":{"line":702,"column":72},"end":{"line":702,"column":87}}],"line":702},"176":{"loc":{"start":{"line":708,"column":50},"end":{"line":708,"column":96}},"type":"cond-expr","locations":[{"start":{"line":708,"column":59},"end":{"line":708,"column":76}},{"start":{"line":708,"column":79},"end":{"line":708,"column":96}}],"line":708}},"s":{"0":0,"1":0,"2":0,"3":0,"4":0,"5":0,"6":0,"7":0,"8":0,"9":0,"10":0,"11":0,"12":0,"13":0,"14":0,"15":0,"16":0,"17":0,"18":0,"19":0,"20":0,"21":0,"22":0,"23":0,"24":0,"25":0,"26":0,"27":0,"28":0,"29":0,"30":0,"31":0,"32":0,"33":0,"34":0,"35":0,"36":0,"37":0,"38":0,"39":0,"40":0,"41":0,"42":0,"43":0,"44":0,"45":0,"46":0,"47":0,"48":0,"49":0,"50":0,"51":0,"52":0,"53":0,"54":0,"55":0,"56":0,"57":0,"58":0,"59":0,"60":0,"61":0,"62":0,"63":0,"64":0,"65":0,"66":0,"67":0,"68":0,"69":0,"70":0,"71":0,"72":0,"73":0,"74":0,"75":0,"76":0,"77":0,"78":0,"79":0,"80":0,"81":0,"82":0,"83":0,"84":0,"85":0,"86":0,"87":0,"88":0,"89":0,"90":0,"91":0,"92":0,"93":0,"94":0,"95":0,"96":0,"97":0,"98":0,"99":0,"100":0,"101":0},"f":{"0":0,"1":0,"2":0,"3":0,"4":0,"5":0,"6":0,"7":0,"8":0,"9":0,"10":0,"11":0,"12":0,"13":0,"14":0,"15":0,"16":0,"17":0,"18":0,"19":0,"20":0,"21":0,"22":0,"23":0,"24":0,"25":0,"26":0,"27":0,"28":0,"29":0},"b":{"0":[0,0],"1":[0,0],"2":[0,0],"3":[0,0],"4":[0,0],"5":[0,0],"6":[0,0],"7":[0,0],"8":[0,0],"9":[0,0],"10":[0,0],"11":[0,0],"12":[0,0],"13":[0,0],"14":[0,0],"15":[0,0],"16":[0,0],"17":[0,0],"18":[0,0],"19":[0,0],"20":[0,0],"21":[0,0],"22":[0,0],"23":[0,0],"24":[0,0],"25":[0,0],"26":[0,0],"27":[0,0],"28":[0,0],"29":[0,0],"30":[0,0],"31":[0,0],"32":[0,0],"33":[0,0],"34":[0,0],"35":[0,0],"36":[0,0],"37":[0,0],"38":[0,0],"39":[0,0],"40":[0,0],"41":[0,0],"42":[0,0],"43":[0,0],"44":[0,0],"45":[0,0],"46":[0,0],"47":[0,0],"48":[0,0],"49":[0,0],"50":[0,0],"51":[0,0],"52":[0,0],"53":[0,0],"54":[0,0],"55":[0,0],"56":[0,0],"57":[0,0],"58":[0,0],"59":[0,0],"60":[0,0],"61":[0,0],"62":[0,0],"63":[0,0],"64":[0,0],"65":[0,0],"66":[0,0],"67":[0,0],"68":[0,0],"69":[0,0],"70":[0,0],"71":[0,0,0],"72":[0,0],"73":[0,0],"74":[0,0],"75":[0,0],"76":[0,0],"77":[0,0],"78":[0,0],"79":[0,0],"80":[0,0],"81":[0,0],"82":[0,0],"83":[0,0],"84":[0,0],"85":[0,0],"86":[0,0],"87":[0,0],"88":[0,0],"89":[0,0],"90":[0,0],"91":[0,0],"92":[0,0],"93":[0,0],"94":[0,0],"95":[0,0],"96":[0,0],"97":[0,0],"98":[0,0],"99":[0,0],"100":[0,0],"101":[0,0],"102":[0,0],"103":[0,0],"104":[0,0],"105":[0,0],"106":[0,0],"107":[0,0],"108":[0,0],"109":[0,0],"110":[0,0],"111":[0,0],"112":[0,0],"113":[0,0],"114":[0,0],"115":[0,0],"116":[0,0],"117":[0,0],"118":[0,0],"119":[0,0],"120":[0,0],"121":[0,0],"122":[0,0],"123":[0,0],"124":[0,0],"125":[0,0],"126":[0,0],"127":[0,0],"128":[0,0],"129":[0,0],"130":[0,0],"131":[0,0],"132":[0,0],"133":[0,0],"134":[0,0],"135":[0,0,0],"136":[0,0],"137":[0,0],"138":[0,0],"139":[0,0],"140":[0,0],"141":[0,0],"142":[0,0],"143":[0,0],"144":[0,0],"145":[0,0],"146":[0,0],"147":[0,0],"148":[0,0],"149":[0,0],"150":[0,0],"151":[0,0],"152":[0,0],"153":[0,0],"154":[0,0],"155":[0,0],"156":[0,0],"157":[0,0],"158":[0,0],"159":[0,0],"160":[0,0],"161":[0,0],"162":[0,0],"163":[0,0],"164":[0,0],"165":[0,0],"166":[0,0],"167":[0,0],"168":[0,0],"169":[0,0],"170":[0,0],"171":[0,0],"172":[0,0],"173":[0,0],"174":[0,0],"175":[0,0],"176":[0,0]}}
,"C:\\Users\\aiman\\Projects\\Monitoring_System_TonyPi\\frontend\\src\\__tests__\\mocks\\handlers.ts": {"path":"C:\\Users\\aiman\\Projects\\Monitoring_System_TonyPi\\frontend\\src\\__tests__\\mocks\\handlers.ts","statementMap":{"0":{"start":{"line":9,"column":17},"end":{"line":9,"column":47}},"1":{"start":{"line":15,"column":19},"end":{"line":24,"column":1}},"2":{"start":{"line":26,"column":20},"end":{"line":36,"column":1}},"3":{"start":{"line":38,"column":23},"end":{"line":46,"column":1}},"4":{"start":{"line":52,"column":24},"end":{"line":141,"column":1}},"5":{"start":{"line":55,"column":4},"end":{"line":55,"column":89}},"6":{"start":{"line":60,"column":4},"end":{"line":60,"column":41}},"7":{"start":{"line":65,"column":4},"end":{"line":65,"column":45}},"8":{"start":{"line":70,"column":4},"end":{"line":70,"column":42}},"9":{"start":{"line":75,"column":17},"end":{"line":75,"column":44}},"10":{"start":{"line":76,"column":22},"end":{"line":80,"column":5}},"11":{"start":{"line":81,"column":4},"end":{"line":81,"column":40}},"12":{"start":{"line":86,"column":19},"end":{"line":86,"column":68}},"13":{"start":{"line":86,"column":41},"end":{"line":86,"column":67}},"14":{"start":{"line":87,"column":4},"end":{"line":89,"column":5}},"15":{"start":{"line":88,"column":6},"end":{"line":88,"column":39}},"16":{"start":{"line":90,"column":4},"end":{"line":90,"column":51}},"17":{"start":{"line":95,"column":4},"end":{"line":95,"column":73}},"18":{"start":{"line":100,"column":4},"end":{"line":106,"column":7}},"19":{"start":{"line":111,"column":4},"end":{"line":115,"column":7}},"20":{"start":{"line":120,"column":4},"end":{"line":127,"column":7}},"21":{"start":{"line":132,"column":4},"end":{"line":139,"column":7}}},"fnMap":{"0":{"name":"(anonymous_0)","decl":{"start":{"line":54,"column":33},"end":{"line":54,"column":34}},"loc":{"start":{"line":54,"column":39},"end":{"line":56,"column":3}},"line":54},"1":{"name":"(anonymous_1)","decl":{"start":{"line":59,"column":44},"end":{"line":59,"column":45}},"loc":{"start":{"line":59,"column":50},"end":{"line":61,"column":3}},"line":59},"2":{"name":"(anonymous_2)","decl":{"start":{"line":64,"column":45},"end":{"line":64,"column":46}},"loc":{"start":{"line":64,"column":51},"end":{"line":66,"column":3}},"line":64},"3":{"name":"(anonymous_3)","decl":{"start":{"line":69,"column":34},"end":{"line":69,"column":35}},"loc":{"start":{"line":69,"column":40},"end":{"line":71,"column":3}},"line":69},"4":{"name":"(anonymous_4)","decl":{"start":{"line":74,"column":35},"end":{"line":74,"column":36}},"loc":{"start":{"line":74,"column":58},"end":{"line":82,"column":3}},"line":74},"5":{"name":"(anonymous_5)","decl":{"start":{"line":85,"column":38},"end":{"line":85,"column":39}},"loc":{"start":{"line":85,"column":54},"end":{"line":91,"column":3}},"line":85},"6":{"name":"(anonymous_6)","decl":{"start":{"line":86,"column":36},"end":{"line":86,"column":37}},"loc":{"start":{"line":86,"column":41},"end":{"line":86,"column":67}},"line":86},"7":{"name":"(anonymous_7)","decl":{"start":{"line":94,"column":41},"end":{"line":94,"column":42}},"loc":{"start":{"line":94,"column":57},"end":{"line":96,"column":3}},"line":94},"8":{"name":"(anonymous_8)","decl":{"start":{"line":99,"column":44},"end":{"line":99,"column":45}},"loc":{"start":{"line":99,"column":50},"end":{"line":107,"column":3}},"line":99},"9":{"name":"(anonymous_9)","decl":{"start":{"line":110,"column":44},"end":{"line":110,"column":45}},"loc":{"start":{"line":110,"column":50},"end":{"line":116,"column":3}},"line":110},"10":{"name":"(anonymous_10)","decl":{"start":{"line":119,"column":58},"end":{"line":119,"column":59}},"loc":{"start":{"line":119,"column":64},"end":{"line":128,"column":3}},"line":119},"11":{"name":"(anonymous_11)","decl":{"start":{"line":131,"column":51},"end":{"line":131,"column":52}},"loc":{"start":{"line":131,"column":57},"end":{"line":140,"column":3}},"line":131}},"branchMap":{"0":{"loc":{"start":{"line":87,"column":4},"end":{"line":89,"column":5}},"type":"if","locations":[{"start":{"line":87,"column":4},"end":{"line":89,"column":5}},{"start":{},"end":{}}],"line":87}},"s":{"0":0,"1":0,"2":0,"3":0,"4":0,"5":0,"6":0,"7":0,"8":0,"9":0,"10":0,"11":0,"12":0,"13":0,"14":0,"15":0,"16":0,"17":0,"18":0,"19":0,"20":0,"21":0},"f":{"0":0,"1":0,"2":0,"3":0,"4":0,"5":0,"6":0,"7":0,"8":0,"9":0,"10":0,"11":0},"b":{"0":[0,0]}}
,"C:\\Users\\aiman\\Projects\\Monitoring_System_TonyPi\\frontend\\src\\__tests__\\mocks\\server.ts": {"path":"C:\\Users\\aiman\\Projects\\Monitoring_System_TonyPi\\frontend\\src\\__tests__\\mocks\\server.ts","statementMap":{"0":{"start":{"line":10,"column":22},"end":{"line":10,"column":46}}},"fnMap":{},"branchMap":{},"s":{"0":0},"f":{},"b":{}}
,"C:\\Users\\aiman\\Projects\\Monitoring_System_TonyPi\\frontend\\src\\__tests__\\utils\\testUtils.tsx": {"path":"C:\\Users\\aiman\\Projects\\Monitoring_System_TonyPi\\frontend\\src\\__tests__\\utils\\testUtils.tsx","statementMap":{"0":{"start":{"line":13,"column":65},"end":{"line":21,"column":1}},"1":{"start":{"line":14,"column":2},"end":{"line":20,"column":4}},"2":{"start":{"line":27,"column":21},"end":{"line":30,"column":57}},"3":{"start":{"line":30,"column":5},"end":{"line":30,"column":57}},"4":{"start":{"line":42,"column":31},"end":{"line":50,"column":2}},"5":{"start":{"line":42,"column":52},"end":{"line":50,"column":1}},"6":{"start":{"line":52,"column":32},"end":{"line":61,"column":2}},"7":{"start":{"line":52,"column":53},"end":{"line":61,"column":1}},"8":{"start":{"line":63,"column":36},"end":{"line":70,"column":2}},"9":{"start":{"line":63,"column":57},"end":{"line":70,"column":1}},"10":{"start":{"line":72,"column":36},"end":{"line":81,"column":2}},"11":{"start":{"line":72,"column":57},"end":{"line":81,"column":1}},"12":{"start":{"line":87,"column":30},"end":{"line":89,"column":1}},"13":{"start":{"line":88,"column":2},"end":{"line":88,"column":35}},"14":{"start":{"line":91,"column":28},"end":{"line":95,"column":1}},"15":{"start":{"line":92,"column":16},"end":{"line":92,"column":41}},"16":{"start":{"line":93,"column":2},"end":{"line":93,"column":57}},"17":{"start":{"line":94,"column":2},"end":{"line":94,"column":31}},"18":{"start":{"line":101,"column":38},"end":{"line":102,"column":48}},"19":{"start":{"line":102,"column":2},"end":{"line":102,"column":48}},"20":{"start":{"line":102,"column":25},"end":{"line":102,"column":47}}},"fnMap":{"0":{"name":"(anonymous_0)","decl":{"start":{"line":13,"column":65},"end":{"line":13,"column":66}},"loc":{"start":{"line":13,"column":83},"end":{"line":21,"column":1}},"line":13},"1":{"name":"(anonymous_1)","decl":{"start":{"line":27,"column":21},"end":{"line":27,"column":22}},"loc":{"start":{"line":30,"column":5},"end":{"line":30,"column":57}},"line":30},"2":{"name":"(anonymous_2)","decl":{"start":{"line":42,"column":31},"end":{"line":42,"column":32}},"loc":{"start":{"line":42,"column":52},"end":{"line":50,"column":1}},"line":42},"3":{"name":"(anonymous_3)","decl":{"start":{"line":52,"column":32},"end":{"line":52,"column":33}},"loc":{"start":{"line":52,"column":53},"end":{"line":61,"column":1}},"line":52},"4":{"name":"(anonymous_4)","decl":{"start":{"line":63,"column":36},"end":{"line":63,"column":37}},"loc":{"start":{"line":63,"column":57},"end":{"line":70,"column":1}},"line":63},"5":{"name":"(anonymous_5)","decl":{"start":{"line":72,"column":36},"end":{"line":72,"column":37}},"loc":{"start":{"line":72,"column":57},"end":{"line":81,"column":1}},"line":72},"6":{"name":"(anonymous_6)","decl":{"start":{"line":87,"column":30},"end":{"line":87,"column":31}},"loc":{"start":{"line":87,"column":47},"end":{"line":89,"column":1}},"line":87},"7":{"name":"(anonymous_7)","decl":{"start":{"line":91,"column":28},"end":{"line":91,"column":29}},"loc":{"start":{"line":91,"column":65},"end":{"line":95,"column":1}},"line":91},"8":{"name":"(anonymous_8)","decl":{"start":{"line":101,"column":38},"end":{"line":101,"column":39}},"loc":{"start":{"line":102,"column":2},"end":{"line":102,"column":48}},"line":102},"9":{"name":"(anonymous_9)","decl":{"start":{"line":102,"column":14},"end":{"line":102,"column":15}},"loc":{"start":{"line":102,"column":25},"end":{"line":102,"column":47}},"line":102}},"branchMap":{"0":{"loc":{"start":{"line":42,"column":32},"end":{"line":42,"column":46}},"type":"default-arg","locations":[{"start":{"line":42,"column":44},"end":{"line":42,"column":46}}],"line":42},"1":{"loc":{"start":{"line":52,"column":33},"end":{"line":52,"column":47}},"type":"default-arg","locations":[{"start":{"line":52,"column":45},"end":{"line":52,"column":47}}],"line":52},"2":{"loc":{"start":{"line":63,"column":37},"end":{"line":63,"column":51}},"type":"default-arg","locations":[{"start":{"line":63,"column":49},"end":{"line":63,"column":51}}],"line":63},"3":{"loc":{"start":{"line":72,"column":37},"end":{"line":72,"column":51}},"type":"default-arg","locations":[{"start":{"line":72,"column":49},"end":{"line":72,"column":51}}],"line":72}},"s":{"0":10,"1":88,"2":10,"3":88,"4":10,"5":0,"6":10,"7":0,"8":10,"9":0,"10":10,"11":0,"12":10,"13":0,"14":10,"15":0,"16":0,"17":0,"18":10,"19":0,"20":0},"f":{"0":88,"1":88,"2":0,"3":0,"4":0,"5":0,"6":0,"7":0,"8":0,"9":0},"b":{"0":[0],"1":[0],"2":[0],"3":[0]},"_coverageSchema":"1a1c01bbd47fc00a2c39e90264f33305004495a9","hash":"e7bae949e97cf68e4fb8557cd7f1d9d68341d59d"}
,"C:\\Users\\aiman\\Projects\\Monitoring_System_TonyPi\\frontend\\src\\components\\GrafanaPanel.tsx": {"path":"C:\\Users\\aiman\\Projects\\Monitoring_System_TonyPi\\frontend\\src\\components\\GrafanaPanel.tsx","statementMap":{"0":{"start":{"line":13,"column":50},"end":{"line":89,"column":1}},"1":{"start":{"line":19,"column":34},"end":{"line":19,"column":49}},"2":{"start":{"line":20,"column":36},"end":{"line":20,"column":50}},"3":{"start":{"line":23,"column":14},"end":{"line":23,"column":109}},"4":{"start":{"line":25,"column":2},"end":{"line":29,"column":17}},"5":{"start":{"line":27,"column":4},"end":{"line":27,"column":23}},"6":{"start":{"line":28,"column":4},"end":{"line":28,"column":23}},"7":{"start":{"line":31,"column":21},"end":{"line":34,"column":3}},"8":{"start":{"line":32,"column":4},"end":{"line":32,"column":24}},"9":{"start":{"line":33,"column":4},"end":{"line":33,"column":23}},"10":{"start":{"line":36,"column":22},"end":{"line":39,"column":3}},"11":{"start":{"line":37,"column":4},"end":{"line":37,"column":24}},"12":{"start":{"line":38,"column":4},"end":{"line":38,"column":22}},"13":{"start":{"line":41,"column":46},"end":{"line":48,"column":3}},"14":{"start":{"line":50,"column":2},"end":{"line":58,"column":3}},"15":{"start":{"line":51,"column":4},"end":{"line":57,"column":6}},"16":{"start":{"line":60,"column":2},"end":{"line":70,"column":3}},"17":{"start":{"line":61,"column":4},"end":{"line":69,"column":6}},"18":{"start":{"line":72,"column":2},"end":{"line":88,"column":4}}},"fnMap":{"0":{"name":"(anonymous_0)","decl":{"start":{"line":13,"column":50},"end":{"line":13,"column":51}},"loc":{"start":{"line":18,"column":6},"end":{"line":89,"column":1}},"line":18},"1":{"name":"(anonymous_1)","decl":{"start":{"line":25,"column":12},"end":{"line":25,"column":13}},"loc":{"start":{"line":25,"column":18},"end":{"line":29,"column":3}},"line":25},"2":{"name":"(anonymous_2)","decl":{"start":{"line":31,"column":21},"end":{"line":31,"column":22}},"loc":{"start":{"line":31,"column":27},"end":{"line":34,"column":3}},"line":31},"3":{"name":"(anonymous_3)","decl":{"start":{"line":36,"column":22},"end":{"line":36,"column":23}},"loc":{"start":{"line":36,"column":28},"end":{"line":39,"column":3}},"line":36}},"branchMap":{"0":{"loc":{"start":{"line":15,"column":2},"end":{"line":15,"column":16}},"type":"default-arg","locations":[{"start":{"line":15,"column":10},"end":{"line":15,"column":16}}],"line":15},"1":{"loc":{"start":{"line":16,"column":2},"end":{"line":16,"column":14}},"type":"default-arg","locations":[{"start":{"line":16,"column":11},"end":{"line":16,"column":14}}],"line":16},"2":{"loc":{"start":{"line":17,"column":2},"end":{"line":17,"column":21}},"type":"default-arg","locations":[{"start":{"line":17,"column":17},"end":{"line":17,"column":21}}],"line":17},"3":{"loc":{"start":{"line":23,"column":14},"end":{"line":23,"column":109}},"type":"cond-expr","locations":[{"start":{"line":23,"column":96},"end":{"line":23,"column":104}},{"start":{"line":23,"column":107},"end":{"line":23,"column":109}}],"line":23},"4":{"loc":{"start":{"line":23,"column":14},"end":{"line":23,"column":93}},"type":"binary-expr","locations":[{"start":{"line":23,"column":14},"end":{"line":23,"column":22}},{"start":{"line":23,"column":27},"end":{"line":23,"column":57}},{"start":{"line":23,"column":61},"end":{"line":23,"column":92}}],"line":23},"5":{"loc":{"start":{"line":42,"column":11},"end":{"line":42,"column":59}},"type":"cond-expr","locations":[{"start":{"line":42,"column":39},"end":{"line":42,"column":51}},{"start":{"line":42,"column":54},"end":{"line":42,"column":59}}],"line":42},"6":{"loc":{"start":{"line":43,"column":12},"end":{"line":43,"column":63}},"type":"cond-expr","locations":[{"start":{"line":43,"column":41},"end":{"line":43,"column":54}},{"start":{"line":43,"column":57},"end":{"line":43,"column":63}}],"line":43},"7":{"loc":{"start":{"line":50,"column":2},"end":{"line":58,"column":3}},"type":"if","locations":[{"start":{"line":50,"column":2},"end":{"line":58,"column":3}},{"start":{},"end":{}}],"line":50},"8":{"loc":{"start":{"line":60,"column":2},"end":{"line":70,"column":3}},"type":"if","locations":[{"start":{"line":60,"column":2},"end":{"line":70,"column":3}},{"start":{},"end":{}}],"line":60},"9":{"loc":{"start":{"line":60,"column":6},"end":{"line":60,"column":30}},"type":"binary-expr","locations":[{"start":{"line":60,"column":6},"end":{"line":60,"column":14}},{"start":{"line":60,"column":18},"end":{"line":60,"column":30}}],"line":60},"10":{"loc":{"start":{"line":74,"column":7},"end":{"line":78,"column":7}},"type":"binary-expr","locations":[{"start":{"line":74,"column":7},"end":{"line":74,"column":16}},{"start":{"line":75,"column":8},"end":{"line":77,"column":14}}],"line":74}},"s":{"0":1,"1":5,"2":5,"3":5,"4":5,"5":5,"6":5,"7":5,"8":0,"9":0,"10":5,"11":0,"12":0,"13":5,"14":5,"15":0,"16":5,"17":0,"18":5},"f":{"0":5,"1":5,"2":0,"3":0},"b":{"0":[5],"1":[0],"2":[5],"3":[5,0],"4":[5,5,0],"5":[0,5],"6":[5,0],"7":[0,5],"8":[0,5],"9":[5,0],"10":[5,5]},"_coverageSchema":"1a1c01bbd47fc00a2c39e90264f33305004495a9","hash":"efb226907de9eac0ba9a8012c4bce8ede2e74da9"}
,"C:\\Users\\aiman\\Projects\\Monitoring_System_TonyPi\\frontend\\src\\components\\Layout.tsx": {"path":"C:\\Users\\aiman\\Projects\\Monitoring_System_TonyPi\\frontend\\src\\components\\Layout.tsx","statementMap":{"0":{"start":{"line":13,"column":11},"end":{"line":15,"column":1}},"1":{"start":{"line":14,"column":2},"end":{"line":14,"column":43}},"2":{"start":{"line":21,"column":38},"end":{"line":113,"column":1}},"3":{"start":{"line":22,"column":19},"end":{"line":22,"column":32}},"4":{"start":{"line":24,"column":21},"end":{"line":29,"column":3}},"5":{"start":{"line":31,"column":2},"end":{"line":112,"column":4}},"6":{"start":{"line":50,"column":31},"end":{"line":50,"column":62}},"7":{"start":{"line":51,"column":14},"end":{"line":70,"column":16}},"8":{"start":{"line":94,"column":41},"end":{"line":94,"column":72}}},"fnMap":{"0":{"name":"(anonymous_0)","decl":{"start":{"line":13,"column":11},"end":{"line":13,"column":12}},"loc":{"start":{"line":13,"column":61},"end":{"line":15,"column":1}},"line":13},"1":{"name":"(anonymous_1)","decl":{"start":{"line":21,"column":38},"end":{"line":21,"column":39}},"loc":{"start":{"line":21,"column":56},"end":{"line":113,"column":1}},"line":21},"2":{"name":"(anonymous_2)","decl":{"start":{"line":49,"column":28},"end":{"line":49,"column":29}},"loc":{"start":{"line":49,"column":38},"end":{"line":71,"column":13}},"line":49},"3":{"name":"(anonymous_3)","decl":{"start":{"line":94,"column":33},"end":{"line":94,"column":34}},"loc":{"start":{"line":94,"column":41},"end":{"line":94,"column":72}},"line":94}},"branchMap":{"0":{"loc":{"start":{"line":57,"column":20},"end":{"line":59,"column":77}},"type":"cond-expr","locations":[{"start":{"line":58,"column":24},"end":{"line":58,"column":87}},{"start":{"line":59,"column":24},"end":{"line":59,"column":77}}],"line":57},"1":{"loc":{"start":{"line":65,"column":22},"end":{"line":65,"column":95}},"type":"cond-expr","locations":[{"start":{"line":65,"column":33},"end":{"line":65,"column":51}},{"start":{"line":65,"column":54},"end":{"line":65,"column":95}}],"line":65},"2":{"loc":{"start":{"line":94,"column":17},"end":{"line":94,"column":99}},"type":"binary-expr","locations":[{"start":{"line":94,"column":17},"end":{"line":94,"column":79}},{"start":{"line":94,"column":83},"end":{"line":94,"column":99}}],"line":94}},"s":{"0":1,"1":48,"2":1,"3":6,"4":6,"5":6,"6":24,"7":24,"8":6},"f":{"0":48,"1":6,"2":24,"3":6},"b":{"0":[6,18],"1":[6,18],"2":[6,0]},"_coverageSchema":"1a1c01bbd47fc00a2c39e90264f33305004495a9","hash":"4f5c270ab1ab68a759a3b2902ff7e36b57705a76"}
[...]
end":{"line":36,"column":17}},"13":{"start":{"line":43,"column":36},"end":{"line":76,"column":1}},"14":{"start":{"line":60,"column":6},"end":{"line":60,"column":13}},"15":{"start":{"line":62,"column":17},"end":{"line":69,"column":4}},"16":{"start":{"line":71,"column":2},"end":{"line":73,"column":3}},"17":{"start":{"line":72,"column":4},"end":{"line":72,"column":43}},"18":{"start":{"line":75,"column":2},"end":{"line":75,"column":86}},"19":{"start":{"line":81,"column":38},"end":{"line":83,"column":1}},"20":{"start":{"line":82,"column":2},"end":{"line":82,"column":44}}},"fnMap":{"0":{"name":"(anonymous_0)","decl":{"start":{"line":14,"column":40},"end":{"line":14,"column":41}},"loc":{"start":{"line":14,"column":70},"end":{"line":38,"column":1}},"line":14},"1":{"name":"(anonymous_1)","decl":{"start":{"line":23,"column":33},"end":{"line":23,"column":34}},"loc":{"start":{"line":23,"column":39},"end":{"line":23,"column":57}},"line":23},"2":{"name":"(anonymous_2)","decl":{"start":{"line":43,"column":36},"end":{"line":43,"column":37}},"loc":{"start":{"line":53,"column":13},"end":{"line":76,"column":1}},"line":53},"3":{"name":"(anonymous_3)","decl":{"start":{"line":81,"column":38},"end":{"line":81,"column":39}},"loc":{"start":{"line":81,"column":72},"end":{"line":83,"column":1}},"line":81}},"branchMap":{"0":{"loc":{"start":{"line":7,"column":20},"end":{"line":7,"column":80}},"type":"binary-expr","locations":[{"start":{"line":7,"column":20},"end":{"line":7,"column":53}},{"start":{"line":7,"column":57},"end":{"line":7,"column":80}}],"line":7},"1":{"loc":{"start":{"line":15,"column":2},"end":{"line":17,"column":3}},"type":"if","locations":[{"start":{"line":15,"column":2},"end":{"line":17,"column":3}},{"start":{},"end":{}}],"line":15},"2":{"loc":{"start":{"line":46,"column":2},"end":{"line":52,"column":8}},"type":"default-arg","locations":[{"start":{"line":52,"column":6},"end":{"line":52,"column":8}}],"line":46},"3":{"loc":{"start":{"line":56,"column":4},"end":{"line":56,"column":19}},"type":"default-arg","locations":[{"start":{"line":56,"column":11},"end":{"line":56,"column":19}}],"line":56},"4":{"loc":{"start":{"line":57,"column":4},"end":{"line":57,"column":14}},"type":"default-arg","locations":[{"start":{"line":57,"column":9},"end":{"line":57,"column":14}}],"line":57},"5":{"loc":{"start":{"line":58,"column":4},"end":{"line":58,"column":18}},"type":"default-arg","locations":[{"start":{"line":58,"column":14},"end":{"line":58,"column":18}}],"line":58},"6":{"loc":{"start":{"line":59,"column":4},"end":{"line":59,"column":19}},"type":"default-arg","locations":[{"start":{"line":59,"column":12},"end":{"line":59,"column":19}}],"line":59},"7":{"loc":{"start":{"line":71,"column":2},"end":{"line":73,"column":3}},"type":"if","locations":[{"start":{"line":71,"column":2},"end":{"line":73,"column":3}},{"start":{},"end":{}}],"line":71}},"s":{"0":0,"1":0,"2":0,"3":0,"4":0,"5":0,"6":0,"7":0,"8":0,"9":0,"10":0,"11":0,"12":0,"13":0,"14":0,"15":0,"16":0,"17":0,"18":0,"19":0,"20":0},"f":{"0":0,"1":0,"2":0,"3":0},"b":{"0":[0,0],"1":[0,0],"2":[0],"3":[0],"4":[0],"5":[0],"6":[0],"7":[0,0]}}
,"C:\\Users\\aiman\\Projects\\Monitoring_System_TonyPi\\frontend\\src\\utils\\helpers.ts": {"path":"C:\\Users\\aiman\\Projects\\Monitoring_System_TonyPi\\frontend\\src\\utils\\helpers.ts","statementMap":{"0":{"start":{"line":5,"column":2},"end":{"line":5,"column":31}},"1":{"start":{"line":9,"column":12},"end":{"line":9,"column":60}},"2":{"start":{"line":10,"column":2},"end":{"line":10,"column":63}},"3":{"start":{"line":14,"column":2},"end":{"line":14,"column":32}},"4":{"start":{"line":18,"column":2},"end":{"line":27,"column":3}},"5":{"start":{"line":20,"column":6},"end":{"line":20,"column":43}},"6":{"start":{"line":22,"column":6},"end":{"line":22,"column":39}},"7":{"start":{"line":24,"column":6},"end":{"line":24,"column":45}},"8":{"start":{"line":26,"column":6},"end":{"line":26,"column":41}},"9":{"start":{"line":31,"column":2},"end":{"line":31,"column":42}},"10":{"start":{"line":31,"column":18},"end":{"line":31,"column":42}},"11":{"start":{"line":32,"column":2},"end":{"line":32,"column":43}},"12":{"start":{"line":32,"column":18},"end":{"line":32,"column":43}},"13":{"start":{"line":33,"column":2},"end":{"line":33,"column":24}}},"fnMap":{"0":{"name":"cn","decl":{"start":{"line":4,"column":16},"end":{"line":4,"column":18}},"loc":{"start":{"line":4,"column":44},"end":{"line":6,"column":1}},"line":4},"1":{"name":"formatDate","decl":{"start":{"line":8,"column":16},"end":{"line":8,"column":26}},"loc":{"start":{"line":8,"column":56},"end":{"line":11,"column":1}},"line":8},"2":{"name":"formatBatteryLevel","decl":{"start":{"line":13,"column":16},"end":{"line":13,"column":34}},"loc":{"start":{"line":13,"column":58},"end":{"line":15,"column":1}},"line":13},"3":{"name":"getStatusColor","decl":{"start":{"line":17,"column":16},"end":{"line":17,"column":30}},"loc":{"start":{"line":17,"column":55},"end":{"line":28,"column":1}},"line":17},"4":{"name":"getBatteryColor","decl":{"start":{"line":30,"column":16},"end":{"line":30,"column":31}},"loc":{"start":{"line":30,"column":55},"end":{"line":34,"column":1}},"line":30}},"branchMap":{"0":{"loc":{"start":{"line":9,"column":12},"end":{"line":9,"column":60}},"type":"cond-expr","locations":[{"start":{"line":9,"column":39},"end":{"line":9,"column":53}},{"start":{"line":9,"column":56},"end":{"line":9,"column":60}}],"line":9},"1":{"loc":{"start":{"line":18,"column":2},"end":{"line":27,"column":3}},"type":"switch","locations":[{"start":{"line":19,"column":4},"end":{"line":20,"column":43}},{"start":{"line":21,"column":4},"end":{"line":22,"column":39}},{"start":{"line":23,"column":4},"end":{"line":24,"column":45}},{"start":{"line":25,"column":4},"end":{"line":26,"column":41}}],"line":18},"2":{"loc":{"start":{"line":31,"column":2},"end":{"line":31,"column":42}},"type":"if","locations":[{"start":{"line":31,"column":2},"end":{"line":31,"column":42}},{"start":{},"end":{}}],"line":31},"3":{"loc":{"start":{"line":32,"column":2},"end":{"line":32,"column":43}},"type":"if","locations":[{"start":{"line":32,"column":2},"end":{"line":32,"column":43}},{"start":{},"end":{}}],"line":32}},"s":{"0":0,"1":0,"2":0,"3":0,"4":0,"5":0,"6":0,"7":0,"8":0,"9":0,"10":0,"11":0,"12":0,"13":0},"f":{"0":0,"1":0,"2":0,"3":0,"4":0},"b":{"0":[0,0],"1":[0,0,0,0],"2":[0,0],"3":[0,0]}}
,"C:\\Users\\aiman\\Projects\\Monitoring_System_TonyPi\\frontend\\src\\utils\\useMqtt.ts": {"path":"C:\\Users\\aiman\\Projects\\Monitoring_System_TonyPi\\frontend\\src\\utils\\useMqtt.ts","statementMap":{"0":{"start":{"line":11,"column":23},"end":{"line":165,"column":1}},"1":{"start":{"line":16,"column":30},"end":{"line":16,"column":63}},"2":{"start":{"line":17,"column":40},"end":{"line":17,"column":55}},"3":{"start":{"line":18,"column":34},"end":{"line":18,"column":61}},"4":{"start":{"line":19,"column":28},"end":{"line":19,"column":57}},"5":{"start":{"line":20,"column":20},"end":{"line":20,"column":51}},"6":{"start":{"line":23,"column":18},"end":{"line":86,"column":34}},"7":{"start":{"line":24,"column":4},"end":{"line":85,"column":5}},"8":{"start":{"line":25,"column":25},"end":{"line":30,"column":8}},"9":{"start":{"line":32,"column":6},"end":{"line":47,"column":9}},"10":{"start":{"line":33,"column":8},"end":{"line":33,"column":49}},"11":{"start":{"line":34,"column":8},"end":{"line":34,"column":29}},"12":{"start":{"line":35,"column":8},"end":{"line":35,"column":23}},"13":{"start":{"line":38,"column":8},"end":{"line":46,"column":11}},"14":{"start":{"line":39,"column":10},"end":{"line":45,"column":13}},"15":{"start":{"line":40,"column":12},"end":{"line":44,"column":13}},"16":{"start":{"line":41,"column":14},"end":{"line":41,"column":75}},"17":{"start":{"line":43,"column":14},"end":{"line":43,"column":58}},"18":{"start":{"line":49,"column":6},"end":{"line":53,"column":9}},"19":{"start":{"line":50,"column":8},"end":{"line":50,"column":54}},"20":{"start":{"line":51,"column":8},"end":{"line":51,"column":30}},"21":{"start":{"line":52,"column":8},"end":{"line":52,"column":30}},"22":{"start":{"line":55,"column":6},"end":{"line":67,"column":9}},"23":{"start":{"line":56,"column":8},"end":{"line":66,"column":9}},"24":{"start":{"line":57,"column":39},"end":{"line":61,"column":11}},"25":{"start":{"line":63,"column":10},"end":{"line":63,"column":61}},"26":{"start":{"line":63,"column":30},"end":{"line":63,"column":59}},"27":{"start":{"line":65,"column":10},"end":{"line":65,"column":68}},"28":{"start":{"line":69,"column":6},"end":{"line":72,"column":9}},"29":{"start":{"line":70,"column":8},"end":{"line":70,"column":47}},"30":{"start":{"line":71,"column":8},"end":{"line":71,"column":30}},"31":{"start":{"line":74,"column":6},"end":{"line":77,"column":9}},"32":{"start":{"line":75,"column":8},"end":{"line":75,"column":42}},"33":{"start":{"line":76,"column":8},"end":{"line":76,"column":30}},"34":{"start":{"line":79,"column":6},"end":{"line":79,"column":28}},"35":{"start":{"line":80,"column":6},"end":{"line":80,"column":37}},"36":{"start":{"line":83,"column":6},"end":{"line":83,"column":53}},"37":{"start":{"line":84,"column":6},"end":{"line":84,"column":69}},"38":{"start":{"line":89,"column":21},"end":{"line":96,"column":8}},"39":{"start":{"line":90,"column":4},"end":{"line":95,"column":5}},"40":{"start":{"line":91,"column":6},"end":{"line":91,"column":30}},"41":{"start":{"line":92,"column":6},"end":{"line":92,"column":22}},"42":{"start":{"line":93,"column":6},"end":{"line":93,"column":31}},"43":{"start":{"line":94,"column":6},"end":{"line":94,"column":28}},"44":{"start":{"line":99,"column":20},"end":{"line":110,"column":27}},"45":{"start":{"line":100,"column":4},"end":{"line":109,"column":5}},"46":{"start":{"line":101,"column":6},"end":{"line":108,"column":9}},"47":{"start":{"line":102,"column":8},"end":{"line":107,"column":9}},"48":{"start":{"line":103,"column":10},"end":{"line":103,"column":71}},"49":{"start":{"line":104,"column":10},"end":{"line":104,"column":54}},"50":{"start":{"line":106,"column":10},"end":{"line":106,"column":54}},"51":{"start":{"line":113,"column":22},"end":{"line":123,"column":27}},"52":{"start":{"line":114,"column":4},"end":{"line":122,"column":5}},"53":{"start":{"line":115,"column":6},"end":{"line":121,"column":9}},"54":{"start":{"line":116,"column":8},"end":{"line":120,"column":9}},"55":{"start":{"line":117,"column":10},"end":{"line":117,"column":75}},"56":{"start":{"line":119,"column":10},"end":{"line":119,"column":58}},"57":{"start":{"line":126,"column":18},"end":{"line":138,"column":27}},"58":{"start":{"line":127,"column":4},"end":{"line":137,"column":5}},"59":{"start":{"line":128,"column":22},"end":{"line":128,"column":85}},"60":{"start":{"line":129,"column":6},"end":{"line":136,"column":9}},"61":{"start":{"line":130,"column":8},"end":{"line":135,"column":9}},"62":{"start":{"line":131,"column":10},"end":{"line":131,"column":69}},"63":{"start":{"line":132,"column":10},"end":{"line":132,"column":52}},"64":{"start":{"line":134,"column":10},"end":{"line":134,"column":53}},"65":{"start":{"line":141,"column":24},"end":{"line":143,"column":8}},"66":{"start":{"line":142,"column":4},"end":{"line":142,"column":20}},"67":{"start":{"line":146,"column":2},"end":{"line":151,"column":28}},"68":{"start":{"line":147,"column":4},"end":{"line":147,"column":14}},"69":{"start":{"line":148,"column":4},"end":{"line":150,"column":6}},"70":{"start":{"line":149,"column":6},"end":{"line":149,"column":19}},"71":{"start":{"line":153,"column":2},"end":{"line":164,"column":4}}},"fnMap":{"0":{"name":"(anonymous_0)","decl":{"start":{"line":11,"column":23},"end":{"line":11,"column":24}},"loc":{"start":{"line":15,"column":27},"end":{"line":165,"column":1}},"line":15},"1":{"name":"(anonymous_1)","decl":{"start":{"line":23,"column":30},"end":{"line":23,"column":31}},"loc":{"start":{"line":23,"column":36},"end":{"line":86,"column":3}},"line":23},"2":{"name":"(anonymous_2)","decl":{"start":{"line":32,"column":31},"end":{"line":32,"column":32}},"loc":{"start":{"line":32,"column":37},"end":{"line":47,"column":7}},"line":32},"3":{"name":"(anonymous_3)","decl":{"start":{"line":38,"column":23},"end":{"line":38,"column":24}},"loc":{"start":{"line":38,"column":32},"end":{"line":46,"column":9}},"line":38},"4":{"name":"(anonymous_4)","decl":{"start":{"line":39,"column":38},"end":{"line":39,"column":39}},"loc":{"start":{"line":39,"column":47},"end":{"line":45,"column":11}},"line":39},"5":{"name":"(anonymous_5)","decl":{"start":{"line":49,"column":29},"end":{"line":49,"column":30}},"loc":{"start":{"line":49,"column":38},"end":{"line":53,"column":7}},"line":49},"6":{"name":"(anonymous_6)","decl":{"start":{"line":55,"column":31},"end":{"line":55,"column":32}},"loc":{"start":{"line":55,"column":51},"end":{"line":67,"column":7}},"line":55},"7":{"name":"(anonymous_7)","decl":{"start":{"line":63,"column":22},"end":{"line":63,"column":23}},"loc":{"start":{"line":63,"column":30},"end":{"line":63,"column":59}},"line":63},"8":{"name":"(anonymous_8)","decl":{"start":{"line":69,"column":29},"end":{"line":69,"column":30}},"loc":{"start":{"line":69,"column":35},"end":{"line":72,"column":7}},"line":69},"9":{"name":"(anonymous_9)","decl":{"start":{"line":74,"column":34},"end":{"line":74,"column":35}},"loc":{"start":{"line":74,"column":40},"end":{"line":77,"column":7}},"line":74},"10":{"name":"(anonymous_10)","decl":{"start":{"line":89,"column":33},"end":{"line":89,"column":34}},"loc":{"start":{"line":89,"column":39},"end":{"line":96,"column":3}},"line":89},"11":{"name":"(anonymous_11)","decl":{"start":{"line":99,"column":32},"end":{"line":99,"column":33}},"loc":{"start":{"line":99,"column":51},"end":{"line":110,"column":3}},"line":99},"12":{"name":"(anonymous_12)","decl":{"start":{"line":101,"column":30},"end":{"line":101,"column":31}},"loc":{"start":{"line":101,"column":39},"end":{"line":108,"column":7}},"line":101},"13":{"name":"(anonymous_13)","decl":{"start":{"line":113,"column":34},"end":{"line":113,"column":35}},"loc":{"start":{"line":113,"column":53},"end":{"line":123,"column":3}},"line":113},"14":{"name":"(anonymous_14)","decl":{"start":{"line":115,"column":32},"end":{"line":115,"column":33}},"loc":{"start":{"line":115,"column":41},"end":{"line":121,"column":7}},"line":115},"15":{"name":"(anonymous_15)","decl":{"start":{"line":126,"column":30},"end":{"line":126,"column":31}},"loc":{"start":{"line":126,"column":63},"end":{"line":138,"column":3}},"line":126},"16":{"name":"(anonymous_16)","decl":{"start":{"line":129,"column":37},"end":{"line":129,"column":38}},"loc":{"start":{"line":129,"column":46},"end":{"line":136,"column":7}},"line":129},"17":{"name":"(anonymous_17)","decl":{"start":{"line":141,"column":36},"end":{"line":141,"column":37}},"loc":{"start":{"line":141,"column":42},"end":{"line":143,"column":3}},"line":141},"18":{"name":"(anonymous_18)","decl":{"start":{"line":146,"column":12},"end":{"line":146,"column":13}},"loc":{"start":{"line":146,"column":18},"end":{"line":151,"column":3}},"line":146},"19":{"name":"(anonymous_19)","decl":{"start":{"line":148,"column":11},"end":{"line":148,"column":12}},"loc":{"start":{"line":148,"column":17},"end":{"line":150,"column":5}},"line":148}},"branchMap":{"0":{"loc":{"start":{"line":11,"column":24},"end":{"line":15,"column":22}},"type":"default-arg","locations":[{"start":{"line":15,"column":20},"end":{"line":15,"column":22}}],"line":11},"1":{"loc":{"start":{"line":12,"column":2},"end":{"line":12,"column":76}},"type":"default-arg","locations":[{"start":{"line":12,"column":14},"end":{"line":12,"column":76}}],"line":12},"2":{"loc":{"start":{"line":12,"column":14},"end":{"line":12,"column":76}},"type":"binary-expr","locations":[{"start":{"line":12,"column":14},"end":{"line":12,"column":51}},{"start":{"line":12,"column":55},"end":{"line":12,"column":76}}],"line":12},"3":{"loc":{"start":{"line":13,"column":2},"end":{"line":13,"column":14}},"type":"default-arg","locations":[{"start":{"line":13,"column":12},"end":{"line":13,"column":14}}],"line":13},"4":{"loc":{"start":{"line":14,"column":2},"end":{"line":14,"column":13}},"type":"default-arg","locations":[{"start":{"line":14,"column":11},"end":{"line":14,"column":13}}],"line":14},"5":{"loc":{"start":{"line":40,"column":12},"end":{"line":44,"column":13}},"type":"if","locations":[{"start":{"line":40,"column":12},"end":{"line":44,"column":13}},{"start":{"line":42,"column":19},"end":{"line":44,"column":13}}],"line":40},"6":{"loc":{"start":{"line":84,"column":15},"end":{"line":84,"column":67}},"type":"cond-expr","locations":[{"start":{"line":84,"column":38},"end":{"line":84,"column":49}},{"start":{"line":84,"column":52},"end":{"line":84,"column":67}}],"line":84},"7":{"loc":{"start":{"line":90,"column":4},"end":{"line":95,"column":5}},"type":"if","locations":[{"start":{"line":90,"column":4},"end":{"line":95,"column":5}},{"start":{},"end":{}}],"line":90},"8":{"loc":{"start":{"line":100,"column":4},"end":{"line":109,"column":5}},"type":"if","locations":[{"start":{"line":100,"column":4},"end":{"line":109,"column":5}},{"start":{},"end":{}}],"line":100},"9":{"loc":{"start":{"line":100,"column":8},"end":{"line":100,"column":29}},"type":"binary-expr","locations":[{"start":{"line":100,"column":8},"end":{"line":100,"column":14}},{"start":{"line":100,"column":18},"end":{"line":100,"column":29}}],"line":100},"10":{"loc":{"start":{"line":102,"column":8},"end":{"line":107,"column":9}},"type":"if","locations":[{"start":{"line":102,"column":8},"end":{"line":107,"column":9}},{"start":{"line":105,"column":15},"end":{"line":107,"column":9}}],"line":102},"11":{"loc":{"start":{"line":114,"column":4},"end":{"line":122,"column":5}},"type":"if","locations":[{"start":{"line":114,"column":4},"end":{"line":122,"column":5}},{"start":{},"end":{}}],"line":114},"12":{"loc":{"start":{"line":114,"column":8},"end":{"line":114,"column":29}},"type":"binary-expr","locations":[{"start":{"line":114,"column":8},"end":{"line":114,"column":14}},{"start":{"line":114,"column":18},"end":{"line":114,"column":29}}],"line":114},"13":{"loc":{"start":{"line":116,"column":8},"end":{"line":120,"column":9}},"type":"if","locations":[{"start":{"line":116,"column":8},"end":{"line":120,"column":9}},{"start":{"line":118,"column":15},"end":{"line":120,"column":9}}],"line":116},"14":{"loc":{"start":{"line":127,"column":4},"end":{"line":137,"column":5}},"type":"if","locations":[{"start":{"line":127,"column":4},"end":{"line":137,"column":5}},{"start":{},"end":{}}],"line":127},"15":{"loc":{"start":{"line":127,"column":8},"end":{"line":127,"column":29}},"type":"binary-expr","locations":[{"start":{"line":127,"column":8},"end":{"line":127,"column":14}},{"start":{"line":127,"column":18},"end":{"line":127,"column":29}}],"line":127},"16":{"loc":{"start":{"line":128,"column":22},"end":{"line":128,"column":85}},"type":"cond-expr","locations":[{"start":{"line":128,"column":52},"end":{"line":128,"column":59}},{"start":{"line":128,"column":62},"end":{"line":128,"column":85}}],"line":128},"17":{"loc":{"start":{"line":130,"column":8},"end":{"line":135,"column":9}},"type":"if","locations":[{"start":{"line":130,"column":8},"end":{"line":135,"column":9}},{"start":{"line":133,"column":15},"end":{"line":135,"column":9}}],"line":130}},"s":{"0":0,"1":0,"2":0,"3":0,"4":0,"5":0,"6":0,"7":0,"8":0,"9":0,"10":0,"11":0,"12":0,"13":0,"14":0,"15":0,"16":0,"17":0,"18":0,"19":0,"20":0,"21":0,"22":0,"23":0,"24":0,"25":0,"26":0,"27":0,"28":0,"29":0,"30":0,"31":0,"32":0,"33":0,"34":0,"35":0,"36":0,"37":0,"38":0,"39":0,"40":0,"41":0,"42":0,"43":0,"44":0,"45":0,"46":0,"47":0,"48":0,"49":0,"50":0,"51":0,"52":0,"53":0,"54":0,"55":0,"56":0,"57":0,"58":0,"59":0,"60":0,"61":0,"62":0,"63":0,"64":0,"65":0,"66":0,"67":0,"68":0,"69":0,"70":0,"71":0},"f":{"0":0,"1":0,"2":0,"3":0,"4":0,"5":0,"6":0,"7":0,"8":0,"9":0,"10":0,"11":0,"12":0,"13":0,"14":0,"15":0,"16":0,"17":0,"18":0,"19":0},"b":{"0":[0],"1":[0],"2":[0,0],"3":[0],"4":[0],"5":[0,0],"6":[0,0],"7":[0,0],"8":[0,0],"9":[0,0],"10":[0,0],"11":[0,0],"12":[0,0],"13":[0,0],"14":[0,0],"15":[0,0],"16":[0,0],"17":[0,0]}}
}
