TN:
SF:src\App.tsx
FN:4,App
FNF:1
FNH:1
FNDA:2,App
DA:5,2
LF:1
LH:1
BRF:0
BRH:0
end_of_record
TN:
SF:src\TonyPiApp.tsx
FN:21,(anonymous_0)
FN:40,(anonymous_1)
FN:41,(anonymous_2)
FN:44,(anonymous_3)
FN:48,(anonymous_4)
FN:51,(anonymous_5)
FN:66,(anonymous_6)
FN:115,(anonymous_7)
FN:119,(anonymous_8)
FN:120,(anonymous_9)
FN:125,(anonymous_10)
FN:173,(anonymous_11)
FN:217,(anonymous_12)
FN:228,(anonymous_13)
FN:245,(anonymous_14)
FN:280,(anonymous_15)
FN:306,(anonymous_16)
FN:331,(anonymous_17)
FN:334,(anonymous_18)
FN:427,(anonymous_19)
FN:507,(anonymous_20)
FN:510,(anonymous_21)
FN:558,(anonymous_22)
FN:594,(anonymous_23)
FN:624,(anonymous_24)
FN:628,(anonymous_25)
FN:636,(anonymous_26)
FN:684,(anonymous_27)
FN:710,(anonymous_28)
FN:724,(anonymous_29)
FNF:30
FNH:0
FNDA:0,(anonymous_0)
FNDA:0,(anonymous_1)
FNDA:0,(anonymous_2)
FNDA:0,(anonymous_3)
FNDA:0,(anonymous_4)
FNDA:0,(anonymous_5)
FNDA:0,(anonymous_6)
FNDA:0,(anonymous_7)
FNDA:0,(anonymous_8)
FNDA:0,(anonymous_9)
FNDA:0,(anonymous_10)
FNDA:0,(anonymous_11)
FNDA:0,(anonymous_12)
FNDA:0,(anonymous_13)
FNDA:0,(anonymous_14)
FNDA:0,(anonymous_15)
FNDA:0,(anonymous_16)
FNDA:0,(anonymous_17)
FNDA:0,(anonymous_18)
FNDA:0,(anonymous_19)
FNDA:0,(anonymous_20)
FNDA:0,(anonymous_21)
FNDA:0,(anonymous_22)
FNDA:0,(anonymous_23)
FNDA:0,(anonymous_24)
FNDA:0,(anonymous_25)
FNDA:0,(anonymous_26)
FNDA:0,(anonymous_27)
FNDA:0,(anonymous_28)
FNDA:0,(anonymous_29)
DA:21,0
DA:22,0
DA:23,0
DA:24,0
DA:25,0
DA:26,0
DA:27,0
DA:28,0
DA:29,0
DA:30,0
DA:31,0
DA:32,0
DA:33,0
DA:34,0
DA:35,0
DA:36,0
DA:40,0
DA:41,0
DA:42,0
DA:44,0
DA:48,0
DA:49,0
DA:51,0
DA:52,0
DA:53,0
DA:58,0
DA:59,0
DA:60,0
DA:63,0
DA:65,0
DA:66,0
DA:69,0
DA:70,0
DA:72,0
DA:73,0
DA:76,0
DA:79,0
DA:80,0
DA:81,0
DA:83,0
DA:84,0
DA:85,0
DA:86,0
DA:87,0
DA:88,0
DA:89,0
DA:90,0
DA:91,0
DA:92,0
DA:95,0
DA:100,0
DA:102,0
DA:105,0
DA:106,0
DA:108,0
DA:109,0
DA:113,0
DA:114,0
DA:115,0
DA:119,0
DA:120,0
DA:121,0
DA:122,0
DA:124,0
DA:125,0
DA:128,0
DA:142,0
DA:143,0
DA:169,0
DA:170,0
DA:173,0
DA:174,0
DA:175,0
DA:178,0
DA:217,0
DA:229,0
DA:230,0
DA:245,0
DA:281,0
DA:282,0
DA:307,0
DA:308,0
DA:332,0
DA:334,0
DA:427,0
DA:507,0
DA:511,0
DA:559,0
DA:595,0
DA:624,0
DA:628,0
DA:636,0
DA:685,0
DA:710,0
DA:724,0
DA:725,0
LF:96
LH:0
BRDA:49,0,0,0
BRDA:49,0,1,0
BRDA:59,1,0,0
BRDA:59,1,1,0
BRDA:63,2,0,0
BRDA:63,2,1,0
BRDA:65,3,0,0
BRDA:65,3,1,0
BRDA:69,4,0,0
BRDA:69,4,1,0
BRDA:72,5,0,0
BRDA:72,5,1,0
BRDA:86,6,0,0
BRDA:86,6,1,0
BRDA:86,7,0,0
BRDA:86,7,1,0
BRDA:88,8,0,0
BRDA:88,8,1,0
BRDA:91,9,0,0
BRDA:91,9,1,0
BRDA:95,10,0,0
BRDA:95,10,1,0
BRDA:121,11,0,0
BRDA:121,11,1,0
BRDA:122,12,0,0
BRDA:122,12,1,0
BRDA:138,13,0,0
BRDA:138,13,1,0
BRDA:142,14,0,0
BRDA:142,14,1,0
BRDA:169,15,0,0
BRDA:169,15,1,0
BRDA:179,16,0,0
BRDA:179,16,1,0
BRDA:181,17,0,0
BRDA:181,17,1,0
BRDA:192,18,0,0
BRDA:192,18,1,0
BRDA:198,19,0,0
BRDA:198,19,1,0
BRDA:199,20,0,0
BRDA:199,20,1,0
BRDA:200,21,0,0
BRDA:200,21,1,0
BRDA:200,22,0,0
BRDA:200,22,1,0
BRDA:202,23,0,0
BRDA:202,23,1,0
BRDA:202,24,0,0
BRDA:202,24,1,0
BRDA:202,25,0,0
BRDA:202,25,1,0
BRDA:203,26,0,0
BRDA:203,26,1,0
BRDA:204,27,0,0
BRDA:204,27,1,0
BRDA:210,28,0,0
BRDA:210,28,1,0
BRDA:211,29,0,0
BRDA:211,29,1,0
BRDA:213,30,0,0
BRDA:213,30,1,0
BRDA:218,31,0,0
BRDA:218,31,1,0
BRDA:232,32,0,0
BRDA:232,32,1,0
BRDA:236,33,0,0
BRDA:236,33,1,0
BRDA:242,34,0,0
BRDA:242,34,1,0
BRDA:244,35,0,0
BRDA:244,35,1,0
BRDA:247,36,0,0
BRDA:247,36,1,0
BRDA:248,37,0,0
BRDA:248,37,1,0
BRDA:249,38,0,0
BRDA:249,38,1,0
BRDA:253,39,0,0
BRDA:253,39,1,0
BRDA:268,40,0,0
BRDA:268,40,1,0
BRDA:270,41,0,0
BRDA:270,41,1,0
BRDA:274,42,0,0
BRDA:274,42,1,0
BRDA:274,43,0,0
BRDA:274,43,1,0
BRDA:274,44,0,0
BRDA:274,44,1,0
BRDA:275,45,0,0
BRDA:275,45,1,0
BRDA:284,46,0,0
BRDA:284,46,1,0
BRDA:286,47,0,0
BRDA:286,47,1,0
BRDA:292,48,0,0
BRDA:292,48,1,0
BRDA:293,49,0,0
BRDA:293,49,1,0
BRDA:294,50,0,0
BRDA:294,50,1,0
BRDA:295,51,0,0
BRDA:295,51,1,0
BRDA:296,52,0,0
BRDA:296,52,1,0
BRDA:296,53,0,0
BRDA:296,53,1,0
BRDA:298,54,0,0
BRDA:298,54,1,0
BRDA:299,55,0,0
BRDA:299,55,1,0
BRDA:300,56,0,0
BRDA:300,56,1,0
BRDA:301,57,0,0
BRDA:301,57,1,0
BRDA:310,58,0,0
BRDA:310,58,1,0
BRDA:317,59,0,0
BRDA:317,59,1,0
BRDA:328,60,0,0
BRDA:328,60,1,0
BRDA:336,61,0,0
BRDA:336,61,1,0
BRDA:338,62,0,0
BRDA:338,62,1,0
BRDA:353,63,0,0
BRDA:353,63,1,0
BRDA:360,64,0,0
BRDA:360,64,1,0
BRDA:367,65,0,0
BRDA:367,65,1,0
BRDA:374,66,0,0
BRDA:374,66,1,0
BRDA:381,67,0,0
BRDA:381,67,1,0
BRDA:388,68,0,0
BRDA:388,68,1,0
BRDA:395,69,0,0
BRDA:395,69,1,0
BRDA:402,70,0,0
BRDA:402,70,1,0
BRDA:409,71,0,0
BRDA:409,71,1,0
BRDA:409,71,2,0
BRDA:416,72,0,0
BRDA:416,72,1,0
BRDA:420,73,0,0
BRDA:420,73,1,0
BRDA:422,74,0,0
BRDA:422,74,1,0
BRDA:423,75,0,0
BRDA:423,75,1,0
BRDA:426,76,0,0
BRDA:426,76,1,0
BRDA:427,77,0,0
BRDA:427,77,1,0
BRDA:431,78,0,0
BRDA:431,78,1,0
BRDA:433,79,0,0
BRDA:433,79,1,0
BRDA:434,80,0,0
BRDA:434,80,1,0
BRDA:437,81,0,0
BRDA:437,81,1,0
BRDA:438,82,0,0
BRDA:438,82,1,0
BRDA:442,83,0,0
BRDA:442,83,1,0
BRDA:444,84,0,0
BRDA:444,84,1,0
BRDA:445,85,0,0
BRDA:445,85,1,0
BRDA:448,86,0,0
BRDA:448,86,1,0
BRDA:449,87,0,0
BRDA:449,87,1,0
BRDA:453,88,0,0
BRDA:453,88,1,0
BRDA:455,89,0,0
BRDA:455,89,1,0
BRDA:456,90,0,0
BRDA:456,90,1,0
BRDA:459,91,0,0
BRDA:459,91,1,0
BRDA:460,92,0,0
BRDA:460,92,1,0
BRDA:467,93,0,0
BRDA:467,93,1,0
BRDA:469,94,0,0
BRDA:469,94,1,0
BRDA:473,95,0,0
BRDA:473,95,1,0
BRDA:473,96,0,0
BRDA:473,96,1,0
BRDA:473,97,0,0
BRDA:473,97,1,0
BRDA:478,98,0,0
BRDA:478,98,1,0
BRDA:479,99,0,0
BRDA:479,99,1,0
BRDA:480,100,0,0
BRDA:480,100,1,0
BRDA:484,101,0,0
BRDA:484,101,1,0
BRDA:485,102,0,0
BRDA:485,102,1,0
BRDA:486,103,0,0
BRDA:486,103,1,0
BRDA:487,104,0,0
BRDA:487,104,1,0
BRDA:490,105,0,0
BRDA:490,105,1,0
BRDA:491,106,0,0
BRDA:491,106,1,0
BRDA:492,107,0,0
BRDA:492,107,1,0
BRDA:492,108,0,0
BRDA:492,108,1,0
BRDA:498,109,0,0
BRDA:498,109,1,0
BRDA:500,110,0,0
BRDA:500,110,1,0
BRDA:504,111,0,0
BRDA:504,111,1,0
BRDA:508,112,0,0
BRDA:508,112,1,0
BRDA:512,113,0,0
BRDA:512,113,1,0
BRDA:518,114,0,0
BRDA:518,114,1,0
BRDA:521,115,0,0
BRDA:521,115,1,0
BRDA:522,116,0,0
BRDA:522,116,1,0
BRDA:523,117,0,0
BRDA:523,117,1,0
BRDA:525,118,0,0
BRDA:525,118,1,0
BRDA:526,119,0,0
BRDA:526,119,1,0
BRDA:527,120,0,0
BRDA:527,120,1,0
BRDA:529,121,0,0
BRDA:529,121,1,0
BRDA:530,122,0,0
BRDA:530,122,1,0
BRDA:531,123,0,0
BRDA:531,123,1,0
BRDA:531,124,0,0
BRDA:531,124,1,0
BRDA:535,125,0,0
BRDA:535,125,1,0
BRDA:536,126,0,0
BRDA:536,126,1,0
BRDA:538,127,0,0
BRDA:538,127,1,0
BRDA:538,128,0,0
BRDA:538,128,1,0
BRDA:539,129,0,0
BRDA:539,129,1,0
BRDA:539,130,0,0
BRDA:539,130,1,0
BRDA:540,131,0,0
BRDA:540,131,1,0
BRDA:540,132,0,0
BRDA:540,132,1,0
BRDA:547,133,0,0
BRDA:547,133,1,0
BRDA:548,134,0,0
BRDA:548,134,1,0
BRDA:554,135,0,0
BRDA:554,135,1,0
BRDA:554,135,2,0
BRDA:555,136,0,0
BRDA:555,136,1,0
BRDA:556,137,0,0
BRDA:556,137,1,0
BRDA:561,138,0,0
BRDA:561,138,1,0
BRDA:564,139,0,0
BRDA:564,139,1,0
BRDA:568,140,0,0
BRDA:568,140,1,0
BRDA:580,141,0,0
BRDA:580,141,1,0
BRDA:582,142,0,0
BRDA:582,142,1,0
BRDA:586,143,0,0
BRDA:586,143,1,0
BRDA:587,144,0,0
BRDA:587,144,1,0
BRDA:592,145,0,0
BRDA:592,145,1,0
BRDA:597,146,0,0
BRDA:597,146,1,0
BRDA:600,147,0,0
BRDA:600,147,1,0
BRDA:601,148,0,0
BRDA:601,148,1,0
BRDA:602,149,0,0
BRDA:602,149,1,0
BRDA:605,150,0,0
BRDA:605,150,1,0
BRDA:612,151,0,0
BRDA:612,151,1,0
BRDA:621,152,0,0
BRDA:621,152,1,0
BRDA:627,153,0,0
BRDA:627,153,1,0
BRDA:631,154,0,0
BRDA:631,154,1,0
BRDA:637,155,0,0
BRDA:637,155,1,0
BRDA:645,156,0,0
BRDA:645,156,1,0
BRDA:646,157,0,0
BRDA:646,157,1,0
BRDA:652,158,0,0
BRDA:652,158,1,0
BRDA:656,159,0,0
BRDA:656,159,1,0
BRDA:660,160,0,0
BRDA:660,160,1,0
BRDA:665,161,0,0
BRDA:665,161,1,0
BRDA:666,162,0,0
BRDA:666,162,1,0
BRDA:671,163,0,0
BRDA:671,163,1,0
BRDA:672,164,0,0
BRDA:672,164,1,0
BRDA:685,165,0,0
BRDA:685,165,1,0
BRDA:686,166,0,0
BRDA:686,166,1,0
BRDA:687,167,0,0
BRDA:687,167,1,0
BRDA:693,168,0,0
BRDA:693,168,1,0
BRDA:694,169,0,0
BRDA:694,169,1,0
BRDA:696,170,0,0
BRDA:696,170,1,0
BRDA:697,171,0,0
BRDA:697,171,1,0
BRDA:698,172,0,0
BRDA:698,172,1,0
BRDA:700,173,0,0
BRDA:700,173,1,0
BRDA:701,174,0,0
BRDA:701,174,1,0
BRDA:702,175,0,0
BRDA:702,175,1,0
BRDA:708,176,0,0
BRDA:708,176,1,0
BRF:356
BRH:0
end_of_record
TN:
SF:src\__tests__\mocks\handlers.ts
FN:54,(anonymous_0)
FN:59,(anonymous_1)
FN:64,(anonymous_2)
FN:69,(anonymous_3)
FN:74,(anonymous_4)
FN:85,(anonymous_5)
FN:86,(anonymous_6)
FN:94,(anonymous_7)
FN:99,(anonymous_8)
FN:110,(anonymous_9)
FN:119,(anonymous_10)
FN:131,(anonymous_11)
FNF:12
FNH:0
FNDA:0,(anonymous_0)
FNDA:0,(anonymous_1)
FNDA:0,(anonymous_2)
FNDA:0,(anonymous_3)
FNDA:0,(anonymous_4)
FNDA:0,(anonymous_5)
FNDA:0,(anonymous_6)
FNDA:0,(anonymous_7)
FNDA:0,(anonymous_8)
FNDA:0,(anonymous_9)
FNDA:0,(anonymous_10)
FNDA:0,(anonymous_11)
DA:9,0
DA:15,0
DA:26,0
DA:38,0
DA:52,0
DA:55,0
DA:60,0
DA:65,0
DA:70,0
DA:75,0
DA:76,0
DA:81,0
DA:86,0
DA:87,0
DA:88,0
DA:90,0
DA:95,0
DA:100,0
DA:111,0
DA:120,0
DA:132,0
LF:21
LH:0
BRDA:87,0,0,0
BRDA:87,0,1,0
BRF:2
BRH:0
end_of_record
TN:
SF:src\__tests__\mocks\server.ts
FNF:0
FNH:0
DA:10,0
LF:1
LH:0
BRF:0
BRH:0
end_of_record
TN:
SF:src\__tests__\utils\testUtils.tsx
FN:13,(anonymous_0)
FN:27,(anonymous_1)
FN:42,(anonymous_2)
FN:52,(anonymous_3)
FN:63,(anonymous_4)
FN:72,(anonymous_5)
FN:87,(anonymous_6)
FN:91,(anonymous_7)
FN:101,(anonymous_8)
FN:102,(anonymous_9)
FNF:10
FNH:2
FNDA:88,(anonymous_0)
FNDA:88,(anonymous_1)
FNDA:0,(anonymous_2)
FNDA:0,(anonymous_3)
FNDA:0,(anonymous_4)
FNDA:0,(anonymous_5)
FNDA:0,(anonymous_6)
FNDA:0,(anonymous_7)
FNDA:0,(anonymous_8)
FNDA:0,(anonymous_9)
DA:13,10
DA:14,88
DA:27,10
DA:30,88
DA:42,10
DA:52,10
DA:63,10
DA:72,10
DA:87,10
DA:88,0
DA:91,10
DA:92,0
DA:93,0
DA:94,0
DA:101,10
DA:102,0
LF:16
LH:11
BRDA:42,0,0,0
BRDA:52,1,0,0
BRDA:63,2,0,0
BRDA:72,3,0,0
BRF:4
BRH:0
end_of_record
TN:
SF:src\components\GrafanaPanel.tsx
FN:13,(anonymous_0)
FN:25,(anonymous_1)
FN:31,(anonymous_2)
FN:36,(anonymous_3)
FNF:4
FNH:2
FNDA:5,(anonymous_0)
FNDA:5,(anonymous_1)
FNDA:0,(anonymous_2)
FNDA:0,(anonymous_3)
DA:13,1
DA:19,5
DA:20,5
DA:23,5
DA:25,5
DA:27,5
DA:28,5
DA:31,5
DA:32,0
DA:33,0
DA:36,5
DA:37,0
DA:38,0
DA:41,5
DA:50,5
DA:51,0
DA:60,5
DA:61,0
DA:72,5
LF:19
LH:13
BRDA:15,0,0,5
BRDA:16,1,0,0
BRDA:17,2,0,5
BRDA:23,3,0,5
BRDA:23,3,1,0
BRDA:23,4,0,5
BRDA:23,4,1,5
BRDA:23,4,2,0
BRDA:42,5,0,0
BRDA:42,5,1,5
BRDA:43,6,0,5
BRDA:43,6,1,0
BRDA:50,7,0,0
BRDA:50,7,1,5
BRDA:60,8,0,0
BRDA:60,8,1,5
BRDA:60,9,0,5
BRDA:60,9,1,0
BRDA:74,10,0,5
BRDA:74,10,1,5
BRF:20
BRH:12
end_of_record
TN:
SF:src\components\Layout.tsx
FN:13,(anonymous_0)
FN:21,(anonymous_1)
FN:49,(anonymous_2)
FN:94,(anonymous_3)
FNF:4
FNH:4
FNDA:48,(anonymous_0)
FNDA:6,(anonymous_1)
FNDA:24,(anonymous_2)
FNDA:6,(anonymous_3)
DA:13,1
DA:14,48
DA:21,1
DA:22,6
DA:24,6
DA:31,6
DA:50,24
DA:51,24
DA:94,6
LF:9
LH:9
BRDA:57,0,0,6
BRDA:57,0,1,18
BRDA:65,1,0,6
BRDA:65,1,1,18
BRDA:94,2,0,6
BRDA:94,2,1,0
BRF:6
BRH:5
end_of_record
TN:
SF:src\components\Toast.tsx
FN:33,(anonymous_0)
FN:40,(anonymous_1)
FN:64,(anonymous_2)
FNF:3
FNH:1
FNDA:2,(anonymous_0)
FNDA:0,(anonymous_1)
FNDA:0,(anonymous_2)
DA:5,1
DA:12,1
DA:19,1
DA:26,1
DA:33,1
DA:34,2
DA:36,2
DA:38,0
DA:41,0
DA:64,0
DA:77,1
DA:78,1
DA:93,1
LF:13
LH:10
BRDA:36,0,0,2
BRDA:36,0,1,0
BRDA:57,1,0,0
BRDA:57,1,1,0
BRF:4
BRH:1
end_of_record
TN:
SF:src\contexts\AuthContext.tsx
FN:36,(anonymous_0)
FN:43,(anonymous_1)
FN:48,(anonymous_2)
FN:59,(anonymous_3)
FN:66,(anonymous_4)
FN:84,(anonymous_5)
FN:85,(anonymous_6)
FN:125,(anonymous_7)
FN:128,(anonymous_8)
FN:145,(anonymous_9)
FN:149,(anonymous_10)
FN:153,(anonymous_11)
FN:157,(anonymous_12)
FN:161,(anonymous_13)
FN:162,(anonymous_14)
FN:168,(anonymous_15)
FN:197,(anonymous_16)
FN:216,(anonymous_17)
FNF:18
FNH:0
FNDA:0,(anonymous_0)
FNDA:0,(anonymous_1)
FNDA:0,(anonymous_2)
FNDA:0,(anonymous_3)
FNDA:0,(anonymous_4)
FNDA:0,(anonymous_5)
FNDA:0,(anonymous_6)
FNDA:0,(anonymous_7)
FNDA:0,(anonymous_8)
FNDA:0,(anonymous_9)
FNDA:0,(anonymous_10)
FNDA:0,(anonymous_11)
FNDA:0,(anonymous_12)
FNDA:0,(anonymous_13)
FNDA:0,(anonymous_14)
FNDA:0,(anonymous_15)
FNDA:0,(anonymous_16)
FNDA:0,(anonymous_17)
DA:25,0
DA:28,0
DA:29,0
DA:30,0
DA:36,0
DA:37,0
DA:38,0
DA:39,0
DA:40,0
DA:43,0
DA:44,0
DA:48,0
DA:49,0
DA:50,0
DA:51,0
DA:52,0
DA:53,0
DA:54,0
DA:59,0
DA:60,0
DA:62,0
DA:63,0
DA:66,0
DA:68,0
DA:69,0
DA:70,0
DA:71,0
DA:72,0
DA:73,0
DA:74,0
DA:77,0
DA:84,0
DA:85,0
DA:86,0
DA:87,0
DA:89,0
DA:90,0
DA:91,0
DA:94,0
DA:96,0
DA:97,0
DA:98,0
DA:99,0
DA:100,0
DA:103,0
DA:104,0
DA:108,0
DA:109,0
DA:112,0
DA:113,0
DA:116,0
DA:118,0
DA:121,0
DA:125,0
DA:126,0
DA:128,0
DA:129,0
DA:130,0
DA:131,0
DA:132,0
DA:133,0
DA:134,0
DA:135,0
DA:138,0
DA:141,0
DA:145,0
DA:149,0
DA:150,0
DA:152,0
DA:153,0
DA:154,0
DA:157,0
DA:158,0
DA:161,0
DA:162,0
DA:163,0
DA:168,0
DA:169,0
DA:170,0
DA:171,0
DA:173,0
DA:174,0
DA:179,0
DA:180,0
DA:181,0
DA:182,0
DA:183,0
DA:185,0
DA:187,0
DA:188,0
DA:189,0
DA:190,0
DA:191,0
DA:193,0
DA:197,0
DA:198,0
DA:201,0
DA:216,0
DA:217,0
DA:218,0
DA:219,0
DA:221,0
LF:102
LH:0
BRDA:52,0,0,0
BRDA:52,0,1,0
BRDA:62,1,0,0
BRDA:62,1,1,0
BRDA:69,2,0,0
BRDA:69,2,1,0
BRDA:72,3,0,0
BRDA:72,3,1,0
BRDA:89,4,0,0
BRDA:89,4,1,0
BRDA:89,5,0,0
BRDA:89,5,1,0
BRDA:94,6,0,0
BRDA:94,6,1,0
BRDA:126,7,0,0
BRDA:126,7,1,0
BRDA:130,8,0,0
BRDA:130,8,1,0
BRDA:133,9,0,0
BRDA:133,9,1,0
BRDA:150,10,0,0
BRDA:150,10,1,0
BRDA:187,11,0,0
BRDA:187,11,1,0
BRDA:190,12,0,0
BRDA:190,12,1,0
BRDA:218,13,0,0
BRDA:218,13,1,0
BRF:28
BRH:0
end_of_record
TN:
SF:src\contexts\NotificationContext.tsx
FN:27,(anonymous_0)
FN:39,(anonymous_1)
FN:42,(anonymous_2)
FN:50,(anonymous_3)
FN:54,(anonymous_4)
FN:60,(anonymous_5)
FN:61,(anonymous_6)
FN:61,(anonymous_7)
FN:64,(anonymous_8)
FN:69,(anonymous_9)
FN:73,(anonymous_10)
FN:77,(anonymous_11)
FN:81,(anonymous_12)
FNF:13
FNH:5
FNDA:78,(anonymous_0)
FNDA:91,(anonymous_1)
FNDA:3,(anonymous_2)
FNDA:3,(anonymous_3)
FNDA:0,(anonymous_4)
FNDA:0,(anonymous_5)
FNDA:0,(anonymous_6)
FNDA:0,(anonymous_7)
FNDA:0,(anonymous_8)
FNDA:3,(anonymous_9)
FNDA:0,(anonymous_10)
FNDA:0,(anonymous_11)
FNDA:0,(anonymous_12)
DA:25,10
DA:27,10
DA:28,78
DA:29,78
DA:30,0
DA:32,78
DA:39,10
DA:40,91
DA:42,91
DA:43,3
DA:44,3
DA:50,3
DA:53,3
DA:54,3
DA:55,0
DA:60,91
DA:61,0
DA:64,91
DA:65,0
DA:69,91
DA:70,3
DA:73,91
DA:74,0
DA:77,91
DA:78,0
DA:81,91
DA:82,0
DA:85,91
LF:28
LH:21
BRDA:29,0,0,0
BRDA:29,0,1,78
BRDA:47,1,0,3
BRDA:47,1,1,3
BRDA:53,2,0,3
BRDA:53,2,1,0
BRDA:53,3,0,3
BRDA:53,3,1,3
BRF:8
BRH:6
end_of_record
TN:
SF:src\contexts\ThemeContext.tsx
FN:17,(anonymous_0)
FN:18,(anonymous_1)
FN:31,(anonymous_2)
FN:44,(anonymous_3)
FN:46,(anonymous_4)
FN:55,(anonymous_5)
FN:58,(anonymous_6)
FN:59,(anonymous_7)
FN:69,(anonymous_8)
FNF:9
FNH:0
FNDA:0,(anonymous_0)
FNDA:0,(anonymous_1)
FNDA:0,(anonymous_2)
FNDA:0,(anonymous_3)
FNDA:0,(anonymous_4)
FNDA:0,(anonymous_5)
FNDA:0,(anonymous_6)
FNDA:0,(anonymous_7)
FNDA:0,(anonymous_8)
DA:11,0
DA:17,0
DA:18,0
DA:20,0
DA:21,0
DA:22,0
DA:25,0
DA:26,0
DA:28,0
DA:31,0
DA:33,0
DA:36,0
DA:37,0
DA:39,0
DA:44,0
DA:45,0
DA:46,0
DA:47,0
DA:49,0
DA:50,0
DA:54,0
DA:55,0
DA:58,0
DA:59,0
DA:62,0
DA:69,0
DA:70,0
DA:71,0
DA:72,0
DA:74,0
LF:30
LH:0
BRDA:21,0,0,0
BRDA:21,0,1,0
BRDA:21,1,0,0
BRDA:21,1,1,0
BRDA:25,2,0,0
BRDA:25,2,1,0
BRDA:25,3,0,0
BRDA:25,3,1,0
BRDA:36,4,0,0
BRDA:36,4,1,0
BRDA:49,5,0,0
BRDA:49,5,1,0
BRDA:50,6,0,0
BRDA:50,6,1,0
BRDA:59,7,0,0
BRDA:59,7,1,0
BRDA:71,8,0,0
BRDA:71,8,1,0
BRF:18
BRH:0
end_of_record
TN:
SF:src\pages\Alerts.tsx
FN:67,(anonymous_0)
FN:84,(anonymous_1)
FN:87,(anonymous_2)
FN:90,(anonymous_3)
FN:105,(anonymous_4)
FN:113,(anonymous_5)
FN:136,(anonymous_6)
FN:137,(anonymous_7)
FN:150,(anonymous_8)
FN:160,(anonymous_9)
FN:170,(anonymous_10)
FN:180,(anonymous_11)
FN:191,(anonymous_12)
FN:192,(anonymous_13)
FN:203,(anonymous_14)
FN:214,(anonymous_15)
FN:226,(anonymous_16)
FN:242,(anonymous_17)
FN:246,(anonymous_18)
FN:280,(anonymous_19)
FN:315,(anonymous_20)
FN:319,(anonymous_21)
FN:365,(anonymous_22)
FN:376,(anonymous_23)
FN:390,(anonymous_24)
FN:417,(anonymous_25)
FN:479,(anonymous_26)
FN:488,(anonymous_27)
FN:496,(anonymous_28)
FN:503,(anonymous_29)
FN:559,(anonymous_30)
FN:563,(anonymous_31)
FN:576,(anonymous_32)
FN:595,(anonymous_33)
FN:596,(anonymous_34)
FN:618,(anonymous_35)
FN:619,(anonymous_36)
FN:636,(anonymous_37)
FN:637,(anonymous_38)
FN:671,(anonymous_39)
FN:677,(anonymous_40)
FN:679,(anonymous_41)
FNF:42
FNH:22
FNDA:37,(anonymous_0)
FNDA:16,(anonymous_1)
FNDA:16,(anonymous_2)
FNDA:19,(anonymous_3)
FNDA:36,(anonymous_4)
FNDA:1,(anonymous_5)
FNDA:6,(anonymous_6)
FNDA:11,(anonymous_7)
FNDA:1,(anonymous_8)
FNDA:1,(anonymous_9)
FNDA:0,(anonymous_10)
FNDA:0,(anonymous_11)
FNDA:0,(anonymous_12)
FNDA:0,(anonymous_13)
FNDA:38,(anonymous_14)
FNDA:38,(anonymous_15)
FNDA:38,(anonymous_16)
FNDA:0,(anonymous_17)
FNDA:38,(anonymous_18)
FNDA:1,(anonymous_19)
FNDA:0,(anonymous_20)
FNDA:40,(anonymous_21)
FNDA:1,(anonymous_22)
FNDA:0,(anonymous_23)
FNDA:0,(anonymous_24)
FNDA:38,(anonymous_25)
FNDA:1,(anonymous_26)
FNDA:1,(anonymous_27)
FNDA:0,(anonymous_28)
FNDA:0,(anonymous_29)
FNDA:0,(anonymous_30)
FNDA:0,(anonymous_31)
FNDA:0,(anonymous_32)
FNDA:6,(anonymous_33)
FNDA:11,(anonymous_34)
FNDA:0,(anonymous_35)
FNDA:0,(anonymous_36)
FNDA:0,(anonymous_37)
FNDA:0,(anonymous_38)
FNDA:0,(anonymous_39)
FNDA:0,(anonymous_40)
FNDA:0,(anonymous_41)
DA:67,1
DA:68,37
DA:69,37
DA:70,36
DA:71,36
DA:72,36
DA:73,36
DA:74,36
DA:75,36
DA:76,36
DA:77,36
DA:78,36
DA:79,36
DA:80,36
DA:82,36
DA:84,36
DA:85,16
DA:86,16
DA:87,16
DA:90,36
DA:91,19
DA:92,19
DA:103,18
DA:104,18
DA:105,36
DA:106,18
DA:108,1
DA:109,1
DA:113,36
DA:114,1
DA:115,1
DA:116,1
DA:118,1
DA:119,1
DA:121,1
DA:122,1
DA:124,0
DA:127,1
DA:136,1
DA:137,11
DA:138,6
DA:144,1
DA:146,0
DA:150,36
DA:151,1
DA:152,1
DA:153,1
DA:154,1
DA:156,0
DA:160,36
DA:161,1
DA:162,1
DA:163,1
DA:164,1
DA:166,0
DA:170,36
DA:171,0
DA:172,0
DA:173,0
DA:174,0
DA:176,0
DA:180,36
DA:181,0
DA:182,0
DA:183,0
DA:184,0
DA:185,0
DA:187,0
DA:191,36
DA:192,0
DA:193,0
DA:194,0
DA:195,0
DA:197,0
DA:199,0
DA:203,36
DA:204,38
DA:206,19
DA:208,19
DA:210,0
DA:214,36
DA:215,38
DA:216,38
DA:218,19
DA:220,19
DA:222,0
DA:226,36
DA:227,38
DA:229,19
DA:231,19
DA:233,0
DA:236,0
DA:238,0
DA:242,36
DA:243,0
DA:246,36
DA:247,38
DA:248,38
DA:249,38
DA:250,38
DA:252,38
DA:253,38
DA:254,38
DA:255,38
DA:256,38
DA:257,38
DA:260,36
DA:261,15
DA:269,21
DA:281,1
DA:282,1
DA:315,0
DA:320,40
DA:365,1
DA:376,0
DA:390,0
DA:418,38
DA:419,38
DA:479,1
DA:488,1
DA:496,0
DA:503,0
DA:559,0
DA:563,0
DA:576,0
DA:596,11
DA:597,6
DA:602,6
DA:619,0
DA:637,0
DA:671,0
DA:678,0
DA:679,0
DA:680,0
DA:689,0
DA:690,0
DA:691,0
DA:692,0
DA:694,0
LF:139
LH:93
BRDA:94,0,0,19
BRDA:94,0,1,18
BRDA:95,1,0,19
BRDA:95,1,1,19
BRDA:97,2,0,0
BRDA:97,2,1,19
BRDA:99,3,0,19
BRDA:99,3,1,19
BRDA:115,4,0,1
BRDA:115,4,1,1
BRDA:137,5,0,11
BRDA:137,5,1,2
BRDA:139,6,0,6
BRDA:139,6,1,4
BRDA:139,6,2,2
BRDA:140,7,0,6
BRDA:140,7,1,4
BRDA:140,7,2,2
BRDA:172,8,0,0
BRDA:172,8,1,0
BRDA:181,9,0,0
BRDA:181,9,1,0
BRDA:194,10,0,0
BRDA:194,10,1,0
BRDA:204,11,0,19
BRDA:204,11,1,19
BRDA:204,11,2,0
BRDA:206,12,0,0
BRDA:206,12,1,19
BRDA:208,13,0,0
BRDA:208,13,1,19
BRDA:210,14,0,0
BRDA:210,14,1,0
BRDA:216,15,0,19
BRDA:216,15,1,19
BRDA:216,15,2,0
BRDA:218,16,0,0
BRDA:218,16,1,19
BRDA:220,17,0,0
BRDA:220,17,1,19
BRDA:222,18,0,0
BRDA:222,18,1,0
BRDA:227,19,0,19
BRDA:227,19,1,19
BRDA:227,19,2,0
BRDA:227,19,3,0
BRDA:227,19,4,0
BRDA:227,19,5,0
BRDA:252,20,0,0
BRDA:252,20,1,38
BRDA:253,21,0,0
BRDA:253,21,1,38
BRDA:255,22,0,0
BRDA:255,22,1,38
BRDA:260,23,0,15
BRDA:260,23,1,21
BRDA:264,24,0,0
BRDA:264,24,1,15
BRDA:274,25,0,0
BRDA:274,25,1,21
BRDA:275,26,0,0
BRDA:275,26,1,21
BRDA:300,27,0,0
BRDA:300,27,1,21
BRDA:303,28,0,0
BRDA:303,28,1,21
BRDA:304,29,0,0
BRDA:304,29,1,21
BRDA:307,30,0,0
BRDA:307,30,1,21
BRDA:308,31,0,0
BRDA:308,31,1,21
BRDA:309,32,0,21
BRDA:309,32,1,21
BRDA:316,33,0,0
BRDA:316,33,1,21
BRDA:327,34,0,21
BRDA:327,34,1,20
BRDA:329,35,0,0
BRDA:329,35,1,20
BRDA:330,36,0,0
BRDA:330,36,1,20
BRDA:331,37,0,0
BRDA:331,37,1,20
BRDA:333,38,0,0
BRDA:333,38,1,20
BRDA:334,39,0,0
BRDA:334,39,1,20
BRDA:335,40,0,0
BRDA:335,40,1,20
BRDA:337,41,0,0
BRDA:337,41,1,20
BRDA:338,42,0,0
BRDA:338,42,1,20
BRDA:339,43,0,0
BRDA:339,43,1,20
BRDA:341,44,0,0
BRDA:341,44,1,20
BRDA:342,45,0,0
BRDA:342,45,1,20
BRDA:343,46,0,0
BRDA:343,46,1,20
BRDA:345,47,0,0
BRDA:345,47,1,20
BRDA:346,48,0,0
BRDA:346,48,1,20
BRDA:347,49,0,0
BRDA:347,49,1,20
BRDA:349,50,0,0
BRDA:349,50,1,20
BRDA:350,51,0,0
BRDA:350,51,1,20
BRDA:351,52,0,0
BRDA:351,52,1,20
BRDA:359,53,0,0
BRDA:359,53,1,21
BRDA:360,54,0,0
BRDA:360,54,1,21
BRDA:366,55,0,0
BRDA:366,55,1,21
BRDA:377,56,0,0
BRDA:377,56,1,21
BRDA:386,57,0,0
BRDA:386,57,1,21
BRDA:391,58,0,0
BRDA:391,58,1,21
BRDA:396,59,0,21
BRDA:396,59,1,20
BRDA:396,59,2,19
BRDA:410,60,0,2
BRDA:410,60,1,19
BRDA:412,61,0,0
BRDA:412,61,1,2
BRDA:413,62,0,0
BRDA:413,62,1,2
BRDA:414,63,0,0
BRDA:414,63,1,2
BRDA:423,64,0,19
BRDA:423,64,1,19
BRDA:424,65,0,19
BRDA:424,65,1,0
BRDA:426,66,0,0
BRDA:426,66,1,38
BRDA:433,67,0,0
BRDA:433,67,1,38
BRDA:436,68,0,38
BRDA:436,68,1,0
BRDA:437,69,0,0
BRDA:437,69,1,0
BRDA:441,70,0,38
BRDA:441,70,1,19
BRDA:441,70,2,19
BRDA:442,71,0,0
BRDA:442,71,1,19
BRDA:447,72,0,0
BRDA:447,72,1,38
BRDA:448,73,0,0
BRDA:448,73,1,38
BRDA:449,74,0,38
BRDA:449,74,1,0
BRDA:450,75,0,0
BRDA:450,75,1,38
BRDA:455,76,0,0
BRDA:455,76,1,0
BRDA:460,77,0,38
BRDA:460,77,1,38
BRDA:461,78,0,0
BRDA:461,78,1,38
BRDA:463,79,0,38
BRDA:463,79,1,38
BRDA:463,79,2,38
BRDA:464,80,0,0
BRDA:464,80,1,38
BRDA:477,81,0,38
BRDA:477,81,1,19
BRDA:480,82,0,0
BRDA:480,82,1,19
BRDA:486,83,0,38
BRDA:486,83,1,38
BRDA:489,84,0,0
BRDA:489,84,1,38
BRDA:497,85,0,0
BRDA:497,85,1,38
BRDA:504,86,0,0
BRDA:504,86,1,38
BRDA:506,87,0,0
BRDA:506,87,1,38
BRDA:512,88,0,38
BRDA:512,88,1,0
BRDA:513,89,0,0
BRDA:513,89,1,0
BRDA:516,90,0,0
BRDA:516,90,1,0
BRDA:517,91,0,0
BRDA:517,91,1,0
BRDA:519,92,0,0
BRDA:519,92,1,0
BRDA:521,93,0,0
BRDA:521,93,1,0
BRDA:522,94,0,0
BRDA:522,94,1,0
BRDA:523,95,0,0
BRDA:523,95,1,0
BRDA:524,96,0,0
BRDA:524,96,1,0
BRDA:528,97,0,0
BRDA:528,97,1,0
BRDA:530,98,0,0
BRDA:530,98,1,0
BRDA:531,99,0,0
BRDA:531,99,1,0
BRDA:535,100,0,0
BRDA:535,100,1,0
BRDA:536,101,0,0
BRDA:536,101,1,0
BRDA:539,102,0,0
BRDA:539,102,1,0
BRDA:541,103,0,0
BRDA:541,103,1,0
BRDA:542,104,0,0
BRDA:542,104,1,0
BRDA:556,105,0,21
BRDA:556,105,1,1
BRDA:562,106,0,0
BRDA:562,106,1,1
BRDA:567,107,0,0
BRDA:567,107,1,1
BRDA:571,108,0,0
BRDA:571,108,1,1
BRDA:577,109,0,0
BRDA:577,109,1,1
BRDA:585,110,0,0
BRDA:585,110,1,1
BRDA:586,111,0,0
BRDA:586,111,1,1
BRDA:596,112,0,11
BRDA:596,112,1,2
BRDA:597,113,0,6
BRDA:597,113,1,0
BRDA:598,114,0,0
BRDA:598,114,1,0
BRDA:599,115,0,0
BRDA:599,115,1,0
BRDA:603,116,0,0
BRDA:603,116,1,6
BRDA:606,117,0,0
BRDA:606,117,1,6
BRDA:607,118,0,0
BRDA:607,118,1,6
BRDA:609,119,0,0
BRDA:609,119,1,6
BRDA:613,120,0,0
BRDA:613,120,1,6
BRDA:616,121,0,1
BRDA:616,121,1,5
BRDA:623,122,0,0
BRDA:623,122,1,0
BRDA:627,123,0,0
BRDA:627,123,1,6
BRDA:631,124,0,0
BRDA:631,124,1,6
BRDA:634,125,0,1
BRDA:634,125,1,5
BRDA:641,126,0,0
BRDA:641,126,1,0
BRDA:645,127,0,0
BRDA:645,127,1,6
BRDA:655,128,0,0
BRDA:655,128,1,1
BRDA:656,129,0,0
BRDA:656,129,1,1
BRDA:659,130,0,0
BRDA:659,130,1,1
BRDA:663,131,0,0
BRDA:663,131,1,1
BRDA:672,132,0,0
BRDA:672,132,1,1
BRDA:681,133,0,0
BRDA:681,133,1,0
BRF:279
BRH:136
end_of_record
TN:
SF:src\pages\Dashboard.tsx
FN:13,(anonymous_0)
FN:15,(anonymous_1)
FN:22,(anonymous_2)
FN:26,(anonymous_3)
FN:32,(anonymous_4)
FN:33,(anonymous_5)
FN:78,(anonymous_6)
FN:92,(anonymous_7)
FN:124,(anonymous_8)
FN:141,(anonymous_9)
FN:218,(anonymous_10)
FN:246,(anonymous_11)
FNF:12
FNH:11
FNDA:20,(anonymous_0)
FNDA:26,(anonymous_1)
FNDA:20,(anonymous_2)
FNDA:20,(anonymous_3)
FNDA:13,(anonymous_4)
FNDA:13,(anonymous_5)
FNDA:13,(anonymous_6)
FNDA:0,(anonymous_7)
FNDA:48,(anonymous_8)
FNDA:20,(anonymous_9)
FNDA:40,(anonymous_10)
FNDA:30,(anonymous_11)
DA:13,20
DA:15,1
DA:16,26
DA:17,26
DA:18,25
DA:19,25
DA:20,25
DA:22,25
DA:26,25
DA:32,25
DA:33,13
DA:34,13
DA:35,13
DA:40,12
DA:41,12
DA:43,12
DA:44,11
DA:45,11
DA:46,11
DA:48,11
DA:49,22
DA:50,22
DA:51,20
DA:52,20
DA:53,0
DA:54,0
DA:55,0
DA:56,0
DA:57,0
DA:60,20
DA:62,2
DA:66,11
DA:69,1
DA:71,13
DA:75,13
DA:77,13
DA:78,13
DA:81,25
DA:82,13
DA:89,12
DA:92,0
DA:120,12
DA:125,48
DA:142,20
DA:219,40
DA:247,30
DA:248,30
LF:47
LH:41
BRDA:22,0,0,10
BRDA:22,0,1,10
BRDA:23,1,0,0
BRDA:23,1,1,10
BRDA:24,2,0,0
BRDA:24,2,1,10
BRDA:26,3,0,10
BRDA:26,3,1,10
BRDA:27,4,0,0
BRDA:27,4,1,10
BRDA:28,5,0,0
BRDA:28,5,1,10
BRDA:29,6,0,0
BRDA:29,6,1,0
BRDA:30,7,0,0
BRDA:30,7,1,10
BRDA:43,8,0,11
BRDA:43,8,1,1
BRDA:51,9,0,20
BRDA:51,9,1,0
BRDA:51,10,0,20
BRDA:51,10,1,20
BRDA:53,11,0,0
BRDA:53,11,1,0
BRDA:56,12,0,0
BRDA:56,12,1,0
BRDA:60,13,0,20
BRDA:60,13,1,0
BRDA:81,14,0,13
BRDA:81,14,1,12
BRDA:92,15,0,12
BRDA:92,15,1,2
BRDA:95,16,0,0
BRDA:95,16,1,12
BRDA:101,17,0,0
BRDA:101,17,1,12
BRDA:102,18,0,0
BRDA:102,18,1,12
BRDA:108,19,0,0
BRDA:108,19,1,12
BRDA:109,20,0,0
BRDA:109,20,1,12
BRDA:115,21,0,0
BRDA:115,21,1,12
BRDA:116,22,0,0
BRDA:116,22,1,12
BRDA:131,23,0,0
BRDA:131,23,1,48
BRDA:132,24,0,0
BRDA:132,24,1,48
BRDA:145,25,0,0
BRDA:145,25,1,20
BRDA:149,26,0,0
BRDA:149,26,1,20
BRDA:150,27,0,20
BRDA:150,27,1,0
BRDA:152,28,0,0
BRDA:152,28,1,20
BRDA:165,29,0,0
BRDA:165,29,1,20
BRDA:166,30,0,0
BRDA:166,30,1,20
BRDA:168,31,0,20
BRDA:168,31,1,0
BRDA:169,32,0,20
BRDA:169,32,1,0
BRDA:174,33,0,20
BRDA:174,33,1,10
BRDA:177,34,0,0
BRDA:177,34,1,10
BRDA:178,35,0,0
BRDA:178,35,1,10
BRDA:180,36,0,0
BRDA:180,36,1,10
BRDA:189,37,0,0
BRDA:189,37,1,20
BRDA:190,38,0,0
BRDA:190,38,1,20
BRDA:192,39,0,0
BRDA:192,39,1,20
BRDA:199,40,0,0
BRDA:199,40,1,20
BRDA:214,41,0,12
BRDA:214,41,1,10
BRDA:216,42,0,0
BRDA:216,42,1,10
BRDA:221,43,0,40
BRDA:221,43,1,0
BRDA:224,44,0,0
BRDA:224,44,1,40
BRDA:228,45,0,40
BRDA:228,45,1,0
BRDA:229,46,0,0
BRDA:229,46,1,40
BRDA:230,47,0,0
BRDA:230,47,1,0
BRDA:242,48,0,12
BRDA:242,48,1,10
BRDA:244,49,0,0
BRDA:244,49,1,10
BRDA:251,50,0,0
BRDA:251,50,1,30
BRDA:254,51,0,0
BRDA:254,51,1,30
BRDA:256,52,0,0
BRDA:256,52,1,30
BRDA:259,53,0,0
BRDA:259,53,1,30
BRDA:259,54,0,0
BRDA:259,54,1,30
BRF:110
BRH:60
end_of_record
TN:
SF:src\pages\Jobs.tsx
FN:41,(anonymous_0)
FN:48,(anonymous_1)
FN:49,(anonymous_2)
FN:52,(anonymous_3)
FN:74,(anonymous_4)
FN:77,(anonymous_5)
FN:82,(anonymous_6)
FN:97,(anonymous_7)
FN:104,(anonymous_8)
FN:114,(anonymous_9)
FN:116,(anonymous_10)
FN:117,(anonymous_11)
FN:118,(anonymous_12)
FN:120,(anonymous_13)
FN:121,(anonymous_14)
FN:124,(anonymous_15)
FN:127,(anonymous_16)
FN:142,(anonymous_17)
FN:161,(anonymous_18)
FN:162,(anonymous_19)
FN:173,(anonymous_20)
FN:330,(anonymous_21)
FN:347,(anonymous_22)
FN:467,(anonymous_23)
FN:521,(anonymous_24)
FNF:25
FNH:20
FNDA:10,(anonymous_0)
FNDA:5,(anonymous_1)
FNDA:5,(anonymous_2)
FNDA:4,(anonymous_3)
FNDA:5,(anonymous_4)
FNDA:0,(anonymous_5)
FNDA:8,(anonymous_6)
FNDA:4,(anonymous_7)
FNDA:5,(anonymous_8)
FNDA:5,(anonymous_9)
FNDA:4,(anonymous_10)
FNDA:4,(anonymous_11)
FNDA:4,(anonymous_12)
FNDA:4,(anonymous_13)
FNDA:4,(anonymous_14)
FNDA:4,(anonymous_15)
FNDA:4,(anonymous_16)
FNDA:4,(anonymous_17)
FNDA:0,(anonymous_18)
FNDA:0,(anonymous_19)
FNDA:8,(anonymous_20)
FNDA:4,(anonymous_21)
FNDA:0,(anonymous_22)
FNDA:0,(anonymous_23)
FNDA:4,(anonymous_24)
DA:41,1
DA:42,10
DA:43,10
DA:44,10
DA:45,10
DA:46,10
DA:48,10
DA:49,5
DA:50,5
DA:51,5
DA:52,5
DA:53,5
DA:55,5
DA:56,5
DA:57,4
DA:58,4
DA:59,4
DA:61,0
DA:64,5
DA:66,0
DA:68,5
DA:72,5
DA:73,5
DA:74,5
DA:77,10
DA:78,0
DA:79,0
DA:82,10
DA:83,8
DA:84,8
DA:85,8
DA:86,8
DA:88,8
DA:89,8
DA:90,8
DA:92,8
DA:93,0
DA:94,0
DA:97,10
DA:98,4
DA:99,4
DA:100,4
DA:101,4
DA:104,10
DA:105,5
DA:106,5
DA:107,5
DA:109,5
DA:110,1
DA:111,1
DA:114,10
DA:115,5
DA:116,5
DA:117,5
DA:118,5
DA:120,5
DA:121,5
DA:123,5
DA:124,4
DA:127,5
DA:128,4
DA:130,5
DA:142,10
DA:143,4
DA:144,0
DA:146,4
DA:147,0
DA:152,4
DA:153,4
DA:158,0
DA:161,10
DA:162,0
DA:163,0
DA:164,0
DA:165,0
DA:167,0
DA:169,0
DA:173,10
DA:174,8
DA:175,8
DA:176,8
DA:179,10
DA:180,5
DA:187,5
DA:189,5
DA:331,4
DA:332,4
DA:333,4
DA:335,4
DA:347,0
DA:468,0
DA:522,4
DA:523,4
DA:525,4
LF:94
LH:77
BRDA:78,0,0,0
BRDA:78,0,1,0
BRDA:83,1,0,0
BRDA:83,1,1,8
BRDA:85,2,0,0
BRDA:85,2,1,8
BRDA:92,3,0,8
BRDA:92,3,1,0
BRDA:93,4,0,0
BRDA:93,4,1,0
BRDA:98,5,0,0
BRDA:98,5,1,4
BRDA:100,6,0,0
BRDA:100,6,1,4
BRDA:109,7,0,4
BRDA:109,7,1,1
BRDA:110,8,0,0
BRDA:110,8,1,1
BRDA:116,9,0,4
BRDA:116,9,1,4
BRDA:120,10,0,4
BRDA:120,10,1,0
BRDA:121,11,0,4
BRDA:121,11,1,0
BRDA:123,12,0,4
BRDA:123,12,1,1
BRDA:124,13,0,4
BRDA:124,13,1,0
BRDA:143,14,0,0
BRDA:143,14,1,4
BRDA:144,15,0,0
BRDA:144,15,1,0
BRDA:146,16,0,0
BRDA:146,16,1,4
BRDA:147,17,0,0
BRDA:147,17,1,0
BRDA:152,18,0,4
BRDA:152,18,1,0
BRDA:153,19,0,0
BRDA:153,19,1,4
BRDA:158,20,0,0
BRDA:158,20,1,0
BRDA:164,21,0,0
BRDA:164,21,1,0
BRDA:174,22,0,0
BRDA:174,22,1,8
BRDA:174,23,0,8
BRDA:174,23,1,8
BRDA:175,24,0,0
BRDA:175,24,1,8
BRDA:179,25,0,5
BRDA:179,25,1,5
BRDA:193,26,0,0
BRDA:193,26,1,5
BRDA:197,27,0,0
BRDA:197,27,1,5
BRDA:206,28,0,0
BRDA:206,28,1,5
BRDA:211,29,0,0
BRDA:211,29,1,5
BRDA:213,30,0,0
BRDA:213,30,1,5
BRDA:214,31,0,0
BRDA:214,31,1,5
BRDA:217,32,0,0
BRDA:217,32,1,5
BRDA:218,33,0,0
BRDA:218,33,1,5
BRDA:223,34,0,0
BRDA:223,34,1,5
BRDA:225,35,0,0
BRDA:225,35,1,5
BRDA:226,36,0,0
BRDA:226,36,1,5
BRDA:229,37,0,0
BRDA:229,37,1,5
BRDA:230,38,0,0
BRDA:230,38,1,5
BRDA:235,39,0,0
BRDA:235,39,1,5
BRDA:237,40,0,0
BRDA:237,40,1,5
BRDA:238,41,0,0
BRDA:238,41,1,5
BRDA:241,42,0,0
BRDA:241,42,1,5
BRDA:242,43,0,0
BRDA:242,43,1,5
BRDA:247,44,0,0
BRDA:247,44,1,5
BRDA:249,45,0,0
BRDA:249,45,1,5
BRDA:250,46,0,0
BRDA:250,46,1,5
BRDA:253,47,0,0
BRDA:253,47,1,5
BRDA:254,48,0,0
BRDA:254,48,1,5
BRDA:262,49,0,0
BRDA:262,49,1,5
BRDA:265,50,0,0
BRDA:265,50,1,5
BRDA:266,51,0,0
BRDA:266,51,1,5
BRDA:269,52,0,0
BRDA:269,52,1,5
BRDA:270,53,0,0
BRDA:270,53,1,5
BRDA:272,54,0,5
BRDA:272,54,1,4
BRDA:273,55,0,0
BRDA:273,55,1,4
BRDA:281,56,0,0
BRDA:281,56,1,5
BRDA:283,57,0,0
BRDA:283,57,1,5
BRDA:284,58,0,0
BRDA:284,58,1,5
BRDA:287,59,0,0
BRDA:287,59,1,5
BRDA:289,60,0,0
BRDA:289,60,1,5
BRDA:290,61,0,0
BRDA:290,61,1,5
BRDA:301,62,0,0
BRDA:301,62,1,5
BRDA:303,63,0,0
BRDA:303,63,1,5
BRDA:304,64,0,0
BRDA:304,64,1,5
BRDA:307,65,0,0
BRDA:307,65,1,5
BRDA:308,66,0,0
BRDA:308,66,1,5
BRDA:319,67,0,0
BRDA:319,67,1,5
BRDA:320,68,0,0
BRDA:320,68,1,5
BRDA:323,69,0,1
BRDA:323,69,1,4
BRDA:325,70,0,0
BRDA:325,70,1,1
BRDA:326,71,0,0
BRDA:326,71,1,1
BRDA:339,72,0,4
BRDA:339,72,1,0
BRDA:339,73,0,0
BRDA:339,73,1,4
BRDA:340,74,0,0
BRDA:340,74,1,0
BRDA:340,75,0,0
BRDA:340,75,1,0
BRDA:341,76,0,0
BRDA:341,76,1,0
BRDA:346,77,0,0
BRDA:346,77,1,4
BRDA:352,78,0,4
BRDA:352,78,1,0
BRDA:353,79,0,0
BRDA:353,79,1,0
BRDA:358,80,0,0
BRDA:358,80,1,4
BRDA:359,81,0,0
BRDA:359,81,1,4
BRDA:360,82,0,4
BRDA:360,82,1,0
BRDA:369,83,0,4
BRDA:369,83,1,4
BRDA:372,84,0,0
BRDA:372,84,1,4
BRDA:373,85,0,0
BRDA:373,85,1,4
BRDA:374,86,0,4
BRDA:374,86,1,4
BRDA:378,87,0,0
BRDA:378,87,1,4
BRDA:379,88,0,0
BRDA:379,88,1,4
BRDA:380,89,0,4
BRDA:380,89,1,0
BRDA:388,90,0,0
BRDA:388,90,1,4
BRDA:389,91,0,0
BRDA:389,91,1,4
BRDA:390,92,0,0
BRDA:390,92,1,0
BRDA:392,93,0,0
BRDA:392,93,1,4
BRDA:398,94,0,4
BRDA:398,94,1,4
BRDA:400,95,0,0
BRDA:400,95,1,4
BRDA:403,96,0,0
BRDA:403,96,1,4
BRDA:405,97,0,4
BRDA:405,97,1,0
BRDA:413,98,0,4
BRDA:413,98,1,0
BRDA:413,98,2,0
BRDA:414,99,0,0
BRDA:414,99,1,0
BRDA:417,100,0,0
BRDA:417,100,1,0
BRDA:418,101,0,0
BRDA:418,101,1,0
BRDA:419,102,0,0
BRDA:419,102,1,0
BRDA:421,103,0,0
BRDA:421,103,1,0
BRDA:422,104,0,0
BRDA:422,104,1,0
BRDA:423,105,0,0
BRDA:423,105,1,0
BRDA:423,106,0,0
BRDA:423,106,1,0
BRDA:425,107,0,0
BRDA:425,107,1,0
BRDA:426,108,0,0
BRDA:426,108,1,0
BRDA:427,109,0,0
BRDA:427,109,1,0
BRDA:427,110,0,0
BRDA:427,110,1,0
BRDA:429,111,0,0
BRDA:429,111,1,0
BRDA:430,112,0,0
BRDA:430,112,1,0
BRDA:431,113,0,0
BRDA:431,113,1,0
BRDA:436,114,0,0
BRDA:436,114,1,0
BRDA:437,115,0,0
BRDA:437,115,1,0
BRDA:443,116,0,0
BRDA:443,116,1,0
BRDA:444,117,0,0
BRDA:444,117,1,0
BRDA:452,118,0,0
BRDA:452,118,1,0
BRDA:453,119,0,0
BRDA:453,119,1,0
BRDA:454,120,0,0
BRDA:454,120,1,0
BRDA:455,121,0,0
BRDA:455,121,1,0
BRDA:461,122,0,0
BRDA:461,122,1,0
BRDA:461,122,2,0
BRDA:462,123,0,0
BRDA:462,123,1,0
BRDA:463,124,0,0
BRDA:463,124,1,0
BRDA:468,125,0,0
BRDA:468,125,1,0
BRDA:469,126,0,0
BRDA:469,126,1,0
BRDA:472,127,0,0
BRDA:472,127,1,0
BRDA:484,128,0,4
BRDA:484,128,1,0
BRDA:484,128,2,0
BRDA:484,128,3,0
BRDA:485,129,0,0
BRDA:485,129,1,0
BRDA:486,130,0,0
BRDA:486,130,1,0
BRDA:487,131,0,0
BRDA:487,131,1,0
BRDA:489,132,0,0
BRDA:489,132,1,0
BRDA:501,133,0,5
BRDA:501,133,1,4
BRDA:501,133,2,4
BRDA:505,134,0,0
BRDA:505,134,1,4
BRDA:511,135,0,0
BRDA:511,135,1,4
BRDA:512,136,0,0
BRDA:512,136,1,4
BRDA:513,137,0,0
BRDA:513,137,1,4
BRDA:514,138,0,0
BRDA:514,138,1,4
BRDA:515,139,0,0
BRDA:515,139,1,4
BRDA:516,140,0,0
BRDA:516,140,1,4
BRDA:517,141,0,0
BRDA:517,141,1,4
BRDA:526,142,0,0
BRDA:526,142,1,4
BRDA:527,143,0,0
BRDA:527,143,1,4
BRDA:530,144,0,4
BRDA:530,144,1,0
BRDA:530,145,0,0
BRDA:530,145,1,4
BRDA:531,146,0,0
BRDA:531,146,1,0
BRDA:531,147,0,0
BRDA:531,147,1,0
BRDA:532,148,0,0
BRDA:532,148,1,0
BRDA:534,149,0,4
BRDA:534,149,1,4
BRDA:535,150,0,4
BRDA:535,150,1,0
BRDA:539,151,0,0
BRDA:539,151,1,4
BRDA:539,152,0,4
BRDA:539,152,1,0
BRDA:540,153,0,0
BRDA:540,153,1,4
BRDA:540,154,0,4
BRDA:540,154,1,0
BRDA:543,155,0,0
BRDA:543,155,1,4
BRDA:546,156,0,0
BRDA:546,156,1,4
BRDA:547,157,0,4
BRDA:547,157,1,0
BRDA:550,158,0,4
BRDA:550,158,1,0
BRDA:553,159,0,0
BRDA:553,159,1,4
BRDA:554,160,0,4
BRDA:554,160,1,0
BRDA:558,161,0,0
BRDA:558,161,1,4
BRDA:559,162,0,4
BRDA:559,162,1,0
BRDA:566,163,0,0
BRDA:566,163,1,4
BRDA:567,164,0,0
BRDA:567,164,1,4
BRDA:569,165,0,0
BRDA:569,165,1,4
BRDA:573,166,0,0
BRDA:573,166,1,4
BRDA:574,167,0,0
BRDA:574,167,1,4
BRDA:574,168,0,4
BRDA:574,168,1,0
BRDA:575,169,0,0
BRDA:575,169,1,4
BRDA:576,170,0,0
BRDA:576,170,1,4
BRF:347
BRH:137
end_of_record
TN:
SF:src\pages\Login.tsx
FN:5,(anonymous_0)
FN:13,(anonymous_1)
FN:90,(anonymous_2)
FN:115,(anonymous_3)
FN:127,(anonymous_4)
FNF:5
FNH:5
FNDA:123,(anonymous_0)
FNDA:6,(anonymous_1)
FNDA:37,(anonymous_2)
FNDA:60,(anonymous_3)
FNDA:2,(anonymous_4)
DA:5,1
DA:6,123
DA:7,122
DA:8,122
DA:9,122
DA:10,122
DA:11,122
DA:13,122
DA:14,6
DA:15,6
DA:16,6
DA:18,6
DA:19,1
DA:20,1
DA:21,1
DA:24,5
DA:25,5
DA:26,2
DA:27,1
DA:30,1
DA:31,1
DA:32,1
DA:34,0
DA:37,3
DA:41,122
DA:90,37
DA:115,60
DA:127,2
LF:28
LH:27
BRDA:18,0,0,1
BRDA:18,0,1,5
BRDA:18,1,0,6
BRDA:18,1,1,5
BRDA:26,2,0,1
BRDA:26,2,1,1
BRDA:31,3,0,1
BRDA:31,3,1,0
BRDA:31,4,0,1
BRDA:31,4,1,0
BRDA:68,5,0,122
BRDA:68,5,1,3
BRDA:113,6,0,1
BRDA:113,6,1,121
BRDA:131,7,0,1
BRDA:131,7,1,121
BRDA:147,8,0,5
BRDA:147,8,1,117
BRDA:148,9,0,5
BRDA:148,9,1,117
BRDA:151,10,0,5
BRDA:151,10,1,117
BRF:22
BRH:20
end_of_record
TN:
SF:src\pages\Logs.tsx
FN:44,(anonymous_0)
FN:84,(anonymous_1)
FN:87,(anonymous_2)
FN:90,(anonymous_3)
FN:115,(anonymous_4)
FN:123,(anonymous_5)
FN:127,(anonymous_6)
FN:151,(anonymous_7)
FN:162,(anonymous_8)
FN:163,(anonymous_9)
FN:174,(anonymous_10)
FN:178,(anonymous_11)
FN:179,(anonymous_12)
FN:183,(anonymous_13)
FN:187,(anonymous_14)
FN:221,(anonymous_15)
FN:228,(anonymous_16)
FN:267,(anonymous_17)
FN:271,(anonymous_18)
FN:307,(anonymous_19)
FN:318,(anonymous_20)
FN:329,(anonymous_21)
FN:352,(anonymous_22)
FN:364,(anonymous_23)
FN:368,(anonymous_24)
FN:377,(anonymous_25)
FN:394,(anonymous_26)
FN:395,(anonymous_27)
FN:414,(anonymous_28)
FN:419,(anonymous_29)
FN:443,(anonymous_30)
FN:452,(anonymous_31)
FNF:32
FNH:12
FNDA:19,(anonymous_0)
FNDA:9,(anonymous_1)
FNDA:9,(anonymous_2)
FNDA:9,(anonymous_3)
FNDA:0,(anonymous_4)
FNDA:0,(anonymous_5)
FNDA:0,(anonymous_6)
FNDA:0,(anonymous_7)
FNDA:0,(anonymous_8)
FNDA:0,(anonymous_9)
FNDA:27,(anonymous_10)
FNDA:27,(anonymous_11)
FNDA:99,(anonymous_12)
FNDA:0,(anonymous_13)
FNDA:27,(anonymous_14)
FNDA:0,(anonymous_15)
FNDA:0,(anonymous_16)
FNDA:0,(anonymous_17)
FNDA:0,(anonymous_18)
FNDA:0,(anonymous_19)
FNDA:0,(anonymous_20)
FNDA:0,(anonymous_21)
FNDA:1,(anonymous_22)
FNDA:0,(anonymous_23)
FNDA:140,(anonymous_24)
FNDA:0,(anonymous_25)
FNDA:0,(anonymous_26)
FNDA:0,(anonymous_27)
FNDA:140,(anonymous_28)
FNDA:0,(anonymous_29)
FNDA:27,(anonymous_30)
FNDA:0,(anonymous_31)
DA:44,1
DA:45,19
DA:46,19
DA:47,18
DA:48,18
DA:49,18
DA:50,18
DA:51,18
DA:52,18
DA:53,18
DA:54,18
DA:55,18
DA:56,18
DA:58,18
DA:60,18
DA:67,18
DA:84,18
DA:85,9
DA:86,9
DA:87,9
DA:90,18
DA:91,9
DA:94,9
DA:95,0
DA:96,9
DA:97,0
DA:99,9
DA:108,9
DA:113,9
DA:114,9
DA:115,9
DA:116,9
DA:118,0
DA:119,0
DA:123,18
DA:124,0
DA:127,18
DA:128,0
DA:129,0
DA:136,0
DA:137,0
DA:138,0
DA:139,0
DA:140,0
DA:141,0
DA:142,0
DA:143,0
DA:145,0
DA:147,0
DA:151,18
DA:152,0
DA:153,0
DA:154,0
DA:155,0
DA:156,0
DA:158,0
DA:162,18
DA:163,0
DA:164,0
DA:165,0
DA:166,0
DA:168,0
DA:170,0
DA:174,18
DA:175,27
DA:178,18
DA:179,99
DA:180,27
DA:183,18
DA:184,0
DA:187,18
DA:188,27
DA:189,27
DA:190,27
DA:191,27
DA:193,27
DA:194,27
DA:195,27
DA:196,27
DA:197,27
DA:198,27
DA:201,18
DA:202,8
DA:210,10
DA:221,0
DA:228,0
DA:267,0
DA:272,0
DA:307,0
DA:318,0
DA:329,0
DA:352,1
DA:364,0
DA:369,140
DA:377,0
DA:394,0
DA:395,0
DA:415,140
DA:416,140
DA:419,0
DA:444,27
DA:445,27
DA:446,27
DA:448,27
DA:452,0
LF:105
LH:62
BRDA:61,0,0,0
BRDA:61,0,1,18
BRDA:61,1,0,0
BRDA:61,1,1,18
BRDA:61,2,0,0
BRDA:61,2,1,18
BRDA:62,3,0,0
BRDA:62,3,1,18
BRDA:62,4,0,0
BRDA:62,4,1,18
BRDA:62,5,0,0
BRDA:62,5,1,18
BRDA:63,6,0,0
BRDA:63,6,1,18
BRDA:63,7,0,0
BRDA:63,7,1,18
BRDA:63,8,0,0
BRDA:63,8,1,18
BRDA:64,9,0,0
BRDA:64,9,1,18
BRDA:64,10,0,0
BRDA:64,10,1,18
BRDA:64,11,0,0
BRDA:64,11,1,18
BRDA:68,12,0,0
BRDA:68,12,1,18
BRDA:69,13,0,0
BRDA:69,13,1,18
BRDA:70,14,0,0
BRDA:70,14,1,18
BRDA:71,15,0,0
BRDA:71,15,1,18
BRDA:72,16,0,0
BRDA:72,16,1,18
BRDA:73,17,0,0
BRDA:73,17,1,18
BRDA:74,18,0,0
BRDA:74,18,1,18
BRDA:75,19,0,0
BRDA:75,19,1,18
BRDA:76,20,0,0
BRDA:76,20,1,18
BRDA:77,21,0,0
BRDA:77,21,1,18
BRDA:78,22,0,0
BRDA:78,22,1,18
BRDA:79,23,0,0
BRDA:79,23,1,18
BRDA:80,24,0,0
BRDA:80,24,1,18
BRDA:81,25,0,0
BRDA:81,25,1,18
BRDA:94,26,0,0
BRDA:94,26,1,9
BRDA:95,27,0,0
BRDA:95,27,1,0
BRDA:96,28,0,0
BRDA:96,28,1,9
BRDA:97,29,0,0
BRDA:97,29,1,0
BRDA:100,30,0,9
BRDA:100,30,1,8
BRDA:101,31,0,9
BRDA:101,31,1,9
BRDA:102,32,0,9
BRDA:102,32,1,9
BRDA:103,33,0,9
BRDA:103,33,1,9
BRDA:109,34,0,9
BRDA:109,34,1,9
BRDA:131,35,0,0
BRDA:131,35,1,0
BRDA:132,36,0,0
BRDA:132,36,1,0
BRDA:133,37,0,0
BRDA:133,37,1,0
BRDA:152,38,0,0
BRDA:152,38,1,0
BRDA:165,39,0,0
BRDA:165,39,1,0
BRDA:175,40,0,27
BRDA:175,40,1,0
BRDA:180,41,0,27
BRDA:180,41,1,0
BRDA:180,42,0,0
BRDA:180,42,1,0
BRDA:193,43,0,0
BRDA:193,43,1,27
BRDA:194,44,0,0
BRDA:194,44,1,27
BRDA:196,45,0,0
BRDA:196,45,1,27
BRDA:201,46,0,8
BRDA:201,46,1,10
BRDA:205,47,0,0
BRDA:205,47,1,8
BRDA:215,48,0,0
BRDA:215,48,1,10
BRDA:216,49,0,0
BRDA:216,49,1,10
BRDA:236,50,0,0
BRDA:236,50,1,10
BRDA:252,51,0,0
BRDA:252,51,1,10
BRDA:255,52,0,0
BRDA:255,52,1,10
BRDA:256,53,0,0
BRDA:256,53,1,10
BRDA:259,54,0,0
BRDA:259,54,1,10
BRDA:260,55,0,0
BRDA:260,55,1,10
BRDA:261,56,0,10
BRDA:261,56,1,10
BRDA:268,57,0,0
BRDA:268,57,1,10
BRDA:279,58,0,10
BRDA:279,58,1,10
BRDA:281,59,0,0
BRDA:281,59,1,10
BRDA:282,60,0,0
BRDA:282,60,1,10
BRDA:283,61,0,0
BRDA:283,61,1,10
BRDA:285,62,0,0
BRDA:285,62,1,10
BRDA:286,63,0,0
BRDA:286,63,1,10
BRDA:287,64,0,0
BRDA:287,64,1,10
BRDA:289,65,0,0
BRDA:289,65,1,10
BRDA:290,66,0,0
BRDA:290,66,1,10
BRDA:291,67,0,0
BRDA:291,67,1,10
BRDA:293,68,0,0
BRDA:293,68,1,10
BRDA:294,69,0,0
BRDA:294,69,1,10
BRDA:295,70,0,0
BRDA:295,70,1,10
BRDA:297,71,0,0
BRDA:297,71,1,10
BRDA:298,72,0,0
BRDA:298,72,1,10
BRDA:299,73,0,0
BRDA:299,73,1,10
BRDA:309,74,0,10
BRDA:309,74,1,0
BRDA:311,75,0,0
BRDA:311,75,1,0
BRDA:320,76,0,0
BRDA:320,76,1,10
BRDA:322,77,0,0
BRDA:322,77,1,10
BRDA:331,78,0,0
BRDA:331,78,1,10
BRDA:333,79,0,0
BRDA:333,79,1,10
BRDA:344,80,0,0
BRDA:344,80,1,10
BRDA:345,81,0,0
BRDA:345,81,1,10
BRDA:348,82,0,10
BRDA:348,82,1,10
BRDA:353,83,0,0
BRDA:353,83,1,10
BRDA:365,84,0,0
BRDA:365,84,1,10
BRDA:378,85,0,0
BRDA:378,85,1,10
BRDA:389,86,0,0
BRDA:389,86,1,10
BRDA:395,87,0,0
BRDA:395,87,1,0
BRDA:396,88,0,0
BRDA:396,88,1,10
BRDA:410,89,0,10
BRDA:410,89,1,10
BRDA:410,89,2,10
BRDA:410,89,3,10
BRDA:412,90,0,0
BRDA:412,90,1,10
BRDA:415,91,0,140
BRDA:415,91,1,113
BRDA:419,92,0,0
BRDA:419,92,1,0
BRDA:421,93,0,0
BRDA:421,93,1,140
BRDA:436,94,0,1
BRDA:436,94,1,9
BRDA:438,95,0,0
BRDA:438,95,1,1
BRDA:439,96,0,0
BRDA:439,96,1,1
BRDA:440,97,0,0
BRDA:440,97,1,1
BRDA:467,98,0,18
BRDA:467,98,1,9
BRDA:468,99,0,0
BRDA:468,99,1,18
BRDA:473,100,0,0
BRDA:473,100,1,9
BRDA:477,101,0,0
BRDA:477,101,1,27
BRDA:482,102,0,0
BRDA:482,102,1,27
BRDA:487,103,0,0
BRDA:487,103,1,27
BRDA:488,104,0,0
BRDA:488,104,1,27
BRDA:493,105,0,27
BRDA:493,105,1,0
BRDA:494,106,0,0
BRDA:494,106,1,0
BRDA:497,107,0,0
BRDA:497,107,1,0
BRDA:498,108,0,0
BRDA:498,108,1,0
BRDA:501,109,0,0
BRDA:501,109,1,0
BRDA:505,110,0,0
BRDA:505,110,1,0
BRDA:506,111,0,0
BRDA:506,111,1,0
BRDA:509,112,0,0
BRDA:509,112,1,0
BRDA:510,113,0,0
BRDA:510,113,1,0
BRDA:510,114,0,0
BRDA:510,114,1,0
BRDA:515,115,0,0
BRDA:515,115,1,0
BRDA:516,116,0,0
BRDA:516,116,1,0
BRDA:521,117,0,0
BRDA:521,117,1,0
BRDA:523,118,0,0
BRDA:523,118,1,0
BRDA:524,119,0,0
BRDA:524,119,1,0
BRDA:538,120,0,10
BRDA:538,120,1,0
BRDA:540,121,0,0
BRDA:540,121,1,0
BRF:246
BRH:111
end_of_record
TN:
SF:src\pages\Monitoring.tsx
FN:26,(anonymous_0)
FN:34,(anonymous_1)
FN:35,(anonymous_2)
FN:38,(anonymous_3)
FN:45,(anonymous_4)
FN:60,(anonymous_5)
FN:88,(anonymous_6)
FN:90,(anonymous_7)
FN:96,(anonymous_8)
FN:118,(anonymous_9)
FN:121,(anonymous_10)
FN:127,(anonymous_11)
FN:198,(anonymous_12)
FN:201,(anonymous_13)
FN:221,(anonymous_14)
FNF:15
FNH:0
FNDA:0,(anonymous_0)
FNDA:0,(anonymous_1)
FNDA:0,(anonymous_2)
FNDA:0,(anonymous_3)
FNDA:0,(anonymous_4)
FNDA:0,(anonymous_5)
FNDA:0,(anonymous_6)
FNDA:0,(anonymous_7)
FNDA:0,(anonymous_8)
FNDA:0,(anonymous_9)
FNDA:0,(anonymous_10)
FNDA:0,(anonymous_11)
FNDA:0,(anonymous_12)
FNDA:0,(anonymous_13)
FNDA:0,(anonymous_14)
DA:26,0
DA:27,0
DA:28,0
DA:29,0
DA:30,0
DA:31,0
DA:32,0
DA:34,0
DA:35,0
DA:36,0
DA:37,0
DA:38,0
DA:40,0
DA:41,0
DA:42,0
DA:45,0
DA:46,0
DA:47,0
DA:48,0
DA:51,0
DA:52,0
DA:55,0
DA:57,0
DA:58,0
DA:60,0
DA:61,0
DA:63,0
DA:64,0
DA:66,0
DA:68,0
DA:69,0
DA:80,0
DA:81,0
DA:82,0
DA:83,0
DA:84,0
DA:87,0
DA:88,0
DA:90,0
DA:94,0
DA:96,0
DA:98,0
DA:99,0
DA:110,0
DA:112,0
DA:116,0
DA:117,0
DA:118,0
DA:121,0
DA:122,0
DA:123,0
DA:124,0
DA:127,0
DA:128,0
DA:129,0
DA:130,0
DA:133,0
DA:134,0
DA:141,0
DA:180,0
DA:198,0
DA:202,0
DA:222,0
LF:63
LH:0
BRDA:40,0,0,0
BRDA:40,0,1,0
BRDA:45,1,0,0
BRDA:45,1,1,0
BRDA:46,2,0,0
BRDA:46,2,1,0
BRDA:51,3,0,0
BRDA:51,3,1,0
BRDA:51,4,0,0
BRDA:51,4,1,0
BRDA:57,5,0,0
BRDA:57,5,1,0
BRDA:57,6,0,0
BRDA:57,6,1,0
BRDA:61,7,0,0
BRDA:61,7,1,0
BRDA:61,8,0,0
BRDA:61,8,1,0
BRDA:64,9,0,0
BRDA:64,9,1,0
BRDA:68,10,0,0
BRDA:68,10,1,0
BRDA:80,11,0,0
BRDA:80,11,1,0
BRDA:81,12,0,0
BRDA:81,12,1,0
BRDA:82,13,0,0
BRDA:82,13,1,0
BRDA:83,14,0,0
BRDA:83,14,1,0
BRDA:84,15,0,0
BRDA:84,15,1,0
BRDA:98,16,0,0
BRDA:98,16,1,0
BRDA:100,17,0,0
BRDA:100,17,1,0
BRDA:101,18,0,0
BRDA:101,18,1,0
BRDA:102,19,0,0
BRDA:102,19,1,0
BRDA:103,20,0,0
BRDA:103,20,1,0
BRDA:104,21,0,0
BRDA:104,21,1,0
BRDA:128,22,0,0
BRDA:128,22,1,0
BRDA:128,23,0,0
BRDA:128,23,1,0
BRDA:129,24,0,0
BRDA:129,24,1,0
BRDA:129,25,0,0
BRDA:129,25,1,0
BRDA:130,26,0,0
BRDA:130,26,1,0
BRDA:133,27,0,0
BRDA:133,27,1,0
BRDA:144,28,0,0
BRDA:144,28,1,0
BRDA:147,29,0,0
BRDA:147,29,1,0
BRDA:148,30,0,0
BRDA:148,30,1,0
BRDA:153,31,0,0
BRDA:153,31,1,0
BRDA:156,32,0,0
BRDA:156,32,1,0
BRDA:157,33,0,0
BRDA:157,33,1,0
BRDA:162,34,0,0
BRDA:162,34,1,0
BRDA:165,35,0,0
BRDA:165,35,1,0
BRDA:166,36,0,0
BRDA:166,36,1,0
BRDA:171,37,0,0
BRDA:171,37,1,0
BRDA:174,38,0,0
BRDA:174,38,1,0
BRDA:175,39,0,0
BRDA:175,39,1,0
BRDA:186,40,0,0
BRDA:186,40,1,0
BRDA:190,41,0,0
BRDA:190,41,1,0
BRDA:195,42,0,0
BRDA:195,42,1,0
BRDA:199,43,0,0
BRDA:199,43,1,0
BRDA:203,44,0,0
BRDA:203,44,1,0
BRDA:208,45,0,0
BRDA:208,45,1,0
BRDA:209,46,0,0
BRDA:209,46,1,0
BRDA:219,47,0,0
BRDA:219,47,1,0
BRDA:228,48,0,0
BRDA:228,48,1,0
BRDA:233,49,0,0
BRDA:233,49,1,0
BRDA:237,50,0,0
BRDA:237,50,1,0
BRDA:240,51,0,0
BRDA:240,51,1,0
BRDA:242,52,0,0
BRDA:242,52,1,0
BRDA:254,53,0,0
BRDA:254,53,1,0
BRDA:261,54,0,0
BRDA:261,54,1,0
BRDA:264,55,0,0
BRDA:264,55,1,0
BRDA:267,56,0,0
BRDA:267,56,1,0
BRDA:268,57,0,0
BRDA:268,57,1,0
BRDA:269,58,0,0
BRDA:269,58,1,0
BRDA:269,59,0,0
BRDA:269,59,1,0
BRDA:270,60,0,0
BRDA:270,60,1,0
BRDA:270,61,0,0
BRDA:270,61,1,0
BRDA:270,62,0,0
BRDA:270,62,1,0
BRDA:280,63,0,0
BRDA:280,63,1,0
BRDA:283,64,0,0
BRDA:283,64,1,0
BRDA:284,65,0,0
BRDA:284,65,1,0
BRDA:285,66,0,0
BRDA:285,66,1,0
BRDA:286,67,0,0
BRDA:286,67,1,0
BRDA:286,68,0,0
BRDA:286,68,1,0
BRDA:286,69,0,0
BRDA:286,69,1,0
BRDA:293,70,0,0
BRDA:293,70,1,0
BRDA:296,71,0,0
BRDA:296,71,1,0
BRDA:297,72,0,0
BRDA:297,72,1,0
BRDA:298,73,0,0
BRDA:298,73,1,0
BRDA:299,74,0,0
BRDA:299,74,1,0
BRDA:299,75,0,0
BRDA:299,75,1,0
BRDA:299,76,0,0
BRDA:299,76,1,0
BRDA:312,77,0,0
BRDA:312,77,1,0
BRDA:326,78,0,0
BRDA:326,78,1,0
BRDA:334,79,0,0
BRDA:334,79,1,0
BRDA:341,80,0,0
BRDA:341,80,1,0
BRDA:342,81,0,0
BRDA:342,81,1,0
BRF:164
BRH:0
end_of_record
TN:
SF:src\pages\Reports.tsx
FN:43,(anonymous_0)
FN:60,(anonymous_1)
FN:66,(anonymous_2)
FN:78,(anonymous_3)
FN:81,(anonymous_4)
FN:91,(anonymous_5)
FN:100,(anonymous_6)
FN:116,(anonymous_7)
FN:137,(anonymous_8)
FN:151,(anonymous_9)
FN:155,(anonymous_10)
FN:159,(anonymous_11)
FN:164,(anonymous_12)
FN:165,(anonymous_13)
FN:167,(anonymous_14)
FN:167,(anonymous_15)
FN:171,(anonymous_16)
FN:172,(anonymous_17)
FN:173,(anonymous_18)
FN:180,(anonymous_19)
FN:183,(anonymous_20)
FN:185,(anonymous_21)
FN:185,(anonymous_22)
FN:196,(anonymous_23)
FN:197,(anonymous_24)
FN:208,(anonymous_25)
FN:221,(anonymous_26)
FN:408,(anonymous_27)
FN:412,(anonymous_28)
FN:426,(anonymous_29)
FN:441,(anonymous_30)
FN:511,(anonymous_31)
FN:521,(anonymous_32)
FN:541,(anonymous_33)
FN:547,(anonymous_34)
FN:548,(anonymous_35)
FN:549,(anonymous_36)
FN:562,(anonymous_37)
FN:617,(anonymous_38)
FN:640,(anonymous_39)
FN:656,(anonymous_40)
FN:664,(anonymous_41)
FN:683,(anonymous_42)
FN:714,(anonymous_43)
FN:730,(anonymous_44)
FN:738,(anonymous_45)
FNF:46
FNH:31
FNDA:22,(anonymous_0)
FNDA:10,(anonymous_1)
FNDA:11,(anonymous_2)
FNDA:10,(anonymous_3)
FNDA:10,(anonymous_4)
FNDA:10,(anonymous_5)
FNDA:1,(anonymous_6)
FNDA:0,(anonymous_7)
FNDA:0,(anonymous_8)
FNDA:2,(anonymous_9)
FNDA:0,(anonymous_10)
FNDA:11,(anonymous_11)
FNDA:20,(anonymous_12)
FNDA:20,(anonymous_13)
FNDA:20,(anonymous_14)
FNDA:20,(anonymous_15)
FNDA:20,(anonymous_16)
FNDA:20,(anonymous_17)
FNDA:20,(anonymous_18)
FNDA:11,(anonymous_19)
FNDA:20,(anonymous_20)
FNDA:20,(anonymous_21)
FNDA:20,(anonymous_22)
FNDA:1,(anonymous_23)
FNDA:1,(anonymous_24)
FNDA:2,(anonymous_25)
FNDA:2,(anonymous_26)
FNDA:0,(anonymous_27)
FNDA:11,(anonymous_28)
FNDA:0,(anonymous_29)
FNDA:0,(anonymous_30)
FNDA:0,(anonymous_31)
FNDA:0,(anonymous_32)
FNDA:20,(anonymous_33)
FNDA:20,(anonymous_34)
FNDA:20,(anonymous_35)
FNDA:20,(anonymous_36)
FNDA:1,(anonymous_37)
FNDA:2,(anonymous_38)
FNDA:0,(anonymous_39)
FNDA:0,(anonymous_40)
FNDA:0,(anonymous_41)
FNDA:0,(anonymous_42)
FNDA:0,(anonymous_43)
FNDA:0,(anonymous_44)
FNDA:0,(anonymous_45)
DA:43,1
DA:44,22
DA:45,22
DA:46,21
DA:47,21
DA:48,21
DA:49,21
DA:50,21
DA:51,21
DA:52,21
DA:53,21
DA:54,21
DA:55,21
DA:56,21
DA:58,21
DA:60,21
DA:61,10
DA:62,10
DA:63,10
DA:66,21
DA:67,11
DA:68,11
DA:69,10
DA:70,10
DA:72,1
DA:73,1
DA:74,1
DA:78,21
DA:79,10
DA:80,10
DA:81,10
DA:82,10
DA:83,10
DA:84,10
DA:87,0
DA:91,21
DA:92,10
DA:93,10
DA:94,10
DA:96,0
DA:100,21
DA:101,1
DA:102,1
DA:103,1
DA:104,1
DA:105,1
DA:106,1
DA:107,1
DA:109,0
DA:110,0
DA:111,0
DA:113,1
DA:116,21
DA:117,0
DA:118,0
DA:119,0
DA:120,0
DA:121,0
DA:122,0
DA:123,0
DA:124,0
DA:125,0
DA:126,0
DA:127,0
DA:128,0
DA:130,0
DA:131,0
DA:132,0
DA:134,0
DA:137,21
DA:138,0
DA:140,0
DA:141,0
DA:142,0
DA:143,0
DA:145,0
DA:146,0
DA:147,0
DA:151,21
DA:152,2
DA:155,21
DA:156,0
DA:159,21
DA:160,11
DA:161,11
DA:162,11
DA:164,20
DA:165,20
DA:167,20
DA:169,11
DA:171,20
DA:172,20
DA:173,20
DA:180,21
DA:181,11
DA:183,20
DA:185,20
DA:186,20
DA:187,20
DA:188,10
DA:190,20
DA:193,11
DA:196,21
DA:197,1
DA:198,1
DA:199,1
DA:200,0
DA:202,1
DA:204,1
DA:208,21
DA:209,2
DA:211,1
DA:213,1
DA:215,0
DA:217,0
DA:221,21
DA:222,2
DA:223,2
DA:225,1
DA:227,1
DA:229,0
DA:231,0
DA:235,21
DA:236,10
DA:244,11
DA:245,11
DA:247,11
DA:408,0
DA:413,11
DA:426,0
DA:441,0
DA:511,0
DA:521,0
DA:542,20
DA:544,10
DA:545,10
DA:547,20
DA:548,20
DA:549,20
DA:551,10
DA:562,1
DA:618,2
DA:640,0
DA:656,0
DA:664,0
DA:684,0
DA:714,0
DA:730,0
DA:738,0
LF:149
LH:102
BRDA:83,0,0,10
BRDA:83,0,1,0
BRDA:83,1,0,10
BRDA:83,1,1,10
BRDA:104,2,0,1
BRDA:104,2,1,0
BRDA:116,3,0,0
BRDA:138,4,0,0
BRDA:138,4,1,0
BRDA:187,5,0,10
BRDA:187,5,1,10
BRDA:199,6,0,0
BRDA:199,6,1,1
BRDA:209,7,0,1
BRDA:209,7,1,1
BRDA:209,7,2,0
BRDA:209,7,3,0
BRDA:223,8,0,1
BRDA:223,8,1,1
BRDA:223,8,2,0
BRDA:223,8,3,0
BRDA:225,9,0,0
BRDA:225,9,1,1
BRDA:227,10,0,0
BRDA:227,10,1,1
BRDA:229,11,0,0
BRDA:229,11,1,0
BRDA:231,12,0,0
BRDA:231,12,1,0
BRDA:235,13,0,10
BRDA:235,13,1,11
BRDA:239,14,0,0
BRDA:239,14,1,10
BRDA:252,15,0,0
BRDA:252,15,1,11
BRDA:253,16,0,0
BRDA:253,16,1,11
BRDA:266,17,0,11
BRDA:266,17,1,11
BRDA:267,18,0,0
BRDA:267,18,1,11
BRDA:267,19,0,0
BRDA:267,19,1,0
BRDA:267,20,0,0
BRDA:267,20,1,11
BRDA:269,21,0,0
BRDA:269,21,1,11
BRDA:270,22,0,0
BRDA:270,22,1,0
BRDA:272,23,0,0
BRDA:272,23,1,11
BRDA:274,24,0,0
BRDA:274,24,1,11
BRDA:274,25,0,0
BRDA:274,25,1,0
BRDA:274,26,0,0
BRDA:274,26,1,11
BRDA:278,27,0,11
BRDA:278,27,1,11
BRDA:279,28,0,0
BRDA:279,28,1,11
BRDA:286,29,0,11
BRDA:286,29,1,0
BRDA:287,30,0,0
BRDA:287,30,1,0
BRDA:288,31,0,0
BRDA:288,31,1,0
BRDA:300,32,0,0
BRDA:300,32,1,11
BRDA:305,33,0,0
BRDA:305,33,1,11
BRDA:307,34,0,0
BRDA:307,34,1,11
BRDA:308,35,0,0
BRDA:308,35,1,11
BRDA:311,36,0,0
BRDA:311,36,1,11
BRDA:312,37,0,0
BRDA:312,37,1,11
BRDA:317,38,0,0
BRDA:317,38,1,11
BRDA:319,39,0,0
BRDA:319,39,1,11
BRDA:320,40,0,0
BRDA:320,40,1,11
BRDA:323,41,0,0
BRDA:323,41,1,11
BRDA:324,42,0,0
BRDA:324,42,1,11
BRDA:329,43,0,0
BRDA:329,43,1,11
BRDA:331,44,0,0
BRDA:331,44,1,11
BRDA:332,45,0,0
BRDA:332,45,1,11
BRDA:335,46,0,0
BRDA:335,46,1,11
BRDA:336,47,0,0
BRDA:336,47,1,11
BRDA:341,48,0,0
BRDA:341,48,1,11
BRDA:343,49,0,0
BRDA:343,49,1,11
BRDA:344,50,0,0
BRDA:344,50,1,11
BRDA:347,51,0,0
BRDA:347,51,1,11
BRDA:348,52,0,0
BRDA:348,52,1,11
BRDA:356,53,0,0
BRDA:356,53,1,11
BRDA:358,54,0,0
BRDA:358,54,1,11
BRDA:359,55,0,0
BRDA:359,55,1,11
BRDA:362,56,0,0
BRDA:362,56,1,11
BRDA:363,57,0,0
BRDA:363,57,1,11
BRDA:368,58,0,0
BRDA:368,58,1,11
BRDA:370,59,0,0
BRDA:370,59,1,11
BRDA:371,60,0,0
BRDA:371,60,1,11
BRDA:374,61,0,0
BRDA:374,61,1,11
BRDA:375,62,0,0
BRDA:375,62,1,11
BRDA:380,63,0,0
BRDA:380,63,1,11
BRDA:382,64,0,0
BRDA:382,64,1,11
BRDA:383,65,0,0
BRDA:383,65,1,11
BRDA:386,66,0,0
BRDA:386,66,1,11
BRDA:387,67,0,0
BRDA:387,67,1,11
BRDA:396,68,0,0
BRDA:396,68,1,11
BRDA:397,69,0,0
BRDA:397,69,1,11
BRDA:403,70,0,0
BRDA:403,70,1,11
BRDA:421,71,0,0
BRDA:421,71,1,11
BRDA:436,72,0,0
BRDA:436,72,1,11
BRDA:455,73,0,11
BRDA:455,73,1,10
BRDA:455,73,2,10
BRDA:455,73,3,0
BRDA:458,74,0,1
BRDA:458,74,1,10
BRDA:473,75,0,11
BRDA:473,75,1,11
BRDA:473,75,2,0
BRDA:473,75,3,0
BRDA:474,76,0,0
BRDA:474,76,1,0
BRDA:475,77,0,0
BRDA:475,77,1,0
BRDA:477,78,0,0
BRDA:477,78,1,0
BRDA:484,79,0,11
BRDA:484,79,1,0
BRDA:484,79,2,0
BRDA:485,80,0,0
BRDA:485,80,1,0
BRDA:486,81,0,0
BRDA:486,81,1,0
BRDA:502,82,0,0
BRDA:502,82,1,11
BRDA:503,83,0,0
BRDA:503,83,1,11
BRDA:508,84,0,0
BRDA:508,84,1,11
BRDA:509,85,0,0
BRDA:509,85,1,11
BRDA:513,86,0,11
BRDA:513,86,1,0
BRDA:515,87,0,0
BRDA:515,87,1,0
BRDA:523,88,0,0
BRDA:523,88,1,11
BRDA:525,89,0,0
BRDA:525,89,1,11
BRDA:534,90,0,1
BRDA:534,90,1,10
BRDA:536,91,0,0
BRDA:536,91,1,1
BRDA:537,92,0,0
BRDA:537,92,1,1
BRDA:539,93,0,10
BRDA:539,93,1,0
BRDA:542,94,0,10
BRDA:542,94,1,10
BRDA:555,95,0,0
BRDA:555,95,1,10
BRDA:556,96,0,0
BRDA:556,96,1,0
BRDA:557,97,0,0
BRDA:557,97,1,10
BRDA:561,98,0,0
BRDA:561,98,1,10
BRDA:567,99,0,0
BRDA:567,99,1,10
BRDA:567,100,0,0
BRDA:567,100,1,0
BRDA:567,101,0,0
BRDA:567,101,1,10
BRDA:569,102,0,0
BRDA:569,102,1,10
BRDA:570,103,0,0
BRDA:570,103,1,0
BRDA:572,104,0,0
BRDA:572,104,1,10
BRDA:577,105,0,0
BRDA:577,105,1,10
BRDA:578,106,0,0
BRDA:578,106,1,10
BRDA:579,107,0,10
BRDA:579,107,1,0
BRDA:586,108,0,10
BRDA:586,108,1,10
BRDA:587,109,0,0
BRDA:587,109,1,10
BRDA:591,110,0,10
BRDA:591,110,1,10
BRDA:592,111,0,0
BRDA:592,111,1,10
BRDA:596,112,0,10
BRDA:596,112,1,0
BRDA:597,113,0,0
BRDA:597,113,1,0
BRDA:603,114,0,0
BRDA:603,114,1,10
BRDA:604,115,0,1
BRDA:604,115,1,9
BRDA:605,116,0,0
BRDA:605,116,1,1
BRDA:607,117,0,0
BRDA:607,117,1,9
BRDA:614,118,0,10
BRDA:614,118,1,1
BRDA:615,119,0,0
BRDA:615,119,1,1
BRDA:620,120,0,0
BRDA:620,120,1,2
BRDA:626,121,0,0
BRDA:626,121,1,2
BRDA:629,122,0,0
BRDA:629,122,1,2
BRDA:630,123,0,2
BRDA:630,123,1,0
BRDA:632,124,0,0
BRDA:632,124,1,2
BRDA:645,125,0,0
BRDA:645,125,1,2
BRDA:651,126,0,2
BRDA:651,126,1,0
BRDA:686,127,0,0
BRDA:686,127,1,0
BRDA:692,128,0,0
BRDA:692,128,1,0
BRDA:695,129,0,0
BRDA:695,129,1,0
BRDA:696,130,0,0
BRDA:696,130,1,0
BRDA:698,131,0,0
BRDA:698,131,1,0
BRDA:699,132,0,0
BRDA:699,132,1,0
BRDA:719,133,0,0
BRDA:719,133,1,0
BRDA:725,134,0,0
BRDA:725,134,1,0
BRF:278
BRH:125
end_of_record
TN:
SF:src\pages\Robots.tsx
FN:9,(anonymous_0)
FN:23,(anonymous_1)
FN:26,(anonymous_2)
FN:29,(anonymous_3)
FN:43,(anonymous_4)
FN:45,(anonymous_5)
FN:48,(anonymous_6)
FN:54,(anonymous_7)
FN:56,(anonymous_8)
FN:59,(anonymous_9)
FN:60,(anonymous_10)
FN:74,(anonymous_11)
FN:77,(anonymous_12)
FN:83,(anonymous_13)
FN:88,(anonymous_14)
FN:109,(anonymous_15)
FN:114,(anonymous_16)
FN:123,(anonymous_17)
FN:129,(anonymous_18)
FN:159,(anonymous_19)
FN:174,(anonymous_20)
FN:195,(anonymous_21)
FN:206,(anonymous_22)
FN:218,(anonymous_23)
FN:254,(anonymous_24)
FN:261,(anonymous_25)
FN:331,(anonymous_26)
FN:332,(anonymous_27)
FN:366,(anonymous_28)
FN:377,(anonymous_29)
FN:405,(anonymous_30)
FN:416,(anonymous_31)
FN:427,(anonymous_32)
FN:431,(anonymous_33)
FN:489,(anonymous_34)
FN:498,(anonymous_35)
FN:506,(anonymous_36)
FN:534,(anonymous_37)
FN:538,(anonymous_38)
FN:548,(anonymous_39)
FN:596,(anonymous_40)
FN:628,(anonymous_41)
FN:632,(anonymous_42)
FN:663,(anonymous_43)
FN:669,(anonymous_44)
FNF:45
FNH:18
FNDA:18,(anonymous_0)
FNDA:7,(anonymous_1)
FNDA:7,(anonymous_2)
FNDA:7,(anonymous_3)
FNDA:0,(anonymous_4)
FNDA:0,(anonymous_5)
FNDA:10,(anonymous_6)
FNDA:0,(anonymous_7)
FNDA:0,(anonymous_8)
FNDA:12,(anonymous_9)
FNDA:0,(anonymous_10)
FNDA:12,(anonymous_11)
FNDA:7,(anonymous_12)
FNDA:12,(anonymous_13)
FNDA:0,(anonymous_14)
FNDA:20,(anonymous_15)
FNDA:20,(anonymous_16)
FNDA:20,(anonymous_17)
FNDA:20,(anonymous_18)
FNDA:0,(anonymous_19)
FNDA:0,(anonymous_20)
FNDA:20,(anonymous_21)
FNDA:20,(anonymous_22)
FNDA:20,(anonymous_23)
FNDA:0,(anonymous_24)
FNDA:20,(anonymous_25)
FNDA:0,(anonymous_26)
FNDA:0,(anonymous_27)
FNDA:0,(anonymous_28)
FNDA:0,(anonymous_29)
FNDA:0,(anonymous_30)
FNDA:0,(anonymous_31)
FNDA:20,(anonymous_32)
FNDA:0,(anonymous_33)
FNDA:0,(anonymous_34)
FNDA:0,(anonymous_35)
FNDA:0,(anonymous_36)
FNDA:0,(anonymous_37)
FNDA:0,(anonymous_38)
FNDA:0,(anonymous_39)
FNDA:0,(anonymous_40)
FNDA:0,(anonymous_41)
FNDA:0,(anonymous_42)
FNDA:0,(anonymous_43)
FNDA:0,(anonymous_44)
DA:9,1
DA:10,18
DA:11,18
DA:12,18
DA:13,18
DA:14,18
DA:15,18
DA:16,18
DA:17,18
DA:18,18
DA:19,18
DA:20,18
DA:21,18
DA:23,18
DA:24,7
DA:25,7
DA:26,7
DA:29,18
DA:30,7
DA:31,7
DA:32,6
DA:33,6
DA:34,5
DA:36,6
DA:38,1
DA:39,1
DA:43,18
DA:44,0
DA:45,0
DA:48,18
DA:50,18
DA:52,18
DA:54,18
DA:55,0
DA:56,0
DA:59,18
DA:60,12
DA:61,0
DA:62,0
DA:69,0
DA:70,0
DA:74,12
DA:77,18
DA:78,7
DA:79,0
DA:83,18
DA:84,12
DA:85,12
DA:88,18
DA:89,0
DA:90,0
DA:91,0
DA:93,0
DA:94,0
DA:95,0
DA:96,0
DA:101,0
DA:103,0
DA:105,0
DA:109,18
DA:110,20
DA:114,18
DA:115,20
DA:116,10
DA:117,10
DA:118,0
DA:119,0
DA:123,18
DA:124,20
DA:125,10
DA:126,0
DA:129,18
DA:130,20
DA:131,20
DA:132,20
DA:133,20
DA:135,20
DA:136,20
DA:137,20
DA:138,20
DA:139,20
DA:142,18
DA:143,7
DA:150,11
DA:159,0
DA:174,0
DA:195,20
DA:206,20
DA:218,20
DA:255,0
DA:256,0
DA:257,0
DA:262,20
DA:331,0
DA:332,0
DA:366,0
DA:378,0
DA:406,0
DA:407,0
DA:408,0
DA:409,0
DA:410,0
DA:416,0
DA:428,20
DA:431,0
DA:490,0
DA:491,0
DA:499,0
DA:507,0
DA:508,0
DA:534,0
DA:538,0
DA:548,0
DA:597,0
DA:628,0
DA:632,0
DA:663,0
DA:670,0
DA:671,0
LF:119
LH:67
BRDA:33,0,0,5
BRDA:33,0,1,1
BRDA:33,1,0,6
BRDA:33,1,1,6
BRDA:50,2,0,18
BRDA:50,2,1,18
BRDA:51,3,0,10
BRDA:51,3,1,8
BRDA:52,4,0,10
BRDA:52,4,1,8
BRDA:52,5,0,0
BRDA:52,5,1,10
BRDA:61,6,0,0
BRDA:61,6,1,0
BRDA:61,7,0,0
BRDA:61,7,1,0
BRDA:78,8,0,0
BRDA:78,8,1,7
BRDA:89,9,0,0
BRDA:89,9,1,0
BRDA:110,10,0,20
BRDA:110,10,1,0
BRDA:115,11,0,10
BRDA:115,11,1,10
BRDA:115,11,2,0
BRDA:115,11,3,0
BRDA:124,12,0,10
BRDA:124,12,1,10
BRDA:124,13,0,0
BRDA:124,13,1,10
BRDA:125,14,0,10
BRDA:125,14,1,0
BRDA:125,15,0,0
BRDA:125,15,1,10
BRDA:126,16,0,0
BRDA:126,16,1,0
BRDA:135,17,0,0
BRDA:135,17,1,20
BRDA:136,18,0,0
BRDA:136,18,1,20
BRDA:138,19,0,0
BRDA:138,19,1,20
BRDA:142,20,0,7
BRDA:142,20,1,11
BRDA:155,21,0,0
BRDA:155,21,1,11
BRDA:156,22,0,0
BRDA:156,22,1,11
BRDA:169,23,0,0
BRDA:169,23,1,11
BRDA:175,24,0,0
BRDA:175,24,1,11
BRDA:181,25,0,0
BRDA:181,25,1,11
BRDA:184,26,0,0
BRDA:184,26,1,11
BRDA:185,27,0,0
BRDA:185,27,1,11
BRDA:190,28,0,0
BRDA:190,28,1,11
BRDA:193,29,0,0
BRDA:193,29,1,11
BRDA:194,30,0,0
BRDA:194,30,1,11
BRDA:201,31,0,0
BRDA:201,31,1,11
BRDA:204,32,0,0
BRDA:204,32,1,11
BRDA:205,33,0,0
BRDA:205,33,1,11
BRDA:212,34,0,0
BRDA:212,34,1,11
BRDA:215,35,0,0
BRDA:215,35,1,11
BRDA:216,36,0,0
BRDA:216,36,1,11
BRDA:217,37,0,10
BRDA:217,37,1,1
BRDA:218,38,0,20
BRDA:218,38,1,0
BRDA:228,39,0,11
BRDA:228,39,1,10
BRDA:229,40,0,0
BRDA:229,40,1,10
BRDA:230,41,0,0
BRDA:230,41,1,10
BRDA:234,42,0,0
BRDA:234,42,1,10
BRDA:245,43,0,0
BRDA:245,43,1,11
BRDA:247,44,0,0
BRDA:247,44,1,11
BRDA:251,45,0,11
BRDA:251,45,1,10
BRDA:259,46,0,0
BRDA:259,46,1,10
BRDA:263,47,0,10
BRDA:263,47,1,10
BRDA:269,48,0,0
BRDA:269,48,1,11
BRDA:270,49,0,11
BRDA:270,49,1,1
BRDA:271,50,0,11
BRDA:271,50,1,10
BRDA:272,51,0,10
BRDA:272,51,1,0
BRDA:272,52,0,0
BRDA:272,52,1,10
BRDA:272,53,0,0
BRDA:272,53,1,0
BRDA:282,54,0,11
BRDA:282,54,1,11
BRDA:284,55,0,1
BRDA:284,55,1,10
BRDA:284,56,0,11
BRDA:284,56,1,11
BRDA:289,57,0,0
BRDA:289,57,1,11
BRDA:297,58,0,0
BRDA:297,58,1,11
BRDA:299,59,0,0
BRDA:299,59,1,11
BRDA:302,60,0,11
BRDA:302,60,1,10
BRDA:303,61,0,0
BRDA:303,61,1,10
BRDA:307,62,0,11
BRDA:307,62,1,10
BRDA:308,63,0,0
BRDA:308,63,1,10
BRDA:312,64,0,11
BRDA:312,64,1,10
BRDA:315,65,0,0
BRDA:315,65,1,10
BRDA:318,66,0,0
BRDA:318,66,1,10
BRDA:325,67,0,10
BRDA:325,67,1,1
BRDA:325,68,0,11
BRDA:325,68,1,10
BRDA:338,69,0,1
BRDA:338,69,1,0
BRDA:340,70,0,0
BRDA:340,70,1,0
BRDA:342,71,0,0
BRDA:342,71,1,0
BRDA:348,72,0,11
BRDA:348,72,1,10
BRDA:349,73,0,0
BRDA:349,73,1,10
BRDA:356,74,0,0
BRDA:356,74,1,11
BRDA:358,75,0,0
BRDA:358,75,1,11
BRDA:361,76,0,11
BRDA:361,76,1,10
BRDA:362,77,0,0
BRDA:362,77,1,10
BRDA:367,78,0,0
BRDA:367,78,1,11
BRDA:376,79,0,0
BRDA:376,79,1,11
BRDA:381,80,0,0
BRDA:381,80,1,0
BRDA:381,81,0,0
BRDA:381,81,1,0
BRDA:381,81,2,0
BRDA:383,82,0,0
BRDA:383,82,1,0
BRDA:383,83,0,0
BRDA:383,83,1,0
BRDA:385,84,0,0
BRDA:385,84,1,0
BRDA:385,85,0,0
BRDA:385,85,1,0
BRDA:404,86,0,0
BRDA:404,86,1,11
BRDA:406,87,0,0
BRDA:406,87,1,0
BRDA:408,88,0,0
BRDA:408,88,1,0
BRDA:417,89,0,0
BRDA:417,89,1,11
BRDA:430,90,0,0
BRDA:430,90,1,20
BRDA:436,91,0,0
BRDA:436,91,1,20
BRDA:440,92,0,0
BRDA:440,92,1,20
BRDA:440,93,0,20
BRDA:440,93,1,0
BRDA:441,94,0,0
BRDA:441,94,1,20
BRDA:446,95,0,0
BRDA:446,95,1,20
BRDA:455,96,0,0
BRDA:455,96,1,20
BRDA:456,97,0,0
BRDA:456,97,1,20
BRDA:458,98,0,20
BRDA:458,98,1,0
BRDA:459,99,0,20
BRDA:459,99,1,0
BRDA:464,100,0,20
BRDA:464,100,1,20
BRDA:467,101,0,0
BRDA:467,101,1,20
BRDA:468,102,0,0
BRDA:468,102,1,20
BRDA:470,103,0,0
BRDA:470,103,1,20
BRDA:479,104,0,0
BRDA:479,104,1,20
BRDA:480,105,0,0
BRDA:480,105,1,20
BRDA:482,106,0,0
BRDA:482,106,1,20
BRDA:487,107,0,0
BRDA:487,107,1,20
BRDA:501,108,0,0
BRDA:501,108,1,20
BRDA:508,109,0,0
BRDA:508,109,1,0
BRDA:511,110,0,0
BRDA:511,110,1,20
BRDA:520,111,0,11
BRDA:520,111,1,1
BRDA:522,112,0,0
BRDA:522,112,1,1
BRDA:523,113,0,0
BRDA:523,113,1,1
BRDA:524,114,0,0
BRDA:524,114,1,1
BRDA:525,115,0,0
BRDA:525,115,1,1
BRDA:531,116,0,11
BRDA:531,116,1,0
BRDA:537,117,0,0
BRDA:537,117,1,0
BRDA:542,118,0,0
BRDA:542,118,1,0
BRDA:543,119,0,0
BRDA:543,119,1,0
BRDA:545,120,0,0
BRDA:545,120,1,0
BRDA:549,121,0,0
BRDA:549,121,1,0
BRDA:557,122,0,0
BRDA:557,122,1,0
BRDA:558,123,0,0
BRDA:558,123,1,0
BRDA:561,124,0,0
BRDA:561,124,1,0
BRDA:564,125,0,0
BRDA:564,125,1,0
BRDA:565,126,0,0
BRDA:565,126,1,0
BRDA:566,127,0,0
BRDA:566,127,1,0
BRDA:567,128,0,0
BRDA:567,128,1,0
BRDA:572,129,0,0
BRDA:572,129,1,0
BRDA:573,130,0,0
BRDA:573,130,1,0
BRDA:574,131,0,0
BRDA:574,131,1,0
BRDA:577,132,0,0
BRDA:577,132,1,0
BRDA:578,133,0,0
BRDA:578,133,1,0
BRDA:581,134,0,0
BRDA:581,134,1,0
BRDA:582,135,0,0
BRDA:582,135,1,0
BRDA:585,136,0,0
BRDA:585,136,1,0
BRDA:586,137,0,0
BRDA:586,137,1,0
BRDA:592,138,0,0
BRDA:592,138,1,0
BRDA:592,138,2,0
BRDA:593,139,0,0
BRDA:593,139,1,0
BRDA:594,140,0,0
BRDA:594,140,1,0
BRDA:598,141,0,0
BRDA:598,141,1,0
BRDA:599,142,0,0
BRDA:599,142,1,0
BRDA:606,143,0,0
BRDA:606,143,1,0
BRDA:607,144,0,0
BRDA:607,144,1,0
BRDA:608,145,0,0
BRDA:608,145,1,0
BRDA:616,146,0,0
BRDA:616,146,1,0
BRDA:625,147,0,11
BRDA:625,147,1,0
BRDA:631,148,0,0
BRDA:631,148,1,0
BRDA:634,149,0,0
BRDA:634,149,1,0
BRDA:637,150,0,0
BRDA:637,150,1,0
BRDA:641,151,0,0
BRDA:641,151,1,0
BRDA:645,152,0,0
BRDA:645,152,1,0
BRDA:649,153,0,0
BRDA:649,153,1,0
BRDA:653,154,0,0
BRDA:653,154,1,0
BRDA:657,155,0,0
BRDA:657,155,1,0
BRDA:664,156,0,0
BRDA:664,156,1,0
BRF:318
BRH:128
end_of_record
TN:
SF:src\pages\Sensors.tsx
FN:15,(anonymous_0)
FN:22,(anonymous_1)
FN:23,(anonymous_2)
FN:26,(anonymous_3)
FN:43,(anonymous_4)
FN:54,(anonymous_5)
FN:62,(anonymous_6)
FN:88,(anonymous_7)
FN:91,(anonymous_8)
FN:167,(anonymous_9)
FNF:10
FNH:0
FNDA:0,(anonymous_0)
FNDA:0,(anonymous_1)
FNDA:0,(anonymous_2)
FNDA:0,(anonymous_3)
FNDA:0,(anonymous_4)
FNDA:0,(anonymous_5)
FNDA:0,(anonymous_6)
FNDA:0,(anonymous_7)
FNDA:0,(anonymous_8)
FNDA:0,(anonymous_9)
DA:15,0
DA:16,0
DA:17,0
DA:18,0
DA:19,0
DA:20,0
DA:22,0
DA:23,0
DA:24,0
DA:25,0
DA:26,0
DA:28,0
DA:29,0
DA:32,0
DA:33,0
DA:35,0
DA:37,0
DA:41,0
DA:42,0
DA:43,0
DA:46,0
DA:47,0
DA:54,0
DA:55,0
DA:56,0
DA:58,0
DA:59,0
DA:62,0
DA:63,0
DA:64,0
DA:65,0
DA:66,0
DA:67,0
DA:70,0
DA:88,0
DA:92,0
DA:168,0
DA:169,0
LF:38
LH:0
BRDA:28,0,0,0
BRDA:28,0,1,0
BRDA:28,1,0,0
BRDA:28,1,1,0
BRDA:46,2,0,0
BRDA:46,2,1,0
BRDA:55,3,0,0
BRDA:55,3,1,0
BRDA:63,4,0,0
BRDA:63,4,1,0
BRDA:63,5,0,0
BRDA:63,5,1,0
BRDA:64,6,0,0
BRDA:64,6,1,0
BRDA:64,7,0,0
BRDA:64,7,1,0
BRDA:65,8,0,0
BRDA:65,8,1,0
BRDA:65,9,0,0
BRDA:65,9,1,0
BRDA:66,10,0,0
BRDA:66,10,1,0
BRDA:66,11,0,0
BRDA:66,11,1,0
BRDA:67,12,0,0
BRDA:67,12,1,0
BRDA:76,13,0,0
BRDA:76,13,1,0
BRDA:77,14,0,0
BRDA:77,14,1,0
BRDA:80,15,0,0
BRDA:80,15,1,0
BRDA:85,16,0,0
BRDA:85,16,1,0
BRDA:89,17,0,0
BRDA:89,17,1,0
BRDA:93,18,0,0
BRDA:93,18,1,0
BRDA:106,19,0,0
BRDA:106,19,1,0
BRDA:107,20,0,0
BRDA:107,20,1,0
BRDA:112,21,0,0
BRDA:112,21,1,0
BRDA:119,22,0,0
BRDA:119,22,1,0
BRDA:130,23,0,0
BRDA:130,23,1,0
BRDA:131,24,0,0
BRDA:131,24,1,0
BRDA:136,25,0,0
BRDA:136,25,1,0
BRDA:143,26,0,0
BRDA:143,26,1,0
BRDA:156,27,0,0
BRDA:156,27,1,0
BRDA:157,28,0,0
BRDA:157,28,1,0
BRDA:160,29,0,0
BRDA:160,29,1,0
BRDA:165,30,0,0
BRDA:165,30,1,0
BRDA:172,31,0,0
BRDA:172,31,1,0
BRDA:177,32,0,0
BRDA:177,32,1,0
BRDA:182,33,0,0
BRDA:182,33,1,0
BRDA:184,34,0,0
BRDA:184,34,1,0
BRDA:188,35,0,0
BRDA:188,35,1,0
BRDA:197,36,0,0
BRDA:197,36,1,0
BRDA:198,37,0,0
BRDA:198,37,1,0
BRDA:199,38,0,0
BRDA:199,38,1,0
BRDA:207,39,0,0
BRDA:207,39,1,0
BRDA:208,40,0,0
BRDA:208,40,1,0
BRF:82
BRH:0
end_of_record
TN:
SF:src\pages\Servos.tsx
FN:26,(anonymous_0)
FN:36,(anonymous_1)
FN:40,(anonymous_2)
FN:44,(anonymous_3)
FN:48,(anonymous_4)
FN:51,(anonymous_5)
FN:64,(anonymous_6)
FN:88,(anonymous_7)
FN:96,(anonymous_8)
FN:104,(anonymous_9)
FN:145,(anonymous_10)
FN:149,(anonymous_11)
FN:181,(anonymous_12)
FN:187,(anonymous_13)
FN:193,(anonymous_14)
FN:201,(anonymous_15)
FNF:16
FNH:0
FNDA:0,(anonymous_0)
FNDA:0,(anonymous_1)
FNDA:0,(anonymous_2)
FNDA:0,(anonymous_3)
FNDA:0,(anonymous_4)
FNDA:0,(anonymous_5)
FNDA:0,(anonymous_6)
FNDA:0,(anonymous_7)
FNDA:0,(anonymous_8)
FNDA:0,(anonymous_9)
FNDA:0,(anonymous_10)
FNDA:0,(anonymous_11)
FNDA:0,(anonymous_12)
FNDA:0,(anonymous_13)
FNDA:0,(anonymous_14)
FNDA:0,(anonymous_15)
DA:26,0
DA:27,0
DA:28,0
DA:29,0
DA:30,0
DA:31,0
DA:32,0
DA:34,0
DA:36,0
DA:37,0
DA:40,0
DA:41,0
DA:42,0
DA:43,0
DA:44,0
DA:48,0
DA:49,0
DA:50,0
DA:51,0
DA:52,0
DA:53,0
DA:54,0
DA:56,0
DA:58,0
DA:59,0
DA:60,0
DA:64,0
DA:65,0
DA:67,0
DA:68,0
DA:69,0
DA:70,0
DA:71,0
DA:73,0
DA:74,0
DA:77,0
DA:78,0
DA:79,0
DA:80,0
DA:82,0
DA:84,0
DA:88,0
DA:89,0
DA:90,0
DA:91,0
DA:92,0
DA:96,0
DA:97,0
DA:98,0
DA:99,0
DA:100,0
DA:104,0
DA:105,0
DA:106,0
DA:107,0
DA:110,0
DA:111,0
DA:119,0
DA:145,0
DA:150,0
DA:181,0
DA:187,0
DA:193,0
DA:202,0
LF:64
LH:0
BRDA:41,0,0,0
BRDA:41,0,1,0
BRDA:53,1,0,0
BRDA:53,1,1,0
BRDA:53,2,0,0
BRDA:53,2,1,0
BRDA:65,3,0,0
BRDA:65,3,1,0
BRDA:69,4,0,0
BRDA:69,4,1,0
BRDA:69,5,0,0
BRDA:69,5,1,0
BRDA:69,5,2,0
BRDA:79,6,0,0
BRDA:79,6,1,0
BRDA:89,7,0,0
BRDA:89,7,1,0
BRDA:89,7,2,0
BRDA:90,8,0,0
BRDA:90,8,1,0
BRDA:91,9,0,0
BRDA:91,9,1,0
BRDA:92,10,0,0
BRDA:92,10,1,0
BRDA:97,11,0,0
BRDA:97,11,1,0
BRDA:97,11,2,0
BRDA:98,12,0,0
BRDA:98,12,1,0
BRDA:99,13,0,0
BRDA:99,13,1,0
BRDA:105,14,0,0
BRDA:105,14,1,0
BRDA:105,15,0,0
BRDA:105,15,1,0
BRDA:106,16,0,0
BRDA:106,16,1,0
BRDA:106,17,0,0
BRDA:106,17,1,0
BRDA:107,18,0,0
BRDA:107,18,1,0
BRDA:110,19,0,0
BRDA:110,19,1,0
BRDA:114,20,0,0
BRDA:114,20,1,0
BRDA:124,21,0,0
BRDA:124,21,1,0
BRDA:125,22,0,0
BRDA:125,22,1,0
BRDA:140,23,0,0
BRDA:140,23,1,0
BRDA:157,24,0,0
BRDA:157,24,1,0
BRDA:158,25,0,0
BRDA:158,25,1,0
BRDA:159,26,0,0
BRDA:159,26,1,0
BRDA:168,27,0,0
BRDA:168,27,1,0
BRDA:168,28,0,0
BRDA:168,28,1,0
BRDA:168,28,2,0
BRDA:172,29,0,0
BRDA:172,29,1,0
BRDA:174,30,0,0
BRDA:174,30,1,0
BRDA:175,31,0,0
BRDA:175,31,1,0
BRDA:176,32,0,0
BRDA:176,32,1,0
BRDA:178,33,0,0
BRDA:178,33,1,0
BRDA:179,34,0,0
BRDA:179,34,1,0
BRDA:180,35,0,0
BRDA:180,35,1,0
BRDA:184,36,0,0
BRDA:184,36,1,0
BRDA:185,37,0,0
BRDA:185,37,1,0
BRDA:186,38,0,0
BRDA:186,38,1,0
BRDA:190,39,0,0
BRDA:190,39,1,0
BRDA:191,40,0,0
BRDA:191,40,1,0
BRDA:192,41,0,0
BRDA:192,41,1,0
BRDA:207,42,0,0
BRDA:207,42,1,0
BRDA:213,43,0,0
BRDA:213,43,1,0
BRDA:215,44,0,0
BRDA:215,44,1,0
BRDA:219,45,0,0
BRDA:219,45,1,0
BRDA:223,46,0,0
BRDA:223,46,1,0
BRDA:232,47,0,0
BRDA:232,47,1,0
BRDA:234,48,0,0
BRDA:234,48,1,0
BRDA:242,49,0,0
BRDA:242,49,1,0
BRDA:245,50,0,0
BRDA:245,50,1,0
BRDA:246,51,0,0
BRDA:246,51,1,0
BRDA:254,52,0,0
BRDA:254,52,1,0
BRDA:256,53,0,0
BRDA:256,53,1,0
BRDA:260,54,0,0
BRDA:260,54,1,0
BRDA:267,55,0,0
BRDA:267,55,1,0
BRDA:269,56,0,0
BRDA:269,56,1,0
BRDA:271,57,0,0
BRDA:271,57,1,0
BRDA:272,58,0,0
BRDA:272,58,1,0
BRDA:273,59,0,0
BRDA:273,59,1,0
BRDA:275,60,0,0
BRDA:275,60,1,0
BRDA:281,61,0,0
BRDA:281,61,1,0
BRDA:283,62,0,0
BRDA:283,62,1,0
BRDA:284,63,0,0
BRDA:284,63,1,0
BRDA:294,64,0,0
BRDA:294,64,1,0
BRDA:295,65,0,0
BRDA:295,65,1,0
BRDA:298,66,0,0
BRDA:298,66,1,0
BRDA:308,67,0,0
BRDA:308,67,1,0
BRDA:312,68,0,0
BRDA:312,68,1,0
BRDA:312,69,0,0
BRDA:312,69,1,0
BRDA:314,70,0,0
BRDA:314,70,1,0
BRDA:315,71,0,0
BRDA:315,71,1,0
BRDA:316,72,0,0
BRDA:316,72,1,0
BRDA:320,73,0,0
BRDA:320,73,1,0
BRDA:322,74,0,0
BRDA:322,74,1,0
BRDA:323,75,0,0
BRDA:323,75,1,0
BRF:156
BRH:0
end_of_record
TN:
SF:src\pages\Users.tsx
FN:17,(anonymous_0)
FN:37,(anonymous_1)
FN:43,(anonymous_2)
FN:56,(anonymous_3)
FN:68,(anonymous_4)
FN:81,(anonymous_5)
FN:90,(anonymous_6)
FN:93,(anonymous_7)
FN:97,(anonymous_8)
FN:126,(anonymous_9)
FN:129,(anonymous_10)
FN:133,(anonymous_11)
FN:144,(anonymous_12)
FN:155,(anonymous_13)
FN:221,(anonymous_14)
FN:264,(anonymous_15)
FN:286,(anonymous_16)
FN:294,(anonymous_17)
FN:313,(anonymous_18)
FN:314,(anonymous_19)
FN:319,(anonymous_20)
FN:335,(anonymous_21)
FN:347,(anonymous_22)
FN:359,(anonymous_23)
FN:369,(anonymous_24)
FN:380,(anonymous_25)
FN:399,(anonymous_26)
FN:400,(anonymous_27)
FN:405,(anonymous_28)
FN:433,(anonymous_29)
FN:444,(anonymous_30)
FN:454,(anonymous_31)
FN:465,(anonymous_32)
FNF:33
FNH:7
FNDA:21,(anonymous_0)
FNDA:20,(anonymous_1)
FNDA:20,(anonymous_2)
FNDA:0,(anonymous_3)
FNDA:0,(anonymous_4)
FNDA:0,(anonymous_5)
FNDA:0,(anonymous_6)
FNDA:0,(anonymous_7)
FNDA:0,(anonymous_8)
FNDA:0,(anonymous_9)
FNDA:0,(anonymous_10)
FNDA:15,(anonymous_11)
FNDA:15,(anonymous_12)
FNDA:27,(anonymous_13)
FNDA:0,(anonymous_14)
FNDA:15,(anonymous_15)
FNDA:0,(anonymous_16)
FNDA:0,(anonymous_17)
FNDA:0,(anonymous_18)
FNDA:0,(anonymous_19)
FNDA:0,(anonymous_20)
FNDA:0,(anonymous_21)
FNDA:0,(anonymous_22)
FNDA:0,(anonymous_23)
FNDA:0,(anonymous_24)
FNDA:0,(anonymous_25)
FNDA:0,(anonymous_26)
FNDA:0,(anonymous_27)
FNDA:0,(anonymous_28)
FNDA:0,(anonymous_29)
FNDA:0,(anonymous_30)
FNDA:0,(anonymous_31)
FNDA:0,(anonymous_32)
DA:17,1
DA:18,21
DA:19,21
DA:20,21
DA:21,21
DA:22,21
DA:23,21
DA:24,21
DA:25,21
DA:26,21
DA:27,21
DA:30,21
DA:37,21
DA:38,20
DA:39,20
DA:43,21
DA:44,20
DA:45,20
DA:46,20
DA:47,18
DA:48,18
DA:50,2
DA:52,20
DA:56,21
DA:57,0
DA:63,0
DA:64,0
DA:65,0
DA:68,21
DA:69,0
DA:70,0
DA:76,0
DA:77,0
DA:78,0
DA:81,21
DA:82,0
DA:83,0
DA:86,0
DA:87,0
DA:88,0
DA:89,0
DA:90,0
DA:92,0
DA:93,0
DA:97,21
DA:98,0
DA:99,0
DA:100,0
DA:102,0
DA:103,0
DA:105,0
DA:106,0
DA:107,0
DA:109,0
DA:110,0
DA:111,0
DA:112,0
DA:114,0
DA:115,0
DA:116,0
DA:117,0
DA:119,0
DA:120,0
DA:121,0
DA:122,0
DA:125,0
DA:126,0
DA:128,0
DA:129,0
DA:133,21
DA:134,15
DA:136,5
DA:138,5
DA:140,5
DA:144,21
DA:145,15
DA:147,5
DA:149,5
DA:151,5
DA:155,21
DA:156,27
DA:161,21
DA:162,0
DA:173,21
DA:221,0
DA:265,15
DA:286,0
DA:294,0
DA:313,0
DA:314,0
DA:319,0
DA:335,0
DA:347,0
DA:359,0
DA:369,0
DA:380,0
DA:399,0
DA:400,0
DA:405,0
DA:433,0
DA:444,0
DA:454,0
DA:465,0
LF:103
LH:42
BRDA:38,0,0,20
BRDA:38,0,1,0
BRDA:82,1,0,0
BRDA:82,1,1,0
BRDA:103,2,0,0
BRDA:103,2,1,0
BRDA:105,3,0,0
BRDA:105,3,1,0
BRDA:112,4,0,0
BRDA:112,4,1,0
BRDA:112,5,0,0
BRDA:112,5,1,0
BRDA:115,6,0,0
BRDA:115,6,1,0
BRDA:116,7,0,0
BRDA:116,7,1,0
BRDA:117,8,0,0
BRDA:117,8,1,0
BRDA:119,9,0,0
BRDA:119,9,1,0
BRDA:134,10,0,5
BRDA:134,10,1,5
BRDA:134,10,2,5
BRDA:145,11,0,5
BRDA:145,11,1,5
BRDA:145,11,2,5
BRDA:147,12,0,0
BRDA:147,12,1,5
BRDA:149,13,0,0
BRDA:149,13,1,5
BRDA:151,14,0,0
BRDA:151,14,1,5
BRDA:156,15,0,27
BRDA:156,15,1,0
BRDA:161,16,0,0
BRDA:161,16,1,21
BRDA:163,17,0,0
BRDA:163,17,1,0
BRDA:164,18,0,0
BRDA:164,18,1,0
BRDA:165,19,0,0
BRDA:165,19,1,0
BRDA:166,20,0,0
BRDA:166,20,1,0
BRDA:167,21,0,0
BRDA:167,21,1,0
BRDA:174,22,0,0
BRDA:174,22,1,21
BRDA:177,23,0,0
BRDA:177,23,1,21
BRDA:180,24,0,0
BRDA:180,24,1,21
BRDA:184,25,0,0
BRDA:184,25,1,21
BRDA:190,26,0,0
BRDA:190,26,1,21
BRDA:199,27,0,21
BRDA:199,27,1,0
BRDA:200,28,0,0
BRDA:200,28,1,0
BRDA:206,29,0,21
BRDA:206,29,1,0
BRDA:207,30,0,0
BRDA:207,30,1,0
BRDA:214,31,0,0
BRDA:214,31,1,21
BRDA:216,32,0,0
BRDA:216,32,1,21
BRDA:222,33,0,0
BRDA:222,33,1,21
BRDA:228,34,0,0
BRDA:228,34,1,21
BRDA:229,35,0,14
BRDA:229,35,1,7
BRDA:232,36,0,0
BRDA:232,36,1,14
BRDA:234,37,0,2
BRDA:234,37,1,5
BRDA:236,38,0,0
BRDA:236,38,1,2
BRDA:237,39,0,0
BRDA:237,39,1,2
BRDA:238,40,0,0
BRDA:238,40,1,2
BRDA:244,41,0,0
BRDA:244,41,1,5
BRDA:246,42,0,0
BRDA:246,42,1,5
BRDA:249,43,0,0
BRDA:249,43,1,5
BRDA:252,44,0,0
BRDA:252,44,1,5
BRDA:255,45,0,0
BRDA:255,45,1,5
BRDA:258,46,0,0
BRDA:258,46,1,5
BRDA:263,47,0,0
BRDA:263,47,1,5
BRDA:265,48,0,0
BRDA:265,48,1,15
BRDA:266,49,0,0
BRDA:266,49,1,15
BRDA:269,50,0,0
BRDA:269,50,1,15
BRDA:279,51,0,10
BRDA:279,51,1,5
BRDA:279,52,0,0
BRDA:279,52,1,10
BRDA:279,53,0,0
BRDA:279,53,1,5
BRDA:280,54,0,10
BRDA:280,54,1,5
BRDA:287,55,0,0
BRDA:287,55,1,15
BRDA:292,56,0,15
BRDA:292,56,1,15
BRDA:295,57,0,0
BRDA:295,57,1,15
BRDA:312,58,0,21
BRDA:312,58,1,0
BRDA:314,59,0,0
BRDA:314,59,1,0
BRDA:315,60,0,0
BRDA:315,60,1,0
BRDA:317,61,0,0
BRDA:317,61,1,0
BRDA:320,62,0,0
BRDA:320,62,1,0
BRDA:328,63,0,0
BRDA:328,63,1,0
BRDA:336,64,0,0
BRDA:336,64,1,0
BRDA:340,65,0,0
BRDA:340,65,1,0
BRDA:348,66,0,0
BRDA:348,66,1,0
BRDA:352,67,0,0
BRDA:352,67,1,0
BRDA:360,68,0,0
BRDA:360,68,1,0
BRDA:364,69,0,0
BRDA:364,69,1,0
BRDA:370,70,0,0
BRDA:370,70,1,0
BRDA:381,71,0,0
BRDA:381,71,1,0
BRDA:387,72,0,0
BRDA:387,72,1,0
BRDA:398,73,0,21
BRDA:398,73,1,0
BRDA:398,73,2,0
BRDA:400,74,0,0
BRDA:400,74,1,0
BRDA:401,75,0,0
BRDA:401,75,1,0
BRDA:403,76,0,0
BRDA:403,76,1,0
BRDA:406,77,0,0
BRDA:406,77,1,0
BRDA:414,78,0,0
BRDA:414,78,1,0
BRDA:421,79,0,0
BRDA:421,79,1,0
BRDA:423,80,0,0
BRDA:423,80,1,0
BRDA:426,81,0,0
BRDA:426,81,1,0
BRDA:434,82,0,0
BRDA:434,82,1,0
BRDA:438,83,0,0
BRDA:438,83,1,0
BRDA:445,84,0,0
BRDA:445,84,1,0
BRDA:449,85,0,0
BRDA:449,85,1,0
BRDA:455,86,0,0
BRDA:455,86,1,0
BRDA:466,87,0,0
BRDA:466,87,1,0
BRDA:472,88,0,0
BRDA:472,88,1,0
BRF:181
BRH:53
end_of_record
TN:
SF:src\types\index.ts
FNF:0
FNH:0
LF:0
LH:0
BRF:0
BRH:0
end_of_record
TN:
SF:src\utils\api.ts
FN:17,(anonymous_0)
FN:21,(anonymous_1)
FN:25,(anonymous_2)
FN:32,(anonymous_3)
FN:39,(anonymous_4)
FN:46,(anonymous_5)
FN:47,(anonymous_6)
FN:61,(anonymous_7)
FN:89,(anonymous_8)
FN:95,(anonymous_9)
FN:109,(anonymous_10)
FN:114,(anonymous_11)
FN:120,(anonymous_12)
FN:132,(anonymous_13)
FN:137,(anonymous_14)
FN:142,(anonymous_15)
FN:148,(anonymous_16)
FN:153,(anonymous_17)
FN:158,(anonymous_18)
FN:163,(anonymous_19)
FN:171,(anonymous_20)
FN:176,(anonymous_21)
FN:182,(anonymous_22)
FN:190,(anonymous_23)
FN:198,(anonymous_24)
FN:204,(anonymous_25)
FN:213,(anonymous_26)
FN:219,(anonymous_27)
FN:232,(anonymous_28)
FN:238,(anonymous_29)
FN:250,(anonymous_30)
FN:272,(anonymous_31)
FN:280,(anonymous_32)
FN:295,(anonymous_33)
FN:300,(anonymous_34)
FN:305,(anonymous_35)
FN:313,(anonymous_36)
FN:318,(anonymous_37)
FN:324,(anonymous_38)
FN:329,(anonymous_39)
FN:340,(anonymous_40)
FN:349,(anonymous_41)
FN:358,(anonymous_42)
FN:380,(anonymous_43)
FN:388,(anonymous_44)
FN:399,(anonymous_45)
FN:407,(anonymous_46)
FN:415,(anonymous_47)
FN:420,(anonymous_48)
FN:438,(anonymous_49)
FN:443,(anonymous_50)
FN:452,(anonymous_51)
FN:459,(anonymous_52)
FN:464,(anonymous_53)
FN:472,(anonymous_54)
FN:477,(anonymous_55)
FN:482,(anonymous_56)
FN:492,(anonymous_57)
FN:502,(anonymous_58)
FNF:59
FNH:1
FNDA:0,(anonymous_0)
FNDA:0,(anonymous_1)
FNDA:0,(anonymous_2)
FNDA:0,(anonymous_3)
FNDA:0,(anonymous_4)
FNDA:0,(anonymous_5)
FNDA:0,(anonymous_6)
FNDA:7,(anonymous_7)
FNDA:0,(anonymous_8)
FNDA:0,(anonymous_9)
FNDA:0,(anonymous_10)
FNDA:0,(anonymous_11)
FNDA:0,(anonymous_12)
FNDA:0,(anonymous_13)
FNDA:0,(anonymous_14)
FNDA:0,(anonymous_15)
FNDA:0,(anonymous_16)
FNDA:0,(anonymous_17)
FNDA:0,(anonymous_18)
FNDA:0,(anonymous_19)
FNDA:0,(anonymous_20)
FNDA:0,(anonymous_21)
FNDA:0,(anonymous_22)
FNDA:0,(anonymous_23)
FNDA:0,(anonymous_24)
FNDA:0,(anonymous_25)
FNDA:0,(anonymous_26)
FNDA:0,(anonymous_27)
FNDA:0,(anonymous_28)
FNDA:0,(anonymous_29)
FNDA:0,(anonymous_30)
FNDA:0,(anonymous_31)
FNDA:0,(anonymous_32)
FNDA:0,(anonymous_33)
FNDA:0,(anonymous_34)
FNDA:0,(anonymous_35)
FNDA:0,(anonymous_36)
FNDA:0,(anonymous_37)
FNDA:0,(anonymous_38)
FNDA:0,(anonymous_39)
FNDA:0,(anonymous_40)
FNDA:0,(anonymous_41)
FNDA:0,(anonymous_42)
FNDA:0,(anonymous_43)
FNDA:0,(anonymous_44)
FNDA:0,(anonymous_45)
FNDA:0,(anonymous_46)
FNDA:0,(anonymous_47)
FNDA:0,(anonymous_48)
FNDA:0,(anonymous_49)
FNDA:0,(anonymous_50)
FNDA:0,(anonymous_51)
FNDA:0,(anonymous_52)
FNDA:0,(anonymous_53)
FNDA:0,(anonymous_54)
FNDA:0,(anonymous_55)
FNDA:0,(anonymous_56)
FNDA:0,(anonymous_57)
FNDA:0,(anonymous_58)
DA:5,1
DA:11,1
DA:14,1
DA:16,1
DA:18,0
DA:22,0
DA:26,0
DA:31,1
DA:33,0
DA:34,0
DA:35,0
DA:37,0
DA:40,0
DA:45,1
DA:46,0
DA:48,0
DA:50,0
DA:52,0
DA:53,0
DA:56,0
DA:61,1
DA:62,7
DA:63,5
DA:64,5
DA:65,1
DA:67,4
DA:68,1
DA:70,3
DA:71,1
DA:73,2
DA:74,1
DA:76,1
DA:77,1
DA:79,0
DA:81,2
DA:82,1
DA:84,1
DA:87,1
DA:90,0
DA:91,0
DA:96,0
DA:101,0
DA:102,0
DA:105,0
DA:106,0
DA:110,0
DA:111,0
DA:115,0
DA:116,0
DA:121,0
DA:125,0
DA:126,0
DA:128,0
DA:129,0
DA:133,0
DA:134,0
DA:138,0
DA:139,0
DA:143,0
DA:144,0
DA:149,0
DA:150,0
DA:154,0
DA:155,0
DA:159,0
DA:160,0
DA:164,0
DA:168,0
DA:172,0
DA:173,0
DA:177,0
DA:178,0
DA:183,0
DA:186,0
DA:191,0
DA:194,0
DA:199,0
DA:200,0
DA:205,0
DA:209,0
DA:214,0
DA:215,0
DA:220,0
DA:224,0
DA:225,0
DA:227,0
DA:228,0
DA:233,0
DA:234,0
DA:239,0
DA:243,0
DA:259,0
DA:260,0
DA:261,0
DA:262,0
DA:263,0
DA:264,0
DA:265,0
DA:266,0
DA:268,0
DA:269,0
DA:273,0
DA:274,0
DA:276,0
DA:277,0
DA:291,0
DA:292,0
DA:296,0
DA:297,0
DA:301,0
DA:302,0
DA:306,0
DA:307,0
DA:309,0
DA:310,0
DA:314,0
DA:315,0
DA:319,0
DA:320,0
DA:321,0
DA:325,0
DA:326,0
DA:336,0
DA:337,0
DA:345,0
DA:346,0
DA:350,0
DA:351,0
DA:367,0
DA:368,0
DA:369,0
DA:370,0
DA:371,0
DA:372,0
DA:373,0
DA:374,0
DA:376,0
DA:377,0
DA:381,0
DA:382,0
DA:384,0
DA:385,0
DA:395,0
DA:396,0
DA:400,0
DA:401,0
DA:403,0
DA:404,0
DA:408,0
DA:409,0
DA:411,0
DA:412,0
DA:416,0
DA:417,0
DA:426,0
DA:427,0
DA:428,0
DA:429,0
DA:430,0
DA:432,0
DA:435,0
DA:439,0
DA:440,0
DA:444,0
DA:445,0
DA:453,0
DA:454,0
DA:455,0
DA:456,0
DA:460,0
DA:461,0
DA:465,0
DA:473,0
DA:474,0
DA:478,0
DA:479,0
DA:488,0
DA:489,0
DA:498,0
DA:499,0
DA:503,0
DA:504,0
LF:182
LH:23
BRDA:34,0,0,0
BRDA:34,0,1,0
BRDA:48,1,0,0
BRDA:48,1,1,0
BRDA:52,2,0,0
BRDA:52,2,1,0
BRDA:62,3,0,5
BRDA:62,3,1,2
BRDA:64,4,0,1
BRDA:64,4,1,4
BRDA:67,5,0,1
BRDA:67,5,1,3
BRDA:70,6,0,1
BRDA:70,6,1,2
BRDA:73,7,0,1
BRDA:73,7,1,1
BRDA:76,8,0,1
BRDA:76,8,1,0
BRDA:81,9,0,1
BRDA:81,9,1,1
BRDA:95,10,0,0
BRDA:101,11,0,0
BRDA:101,11,1,0
BRDA:120,12,0,0
BRDA:125,13,0,0
BRDA:125,13,1,0
BRDA:126,14,0,0
BRDA:126,14,1,0
BRDA:182,15,0,0
BRDA:190,16,0,0
BRDA:224,17,0,0
BRDA:224,17,1,0
BRDA:238,18,0,0
BRDA:250,19,0,0
BRDA:260,20,0,0
BRDA:260,20,1,0
BRDA:261,21,0,0
BRDA:261,21,1,0
BRDA:262,22,0,0
BRDA:262,22,1,0
BRDA:263,23,0,0
BRDA:263,23,1,0
BRDA:264,24,0,0
BRDA:264,24,1,0
BRDA:265,25,0,0
BRDA:265,25,1,0
BRDA:266,26,0,0
BRDA:266,26,1,0
BRDA:272,27,0,0
BRDA:274,28,0,0
BRDA:274,28,1,0
BRDA:295,29,0,0
BRDA:305,30,0,0
BRDA:307,31,0,0
BRDA:307,31,1,0
BRDA:319,32,0,0
BRDA:319,32,1,0
BRDA:358,33,0,0
BRDA:368,34,0,0
BRDA:368,34,1,0
BRDA:369,35,0,0
BRDA:369,35,1,0
BRDA:370,36,0,0
BRDA:370,36,1,0
BRDA:371,37,0,0
BRDA:371,37,1,0
BRDA:372,38,0,0
BRDA:372,38,1,0
BRDA:373,39,0,0
BRDA:373,39,1,0
BRDA:374,40,0,0
BRDA:374,40,1,0
BRDA:380,41,0,0
BRDA:382,42,0,0
BRDA:382,42,1,0
BRDA:399,43,0,0
BRDA:399,44,0,0
BRDA:401,45,0,0
BRDA:401,45,1,0
BRDA:407,46,0,0
BRDA:407,47,0,0
BRDA:409,48,0,0
BRDA:409,48,1,0
BRDA:415,49,0,0
BRDA:420,50,0,0
BRDA:427,51,0,0
BRDA:427,51,1,0
BRDA:428,52,0,0
BRDA:428,52,1,0
BRDA:429,53,0,0
BRDA:429,53,1,0
BRDA:430,54,0,0
BRDA:430,54,1,0
BRF:93
BRH:13
end_of_record
TN:
SF:src\utils\config.ts
FN:20,(anonymous_0)
FN:25,(anonymous_1)
FNF:2
FNH:2
FNDA:11,(anonymous_0)
FNDA:1,(anonymous_1)
DA:7,3
DA:8,3
DA:9,3
DA:10,3
DA:13,3
DA:16,3
DA:17,3
DA:20,3
DA:21,11
DA:25,3
DA:26,1
DA:30,3
DA:39,3
LF:13
LH:13
BRDA:7,0,0,3
BRDA:7,0,1,3
BRDA:13,1,0,3
BRDA:13,1,1,3
BRDA:16,2,0,3
BRDA:16,2,1,3
BRDA:20,3,0,10
BRF:7
BRH:7
end_of_record
TN:
SF:src\utils\grafana.ts
FN:14,(anonymous_0)
FN:23,(anonymous_1)
FN:43,(anonymous_2)
FN:81,(anonymous_3)
FNF:4
FNH:0
FNDA:0,(anonymous_0)
FNDA:0,(anonymous_1)
FNDA:0,(anonymous_2)
FNDA:0,(anonymous_3)
DA:7,0
DA:8,0
DA:14,0
DA:15,0
DA:16,0
DA:19,0
DA:22,0
DA:23,0
DA:25,0
DA:32,0
DA:33,0
DA:36,0
DA:43,0
DA:60,0
DA:62,0
DA:71,0
DA:72,0
DA:75,0
DA:81,0
DA:82,0
LF:20
LH:0
BRDA:7,0,0,0
BRDA:7,0,1,0
BRDA:15,1,0,0
BRDA:15,1,1,0
BRDA:46,2,0,0
BRDA:56,3,0,0
BRDA:57,4,0,0
BRDA:58,5,0,0
BRDA:59,6,0,0
BRDA:71,7,0,0
BRDA:71,7,1,0
BRF:11
BRH:0
end_of_record
TN:
SF:src\utils\helpers.ts
FN:4,cn
FN:8,formatDate
FN:13,formatBatteryLevel
FN:17,getStatusColor
FN:30,getBatteryColor
FNF:5
FNH:0
FNDA:0,cn
FNDA:0,formatDate
FNDA:0,formatBatteryLevel
FNDA:0,getStatusColor
FNDA:0,getBatteryColor
DA:5,0
DA:9,0
DA:10,0
DA:14,0
DA:18,0
DA:20,0
DA:22,0
DA:24,0
DA:26,0
DA:31,0
DA:32,0
DA:33,0
LF:12
LH:0
BRDA:9,0,0,0
BRDA:9,0,1,0
BRDA:18,1,0,0
BRDA:18,1,1,0
BRDA:18,1,2,0
BRDA:18,1,3,0
BRDA:31,2,0,0
BRDA:31,2,1,0
BRDA:32,3,0,0
BRDA:32,3,1,0
BRF:10
BRH:0
end_of_record
TN:
SF:src\utils\useMqtt.ts
FN:11,(anonymous_0)
FN:23,(anonymous_1)
FN:32,(anonymous_2)
FN:38,(anonymous_3)
FN:39,(anonymous_4)
FN:49,(anonymous_5)
FN:55,(anonymous_6)
FN:63,(anonymous_7)
FN:69,(anonymous_8)
FN:74,(anonymous_9)
FN:89,(anonymous_10)
FN:99,(anonymous_11)
FN:101,(anonymous_12)
FN:113,(anonymous_13)
FN:115,(anonymous_14)
FN:126,(anonymous_15)
FN:129,(anonymous_16)
FN:141,(anonymous_17)
FN:146,(anonymous_18)
FN:148,(anonymous_19)
FNF:20
FNH:0
FNDA:0,(anonymous_0)
FNDA:0,(anonymous_1)
FNDA:0,(anonymous_2)
FNDA:0,(anonymous_3)
FNDA:0,(anonymous_4)
FNDA:0,(anonymous_5)
FNDA:0,(anonymous_6)
FNDA:0,(anonymous_7)
FNDA:0,(anonymous_8)
FNDA:0,(anonymous_9)
FNDA:0,(anonymous_10)
FNDA:0,(anonymous_11)
FNDA:0,(anonymous_12)
FNDA:0,(anonymous_13)
FNDA:0,(anonymous_14)
FNDA:0,(anonymous_15)
FNDA:0,(anonymous_16)
FNDA:0,(anonymous_17)
FNDA:0,(anonymous_18)
FNDA:0,(anonymous_19)
DA:11,0
DA:16,0
DA:17,0
DA:18,0
DA:19,0
DA:20,0
DA:23,0
DA:24,0
DA:25,0
DA:32,0
DA:33,0
DA:34,0
DA:35,0
DA:38,0
DA:39,0
DA:40,0
DA:41,0
DA:43,0
DA:49,0
DA:50,0
DA:51,0
DA:52,0
DA:55,0
DA:56,0
DA:57,0
DA:63,0
DA:65,0
DA:69,0
DA:70,0
DA:71,0
DA:74,0
DA:75,0
DA:76,0
DA:79,0
DA:80,0
DA:83,0
DA:84,0
DA:89,0
DA:90,0
DA:91,0
DA:92,0
DA:93,0
DA:94,0
DA:99,0
DA:100,0
DA:101,0
DA:102,0
DA:103,0
DA:104,0
DA:106,0
DA:113,0
DA:114,0
DA:115,0
DA:116,0
DA:117,0
DA:119,0
DA:126,0
DA:127,0
DA:128,0
DA:129,0
DA:130,0
DA:131,0
DA:132,0
DA:134,0
DA:141,0
DA:142,0
DA:146,0
DA:147,0
DA:148,0
DA:149,0
DA:153,0
LF:71
LH:0
BRDA:11,0,0,0
BRDA:12,1,0,0
BRDA:12,2,0,0
BRDA:12,2,1,0
BRDA:13,3,0,0
BRDA:14,4,0,0
BRDA:40,5,0,0
BRDA:40,5,1,0
BRDA:84,6,0,0
BRDA:84,6,1,0
BRDA:90,7,0,0
BRDA:90,7,1,0
BRDA:100,8,0,0
BRDA:100,8,1,0
BRDA:100,9,0,0
BRDA:100,9,1,0
BRDA:102,10,0,0
BRDA:102,10,1,0
BRDA:114,11,0,0
BRDA:114,11,1,0
BRDA:114,12,0,0
BRDA:114,12,1,0
BRDA:116,13,0,0
BRDA:116,13,1,0
BRDA:127,14,0,0
BRDA:127,14,1,0
BRDA:127,15,0,0
BRDA:127,15,1,0
BRDA:128,16,0,0
BRDA:128,16,1,0
BRDA:130,17,0,0
BRDA:130,17,1,0
BRF:32
BRH:0
end_of_record
