TN:
SF:src\App.tsx
FN:45,App
FNF:1
FNH:1
FNDA:2,App
DA:46,2
LF:1
LH:1
BRF:0
BRH:0
end_of_record
TN:
SF:src\TonyPiApp.tsx
FN:91,(anonymous_0)
FN:111,(anonymous_1)
FN:112,(anonymous_2)
FN:115,(anonymous_3)
FN:119,(anonymous_4)
FN:122,(anonymous_5)
FN:137,(anonymous_6)
FN:141,(anonymous_7)
FN:144,(anonymous_8)
FN:175,(anonymous_9)
FN:200,(anonymous_10)
FN:204,(anonymous_11)
FN:205,(anonymous_12)
FN:210,(anonymous_13)
FN:258,(anonymous_14)
FN:303,(anonymous_15)
FN:316,(anonymous_16)
FN:327,(anonymous_17)
FN:344,(anonymous_18)
FN:374,(anonymous_19)
FN:395,(anonymous_20)
FN:421,(anonymous_21)
FN:446,(anonymous_22)
FN:449,(anonymous_23)
FN:542,(anonymous_24)
FN:622,(anonymous_25)
FN:625,(anonymous_26)
FN:673,(anonymous_27)
FN:709,(anonymous_28)
FN:739,(anonymous_29)
FN:743,(anonymous_30)
FN:751,(anonymous_31)
FN:802,(anonymous_32)
FN:840,(anonymous_33)
FN:854,(anonymous_34)
FNF:35
FNH:0
FNDA:0,(anonymous_0)
FNDA:0,(anonymous_1)
FNDA:0,(anonymous_2)
FNDA:0,(anonymous_3)
FNDA:0,(anonymous_4)
FNDA:0,(anonymous_5)
FNDA:0,(anonymous_6)
FNDA:0,(anonymous_7)
FNDA:0,(anonymous_8)
FNDA:0,(anonymous_9)
FNDA:0,(anonymous_10)
FNDA:0,(anonymous_11)
FNDA:0,(anonymous_12)
FNDA:0,(anonymous_13)
FNDA:0,(anonymous_14)
FNDA:0,(anonymous_15)
FNDA:0,(anonymous_16)
FNDA:0,(anonymous_17)
FNDA:0,(anonymous_18)
FNDA:0,(anonymous_19)
FNDA:0,(anonymous_20)
FNDA:0,(anonymous_21)
FNDA:0,(anonymous_22)
FNDA:0,(anonymous_23)
FNDA:0,(anonymous_24)
FNDA:0,(anonymous_25)
FNDA:0,(anonymous_26)
FNDA:0,(anonymous_27)
FNDA:0,(anonymous_28)
FNDA:0,(anonymous_29)
FNDA:0,(anonymous_30)
FNDA:0,(anonymous_31)
FNDA:0,(anonymous_32)
FNDA:0,(anonymous_33)
FNDA:0,(anonymous_34)
DA:91,0
DA:92,0
DA:93,0
DA:94,0
DA:95,0
DA:96,0
DA:97,0
DA:98,0
DA:99,0
DA:100,0
DA:101,0
DA:102,0
DA:103,0
DA:104,0
DA:105,0
DA:106,0
DA:107,0
DA:111,0
DA:112,0
DA:113,0
DA:115,0
DA:119,0
DA:120,0
DA:122,0
DA:123,0
DA:124,0
DA:125,0
DA:127,0
DA:132,0
DA:135,0
DA:137,0
DA:141,0
DA:142,0
DA:144,0
DA:145,0
DA:148,0
DA:149,0
DA:150,0
DA:152,0
DA:153,0
DA:154,0
DA:155,0
DA:156,0
DA:157,0
DA:159,0
DA:162,0
DA:167,0
DA:168,0
DA:169,0
DA:172,0
DA:174,0
DA:175,0
DA:178,0
DA:179,0
DA:181,0
DA:182,0
DA:185,0
DA:187,0
DA:190,0
DA:191,0
DA:193,0
DA:194,0
DA:198,0
DA:199,0
DA:200,0
DA:204,0
DA:205,0
DA:206,0
DA:207,0
DA:209,0
DA:210,0
DA:213,0
DA:227,0
DA:228,0
DA:254,0
DA:255,0
DA:258,0
DA:259,0
DA:260,0
DA:263,0
DA:303,0
DA:316,0
DA:328,0
DA:329,0
DA:344,0
DA:375,0
DA:376,0
DA:396,0
DA:397,0
DA:422,0
DA:423,0
DA:447,0
DA:449,0
DA:542,0
DA:622,0
DA:626,0
DA:674,0
DA:710,0
DA:739,0
DA:743,0
DA:751,0
DA:803,0
DA:840,0
DA:854,0
DA:855,0
LF:105
LH:0
BRDA:120,0,0,0
BRDA:120,0,1,0
BRDA:125,1,0,0
BRDA:125,1,1,0
BRDA:142,2,0,0
BRDA:142,2,1,0
BRDA:154,3,0,0
BRDA:154,3,1,0
BRDA:155,4,0,0
BRDA:155,4,1,0
BRDA:156,5,0,0
BRDA:156,5,1,0
BRDA:168,6,0,0
BRDA:168,6,1,0
BRDA:172,7,0,0
BRDA:172,7,1,0
BRDA:174,8,0,0
BRDA:174,8,1,0
BRDA:178,9,0,0
BRDA:178,9,1,0
BRDA:181,10,0,0
BRDA:181,10,1,0
BRDA:206,11,0,0
BRDA:206,11,1,0
BRDA:207,12,0,0
BRDA:207,12,1,0
BRDA:223,13,0,0
BRDA:223,13,1,0
BRDA:227,14,0,0
BRDA:227,14,1,0
BRDA:254,15,0,0
BRDA:254,15,1,0
BRDA:264,16,0,0
BRDA:264,16,1,0
BRDA:266,17,0,0
BRDA:266,17,1,0
BRDA:277,18,0,0
BRDA:277,18,1,0
BRDA:283,19,0,0
BRDA:283,19,1,0
BRDA:284,20,0,0
BRDA:284,20,1,0
BRDA:285,21,0,0
BRDA:285,21,1,0
BRDA:285,22,0,0
BRDA:285,22,1,0
BRDA:287,23,0,0
BRDA:287,23,1,0
BRDA:287,24,0,0
BRDA:287,24,1,0
BRDA:287,25,0,0
BRDA:287,25,1,0
BRDA:288,26,0,0
BRDA:288,26,1,0
BRDA:289,27,0,0
BRDA:289,27,1,0
BRDA:295,28,0,0
BRDA:295,28,1,0
BRDA:296,29,0,0
BRDA:296,29,1,0
BRDA:298,30,0,0
BRDA:298,30,1,0
BRDA:304,31,0,0
BRDA:304,31,1,0
BRDA:307,32,0,0
BRDA:307,32,1,0
BRDA:308,33,0,0
BRDA:308,33,1,0
BRDA:310,34,0,0
BRDA:310,34,1,0
BRDA:317,35,0,0
BRDA:317,35,1,0
BRDA:331,36,0,0
BRDA:331,36,1,0
BRDA:335,37,0,0
BRDA:335,37,1,0
BRDA:341,38,0,0
BRDA:341,38,1,0
BRDA:343,39,0,0
BRDA:343,39,1,0
BRDA:346,40,0,0
BRDA:346,40,1,0
BRDA:347,41,0,0
BRDA:347,41,1,0
BRDA:348,42,0,0
BRDA:348,42,1,0
BRDA:352,43,0,0
BRDA:352,43,1,0
BRDA:367,44,0,0
BRDA:367,44,1,0
BRDA:369,45,0,0
BRDA:369,45,1,0
BRDA:378,46,0,0
BRDA:378,46,1,0
BRDA:380,47,0,0
BRDA:380,47,1,0
BRDA:381,48,0,0
BRDA:381,48,1,0
BRDA:383,49,0,0
BRDA:383,49,1,0
BRDA:389,50,0,0
BRDA:389,50,1,0
BRDA:389,51,0,0
BRDA:389,51,1,0
BRDA:389,52,0,0
BRDA:389,52,1,0
BRDA:390,53,0,0
BRDA:390,53,1,0
BRDA:399,54,0,0
BRDA:399,54,1,0
BRDA:401,55,0,0
BRDA:401,55,1,0
BRDA:407,56,0,0
BRDA:407,56,1,0
BRDA:408,57,0,0
BRDA:408,57,1,0
BRDA:409,58,0,0
BRDA:409,58,1,0
BRDA:410,59,0,0
BRDA:410,59,1,0
BRDA:411,60,0,0
BRDA:411,60,1,0
BRDA:411,61,0,0
BRDA:411,61,1,0
BRDA:413,62,0,0
BRDA:413,62,1,0
BRDA:414,63,0,0
BRDA:414,63,1,0
BRDA:415,64,0,0
BRDA:415,64,1,0
BRDA:416,65,0,0
BRDA:416,65,1,0
BRDA:425,66,0,0
BRDA:425,66,1,0
BRDA:432,67,0,0
BRDA:432,67,1,0
BRDA:443,68,0,0
BRDA:443,68,1,0
BRDA:451,69,0,0
BRDA:451,69,1,0
BRDA:453,70,0,0
BRDA:453,70,1,0
BRDA:468,71,0,0
BRDA:468,71,1,0
BRDA:475,72,0,0
BRDA:475,72,1,0
BRDA:482,73,0,0
BRDA:482,73,1,0
BRDA:489,74,0,0
BRDA:489,74,1,0
BRDA:496,75,0,0
BRDA:496,75,1,0
BRDA:503,76,0,0
BRDA:503,76,1,0
BRDA:510,77,0,0
BRDA:510,77,1,0
BRDA:517,78,0,0
BRDA:517,78,1,0
BRDA:524,79,0,0
BRDA:524,79,1,0
BRDA:524,79,2,0
BRDA:531,80,0,0
BRDA:531,80,1,0
BRDA:535,81,0,0
BRDA:535,81,1,0
BRDA:537,82,0,0
BRDA:537,82,1,0
BRDA:538,83,0,0
BRDA:538,83,1,0
BRDA:541,84,0,0
BRDA:541,84,1,0
BRDA:542,85,0,0
BRDA:542,85,1,0
BRDA:546,86,0,0
BRDA:546,86,1,0
BRDA:548,87,0,0
BRDA:548,87,1,0
BRDA:549,88,0,0
BRDA:549,88,1,0
BRDA:552,89,0,0
BRDA:552,89,1,0
BRDA:553,90,0,0
BRDA:553,90,1,0
BRDA:557,91,0,0
BRDA:557,91,1,0
BRDA:559,92,0,0
BRDA:559,92,1,0
BRDA:560,93,0,0
BRDA:560,93,1,0
BRDA:563,94,0,0
BRDA:563,94,1,0
BRDA:564,95,0,0
BRDA:564,95,1,0
BRDA:568,96,0,0
BRDA:568,96,1,0
BRDA:570,97,0,0
BRDA:570,97,1,0
BRDA:571,98,0,0
BRDA:571,98,1,0
BRDA:574,99,0,0
BRDA:574,99,1,0
BRDA:575,100,0,0
BRDA:575,100,1,0
BRDA:582,101,0,0
BRDA:582,101,1,0
BRDA:584,102,0,0
BRDA:584,102,1,0
BRDA:588,103,0,0
BRDA:588,103,1,0
BRDA:588,104,0,0
BRDA:588,104,1,0
BRDA:588,105,0,0
BRDA:588,105,1,0
BRDA:593,106,0,0
BRDA:593,106,1,0
BRDA:594,107,0,0
BRDA:594,107,1,0
BRDA:595,108,0,0
BRDA:595,108,1,0
BRDA:599,109,0,0
BRDA:599,109,1,0
BRDA:600,110,0,0
BRDA:600,110,1,0
BRDA:601,111,0,0
BRDA:601,111,1,0
BRDA:602,112,0,0
BRDA:602,112,1,0
BRDA:605,113,0,0
BRDA:605,113,1,0
BRDA:606,114,0,0
BRDA:606,114,1,0
BRDA:607,115,0,0
BRDA:607,115,1,0
BRDA:607,116,0,0
BRDA:607,116,1,0
BRDA:613,117,0,0
BRDA:613,117,1,0
BRDA:615,118,0,0
BRDA:615,118,1,0
BRDA:619,119,0,0
BRDA:619,119,1,0
BRDA:623,120,0,0
BRDA:623,120,1,0
BRDA:627,121,0,0
BRDA:627,121,1,0
BRDA:633,122,0,0
BRDA:633,122,1,0
BRDA:636,123,0,0
BRDA:636,123,1,0
BRDA:637,124,0,0
BRDA:637,124,1,0
BRDA:638,125,0,0
BRDA:638,125,1,0
BRDA:640,126,0,0
BRDA:640,126,1,0
BRDA:641,127,0,0
BRDA:641,127,1,0
BRDA:642,128,0,0
BRDA:642,128,1,0
BRDA:644,129,0,0
BRDA:644,129,1,0
BRDA:645,130,0,0
BRDA:645,130,1,0
BRDA:646,131,0,0
BRDA:646,131,1,0
BRDA:646,132,0,0
BRDA:646,132,1,0
BRDA:650,133,0,0
BRDA:650,133,1,0
BRDA:651,134,0,0
BRDA:651,134,1,0
BRDA:653,135,0,0
BRDA:653,135,1,0
BRDA:653,136,0,0
BRDA:653,136,1,0
BRDA:654,137,0,0
BRDA:654,137,1,0
BRDA:654,138,0,0
BRDA:654,138,1,0
BRDA:655,139,0,0
BRDA:655,139,1,0
BRDA:655,140,0,0
BRDA:655,140,1,0
BRDA:662,141,0,0
BRDA:662,141,1,0
BRDA:663,142,0,0
BRDA:663,142,1,0
BRDA:669,143,0,0
BRDA:669,143,1,0
BRDA:669,143,2,0
BRDA:670,144,0,0
BRDA:670,144,1,0
BRDA:671,145,0,0
BRDA:671,145,1,0
BRDA:676,146,0,0
BRDA:676,146,1,0
BRDA:679,147,0,0
BRDA:679,147,1,0
BRDA:683,148,0,0
BRDA:683,148,1,0
BRDA:695,149,0,0
BRDA:695,149,1,0
BRDA:697,150,0,0
BRDA:697,150,1,0
BRDA:701,151,0,0
BRDA:701,151,1,0
BRDA:702,152,0,0
BRDA:702,152,1,0
BRDA:707,153,0,0
BRDA:707,153,1,0
BRDA:712,154,0,0
BRDA:712,154,1,0
BRDA:715,155,0,0
BRDA:715,155,1,0
BRDA:716,156,0,0
BRDA:716,156,1,0
BRDA:717,157,0,0
BRDA:717,157,1,0
BRDA:720,158,0,0
BRDA:720,158,1,0
BRDA:727,159,0,0
BRDA:727,159,1,0
BRDA:736,160,0,0
BRDA:736,160,1,0
BRDA:742,161,0,0
BRDA:742,161,1,0
BRDA:746,162,0,0
BRDA:746,162,1,0
BRDA:752,163,0,0
BRDA:752,163,1,0
BRDA:760,164,0,0
BRDA:760,164,1,0
BRDA:762,165,0,0
BRDA:762,165,1,0
BRDA:763,166,0,0
BRDA:763,166,1,0
BRDA:764,167,0,0
BRDA:764,167,1,0
BRDA:765,168,0,0
BRDA:765,168,1,0
BRDA:766,169,0,0
BRDA:766,169,1,0
BRDA:767,170,0,0
BRDA:767,170,1,0
BRDA:772,171,0,0
BRDA:772,171,1,0
BRDA:773,172,0,0
BRDA:773,172,1,0
BRDA:774,173,0,0
BRDA:774,173,1,0
BRDA:775,174,0,0
BRDA:775,174,1,0
BRDA:776,175,0,0
BRDA:776,175,1,0
BRDA:777,176,0,0
BRDA:777,176,1,0
BRDA:783,177,0,0
BRDA:783,177,1,0
BRDA:784,178,0,0
BRDA:784,178,1,0
BRDA:785,179,0,0
BRDA:785,179,1,0
BRDA:789,180,0,0
BRDA:789,180,1,0
BRDA:790,181,0,0
BRDA:790,181,1,0
BRDA:803,182,0,0
BRDA:803,182,1,0
BRDA:804,183,0,0
BRDA:804,183,1,0
BRDA:805,184,0,0
BRDA:805,184,1,0
BRDA:811,185,0,0
BRDA:811,185,1,0
BRDA:812,186,0,0
BRDA:812,186,1,0
BRDA:814,187,0,0
BRDA:814,187,1,0
BRDA:815,188,0,0
BRDA:815,188,1,0
BRDA:819,189,0,0
BRDA:819,189,1,0
BRDA:825,190,0,0
BRDA:825,190,1,0
BRDA:826,191,0,0
BRDA:826,191,1,0
BRDA:830,192,0,0
BRDA:830,192,1,0
BRDA:838,193,0,0
BRDA:838,193,1,0
BRF:390
BRH:0
end_of_record
TN:
SF:src\__tests__\mocks\handlers.ts
FN:100,(anonymous_0)
FN:105,(anonymous_1)
FN:110,(anonymous_2)
FN:115,(anonymous_3)
FN:120,(anonymous_4)
FN:131,(anonymous_5)
FN:132,(anonymous_6)
FN:140,(anonymous_7)
FN:145,(anonymous_8)
FN:156,(anonymous_9)
FN:165,(anonymous_10)
FN:177,(anonymous_11)
FNF:12
FNH:0
FNDA:0,(anonymous_0)
FNDA:0,(anonymous_1)
FNDA:0,(anonymous_2)
FNDA:0,(anonymous_3)
FNDA:0,(anonymous_4)
FNDA:0,(anonymous_5)
FNDA:0,(anonymous_6)
FNDA:0,(anonymous_7)
FNDA:0,(anonymous_8)
FNDA:0,(anonymous_9)
FNDA:0,(anonymous_10)
FNDA:0,(anonymous_11)
DA:55,0
DA:61,0
DA:72,0
DA:84,0
DA:98,0
DA:101,0
DA:106,0
DA:111,0
DA:116,0
DA:121,0
DA:122,0
DA:127,0
DA:132,0
DA:133,0
DA:134,0
DA:136,0
DA:141,0
DA:146,0
DA:157,0
DA:166,0
DA:178,0
LF:21
LH:0
BRDA:133,0,0,0
BRDA:133,0,1,0
BRF:2
BRH:0
end_of_record
TN:
SF:src\__tests__\mocks\server.ts
FNF:0
FNH:0
DA:48,0
LF:1
LH:0
BRF:0
BRH:0
end_of_record
TN:
SF:src\__tests__\utils\testUtils.tsx
FN:61,(anonymous_0)
FN:82,(anonymous_1)
FN:98,(anonymous_2)
FN:108,(anonymous_3)
FN:119,(anonymous_4)
FN:128,(anonymous_5)
FN:143,(anonymous_6)
FN:147,(anonymous_7)
FN:157,(anonymous_8)
FN:158,(anonymous_9)
FNF:10
FNH:2
FNDA:81,(anonymous_0)
FNDA:81,(anonymous_1)
FNDA:0,(anonymous_2)
FNDA:0,(anonymous_3)
FNDA:0,(anonymous_4)
FNDA:0,(anonymous_5)
FNDA:0,(anonymous_6)
FNDA:0,(anonymous_7)
FNDA:0,(anonymous_8)
FNDA:0,(anonymous_9)
DA:61,9
DA:62,81
DA:82,9
DA:85,81
DA:98,9
DA:108,9
DA:119,9
DA:128,9
DA:143,9
DA:144,0
DA:147,9
DA:148,0
DA:149,0
DA:150,0
DA:157,9
DA:158,0
LF:16
LH:11
BRDA:98,0,0,0
BRDA:108,1,0,0
BRDA:119,2,0,0
BRDA:128,3,0,0
BRF:4
BRH:0
end_of_record
TN:
SF:src\components\GrafanaPanel.tsx
FN:81,(anonymous_0)
FN:100,(anonymous_1)
FN:106,(anonymous_2)
FN:111,(anonymous_3)
FNF:4
FNH:0
FNDA:0,(anonymous_0)
FNDA:0,(anonymous_1)
FNDA:0,(anonymous_2)
FNDA:0,(anonymous_3)
DA:81,0
DA:92,0
DA:95,0
DA:98,0
DA:100,0
DA:102,0
DA:103,0
DA:106,0
DA:107,0
DA:108,0
DA:111,0
DA:112,0
DA:113,0
DA:116,0
DA:125,0
DA:126,0
DA:135,0
DA:136,0
DA:147,0
LF:19
LH:0
BRDA:83,0,0,0
BRDA:84,1,0,0
BRDA:85,2,0,0
BRDA:98,3,0,0
BRDA:98,3,1,0
BRDA:98,4,0,0
BRDA:98,4,1,0
BRDA:98,4,2,0
BRDA:117,5,0,0
BRDA:117,5,1,0
BRDA:118,6,0,0
BRDA:118,6,1,0
BRDA:125,7,0,0
BRDA:125,7,1,0
BRDA:135,8,0,0
BRDA:135,8,1,0
BRDA:135,9,0,0
BRDA:135,9,1,0
BRDA:149,10,0,0
BRDA:149,10,1,0
BRF:20
BRH:0
end_of_record
TN:
SF:src\components\Layout.tsx
FN:73,(anonymous_0)
FN:106,(anonymous_1)
FN:125,(anonymous_2)
FN:126,(anonymous_3)
FN:141,(anonymous_4)
FN:145,(anonymous_5)
FN:180,(anonymous_6)
FN:271,(anonymous_7)
FNF:8
FNH:7
FNDA:60,(anonymous_0)
FNDA:6,(anonymous_1)
FNDA:6,(anonymous_2)
FNDA:6,(anonymous_3)
FNDA:6,(anonymous_4)
FNDA:0,(anonymous_5)
FNDA:24,(anonymous_6)
FNDA:6,(anonymous_7)
DA:73,1
DA:74,60
DA:106,1
DA:109,6
DA:110,6
DA:113,6
DA:117,6
DA:125,6
DA:126,6
DA:127,6
DA:128,6
DA:129,6
DA:131,6
DA:136,6
DA:139,6
DA:141,6
DA:145,6
DA:146,0
DA:149,6
DA:182,24
DA:183,24
DA:271,6
LF:22
LH:21
BRDA:129,0,0,6
BRDA:129,0,1,0
BRDA:192,1,0,6
BRDA:192,1,1,18
BRDA:203,2,0,6
BRDA:203,2,1,18
BRDA:219,3,0,0
BRDA:219,3,1,6
BRDA:227,4,0,0
BRDA:227,4,1,6
BRDA:234,5,0,6
BRDA:234,5,1,0
BRDA:236,6,0,0
BRDA:236,6,1,0
BRDA:271,7,0,6
BRDA:271,7,1,0
BRDA:272,8,0,0
BRDA:272,8,1,0
BRDA:284,9,0,6
BRDA:284,9,1,0
BRDA:286,10,0,0
BRDA:286,10,1,0
BRF:22
BRH:10
end_of_record
TN:
SF:src\components\SSHTerminal.tsx
FN:40,(anonymous_0)
FN:54,(anonymous_1)
FN:112,(anonymous_2)
FN:118,(anonymous_3)
FN:136,(anonymous_4)
FN:143,(anonymous_5)
FN:149,(anonymous_6)
FN:159,(anonymous_7)
FN:177,(anonymous_8)
FNF:9
FNH:0
FNDA:0,(anonymous_0)
FNDA:0,(anonymous_1)
FNDA:0,(anonymous_2)
FNDA:0,(anonymous_3)
FNDA:0,(anonymous_4)
FNDA:0,(anonymous_5)
FNDA:0,(anonymous_6)
FNDA:0,(anonymous_7)
FNDA:0,(anonymous_8)
DA:40,0
DA:46,0
DA:47,0
DA:48,0
DA:49,0
DA:51,0
DA:52,0
DA:54,0
DA:55,0
DA:58,0
DA:86,0
DA:87,0
DA:90,0
DA:91,0
DA:94,0
DA:95,0
DA:98,0
DA:99,0
DA:100,0
DA:103,0
DA:104,0
DA:105,0
DA:106,0
DA:108,0
DA:109,0
DA:112,0
DA:113,0
DA:114,0
DA:115,0
DA:118,0
DA:119,0
DA:120,0
DA:122,0
DA:124,0
DA:125,0
DA:127,0
DA:128,0
DA:129,0
DA:132,0
DA:136,0
DA:137,0
DA:138,0
DA:139,0
DA:140,0
DA:143,0
DA:144,0
DA:145,0
DA:149,0
DA:150,0
DA:151,0
DA:159,0
DA:160,0
DA:161,0
DA:164,0
DA:165,0
DA:174,0
DA:177,0
DA:178,0
DA:180,0
DA:181,0
DA:184,0
DA:185,0
DA:190,0
LF:63
LH:0
BRDA:55,0,0,0
BRDA:55,0,1,0
BRDA:103,1,0,0
BRDA:103,1,1,0
BRDA:105,2,0,0
BRDA:105,2,1,0
BRDA:122,3,0,0
BRDA:122,3,1,0
BRDA:125,4,0,0
BRDA:125,4,1,0
BRDA:150,5,0,0
BRDA:150,5,1,0
BRDA:160,6,0,0
BRDA:160,6,1,0
BRDA:160,7,0,0
BRDA:160,7,1,0
BRDA:164,8,0,0
BRDA:164,8,1,0
BRDA:180,9,0,0
BRDA:180,9,1,0
BRDA:184,10,0,0
BRDA:184,10,1,0
BRDA:197,11,0,0
BRDA:197,11,1,0
BRDA:198,12,0,0
BRDA:198,12,1,0
BRDA:199,13,0,0
BRDA:199,13,1,0
BRDA:203,14,0,0
BRDA:203,14,1,0
BRDA:204,15,0,0
BRDA:204,15,1,0
BRDA:205,16,0,0
BRDA:205,16,1,0
BRDA:214,17,0,0
BRDA:214,17,1,0
BRDA:228,18,0,0
BRDA:228,18,1,0
BRF:38
BRH:0
end_of_record
TN:
SF:src\components\SSHTerminalModal.tsx
FN:30,(anonymous_0)
FN:43,(anonymous_1)
FN:52,(anonymous_2)
FN:90,(anonymous_3)
FN:104,(anonymous_4)
FN:105,(anonymous_5)
FNF:6
FNH:0
FNDA:0,(anonymous_0)
FNDA:0,(anonymous_1)
FNDA:0,(anonymous_2)
FNDA:0,(anonymous_3)
FNDA:0,(anonymous_4)
FNDA:0,(anonymous_5)
DA:30,0
DA:36,0
DA:37,0
DA:38,0
DA:39,0
DA:41,0
DA:43,0
DA:44,0
DA:45,0
DA:46,0
DA:48,0
DA:49,0
DA:52,0
DA:53,0
DA:54,0
DA:55,0
DA:56,0
DA:57,0
DA:60,0
DA:90,0
DA:104,0
DA:105,0
LF:22
LH:0
BRDA:41,0,0,0
BRDA:41,0,1,0
BRDA:44,1,0,0
BRDA:44,1,1,0
BRDA:44,2,0,0
BRDA:44,2,1,0
BRDA:70,3,0,0
BRDA:70,3,1,0
BRDA:75,4,0,0
BRDA:75,4,1,0
BRDA:105,5,0,0
BRDA:105,5,1,0
BRDA:115,6,0,0
BRDA:115,6,1,0
BRF:14
BRH:0
end_of_record
TN:
SF:src\components\Toast.tsx
FN:102,(anonymous_0)
FN:109,(anonymous_1)
FN:133,(anonymous_2)
FNF:3
FNH:1
FNDA:2,(anonymous_0)
FNDA:0,(anonymous_1)
FNDA:0,(anonymous_2)
DA:62,1
DA:73,1
DA:84,1
DA:95,1
DA:102,1
DA:103,2
DA:105,2
DA:107,0
DA:110,0
DA:133,0
DA:146,1
DA:147,1
DA:162,1
LF:13
LH:10
BRDA:105,0,0,2
BRDA:105,0,1,0
BRDA:126,1,0,0
BRDA:126,1,1,0
BRF:4
BRH:1
end_of_record
TN:
SF:src\contexts\AuthContext.tsx
FN:132,(anonymous_0)
FN:159,(anonymous_1)
FN:171,(anonymous_2)
FN:188,(anonymous_3)
FN:198,(anonymous_4)
FN:226,(anonymous_5)
FN:227,(anonymous_6)
FN:279,(anonymous_7)
FN:283,(anonymous_8)
FN:301,(anonymous_9)
FN:310,(anonymous_10)
FN:318,(anonymous_11)
FN:323,(anonymous_12)
FN:328,(anonymous_13)
FN:329,(anonymous_14)
FN:344,(anonymous_15)
FN:386,(anonymous_16)
FN:423,(anonymous_17)
FNF:18
FNH:0
FNDA:0,(anonymous_0)
FNDA:0,(anonymous_1)
FNDA:0,(anonymous_2)
FNDA:0,(anonymous_3)
FNDA:0,(anonymous_4)
FNDA:0,(anonymous_5)
FNDA:0,(anonymous_6)
FNDA:0,(anonymous_7)
FNDA:0,(anonymous_8)
FNDA:0,(anonymous_9)
FNDA:0,(anonymous_10)
FNDA:0,(anonymous_11)
FNDA:0,(anonymous_12)
FNDA:0,(anonymous_13)
FNDA:0,(anonymous_14)
FNDA:0,(anonymous_15)
FNDA:0,(anonymous_16)
FNDA:0,(anonymous_17)
DA:95,0
DA:102,0
DA:105,0
DA:108,0
DA:132,0
DA:136,0
DA:139,0
DA:145,0
DA:148,0
DA:159,0
DA:160,0
DA:171,0
DA:172,0
DA:173,0
DA:174,0
DA:177,0
DA:178,0
DA:179,0
DA:188,0
DA:190,0
DA:193,0
DA:194,0
DA:198,0
DA:200,0
DA:201,0
DA:202,0
DA:203,0
DA:204,0
DA:205,0
DA:206,0
DA:209,0
DA:226,0
DA:227,0
DA:229,0
DA:230,0
DA:233,0
DA:234,0
DA:235,0
DA:238,0
DA:240,0
DA:241,0
DA:242,0
DA:243,0
DA:244,0
DA:247,0
DA:248,0
DA:252,0
DA:253,0
DA:256,0
DA:257,0
DA:261,0
DA:265,0
DA:268,0
DA:279,0
DA:281,0
DA:283,0
DA:284,0
DA:285,0
DA:286,0
DA:287,0
DA:288,0
DA:289,0
DA:290,0
DA:293,0
DA:296,0
DA:301,0
DA:310,0
DA:312,0
DA:315,0
DA:318,0
DA:319,0
DA:323,0
DA:324,0
DA:328,0
DA:329,0
DA:330,0
DA:344,0
DA:345,0
DA:347,0
DA:348,0
DA:351,0
DA:354,0
DA:360,0
DA:361,0
DA:364,0
DA:365,0
DA:367,0
DA:369,0
DA:372,0
DA:373,0
DA:374,0
DA:375,0
DA:376,0
DA:379,0
DA:386,0
DA:387,0
DA:392,0
DA:423,0
DA:424,0
DA:427,0
DA:428,0
DA:431,0
LF:102
LH:0
BRDA:177,0,0,0
BRDA:177,0,1,0
BRDA:193,1,0,0
BRDA:193,1,1,0
BRDA:201,2,0,0
BRDA:201,2,1,0
BRDA:204,3,0,0
BRDA:204,3,1,0
BRDA:233,4,0,0
BRDA:233,4,1,0
BRDA:233,5,0,0
BRDA:233,5,1,0
BRDA:238,6,0,0
BRDA:238,6,1,0
BRDA:281,7,0,0
BRDA:281,7,1,0
BRDA:285,8,0,0
BRDA:285,8,1,0
BRDA:288,9,0,0
BRDA:288,9,1,0
BRDA:312,10,0,0
BRDA:312,10,1,0
BRDA:372,11,0,0
BRDA:372,11,1,0
BRDA:375,12,0,0
BRDA:375,12,1,0
BRDA:427,13,0,0
BRDA:427,13,1,0
BRF:28
BRH:0
end_of_record
TN:
SF:src\contexts\NotificationContext.tsx
FN:122,(anonymous_0)
FN:134,(anonymous_1)
FN:137,(anonymous_2)
FN:145,(anonymous_3)
FN:149,(anonymous_4)
FN:155,(anonymous_5)
FN:156,(anonymous_6)
FN:156,(anonymous_7)
FN:159,(anonymous_8)
FN:164,(anonymous_9)
FN:168,(anonymous_10)
FN:172,(anonymous_11)
FN:176,(anonymous_12)
FNF:13
FNH:5
FNDA:78,(anonymous_0)
FNDA:84,(anonymous_1)
FNDA:3,(anonymous_2)
FNDA:3,(anonymous_3)
FNDA:0,(anonymous_4)
FNDA:0,(anonymous_5)
FNDA:0,(anonymous_6)
FNDA:0,(anonymous_7)
FNDA:0,(anonymous_8)
FNDA:3,(anonymous_9)
FNDA:0,(anonymous_10)
FNDA:0,(anonymous_11)
FNDA:0,(anonymous_12)
DA:103,9
DA:122,9
DA:123,78
DA:124,78
DA:125,0
DA:127,78
DA:134,9
DA:135,84
DA:137,84
DA:138,3
DA:139,3
DA:145,3
DA:148,3
DA:149,3
DA:150,0
DA:155,84
DA:156,0
DA:159,84
DA:160,0
DA:164,84
DA:165,3
DA:168,84
DA:169,0
DA:172,84
DA:173,0
DA:176,84
DA:177,0
DA:180,84
LF:28
LH:21
BRDA:124,0,0,0
BRDA:124,0,1,78
BRDA:142,1,0,3
BRDA:142,1,1,3
BRDA:148,2,0,3
BRDA:148,2,1,0
BRDA:148,3,0,3
BRDA:148,3,1,3
BRF:8
BRH:6
end_of_record
TN:
SF:src\contexts\ThemeContext.tsx
FN:79,(anonymous_0)
FN:80,(anonymous_1)
FN:93,(anonymous_2)
FN:106,(anonymous_3)
FN:108,(anonymous_4)
FN:117,(anonymous_5)
FN:120,(anonymous_6)
FN:121,(anonymous_7)
FN:131,(anonymous_8)
FNF:9
FNH:0
FNDA:0,(anonymous_0)
FNDA:0,(anonymous_1)
FNDA:0,(anonymous_2)
FNDA:0,(anonymous_3)
FNDA:0,(anonymous_4)
FNDA:0,(anonymous_5)
FNDA:0,(anonymous_6)
FNDA:0,(anonymous_7)
FNDA:0,(anonymous_8)
DA:70,0
DA:79,0
DA:80,0
DA:82,0
DA:83,0
DA:84,0
DA:87,0
DA:88,0
DA:90,0
DA:93,0
DA:95,0
DA:98,0
DA:99,0
DA:101,0
DA:106,0
DA:107,0
DA:108,0
DA:109,0
DA:111,0
DA:112,0
DA:116,0
DA:117,0
DA:120,0
DA:121,0
DA:124,0
DA:131,0
DA:132,0
DA:133,0
DA:134,0
DA:136,0
LF:30
LH:0
BRDA:83,0,0,0
BRDA:83,0,1,0
BRDA:83,1,0,0
BRDA:83,1,1,0
BRDA:87,2,0,0
BRDA:87,2,1,0
BRDA:87,3,0,0
BRDA:87,3,1,0
BRDA:98,4,0,0
BRDA:98,4,1,0
BRDA:111,5,0,0
BRDA:111,5,1,0
BRDA:112,6,0,0
BRDA:112,6,1,0
BRDA:121,7,0,0
BRDA:121,7,1,0
BRDA:133,8,0,0
BRDA:133,8,1,0
BRF:18
BRH:0
end_of_record
TN:
SF:src\pages\Alerts.tsx
FN:128,(anonymous_0)
FN:145,(anonymous_1)
FN:148,(anonymous_2)
FN:151,(anonymous_3)
FN:166,(anonymous_4)
FN:174,(anonymous_5)
FN:197,(anonymous_6)
FN:198,(anonymous_7)
FN:211,(anonymous_8)
FN:221,(anonymous_9)
FN:231,(anonymous_10)
FN:241,(anonymous_11)
FN:252,(anonymous_12)
FN:253,(anonymous_13)
FN:264,(anonymous_14)
FN:275,(anonymous_15)
FN:287,(anonymous_16)
FN:303,(anonymous_17)
FN:307,(anonymous_18)
FN:341,(anonymous_19)
FN:376,(anonymous_20)
FN:380,(anonymous_21)
FN:426,(anonymous_22)
FN:437,(anonymous_23)
FN:451,(anonymous_24)
FN:478,(anonymous_25)
FN:540,(anonymous_26)
FN:549,(anonymous_27)
FN:557,(anonymous_28)
FN:564,(anonymous_29)
FN:620,(anonymous_30)
FN:624,(anonymous_31)
FN:637,(anonymous_32)
FN:656,(anonymous_33)
FN:657,(anonymous_34)
FN:679,(anonymous_35)
FN:680,(anonymous_36)
FN:697,(anonymous_37)
FN:698,(anonymous_38)
FN:732,(anonymous_39)
FN:738,(anonymous_40)
FN:740,(anonymous_41)
FNF:42
FNH:22
FNDA:37,(anonymous_0)
FNDA:16,(anonymous_1)
FNDA:16,(anonymous_2)
FNDA:19,(anonymous_3)
FNDA:36,(anonymous_4)
FNDA:1,(anonymous_5)
FNDA:6,(anonymous_6)
FNDA:11,(anonymous_7)
FNDA:1,(anonymous_8)
FNDA:1,(anonymous_9)
FNDA:0,(anonymous_10)
FNDA:0,(anonymous_11)
FNDA:0,(anonymous_12)
FNDA:0,(anonymous_13)
FNDA:38,(anonymous_14)
FNDA:38,(anonymous_15)
FNDA:38,(anonymous_16)
FNDA:0,(anonymous_17)
FNDA:38,(anonymous_18)
FNDA:1,(anonymous_19)
FNDA:0,(anonymous_20)
FNDA:40,(anonymous_21)
FNDA:1,(anonymous_22)
FNDA:0,(anonymous_23)
FNDA:0,(anonymous_24)
FNDA:38,(anonymous_25)
FNDA:1,(anonymous_26)
FNDA:1,(anonymous_27)
FNDA:0,(anonymous_28)
FNDA:0,(anonymous_29)
FNDA:0,(anonymous_30)
FNDA:0,(anonymous_31)
FNDA:0,(anonymous_32)
FNDA:6,(anonymous_33)
FNDA:11,(anonymous_34)
FNDA:0,(anonymous_35)
FNDA:0,(anonymous_36)
FNDA:0,(anonymous_37)
FNDA:0,(anonymous_38)
FNDA:0,(anonymous_39)
FNDA:0,(anonymous_40)
FNDA:0,(anonymous_41)
DA:128,1
DA:129,37
DA:130,37
DA:131,36
DA:132,36
DA:133,36
DA:134,36
DA:135,36
DA:136,36
DA:137,36
DA:138,36
DA:139,36
DA:140,36
DA:141,36
DA:143,36
DA:145,36
DA:146,16
DA:147,16
DA:148,16
DA:151,36
DA:152,19
DA:153,19
DA:164,18
DA:165,18
DA:166,36
DA:167,18
DA:169,1
DA:170,1
DA:174,36
DA:175,1
DA:176,1
DA:177,1
DA:179,1
DA:180,1
DA:182,1
DA:183,1
DA:185,0
DA:188,1
DA:197,1
DA:198,11
DA:199,6
DA:205,1
DA:207,0
DA:211,36
DA:212,1
DA:213,1
DA:214,1
DA:215,1
DA:217,0
DA:221,36
DA:222,1
DA:223,1
DA:224,1
DA:225,1
DA:227,0
DA:231,36
DA:232,0
DA:233,0
DA:234,0
DA:235,0
DA:237,0
DA:241,36
DA:242,0
DA:243,0
DA:244,0
DA:245,0
DA:246,0
DA:248,0
DA:252,36
DA:253,0
DA:254,0
DA:255,0
DA:256,0
DA:258,0
DA:260,0
DA:264,36
DA:265,38
DA:267,19
DA:269,19
DA:271,0
DA:275,36
DA:276,38
DA:277,38
DA:279,19
DA:281,19
DA:283,0
DA:287,36
DA:288,38
DA:290,19
DA:292,19
DA:294,0
DA:297,0
DA:299,0
DA:303,36
DA:304,0
DA:307,36
DA:308,38
DA:309,38
DA:310,38
DA:311,38
DA:313,38
DA:314,38
DA:315,38
DA:316,38
DA:317,38
DA:318,38
DA:321,36
DA:322,15
DA:330,21
DA:342,1
DA:343,1
DA:376,0
DA:381,40
DA:426,1
DA:437,0
DA:451,0
DA:479,38
DA:480,38
DA:540,1
DA:549,1
DA:557,0
DA:564,0
DA:620,0
DA:624,0
DA:637,0
DA:657,11
DA:658,6
DA:663,6
DA:680,0
DA:698,0
DA:732,0
DA:739,0
DA:740,0
DA:741,0
DA:750,0
DA:751,0
DA:752,0
DA:753,0
DA:755,0
LF:139
LH:93
BRDA:155,0,0,19
BRDA:155,0,1,18
BRDA:156,1,0,19
BRDA:156,1,1,19
BRDA:158,2,0,0
BRDA:158,2,1,19
BRDA:160,3,0,19
BRDA:160,3,1,19
BRDA:176,4,0,1
BRDA:176,4,1,1
BRDA:198,5,0,11
BRDA:198,5,1,2
BRDA:200,6,0,6
BRDA:200,6,1,4
BRDA:200,6,2,2
BRDA:201,7,0,6
BRDA:201,7,1,4
BRDA:201,7,2,2
BRDA:233,8,0,0
BRDA:233,8,1,0
BRDA:242,9,0,0
BRDA:242,9,1,0
BRDA:255,10,0,0
BRDA:255,10,1,0
BRDA:265,11,0,19
BRDA:265,11,1,19
BRDA:265,11,2,0
BRDA:267,12,0,0
BRDA:267,12,1,19
BRDA:269,13,0,0
BRDA:269,13,1,19
BRDA:271,14,0,0
BRDA:271,14,1,0
BRDA:277,15,0,19
BRDA:277,15,1,19
BRDA:277,15,2,0
BRDA:279,16,0,0
BRDA:279,16,1,19
BRDA:281,17,0,0
BRDA:281,17,1,19
BRDA:283,18,0,0
BRDA:283,18,1,0
BRDA:288,19,0,19
BRDA:288,19,1,19
BRDA:288,19,2,0
BRDA:288,19,3,0
BRDA:288,19,4,0
BRDA:288,19,5,0
BRDA:313,20,0,0
BRDA:313,20,1,38
BRDA:314,21,0,0
BRDA:314,21,1,38
BRDA:316,22,0,0
BRDA:316,22,1,38
BRDA:321,23,0,15
BRDA:321,23,1,21
BRDA:325,24,0,0
BRDA:325,24,1,15
BRDA:335,25,0,0
BRDA:335,25,1,21
BRDA:336,26,0,0
BRDA:336,26,1,21
BRDA:361,27,0,0
BRDA:361,27,1,21
BRDA:364,28,0,0
BRDA:364,28,1,21
BRDA:365,29,0,0
BRDA:365,29,1,21
BRDA:368,30,0,0
BRDA:368,30,1,21
BRDA:369,31,0,0
BRDA:369,31,1,21
BRDA:370,32,0,21
BRDA:370,32,1,21
BRDA:377,33,0,0
BRDA:377,33,1,21
BRDA:388,34,0,21
BRDA:388,34,1,20
BRDA:390,35,0,0
BRDA:390,35,1,20
BRDA:391,36,0,0
BRDA:391,36,1,20
BRDA:392,37,0,0
BRDA:392,37,1,20
BRDA:394,38,0,0
BRDA:394,38,1,20
BRDA:395,39,0,0
BRDA:395,39,1,20
BRDA:396,40,0,0
BRDA:396,40,1,20
BRDA:398,41,0,0
BRDA:398,41,1,20
BRDA:399,42,0,0
BRDA:399,42,1,20
BRDA:400,43,0,0
BRDA:400,43,1,20
BRDA:402,44,0,0
BRDA:402,44,1,20
BRDA:403,45,0,0
BRDA:403,45,1,20
BRDA:404,46,0,0
BRDA:404,46,1,20
BRDA:406,47,0,0
BRDA:406,47,1,20
BRDA:407,48,0,0
BRDA:407,48,1,20
BRDA:408,49,0,0
BRDA:408,49,1,20
BRDA:410,50,0,0
BRDA:410,50,1,20
BRDA:411,51,0,0
BRDA:411,51,1,20
BRDA:412,52,0,0
BRDA:412,52,1,20
BRDA:420,53,0,0
BRDA:420,53,1,21
BRDA:421,54,0,0
BRDA:421,54,1,21
BRDA:427,55,0,0
BRDA:427,55,1,21
BRDA:438,56,0,0
BRDA:438,56,1,21
BRDA:447,57,0,0
BRDA:447,57,1,21
BRDA:452,58,0,0
BRDA:452,58,1,21
BRDA:457,59,0,21
BRDA:457,59,1,20
BRDA:457,59,2,19
BRDA:471,60,0,2
BRDA:471,60,1,19
BRDA:473,61,0,0
BRDA:473,61,1,2
BRDA:474,62,0,0
BRDA:474,62,1,2
BRDA:475,63,0,0
BRDA:475,63,1,2
BRDA:484,64,0,19
BRDA:484,64,1,19
BRDA:485,65,0,19
BRDA:485,65,1,0
BRDA:487,66,0,0
BRDA:487,66,1,38
BRDA:494,67,0,0
BRDA:494,67,1,38
BRDA:497,68,0,38
BRDA:497,68,1,0
BRDA:498,69,0,0
BRDA:498,69,1,0
BRDA:502,70,0,38
BRDA:502,70,1,19
BRDA:502,70,2,19
BRDA:503,71,0,0
BRDA:503,71,1,19
BRDA:508,72,0,0
BRDA:508,72,1,38
BRDA:509,73,0,0
BRDA:509,73,1,38
BRDA:510,74,0,38
BRDA:510,74,1,0
BRDA:511,75,0,0
BRDA:511,75,1,38
BRDA:516,76,0,0
BRDA:516,76,1,0
BRDA:521,77,0,38
BRDA:521,77,1,38
BRDA:522,78,0,0
BRDA:522,78,1,38
BRDA:524,79,0,38
BRDA:524,79,1,38
BRDA:524,79,2,38
BRDA:525,80,0,0
BRDA:525,80,1,38
BRDA:538,81,0,38
BRDA:538,81,1,19
BRDA:541,82,0,0
BRDA:541,82,1,19
BRDA:547,83,0,38
BRDA:547,83,1,38
BRDA:550,84,0,0
BRDA:550,84,1,38
BRDA:558,85,0,0
BRDA:558,85,1,38
BRDA:565,86,0,0
BRDA:565,86,1,38
BRDA:567,87,0,0
BRDA:567,87,1,38
BRDA:573,88,0,38
BRDA:573,88,1,0
BRDA:574,89,0,0
BRDA:574,89,1,0
BRDA:577,90,0,0
BRDA:577,90,1,0
BRDA:578,91,0,0
BRDA:578,91,1,0
BRDA:580,92,0,0
BRDA:580,92,1,0
BRDA:582,93,0,0
BRDA:582,93,1,0
BRDA:583,94,0,0
BRDA:583,94,1,0
BRDA:584,95,0,0
BRDA:584,95,1,0
BRDA:585,96,0,0
BRDA:585,96,1,0
BRDA:589,97,0,0
BRDA:589,97,1,0
BRDA:591,98,0,0
BRDA:591,98,1,0
BRDA:592,99,0,0
BRDA:592,99,1,0
BRDA:596,100,0,0
BRDA:596,100,1,0
BRDA:597,101,0,0
BRDA:597,101,1,0
BRDA:600,102,0,0
BRDA:600,102,1,0
BRDA:602,103,0,0
BRDA:602,103,1,0
BRDA:603,104,0,0
BRDA:603,104,1,0
BRDA:617,105,0,21
BRDA:617,105,1,1
BRDA:623,106,0,0
BRDA:623,106,1,1
BRDA:628,107,0,0
BRDA:628,107,1,1
BRDA:632,108,0,0
BRDA:632,108,1,1
BRDA:638,109,0,0
BRDA:638,109,1,1
BRDA:646,110,0,0
BRDA:646,110,1,1
BRDA:647,111,0,0
BRDA:647,111,1,1
BRDA:657,112,0,11
BRDA:657,112,1,2
BRDA:658,113,0,6
BRDA:658,113,1,0
BRDA:659,114,0,0
BRDA:659,114,1,0
BRDA:660,115,0,0
BRDA:660,115,1,0
BRDA:664,116,0,0
BRDA:664,116,1,6
BRDA:667,117,0,0
BRDA:667,117,1,6
BRDA:668,118,0,0
BRDA:668,118,1,6
BRDA:670,119,0,0
BRDA:670,119,1,6
BRDA:674,120,0,0
BRDA:674,120,1,6
BRDA:677,121,0,1
BRDA:677,121,1,5
BRDA:684,122,0,0
BRDA:684,122,1,0
BRDA:688,123,0,0
BRDA:688,123,1,6
BRDA:692,124,0,0
BRDA:692,124,1,6
BRDA:695,125,0,1
BRDA:695,125,1,5
BRDA:702,126,0,0
BRDA:702,126,1,0
BRDA:706,127,0,0
BRDA:706,127,1,6
BRDA:716,128,0,0
BRDA:716,128,1,1
BRDA:717,129,0,0
BRDA:717,129,1,1
BRDA:720,130,0,0
BRDA:720,130,1,1
BRDA:724,131,0,0
BRDA:724,131,1,1
BRDA:733,132,0,0
BRDA:733,132,1,1
BRDA:742,133,0,0
BRDA:742,133,1,0
BRF:279
BRH:136
end_of_record
TN:
SF:src\pages\Dashboard.tsx
FN:60,(anonymous_0)
FN:72,(anonymous_1)
FN:96,(anonymous_2)
FN:100,(anonymous_3)
FN:106,(anonymous_4)
FN:107,(anonymous_5)
FN:152,(anonymous_6)
FN:166,(anonymous_7)
FN:198,(anonymous_8)
FN:215,(anonymous_9)
FN:292,(anonymous_10)
FN:320,(anonymous_11)
FNF:12
FNH:11
FNDA:20,(anonymous_0)
FNDA:26,(anonymous_1)
FNDA:20,(anonymous_2)
FNDA:20,(anonymous_3)
FNDA:13,(anonymous_4)
FNDA:13,(anonymous_5)
FNDA:13,(anonymous_6)
FNDA:0,(anonymous_7)
FNDA:48,(anonymous_8)
FNDA:20,(anonymous_9)
FNDA:40,(anonymous_10)
FNDA:30,(anonymous_11)
DA:60,20
DA:72,1
DA:74,26
DA:81,26
DA:84,25
DA:87,25
DA:94,25
DA:96,25
DA:100,25
DA:106,25
DA:107,13
DA:108,13
DA:109,13
DA:114,12
DA:115,12
DA:117,12
DA:118,11
DA:119,11
DA:120,11
DA:122,11
DA:123,22
DA:124,22
DA:125,20
DA:126,20
DA:127,0
DA:128,0
DA:129,0
DA:130,0
DA:131,0
DA:134,20
DA:136,2
DA:140,11
DA:143,1
DA:145,13
DA:149,13
DA:151,13
DA:152,13
DA:155,25
DA:156,13
DA:163,12
DA:166,0
DA:194,12
DA:199,48
DA:216,20
DA:293,40
DA:321,30
DA:322,30
LF:47
LH:41
BRDA:96,0,0,10
BRDA:96,0,1,10
BRDA:97,1,0,0
BRDA:97,1,1,10
BRDA:98,2,0,0
BRDA:98,2,1,10
BRDA:100,3,0,10
BRDA:100,3,1,10
BRDA:101,4,0,0
BRDA:101,4,1,10
BRDA:102,5,0,0
BRDA:102,5,1,10
BRDA:103,6,0,0
BRDA:103,6,1,0
BRDA:104,7,0,0
BRDA:104,7,1,10
BRDA:117,8,0,11
BRDA:117,8,1,1
BRDA:125,9,0,20
BRDA:125,9,1,0
BRDA:125,10,0,20
BRDA:125,10,1,20
BRDA:127,11,0,0
BRDA:127,11,1,0
BRDA:130,12,0,0
BRDA:130,12,1,0
BRDA:134,13,0,20
BRDA:134,13,1,0
BRDA:155,14,0,13
BRDA:155,14,1,12
BRDA:166,15,0,12
BRDA:166,15,1,2
BRDA:169,16,0,0
BRDA:169,16,1,12
BRDA:175,17,0,0
BRDA:175,17,1,12
BRDA:176,18,0,0
BRDA:176,18,1,12
BRDA:182,19,0,0
BRDA:182,19,1,12
BRDA:183,20,0,0
BRDA:183,20,1,12
BRDA:189,21,0,0
BRDA:189,21,1,12
BRDA:190,22,0,0
BRDA:190,22,1,12
BRDA:205,23,0,0
BRDA:205,23,1,48
BRDA:206,24,0,0
BRDA:206,24,1,48
BRDA:219,25,0,0
BRDA:219,25,1,20
BRDA:223,26,0,0
BRDA:223,26,1,20
BRDA:224,27,0,20
BRDA:224,27,1,0
BRDA:226,28,0,0
BRDA:226,28,1,20
BRDA:239,29,0,0
BRDA:239,29,1,20
BRDA:240,30,0,0
BRDA:240,30,1,20
BRDA:242,31,0,20
BRDA:242,31,1,0
BRDA:243,32,0,20
BRDA:243,32,1,0
BRDA:248,33,0,20
BRDA:248,33,1,10
BRDA:251,34,0,0
BRDA:251,34,1,10
BRDA:252,35,0,0
BRDA:252,35,1,10
BRDA:254,36,0,0
BRDA:254,36,1,10
BRDA:263,37,0,0
BRDA:263,37,1,20
BRDA:264,38,0,0
BRDA:264,38,1,20
BRDA:266,39,0,0
BRDA:266,39,1,20
BRDA:273,40,0,0
BRDA:273,40,1,20
BRDA:288,41,0,12
BRDA:288,41,1,10
BRDA:290,42,0,0
BRDA:290,42,1,10
BRDA:295,43,0,40
BRDA:295,43,1,0
BRDA:298,44,0,0
BRDA:298,44,1,40
BRDA:302,45,0,40
BRDA:302,45,1,0
BRDA:303,46,0,0
BRDA:303,46,1,40
BRDA:304,47,0,0
BRDA:304,47,1,0
BRDA:316,48,0,12
BRDA:316,48,1,10
BRDA:318,49,0,0
BRDA:318,49,1,10
BRDA:325,50,0,0
BRDA:325,50,1,30
BRDA:328,51,0,0
BRDA:328,51,1,30
BRDA:330,52,0,0
BRDA:330,52,1,30
BRDA:333,53,0,0
BRDA:333,53,1,30
BRDA:333,54,0,0
BRDA:333,54,1,30
BRF:110
BRH:60
end_of_record
TN:
SF:src\pages\Jobs.tsx
FN:109,(anonymous_0)
FN:118,(anonymous_1)
FN:119,(anonymous_2)
FN:150,(anonymous_3)
FN:173,(anonymous_4)
FN:176,(anonymous_5)
FN:181,(anonymous_6)
FN:196,(anonymous_7)
FN:203,(anonymous_8)
FN:213,(anonymous_9)
FN:219,(anonymous_10)
FN:221,(anonymous_11)
FN:238,(anonymous_12)
FN:239,(anonymous_13)
FN:240,(anonymous_14)
FN:242,(anonymous_15)
FN:243,(anonymous_16)
FN:246,(anonymous_17)
FN:249,(anonymous_18)
FN:264,(anonymous_19)
FN:283,(anonymous_20)
FN:284,(anonymous_21)
FN:295,(anonymous_22)
FN:452,(anonymous_23)
FN:469,(anonymous_24)
FN:589,(anonymous_25)
FN:643,(anonymous_26)
FNF:27
FNH:20
FNDA:10,(anonymous_0)
FNDA:5,(anonymous_1)
FNDA:5,(anonymous_2)
FNDA:4,(anonymous_3)
FNDA:5,(anonymous_4)
FNDA:0,(anonymous_5)
FNDA:8,(anonymous_6)
FNDA:4,(anonymous_7)
FNDA:5,(anonymous_8)
FNDA:5,(anonymous_9)
FNDA:0,(anonymous_10)
FNDA:0,(anonymous_11)
FNDA:4,(anonymous_12)
FNDA:4,(anonymous_13)
FNDA:4,(anonymous_14)
FNDA:4,(anonymous_15)
FNDA:4,(anonymous_16)
FNDA:4,(anonymous_17)
FNDA:4,(anonymous_18)
FNDA:4,(anonymous_19)
FNDA:0,(anonymous_20)
FNDA:0,(anonymous_21)
FNDA:8,(anonymous_22)
FNDA:4,(anonymous_23)
FNDA:0,(anonymous_24)
FNDA:0,(anonymous_25)
FNDA:4,(anonymous_26)
DA:109,1
DA:110,10
DA:111,10
DA:112,10
DA:113,10
DA:114,10
DA:115,10
DA:116,10
DA:118,10
DA:119,5
DA:122,5
DA:123,5
DA:124,0
DA:136,5
DA:140,5
DA:141,5
DA:142,5
DA:144,0
DA:148,5
DA:149,5
DA:150,5
DA:151,5
DA:154,5
DA:155,5
DA:156,4
DA:157,4
DA:158,4
DA:160,0
DA:163,5
DA:165,0
DA:167,5
DA:171,5
DA:172,5
DA:173,5
DA:176,10
DA:177,0
DA:178,0
DA:181,10
DA:182,8
DA:183,8
DA:184,8
DA:185,8
DA:187,8
DA:188,8
DA:189,8
DA:191,8
DA:192,0
DA:193,0
DA:196,10
DA:197,4
DA:198,4
DA:199,4
DA:200,4
DA:203,10
DA:204,5
DA:205,5
DA:206,5
DA:208,5
DA:209,1
DA:210,1
DA:213,10
DA:214,5
DA:217,5
DA:219,0
DA:220,0
DA:221,0
DA:224,0
DA:238,5
DA:239,5
DA:240,5
DA:242,5
DA:243,5
DA:245,5
DA:246,4
DA:249,5
DA:250,4
DA:252,5
DA:264,10
DA:265,4
DA:266,0
DA:268,4
DA:269,0
DA:274,4
DA:275,4
DA:280,0
DA:283,10
DA:284,0
DA:285,0
DA:286,0
DA:287,0
DA:289,0
DA:291,0
DA:295,10
DA:296,8
DA:297,8
DA:298,8
DA:301,10
DA:302,5
DA:309,5
DA:311,5
DA:453,4
DA:454,4
DA:455,4
DA:457,4
DA:469,0
DA:590,0
DA:644,4
DA:645,4
DA:647,4
LF:109
LH:86
BRDA:133,0,0,0
BRDA:133,0,1,0
BRDA:177,1,0,0
BRDA:177,1,1,0
BRDA:182,2,0,0
BRDA:182,2,1,8
BRDA:184,3,0,0
BRDA:184,3,1,8
BRDA:191,4,0,8
BRDA:191,4,1,0
BRDA:192,5,0,0
BRDA:192,5,1,0
BRDA:197,6,0,0
BRDA:197,6,1,4
BRDA:199,7,0,0
BRDA:199,7,1,4
BRDA:208,8,0,4
BRDA:208,8,1,1
BRDA:209,9,0,0
BRDA:209,9,1,1
BRDA:217,10,0,0
BRDA:217,10,1,5
BRDA:220,11,0,0
BRDA:220,11,1,0
BRDA:221,12,0,0
BRDA:221,12,1,0
BRDA:238,13,0,4
BRDA:238,13,1,4
BRDA:242,14,0,4
BRDA:242,14,1,0
BRDA:243,15,0,4
BRDA:243,15,1,0
BRDA:245,16,0,4
BRDA:245,16,1,1
BRDA:246,17,0,4
BRDA:246,17,1,0
BRDA:265,18,0,0
BRDA:265,18,1,4
BRDA:266,19,0,0
BRDA:266,19,1,0
BRDA:268,20,0,0
BRDA:268,20,1,4
BRDA:269,21,0,0
BRDA:269,21,1,0
BRDA:274,22,0,4
BRDA:274,22,1,0
BRDA:275,23,0,0
BRDA:275,23,1,4
BRDA:280,24,0,0
BRDA:280,24,1,0
BRDA:286,25,0,0
BRDA:286,25,1,0
BRDA:296,26,0,0
BRDA:296,26,1,8
BRDA:296,27,0,8
BRDA:296,27,1,8
BRDA:297,28,0,0
BRDA:297,28,1,8
BRDA:301,29,0,5
BRDA:301,29,1,5
BRDA:315,30,0,0
BRDA:315,30,1,5
BRDA:319,31,0,0
BRDA:319,31,1,5
BRDA:328,32,0,0
BRDA:328,32,1,5
BRDA:333,33,0,0
BRDA:333,33,1,5
BRDA:335,34,0,0
BRDA:335,34,1,5
BRDA:336,35,0,0
BRDA:336,35,1,5
BRDA:339,36,0,0
BRDA:339,36,1,5
BRDA:340,37,0,0
BRDA:340,37,1,5
BRDA:345,38,0,0
BRDA:345,38,1,5
BRDA:347,39,0,0
BRDA:347,39,1,5
BRDA:348,40,0,0
BRDA:348,40,1,5
BRDA:351,41,0,0
BRDA:351,41,1,5
BRDA:352,42,0,0
BRDA:352,42,1,5
BRDA:357,43,0,0
BRDA:357,43,1,5
BRDA:359,44,0,0
BRDA:359,44,1,5
BRDA:360,45,0,0
BRDA:360,45,1,5
BRDA:363,46,0,0
BRDA:363,46,1,5
BRDA:364,47,0,0
BRDA:364,47,1,5
BRDA:369,48,0,0
BRDA:369,48,1,5
BRDA:371,49,0,0
BRDA:371,49,1,5
BRDA:372,50,0,0
BRDA:372,50,1,5
BRDA:375,51,0,0
BRDA:375,51,1,5
BRDA:376,52,0,0
BRDA:376,52,1,5
BRDA:384,53,0,0
BRDA:384,53,1,5
BRDA:387,54,0,0
BRDA:387,54,1,5
BRDA:388,55,0,0
BRDA:388,55,1,5
BRDA:391,56,0,0
BRDA:391,56,1,5
BRDA:392,57,0,0
BRDA:392,57,1,5
BRDA:394,58,0,5
BRDA:394,58,1,4
BRDA:395,59,0,0
BRDA:395,59,1,4
BRDA:403,60,0,0
BRDA:403,60,1,5
BRDA:405,61,0,0
BRDA:405,61,1,5
BRDA:406,62,0,0
BRDA:406,62,1,5
BRDA:409,63,0,0
BRDA:409,63,1,5
BRDA:411,64,0,0
BRDA:411,64,1,5
BRDA:412,65,0,0
BRDA:412,65,1,5
BRDA:423,66,0,0
BRDA:423,66,1,5
BRDA:425,67,0,0
BRDA:425,67,1,5
BRDA:426,68,0,0
BRDA:426,68,1,5
BRDA:429,69,0,0
BRDA:429,69,1,5
BRDA:430,70,0,0
BRDA:430,70,1,5
BRDA:441,71,0,0
BRDA:441,71,1,5
BRDA:442,72,0,0
BRDA:442,72,1,5
BRDA:445,73,0,1
BRDA:445,73,1,4
BRDA:447,74,0,0
BRDA:447,74,1,1
BRDA:448,75,0,0
BRDA:448,75,1,1
BRDA:461,76,0,4
BRDA:461,76,1,0
BRDA:461,77,0,0
BRDA:461,77,1,4
BRDA:462,78,0,0
BRDA:462,78,1,0
BRDA:462,79,0,0
BRDA:462,79,1,0
BRDA:463,80,0,0
BRDA:463,80,1,0
BRDA:468,81,0,0
BRDA:468,81,1,4
BRDA:474,82,0,4
BRDA:474,82,1,0
BRDA:475,83,0,0
BRDA:475,83,1,0
BRDA:480,84,0,0
BRDA:480,84,1,4
BRDA:481,85,0,0
BRDA:481,85,1,4
BRDA:482,86,0,4
BRDA:482,86,1,0
BRDA:491,87,0,4
BRDA:491,87,1,4
BRDA:494,88,0,0
BRDA:494,88,1,4
BRDA:495,89,0,0
BRDA:495,89,1,4
BRDA:496,90,0,4
BRDA:496,90,1,4
BRDA:500,91,0,0
BRDA:500,91,1,4
BRDA:501,92,0,0
BRDA:501,92,1,4
BRDA:502,93,0,4
BRDA:502,93,1,0
BRDA:510,94,0,0
BRDA:510,94,1,4
BRDA:511,95,0,0
BRDA:511,95,1,4
BRDA:512,96,0,0
BRDA:512,96,1,0
BRDA:514,97,0,0
BRDA:514,97,1,4
BRDA:520,98,0,4
BRDA:520,98,1,4
BRDA:522,99,0,0
BRDA:522,99,1,4
BRDA:525,100,0,0
BRDA:525,100,1,4
BRDA:527,101,0,4
BRDA:527,101,1,0
BRDA:535,102,0,4
BRDA:535,102,1,0
BRDA:535,102,2,0
BRDA:536,103,0,0
BRDA:536,103,1,0
BRDA:539,104,0,0
BRDA:539,104,1,0
BRDA:540,105,0,0
BRDA:540,105,1,0
BRDA:541,106,0,0
BRDA:541,106,1,0
BRDA:543,107,0,0
BRDA:543,107,1,0
BRDA:544,108,0,0
BRDA:544,108,1,0
BRDA:545,109,0,0
BRDA:545,109,1,0
BRDA:545,110,0,0
BRDA:545,110,1,0
BRDA:547,111,0,0
BRDA:547,111,1,0
BRDA:548,112,0,0
BRDA:548,112,1,0
BRDA:549,113,0,0
BRDA:549,113,1,0
BRDA:549,114,0,0
BRDA:549,114,1,0
BRDA:551,115,0,0
BRDA:551,115,1,0
BRDA:552,116,0,0
BRDA:552,116,1,0
BRDA:553,117,0,0
BRDA:553,117,1,0
BRDA:558,118,0,0
BRDA:558,118,1,0
BRDA:559,119,0,0
BRDA:559,119,1,0
BRDA:565,120,0,0
BRDA:565,120,1,0
BRDA:566,121,0,0
BRDA:566,121,1,0
BRDA:574,122,0,0
BRDA:574,122,1,0
BRDA:575,123,0,0
BRDA:575,123,1,0
BRDA:576,124,0,0
BRDA:576,124,1,0
BRDA:577,125,0,0
BRDA:577,125,1,0
BRDA:583,126,0,0
BRDA:583,126,1,0
BRDA:583,126,2,0
BRDA:584,127,0,0
BRDA:584,127,1,0
BRDA:585,128,0,0
BRDA:585,128,1,0
BRDA:590,129,0,0
BRDA:590,129,1,0
BRDA:591,130,0,0
BRDA:591,130,1,0
BRDA:594,131,0,0
BRDA:594,131,1,0
BRDA:606,132,0,4
BRDA:606,132,1,0
BRDA:606,132,2,0
BRDA:606,132,3,0
BRDA:607,133,0,0
BRDA:607,133,1,0
BRDA:608,134,0,0
BRDA:608,134,1,0
BRDA:609,135,0,0
BRDA:609,135,1,0
BRDA:611,136,0,0
BRDA:611,136,1,0
BRDA:623,137,0,5
BRDA:623,137,1,4
BRDA:623,137,2,4
BRDA:627,138,0,0
BRDA:627,138,1,4
BRDA:633,139,0,0
BRDA:633,139,1,4
BRDA:634,140,0,0
BRDA:634,140,1,4
BRDA:635,141,0,0
BRDA:635,141,1,4
BRDA:636,142,0,0
BRDA:636,142,1,4
BRDA:637,143,0,0
BRDA:637,143,1,4
BRDA:638,144,0,0
BRDA:638,144,1,4
BRDA:639,145,0,0
BRDA:639,145,1,4
BRDA:648,146,0,0
BRDA:648,146,1,4
BRDA:649,147,0,0
BRDA:649,147,1,4
BRDA:652,148,0,4
BRDA:652,148,1,0
BRDA:652,149,0,0
BRDA:652,149,1,4
BRDA:653,150,0,0
BRDA:653,150,1,0
BRDA:653,151,0,0
BRDA:653,151,1,0
BRDA:654,152,0,0
BRDA:654,152,1,0
BRDA:656,153,0,4
BRDA:656,153,1,4
BRDA:657,154,0,4
BRDA:657,154,1,0
BRDA:661,155,0,0
BRDA:661,155,1,4
BRDA:661,156,0,4
BRDA:661,156,1,0
BRDA:662,157,0,0
BRDA:662,157,1,4
BRDA:662,158,0,4
BRDA:662,158,1,0
BRDA:665,159,0,0
BRDA:665,159,1,4
BRDA:668,160,0,0
BRDA:668,160,1,4
BRDA:669,161,0,4
BRDA:669,161,1,0
BRDA:672,162,0,4
BRDA:672,162,1,0
BRDA:675,163,0,0
BRDA:675,163,1,4
BRDA:676,164,0,4
BRDA:676,164,1,0
BRDA:680,165,0,0
BRDA:680,165,1,4
BRDA:681,166,0,4
BRDA:681,166,1,0
BRDA:688,167,0,0
BRDA:688,167,1,4
BRDA:689,168,0,0
BRDA:689,168,1,4
BRDA:691,169,0,0
BRDA:691,169,1,4
BRDA:695,170,0,0
BRDA:695,170,1,4
BRDA:696,171,0,0
BRDA:696,171,1,4
BRDA:696,172,0,4
BRDA:696,172,1,0
BRDA:697,173,0,0
BRDA:697,173,1,4
BRDA:698,174,0,0
BRDA:698,174,1,4
BRF:355
BRH:138
end_of_record
TN:
SF:src\pages\Login.tsx
FN:60,(anonymous_0)
FN:78,(anonymous_1)
FN:155,(anonymous_2)
FN:180,(anonymous_3)
FN:192,(anonymous_4)
FNF:5
FNH:5
FNDA:123,(anonymous_0)
FNDA:6,(anonymous_1)
FNDA:37,(anonymous_2)
FNDA:60,(anonymous_3)
FNDA:2,(anonymous_4)
DA:60,1
DA:66,123
DA:67,122
DA:70,122
DA:71,122
DA:72,122
DA:76,122
DA:78,122
DA:79,6
DA:80,6
DA:81,6
DA:83,6
DA:84,1
DA:85,1
DA:86,1
DA:89,5
DA:90,5
DA:91,2
DA:92,1
DA:95,1
DA:96,1
DA:97,1
DA:99,0
DA:102,3
DA:106,122
DA:155,37
DA:180,60
DA:192,2
LF:28
LH:27
BRDA:83,0,0,1
BRDA:83,0,1,5
BRDA:83,1,0,6
BRDA:83,1,1,5
BRDA:91,2,0,1
BRDA:91,2,1,1
BRDA:96,3,0,1
BRDA:96,3,1,0
BRDA:96,4,0,1
BRDA:96,4,1,0
BRDA:133,5,0,122
BRDA:133,5,1,3
BRDA:178,6,0,1
BRDA:178,6,1,121
BRDA:196,7,0,1
BRDA:196,7,1,121
BRDA:212,8,0,5
BRDA:212,8,1,117
BRDA:213,9,0,5
BRDA:213,9,1,117
BRDA:216,10,0,5
BRDA:216,10,1,117
BRF:22
BRH:20
end_of_record
TN:
SF:src\pages\Logs.tsx
FN:128,(anonymous_0)
FN:186,(anonymous_1)
FN:189,(anonymous_2)
FN:192,(anonymous_3)
FN:217,(anonymous_4)
FN:225,(anonymous_5)
FN:229,(anonymous_6)
FN:253,(anonymous_7)
FN:264,(anonymous_8)
FN:265,(anonymous_9)
FN:276,(anonymous_10)
FN:280,(anonymous_11)
FN:281,(anonymous_12)
FN:285,(anonymous_13)
FN:289,(anonymous_14)
FN:323,(anonymous_15)
FN:330,(anonymous_16)
FN:369,(anonymous_17)
FN:373,(anonymous_18)
FN:409,(anonymous_19)
FN:420,(anonymous_20)
FN:431,(anonymous_21)
FN:454,(anonymous_22)
FN:466,(anonymous_23)
FN:470,(anonymous_24)
FN:479,(anonymous_25)
FN:496,(anonymous_26)
FN:497,(anonymous_27)
FN:516,(anonymous_28)
FN:521,(anonymous_29)
FN:545,(anonymous_30)
FN:554,(anonymous_31)
FNF:32
FNH:12
FNDA:19,(anonymous_0)
FNDA:9,(anonymous_1)
FNDA:9,(anonymous_2)
FNDA:9,(anonymous_3)
FNDA:0,(anonymous_4)
FNDA:0,(anonymous_5)
FNDA:0,(anonymous_6)
FNDA:0,(anonymous_7)
FNDA:0,(anonymous_8)
FNDA:0,(anonymous_9)
FNDA:27,(anonymous_10)
FNDA:27,(anonymous_11)
FNDA:99,(anonymous_12)
FNDA:0,(anonymous_13)
FNDA:27,(anonymous_14)
FNDA:0,(anonymous_15)
FNDA:0,(anonymous_16)
FNDA:0,(anonymous_17)
FNDA:0,(anonymous_18)
FNDA:0,(anonymous_19)
FNDA:0,(anonymous_20)
FNDA:0,(anonymous_21)
FNDA:1,(anonymous_22)
FNDA:0,(anonymous_23)
FNDA:140,(anonymous_24)
FNDA:0,(anonymous_25)
FNDA:0,(anonymous_26)
FNDA:0,(anonymous_27)
FNDA:140,(anonymous_28)
FNDA:0,(anonymous_29)
FNDA:27,(anonymous_30)
FNDA:0,(anonymous_31)
DA:128,1
DA:130,19
DA:137,19
DA:138,18
DA:141,18
DA:144,18
DA:145,18
DA:146,18
DA:147,18
DA:148,18
DA:151,18
DA:154,18
DA:157,18
DA:160,18
DA:162,18
DA:169,18
DA:186,18
DA:187,9
DA:188,9
DA:189,9
DA:192,18
DA:193,9
DA:196,9
DA:197,0
DA:198,9
DA:199,0
DA:201,9
DA:210,9
DA:215,9
DA:216,9
DA:217,9
DA:218,9
DA:220,0
DA:221,0
DA:225,18
DA:226,0
DA:229,18
DA:230,0
DA:231,0
DA:238,0
DA:239,0
DA:240,0
DA:241,0
DA:242,0
DA:243,0
DA:244,0
DA:245,0
DA:247,0
DA:249,0
DA:253,18
DA:254,0
DA:255,0
DA:256,0
DA:257,0
DA:258,0
DA:260,0
DA:264,18
DA:265,0
DA:266,0
DA:267,0
DA:268,0
DA:270,0
DA:272,0
DA:276,18
DA:277,27
DA:280,18
DA:281,99
DA:282,27
DA:285,18
DA:286,0
DA:289,18
DA:290,27
DA:291,27
DA:292,27
DA:293,27
DA:295,27
DA:296,27
DA:297,27
DA:298,27
DA:299,27
DA:300,27
DA:303,18
DA:304,8
DA:312,10
DA:323,0
DA:330,0
DA:369,0
DA:374,0
DA:409,0
DA:420,0
DA:431,0
DA:454,1
DA:466,0
DA:471,140
DA:479,0
DA:496,0
DA:497,0
DA:517,140
DA:518,140
DA:521,0
DA:546,27
DA:547,27
DA:548,27
DA:550,27
DA:554,0
LF:105
LH:62
BRDA:163,0,0,0
BRDA:163,0,1,18
BRDA:163,1,0,0
BRDA:163,1,1,18
BRDA:163,2,0,0
BRDA:163,2,1,18
BRDA:164,3,0,0
BRDA:164,3,1,18
BRDA:164,4,0,0
BRDA:164,4,1,18
BRDA:164,5,0,0
BRDA:164,5,1,18
BRDA:165,6,0,0
BRDA:165,6,1,18
BRDA:165,7,0,0
BRDA:165,7,1,18
BRDA:165,8,0,0
BRDA:165,8,1,18
BRDA:166,9,0,0
BRDA:166,9,1,18
BRDA:166,10,0,0
BRDA:166,10,1,18
BRDA:166,11,0,0
BRDA:166,11,1,18
BRDA:170,12,0,0
BRDA:170,12,1,18
BRDA:171,13,0,0
BRDA:171,13,1,18
BRDA:172,14,0,0
BRDA:172,14,1,18
BRDA:173,15,0,0
BRDA:173,15,1,18
BRDA:174,16,0,0
BRDA:174,16,1,18
BRDA:175,17,0,0
BRDA:175,17,1,18
BRDA:176,18,0,0
BRDA:176,18,1,18
BRDA:177,19,0,0
BRDA:177,19,1,18
BRDA:178,20,0,0
BRDA:178,20,1,18
BRDA:179,21,0,0
BRDA:179,21,1,18
BRDA:180,22,0,0
BRDA:180,22,1,18
BRDA:181,23,0,0
BRDA:181,23,1,18
BRDA:182,24,0,0
BRDA:182,24,1,18
BRDA:183,25,0,0
BRDA:183,25,1,18
BRDA:196,26,0,0
BRDA:196,26,1,9
BRDA:197,27,0,0
BRDA:197,27,1,0
BRDA:198,28,0,0
BRDA:198,28,1,9
BRDA:199,29,0,0
BRDA:199,29,1,0
BRDA:202,30,0,9
BRDA:202,30,1,8
BRDA:203,31,0,9
BRDA:203,31,1,9
BRDA:204,32,0,9
BRDA:204,32,1,9
BRDA:205,33,0,9
BRDA:205,33,1,9
BRDA:211,34,0,9
BRDA:211,34,1,9
BRDA:233,35,0,0
BRDA:233,35,1,0
BRDA:234,36,0,0
BRDA:234,36,1,0
BRDA:235,37,0,0
BRDA:235,37,1,0
BRDA:254,38,0,0
BRDA:254,38,1,0
BRDA:267,39,0,0
BRDA:267,39,1,0
BRDA:277,40,0,27
BRDA:277,40,1,0
BRDA:282,41,0,27
BRDA:282,41,1,0
BRDA:282,42,0,0
BRDA:282,42,1,0
BRDA:295,43,0,0
BRDA:295,43,1,27
BRDA:296,44,0,0
BRDA:296,44,1,27
BRDA:298,45,0,0
BRDA:298,45,1,27
BRDA:303,46,0,8
BRDA:303,46,1,10
BRDA:307,47,0,0
BRDA:307,47,1,8
BRDA:317,48,0,0
BRDA:317,48,1,10
BRDA:318,49,0,0
BRDA:318,49,1,10
BRDA:338,50,0,0
BRDA:338,50,1,10
BRDA:354,51,0,0
BRDA:354,51,1,10
BRDA:357,52,0,0
BRDA:357,52,1,10
BRDA:358,53,0,0
BRDA:358,53,1,10
BRDA:361,54,0,0
BRDA:361,54,1,10
BRDA:362,55,0,0
BRDA:362,55,1,10
BRDA:363,56,0,10
BRDA:363,56,1,10
BRDA:370,57,0,0
BRDA:370,57,1,10
BRDA:381,58,0,10
BRDA:381,58,1,10
BRDA:383,59,0,0
BRDA:383,59,1,10
BRDA:384,60,0,0
BRDA:384,60,1,10
BRDA:385,61,0,0
BRDA:385,61,1,10
BRDA:387,62,0,0
BRDA:387,62,1,10
BRDA:388,63,0,0
BRDA:388,63,1,10
BRDA:389,64,0,0
BRDA:389,64,1,10
BRDA:391,65,0,0
BRDA:391,65,1,10
BRDA:392,66,0,0
BRDA:392,66,1,10
BRDA:393,67,0,0
BRDA:393,67,1,10
BRDA:395,68,0,0
BRDA:395,68,1,10
BRDA:396,69,0,0
BRDA:396,69,1,10
BRDA:397,70,0,0
BRDA:397,70,1,10
BRDA:399,71,0,0
BRDA:399,71,1,10
BRDA:400,72,0,0
BRDA:400,72,1,10
BRDA:401,73,0,0
BRDA:401,73,1,10
BRDA:411,74,0,10
BRDA:411,74,1,0
BRDA:413,75,0,0
BRDA:413,75,1,0
BRDA:422,76,0,0
BRDA:422,76,1,10
BRDA:424,77,0,0
BRDA:424,77,1,10
BRDA:433,78,0,0
BRDA:433,78,1,10
BRDA:435,79,0,0
BRDA:435,79,1,10
BRDA:446,80,0,0
BRDA:446,80,1,10
BRDA:447,81,0,0
BRDA:447,81,1,10
BRDA:450,82,0,10
BRDA:450,82,1,10
BRDA:455,83,0,0
BRDA:455,83,1,10
BRDA:467,84,0,0
BRDA:467,84,1,10
BRDA:480,85,0,0
BRDA:480,85,1,10
BRDA:491,86,0,0
BRDA:491,86,1,10
BRDA:497,87,0,0
BRDA:497,87,1,0
BRDA:498,88,0,0
BRDA:498,88,1,10
BRDA:512,89,0,10
BRDA:512,89,1,10
BRDA:512,89,2,10
BRDA:512,89,3,10
BRDA:514,90,0,0
BRDA:514,90,1,10
BRDA:517,91,0,140
BRDA:517,91,1,113
BRDA:521,92,0,0
BRDA:521,92,1,0
BRDA:523,93,0,0
BRDA:523,93,1,140
BRDA:538,94,0,1
BRDA:538,94,1,9
BRDA:540,95,0,0
BRDA:540,95,1,1
BRDA:541,96,0,0
BRDA:541,96,1,1
BRDA:542,97,0,0
BRDA:542,97,1,1
BRDA:569,98,0,18
BRDA:569,98,1,9
BRDA:570,99,0,0
BRDA:570,99,1,18
BRDA:575,100,0,0
BRDA:575,100,1,9
BRDA:579,101,0,0
BRDA:579,101,1,27
BRDA:584,102,0,0
BRDA:584,102,1,27
BRDA:589,103,0,0
BRDA:589,103,1,27
BRDA:590,104,0,0
BRDA:590,104,1,27
BRDA:595,105,0,27
BRDA:595,105,1,0
BRDA:596,106,0,0
BRDA:596,106,1,0
BRDA:599,107,0,0
BRDA:599,107,1,0
BRDA:600,108,0,0
BRDA:600,108,1,0
BRDA:603,109,0,0
BRDA:603,109,1,0
BRDA:607,110,0,0
BRDA:607,110,1,0
BRDA:608,111,0,0
BRDA:608,111,1,0
BRDA:611,112,0,0
BRDA:611,112,1,0
BRDA:612,113,0,0
BRDA:612,113,1,0
BRDA:612,114,0,0
BRDA:612,114,1,0
BRDA:617,115,0,0
BRDA:617,115,1,0
BRDA:618,116,0,0
BRDA:618,116,1,0
BRDA:623,117,0,0
BRDA:623,117,1,0
BRDA:625,118,0,0
BRDA:625,118,1,0
BRDA:626,119,0,0
BRDA:626,119,1,0
BRDA:640,120,0,10
BRDA:640,120,1,0
BRDA:642,121,0,0
BRDA:642,121,1,0
BRF:246
BRH:111
end_of_record
TN:
SF:src\pages\Monitoring.tsx
FN:79,(anonymous_0)
FN:87,(anonymous_1)
FN:88,(anonymous_2)
FN:91,(anonymous_3)
FN:98,(anonymous_4)
FN:113,(anonymous_5)
FN:141,(anonymous_6)
FN:143,(anonymous_7)
FN:149,(anonymous_8)
FN:171,(anonymous_9)
FN:174,(anonymous_10)
FN:180,(anonymous_11)
FN:251,(anonymous_12)
FN:254,(anonymous_13)
FN:274,(anonymous_14)
FNF:15
FNH:0
FNDA:0,(anonymous_0)
FNDA:0,(anonymous_1)
FNDA:0,(anonymous_2)
FNDA:0,(anonymous_3)
FNDA:0,(anonymous_4)
FNDA:0,(anonymous_5)
FNDA:0,(anonymous_6)
FNDA:0,(anonymous_7)
FNDA:0,(anonymous_8)
FNDA:0,(anonymous_9)
FNDA:0,(anonymous_10)
FNDA:0,(anonymous_11)
FNDA:0,(anonymous_12)
FNDA:0,(anonymous_13)
FNDA:0,(anonymous_14)
DA:79,0
DA:80,0
DA:81,0
DA:82,0
DA:83,0
DA:84,0
DA:85,0
DA:87,0
DA:88,0
DA:89,0
DA:90,0
DA:91,0
DA:93,0
DA:94,0
DA:95,0
DA:98,0
DA:99,0
DA:100,0
DA:101,0
DA:104,0
DA:105,0
DA:108,0
DA:110,0
DA:111,0
DA:113,0
DA:114,0
DA:116,0
DA:117,0
DA:119,0
DA:121,0
DA:122,0
DA:133,0
DA:134,0
DA:135,0
DA:136,0
DA:137,0
DA:140,0
DA:141,0
DA:143,0
DA:147,0
DA:149,0
DA:151,0
DA:152,0
DA:163,0
DA:165,0
DA:169,0
DA:170,0
DA:171,0
DA:174,0
DA:175,0
DA:176,0
DA:177,0
DA:180,0
DA:181,0
DA:182,0
DA:183,0
DA:186,0
DA:187,0
DA:194,0
DA:233,0
DA:251,0
DA:255,0
DA:275,0
LF:63
LH:0
BRDA:93,0,0,0
BRDA:93,0,1,0
BRDA:98,1,0,0
BRDA:98,1,1,0
BRDA:99,2,0,0
BRDA:99,2,1,0
BRDA:104,3,0,0
BRDA:104,3,1,0
BRDA:104,4,0,0
BRDA:104,4,1,0
BRDA:110,5,0,0
BRDA:110,5,1,0
BRDA:110,6,0,0
BRDA:110,6,1,0
BRDA:114,7,0,0
BRDA:114,7,1,0
BRDA:114,8,0,0
BRDA:114,8,1,0
BRDA:117,9,0,0
BRDA:117,9,1,0
BRDA:121,10,0,0
BRDA:121,10,1,0
BRDA:133,11,0,0
BRDA:133,11,1,0
BRDA:134,12,0,0
BRDA:134,12,1,0
BRDA:135,13,0,0
BRDA:135,13,1,0
BRDA:136,14,0,0
BRDA:136,14,1,0
BRDA:137,15,0,0
BRDA:137,15,1,0
BRDA:151,16,0,0
BRDA:151,16,1,0
BRDA:153,17,0,0
BRDA:153,17,1,0
BRDA:154,18,0,0
BRDA:154,18,1,0
BRDA:155,19,0,0
BRDA:155,19,1,0
BRDA:156,20,0,0
BRDA:156,20,1,0
BRDA:157,21,0,0
BRDA:157,21,1,0
BRDA:181,22,0,0
BRDA:181,22,1,0
BRDA:181,23,0,0
BRDA:181,23,1,0
BRDA:182,24,0,0
BRDA:182,24,1,0
BRDA:182,25,0,0
BRDA:182,25,1,0
BRDA:183,26,0,0
BRDA:183,26,1,0
BRDA:186,27,0,0
BRDA:186,27,1,0
BRDA:197,28,0,0
BRDA:197,28,1,0
BRDA:200,29,0,0
BRDA:200,29,1,0
BRDA:201,30,0,0
BRDA:201,30,1,0
BRDA:206,31,0,0
BRDA:206,31,1,0
BRDA:209,32,0,0
BRDA:209,32,1,0
BRDA:210,33,0,0
BRDA:210,33,1,0
BRDA:215,34,0,0
BRDA:215,34,1,0
BRDA:218,35,0,0
BRDA:218,35,1,0
BRDA:219,36,0,0
BRDA:219,36,1,0
BRDA:224,37,0,0
BRDA:224,37,1,0
BRDA:227,38,0,0
BRDA:227,38,1,0
BRDA:228,39,0,0
BRDA:228,39,1,0
BRDA:239,40,0,0
BRDA:239,40,1,0
BRDA:243,41,0,0
BRDA:243,41,1,0
BRDA:248,42,0,0
BRDA:248,42,1,0
BRDA:252,43,0,0
BRDA:252,43,1,0
BRDA:256,44,0,0
BRDA:256,44,1,0
BRDA:261,45,0,0
BRDA:261,45,1,0
BRDA:262,46,0,0
BRDA:262,46,1,0
BRDA:272,47,0,0
BRDA:272,47,1,0
BRDA:281,48,0,0
BRDA:281,48,1,0
BRDA:286,49,0,0
BRDA:286,49,1,0
BRDA:290,50,0,0
BRDA:290,50,1,0
BRDA:293,51,0,0
BRDA:293,51,1,0
BRDA:295,52,0,0
BRDA:295,52,1,0
BRDA:307,53,0,0
BRDA:307,53,1,0
BRDA:314,54,0,0
BRDA:314,54,1,0
BRDA:317,55,0,0
BRDA:317,55,1,0
BRDA:320,56,0,0
BRDA:320,56,1,0
BRDA:321,57,0,0
BRDA:321,57,1,0
BRDA:322,58,0,0
BRDA:322,58,1,0
BRDA:322,59,0,0
BRDA:322,59,1,0
BRDA:323,60,0,0
BRDA:323,60,1,0
BRDA:323,61,0,0
BRDA:323,61,1,0
BRDA:323,62,0,0
BRDA:323,62,1,0
BRDA:333,63,0,0
BRDA:333,63,1,0
BRDA:336,64,0,0
BRDA:336,64,1,0
BRDA:337,65,0,0
BRDA:337,65,1,0
BRDA:338,66,0,0
BRDA:338,66,1,0
BRDA:339,67,0,0
BRDA:339,67,1,0
BRDA:339,68,0,0
BRDA:339,68,1,0
BRDA:339,69,0,0
BRDA:339,69,1,0
BRDA:346,70,0,0
BRDA:346,70,1,0
BRDA:349,71,0,0
BRDA:349,71,1,0
BRDA:350,72,0,0
BRDA:350,72,1,0
BRDA:351,73,0,0
BRDA:351,73,1,0
BRDA:352,74,0,0
BRDA:352,74,1,0
BRDA:352,75,0,0
BRDA:352,75,1,0
BRDA:352,76,0,0
BRDA:352,76,1,0
BRDA:365,77,0,0
BRDA:365,77,1,0
BRDA:379,78,0,0
BRDA:379,78,1,0
BRDA:387,79,0,0
BRDA:387,79,1,0
BRDA:394,80,0,0
BRDA:394,80,1,0
BRDA:395,81,0,0
BRDA:395,81,1,0
BRF:164
BRH:0
end_of_record
TN:
SF:src\pages\Reports.tsx
FN:120,(anonymous_0)
FN:137,(anonymous_1)
FN:143,(anonymous_2)
FN:155,(anonymous_3)
FN:158,(anonymous_4)
FN:168,(anonymous_5)
FN:177,(anonymous_6)
FN:193,(anonymous_7)
FN:214,(anonymous_8)
FN:228,(anonymous_9)
FN:232,(anonymous_10)
FN:236,(anonymous_11)
FN:241,(anonymous_12)
FN:242,(anonymous_13)
FN:244,(anonymous_14)
FN:244,(anonymous_15)
FN:248,(anonymous_16)
FN:249,(anonymous_17)
FN:250,(anonymous_18)
FN:257,(anonymous_19)
FN:260,(anonymous_20)
FN:262,(anonymous_21)
FN:262,(anonymous_22)
FN:273,(anonymous_23)
FN:274,(anonymous_24)
FN:285,(anonymous_25)
FN:298,(anonymous_26)
FN:485,(anonymous_27)
FN:489,(anonymous_28)
FN:503,(anonymous_29)
FN:518,(anonymous_30)
FN:588,(anonymous_31)
FN:598,(anonymous_32)
FN:618,(anonymous_33)
FN:624,(anonymous_34)
FN:625,(anonymous_35)
FN:626,(anonymous_36)
FN:639,(anonymous_37)
FN:694,(anonymous_38)
FN:717,(anonymous_39)
FN:733,(anonymous_40)
FN:741,(anonymous_41)
FN:760,(anonymous_42)
FN:791,(anonymous_43)
FN:807,(anonymous_44)
FN:815,(anonymous_45)
FNF:46
FNH:31
FNDA:22,(anonymous_0)
FNDA:10,(anonymous_1)
FNDA:11,(anonymous_2)
FNDA:10,(anonymous_3)
FNDA:10,(anonymous_4)
FNDA:10,(anonymous_5)
FNDA:1,(anonymous_6)
FNDA:0,(anonymous_7)
FNDA:0,(anonymous_8)
FNDA:2,(anonymous_9)
FNDA:0,(anonymous_10)
FNDA:11,(anonymous_11)
FNDA:20,(anonymous_12)
FNDA:20,(anonymous_13)
FNDA:20,(anonymous_14)
FNDA:20,(anonymous_15)
FNDA:20,(anonymous_16)
FNDA:20,(anonymous_17)
FNDA:20,(anonymous_18)
FNDA:11,(anonymous_19)
FNDA:20,(anonymous_20)
FNDA:20,(anonymous_21)
FNDA:20,(anonymous_22)
FNDA:1,(anonymous_23)
FNDA:1,(anonymous_24)
FNDA:2,(anonymous_25)
FNDA:2,(anonymous_26)
FNDA:0,(anonymous_27)
FNDA:11,(anonymous_28)
FNDA:0,(anonymous_29)
FNDA:0,(anonymous_30)
FNDA:0,(anonymous_31)
FNDA:0,(anonymous_32)
FNDA:20,(anonymous_33)
FNDA:20,(anonymous_34)
FNDA:20,(anonymous_35)
FNDA:20,(anonymous_36)
FNDA:1,(anonymous_37)
FNDA:2,(anonymous_38)
FNDA:0,(anonymous_39)
FNDA:0,(anonymous_40)
FNDA:0,(anonymous_41)
FNDA:0,(anonymous_42)
FNDA:0,(anonymous_43)
FNDA:0,(anonymous_44)
FNDA:0,(anonymous_45)
DA:120,1
DA:121,22
DA:122,22
DA:123,21
DA:124,21
DA:125,21
DA:126,21
DA:127,21
DA:128,21
DA:129,21
DA:130,21
DA:131,21
DA:132,21
DA:133,21
DA:135,21
DA:137,21
DA:138,10
DA:139,10
DA:140,10
DA:143,21
DA:144,11
DA:145,11
DA:146,10
DA:147,10
DA:149,1
DA:150,1
DA:151,1
DA:155,21
DA:156,10
DA:157,10
DA:158,10
DA:159,10
DA:160,10
DA:161,10
DA:164,0
DA:168,21
DA:169,10
DA:170,10
DA:171,10
DA:173,0
DA:177,21
DA:178,1
DA:179,1
DA:180,1
DA:181,1
DA:182,1
DA:183,1
DA:184,1
DA:186,0
DA:187,0
DA:188,0
DA:190,1
DA:193,21
DA:194,0
DA:195,0
DA:196,0
DA:197,0
DA:198,0
DA:199,0
DA:200,0
DA:201,0
DA:202,0
DA:203,0
DA:204,0
DA:205,0
DA:207,0
DA:208,0
DA:209,0
DA:211,0
DA:214,21
DA:215,0
DA:217,0
DA:218,0
DA:219,0
DA:220,0
DA:222,0
DA:223,0
DA:224,0
DA:228,21
DA:229,2
DA:232,21
DA:233,0
DA:236,21
DA:237,11
DA:238,11
DA:239,11
DA:241,20
DA:242,20
DA:244,20
DA:246,11
DA:248,20
DA:249,20
DA:250,20
DA:257,21
DA:258,11
DA:260,20
DA:262,20
DA:263,20
DA:264,20
DA:265,10
DA:267,20
DA:270,11
DA:273,21
DA:274,1
DA:275,1
DA:276,1
DA:277,0
DA:279,1
DA:281,1
DA:285,21
DA:286,2
DA:288,1
DA:290,1
DA:292,0
DA:294,0
DA:298,21
DA:299,2
DA:300,2
DA:302,1
DA:304,1
DA:306,0
DA:308,0
DA:312,21
DA:313,10
DA:321,11
DA:322,11
DA:324,11
DA:485,0
DA:490,11
DA:503,0
DA:518,0
DA:588,0
DA:598,0
DA:619,20
DA:621,10
DA:622,10
DA:624,20
DA:625,20
DA:626,20
DA:628,10
DA:639,1
DA:695,2
DA:717,0
DA:733,0
DA:741,0
DA:761,0
DA:791,0
DA:807,0
DA:815,0
LF:149
LH:102
BRDA:160,0,0,10
BRDA:160,0,1,0
BRDA:160,1,0,10
BRDA:160,1,1,10
BRDA:181,2,0,1
BRDA:181,2,1,0
BRDA:193,3,0,0
BRDA:215,4,0,0
BRDA:215,4,1,0
BRDA:264,5,0,10
BRDA:264,5,1,10
BRDA:276,6,0,0
BRDA:276,6,1,1
BRDA:286,7,0,1
BRDA:286,7,1,1
BRDA:286,7,2,0
BRDA:286,7,3,0
BRDA:300,8,0,1
BRDA:300,8,1,1
BRDA:300,8,2,0
BRDA:300,8,3,0
BRDA:302,9,0,0
BRDA:302,9,1,1
BRDA:304,10,0,0
BRDA:304,10,1,1
BRDA:306,11,0,0
BRDA:306,11,1,0
BRDA:308,12,0,0
BRDA:308,12,1,0
BRDA:312,13,0,10
BRDA:312,13,1,11
BRDA:316,14,0,0
BRDA:316,14,1,10
BRDA:329,15,0,0
BRDA:329,15,1,11
BRDA:330,16,0,0
BRDA:330,16,1,11
BRDA:343,17,0,11
BRDA:343,17,1,11
BRDA:344,18,0,0
BRDA:344,18,1,11
BRDA:344,19,0,0
BRDA:344,19,1,0
BRDA:344,20,0,0
BRDA:344,20,1,11
BRDA:346,21,0,0
BRDA:346,21,1,11
BRDA:347,22,0,0
BRDA:347,22,1,0
BRDA:349,23,0,0
BRDA:349,23,1,11
BRDA:351,24,0,0
BRDA:351,24,1,11
BRDA:351,25,0,0
BRDA:351,25,1,0
BRDA:351,26,0,0
BRDA:351,26,1,11
BRDA:355,27,0,11
BRDA:355,27,1,11
BRDA:356,28,0,0
BRDA:356,28,1,11
BRDA:363,29,0,11
BRDA:363,29,1,0
BRDA:364,30,0,0
BRDA:364,30,1,0
BRDA:365,31,0,0
BRDA:365,31,1,0
BRDA:377,32,0,0
BRDA:377,32,1,11
BRDA:382,33,0,0
BRDA:382,33,1,11
BRDA:384,34,0,0
BRDA:384,34,1,11
BRDA:385,35,0,0
BRDA:385,35,1,11
BRDA:388,36,0,0
BRDA:388,36,1,11
BRDA:389,37,0,0
BRDA:389,37,1,11
BRDA:394,38,0,0
BRDA:394,38,1,11
BRDA:396,39,0,0
BRDA:396,39,1,11
BRDA:397,40,0,0
BRDA:397,40,1,11
BRDA:400,41,0,0
BRDA:400,41,1,11
BRDA:401,42,0,0
BRDA:401,42,1,11
BRDA:406,43,0,0
BRDA:406,43,1,11
BRDA:408,44,0,0
BRDA:408,44,1,11
BRDA:409,45,0,0
BRDA:409,45,1,11
BRDA:412,46,0,0
BRDA:412,46,1,11
BRDA:413,47,0,0
BRDA:413,47,1,11
BRDA:418,48,0,0
BRDA:418,48,1,11
BRDA:420,49,0,0
BRDA:420,49,1,11
BRDA:421,50,0,0
BRDA:421,50,1,11
BRDA:424,51,0,0
BRDA:424,51,1,11
BRDA:425,52,0,0
BRDA:425,52,1,11
BRDA:433,53,0,0
BRDA:433,53,1,11
BRDA:435,54,0,0
BRDA:435,54,1,11
BRDA:436,55,0,0
BRDA:436,55,1,11
BRDA:439,56,0,0
BRDA:439,56,1,11
BRDA:440,57,0,0
BRDA:440,57,1,11
BRDA:445,58,0,0
BRDA:445,58,1,11
BRDA:447,59,0,0
BRDA:447,59,1,11
BRDA:448,60,0,0
BRDA:448,60,1,11
BRDA:451,61,0,0
BRDA:451,61,1,11
BRDA:452,62,0,0
BRDA:452,62,1,11
BRDA:457,63,0,0
BRDA:457,63,1,11
BRDA:459,64,0,0
BRDA:459,64,1,11
BRDA:460,65,0,0
BRDA:460,65,1,11
BRDA:463,66,0,0
BRDA:463,66,1,11
BRDA:464,67,0,0
BRDA:464,67,1,11
BRDA:473,68,0,0
BRDA:473,68,1,11
BRDA:474,69,0,0
BRDA:474,69,1,11
BRDA:480,70,0,0
BRDA:480,70,1,11
BRDA:498,71,0,0
BRDA:498,71,1,11
BRDA:513,72,0,0
BRDA:513,72,1,11
BRDA:532,73,0,11
BRDA:532,73,1,10
BRDA:532,73,2,10
BRDA:532,73,3,0
BRDA:535,74,0,1
BRDA:535,74,1,10
BRDA:550,75,0,11
BRDA:550,75,1,11
BRDA:550,75,2,0
BRDA:550,75,3,0
BRDA:551,76,0,0
BRDA:551,76,1,0
BRDA:552,77,0,0
BRDA:552,77,1,0
BRDA:554,78,0,0
BRDA:554,78,1,0
BRDA:561,79,0,11
BRDA:561,79,1,0
BRDA:561,79,2,0
BRDA:562,80,0,0
BRDA:562,80,1,0
BRDA:563,81,0,0
BRDA:563,81,1,0
BRDA:579,82,0,0
BRDA:579,82,1,11
BRDA:580,83,0,0
BRDA:580,83,1,11
BRDA:585,84,0,0
BRDA:585,84,1,11
BRDA:586,85,0,0
BRDA:586,85,1,11
BRDA:590,86,0,11
BRDA:590,86,1,0
BRDA:592,87,0,0
BRDA:592,87,1,0
BRDA:600,88,0,0
BRDA:600,88,1,11
BRDA:602,89,0,0
BRDA:602,89,1,11
BRDA:611,90,0,1
BRDA:611,90,1,10
BRDA:613,91,0,0
BRDA:613,91,1,1
BRDA:614,92,0,0
BRDA:614,92,1,1
BRDA:616,93,0,10
BRDA:616,93,1,0
BRDA:619,94,0,10
BRDA:619,94,1,10
BRDA:632,95,0,0
BRDA:632,95,1,10
BRDA:633,96,0,0
BRDA:633,96,1,0
BRDA:634,97,0,0
BRDA:634,97,1,10
BRDA:638,98,0,0
BRDA:638,98,1,10
BRDA:644,99,0,0
BRDA:644,99,1,10
BRDA:644,100,0,0
BRDA:644,100,1,0
BRDA:644,101,0,0
BRDA:644,101,1,10
BRDA:646,102,0,0
BRDA:646,102,1,10
BRDA:647,103,0,0
BRDA:647,103,1,0
BRDA:649,104,0,0
BRDA:649,104,1,10
BRDA:654,105,0,0
BRDA:654,105,1,10
BRDA:655,106,0,0
BRDA:655,106,1,10
BRDA:656,107,0,10
BRDA:656,107,1,0
BRDA:663,108,0,10
BRDA:663,108,1,10
BRDA:664,109,0,0
BRDA:664,109,1,10
BRDA:668,110,0,10
BRDA:668,110,1,10
BRDA:669,111,0,0
BRDA:669,111,1,10
BRDA:673,112,0,10
BRDA:673,112,1,0
BRDA:674,113,0,0
BRDA:674,113,1,0
BRDA:680,114,0,0
BRDA:680,114,1,10
BRDA:681,115,0,1
BRDA:681,115,1,9
BRDA:682,116,0,0
BRDA:682,116,1,1
BRDA:684,117,0,0
BRDA:684,117,1,9
BRDA:691,118,0,10
BRDA:691,118,1,1
BRDA:692,119,0,0
BRDA:692,119,1,1
BRDA:697,120,0,0
BRDA:697,120,1,2
BRDA:703,121,0,0
BRDA:703,121,1,2
BRDA:706,122,0,0
BRDA:706,122,1,2
BRDA:707,123,0,2
BRDA:707,123,1,0
BRDA:709,124,0,0
BRDA:709,124,1,2
BRDA:722,125,0,0
BRDA:722,125,1,2
BRDA:728,126,0,2
BRDA:728,126,1,0
BRDA:763,127,0,0
BRDA:763,127,1,0
BRDA:769,128,0,0
BRDA:769,128,1,0
BRDA:772,129,0,0
BRDA:772,129,1,0
BRDA:773,130,0,0
BRDA:773,130,1,0
BRDA:775,131,0,0
BRDA:775,131,1,0
BRDA:776,132,0,0
BRDA:776,132,1,0
BRDA:796,133,0,0
BRDA:796,133,1,0
BRDA:802,134,0,0
BRDA:802,134,1,0
BRF:278
BRH:125
end_of_record
TN:
SF:src\pages\Robots.tsx
FN:84,(anonymous_0)
FN:101,(anonymous_1)
FN:104,(anonymous_2)
FN:107,(anonymous_3)
FN:121,(anonymous_4)
FN:123,(anonymous_5)
FN:126,(anonymous_6)
FN:132,(anonymous_7)
FN:134,(anonymous_8)
FN:137,(anonymous_9)
FN:138,(anonymous_10)
FN:152,(anonymous_11)
FN:155,(anonymous_12)
FN:161,(anonymous_13)
FN:166,(anonymous_14)
FN:187,(anonymous_15)
FN:192,(anonymous_16)
FN:201,(anonymous_17)
FN:207,(anonymous_18)
FN:237,(anonymous_19)
FN:252,(anonymous_20)
FN:273,(anonymous_21)
FN:284,(anonymous_22)
FN:296,(anonymous_23)
FN:332,(anonymous_24)
FN:339,(anonymous_25)
FN:409,(anonymous_26)
FN:410,(anonymous_27)
FN:444,(anonymous_28)
FN:455,(anonymous_29)
FN:483,(anonymous_30)
FN:494,(anonymous_31)
FN:505,(anonymous_32)
FN:509,(anonymous_33)
FN:567,(anonymous_34)
FN:576,(anonymous_35)
FN:607,(anonymous_36)
FN:611,(anonymous_37)
FN:621,(anonymous_38)
FN:669,(anonymous_39)
FN:686,(anonymous_40)
FN:708,(anonymous_41)
FN:712,(anonymous_42)
FN:743,(anonymous_43)
FN:749,(anonymous_44)
FN:765,(anonymous_45)
FNF:46
FNH:0
FNDA:0,(anonymous_0)
FNDA:0,(anonymous_1)
FNDA:0,(anonymous_2)
FNDA:0,(anonymous_3)
FNDA:0,(anonymous_4)
FNDA:0,(anonymous_5)
FNDA:0,(anonymous_6)
FNDA:0,(anonymous_7)
FNDA:0,(anonymous_8)
FNDA:0,(anonymous_9)
FNDA:0,(anonymous_10)
FNDA:0,(anonymous_11)
FNDA:0,(anonymous_12)
FNDA:0,(anonymous_13)
FNDA:0,(anonymous_14)
FNDA:0,(anonymous_15)
FNDA:0,(anonymous_16)
FNDA:0,(anonymous_17)
FNDA:0,(anonymous_18)
FNDA:0,(anonymous_19)
FNDA:0,(anonymous_20)
FNDA:0,(anonymous_21)
FNDA:0,(anonymous_22)
FNDA:0,(anonymous_23)
FNDA:0,(anonymous_24)
FNDA:0,(anonymous_25)
FNDA:0,(anonymous_26)
FNDA:0,(anonymous_27)
FNDA:0,(anonymous_28)
FNDA:0,(anonymous_29)
FNDA:0,(anonymous_30)
FNDA:0,(anonymous_31)
FNDA:0,(anonymous_32)
FNDA:0,(anonymous_33)
FNDA:0,(anonymous_34)
FNDA:0,(anonymous_35)
FNDA:0,(anonymous_36)
FNDA:0,(anonymous_37)
FNDA:0,(anonymous_38)
FNDA:0,(anonymous_39)
FNDA:0,(anonymous_40)
FNDA:0,(anonymous_41)
FNDA:0,(anonymous_42)
FNDA:0,(anonymous_43)
FNDA:0,(anonymous_44)
FNDA:0,(anonymous_45)
DA:84,0
DA:85,0
DA:86,0
DA:87,0
DA:88,0
DA:89,0
DA:90,0
DA:91,0
DA:92,0
DA:93,0
DA:94,0
DA:95,0
DA:96,0
DA:97,0
DA:98,0
DA:99,0
DA:101,0
DA:102,0
DA:103,0
DA:104,0
DA:107,0
DA:108,0
DA:109,0
DA:110,0
DA:111,0
DA:112,0
DA:114,0
DA:116,0
DA:117,0
DA:121,0
DA:122,0
DA:123,0
DA:126,0
DA:128,0
DA:130,0
DA:132,0
DA:133,0
DA:134,0
DA:137,0
DA:138,0
DA:139,0
DA:140,0
DA:147,0
DA:148,0
DA:152,0
DA:155,0
DA:156,0
DA:157,0
DA:161,0
DA:162,0
DA:163,0
DA:166,0
DA:167,0
DA:168,0
DA:169,0
DA:171,0
DA:172,0
DA:173,0
DA:174,0
DA:179,0
DA:181,0
DA:183,0
DA:187,0
DA:188,0
DA:192,0
DA:193,0
DA:194,0
DA:195,0
DA:196,0
DA:197,0
DA:201,0
DA:202,0
DA:203,0
DA:204,0
DA:207,0
DA:208,0
DA:209,0
DA:210,0
DA:211,0
DA:213,0
DA:214,0
DA:215,0
DA:216,0
DA:217,0
DA:220,0
DA:221,0
DA:228,0
DA:237,0
DA:252,0
DA:273,0
DA:284,0
DA:296,0
DA:333,0
DA:334,0
DA:335,0
DA:340,0
DA:409,0
DA:410,0
DA:444,0
DA:456,0
DA:484,0
DA:485,0
DA:486,0
DA:487,0
DA:488,0
DA:494,0
DA:506,0
DA:509,0
DA:568,0
DA:569,0
DA:577,0
DA:578,0
DA:579,0
DA:580,0
DA:607,0
DA:611,0
DA:621,0
DA:670,0
DA:687,0
DA:688,0
DA:689,0
DA:690,0
DA:708,0
DA:712,0
DA:743,0
DA:750,0
DA:751,0
DA:766,0
DA:767,0
DA:768,0
LF:130
LH:0
BRDA:111,0,0,0
BRDA:111,0,1,0
BRDA:111,1,0,0
BRDA:111,1,1,0
BRDA:128,2,0,0
BRDA:128,2,1,0
BRDA:129,3,0,0
BRDA:129,3,1,0
BRDA:130,4,0,0
BRDA:130,4,1,0
BRDA:130,5,0,0
BRDA:130,5,1,0
BRDA:139,6,0,0
BRDA:139,6,1,0
BRDA:139,7,0,0
BRDA:139,7,1,0
BRDA:156,8,0,0
BRDA:156,8,1,0
BRDA:167,9,0,0
BRDA:167,9,1,0
BRDA:188,10,0,0
BRDA:188,10,1,0
BRDA:193,11,0,0
BRDA:193,11,1,0
BRDA:193,11,2,0
BRDA:193,11,3,0
BRDA:202,12,0,0
BRDA:202,12,1,0
BRDA:202,13,0,0
BRDA:202,13,1,0
BRDA:203,14,0,0
BRDA:203,14,1,0
BRDA:203,15,0,0
BRDA:203,15,1,0
BRDA:204,16,0,0
BRDA:204,16,1,0
BRDA:213,17,0,0
BRDA:213,17,1,0
BRDA:214,18,0,0
BRDA:214,18,1,0
BRDA:216,19,0,0
BRDA:216,19,1,0
BRDA:220,20,0,0
BRDA:220,20,1,0
BRDA:233,21,0,0
BRDA:233,21,1,0
BRDA:234,22,0,0
BRDA:234,22,1,0
BRDA:247,23,0,0
BRDA:247,23,1,0
BRDA:253,24,0,0
BRDA:253,24,1,0
BRDA:259,25,0,0
BRDA:259,25,1,0
BRDA:262,26,0,0
BRDA:262,26,1,0
BRDA:263,27,0,0
BRDA:263,27,1,0
BRDA:268,28,0,0
BRDA:268,28,1,0
BRDA:271,29,0,0
BRDA:271,29,1,0
BRDA:272,30,0,0
BRDA:272,30,1,0
BRDA:279,31,0,0
BRDA:279,31,1,0
BRDA:282,32,0,0
BRDA:282,32,1,0
BRDA:283,33,0,0
BRDA:283,33,1,0
BRDA:290,34,0,0
BRDA:290,34,1,0
BRDA:293,35,0,0
BRDA:293,35,1,0
BRDA:294,36,0,0
BRDA:294,36,1,0
BRDA:295,37,0,0
BRDA:295,37,1,0
BRDA:296,38,0,0
BRDA:296,38,1,0
BRDA:306,39,0,0
BRDA:306,39,1,0
BRDA:307,40,0,0
BRDA:307,40,1,0
BRDA:308,41,0,0
BRDA:308,41,1,0
BRDA:312,42,0,0
BRDA:312,42,1,0
BRDA:323,43,0,0
BRDA:323,43,1,0
BRDA:325,44,0,0
BRDA:325,44,1,0
BRDA:329,45,0,0
BRDA:329,45,1,0
BRDA:337,46,0,0
BRDA:337,46,1,0
BRDA:341,47,0,0
BRDA:341,47,1,0
BRDA:347,48,0,0
BRDA:347,48,1,0
BRDA:348,49,0,0
BRDA:348,49,1,0
BRDA:349,50,0,0
BRDA:349,50,1,0
BRDA:350,51,0,0
BRDA:350,51,1,0
BRDA:350,52,0,0
BRDA:350,52,1,0
BRDA:350,53,0,0
BRDA:350,53,1,0
BRDA:360,54,0,0
BRDA:360,54,1,0
BRDA:362,55,0,0
BRDA:362,55,1,0
BRDA:362,56,0,0
BRDA:362,56,1,0
BRDA:367,57,0,0
BRDA:367,57,1,0
BRDA:375,58,0,0
BRDA:375,58,1,0
BRDA:377,59,0,0
BRDA:377,59,1,0
BRDA:380,60,0,0
BRDA:380,60,1,0
BRDA:381,61,0,0
BRDA:381,61,1,0
BRDA:385,62,0,0
BRDA:385,62,1,0
BRDA:386,63,0,0
BRDA:386,63,1,0
BRDA:390,64,0,0
BRDA:390,64,1,0
BRDA:393,65,0,0
BRDA:393,65,1,0
BRDA:396,66,0,0
BRDA:396,66,1,0
BRDA:403,67,0,0
BRDA:403,67,1,0
BRDA:403,68,0,0
BRDA:403,68,1,0
BRDA:416,69,0,0
BRDA:416,69,1,0
BRDA:418,70,0,0
BRDA:418,70,1,0
BRDA:420,71,0,0
BRDA:420,71,1,0
BRDA:426,72,0,0
BRDA:426,72,1,0
BRDA:427,73,0,0
BRDA:427,73,1,0
BRDA:434,74,0,0
BRDA:434,74,1,0
BRDA:436,75,0,0
BRDA:436,75,1,0
BRDA:439,76,0,0
BRDA:439,76,1,0
BRDA:440,77,0,0
BRDA:440,77,1,0
BRDA:445,78,0,0
BRDA:445,78,1,0
BRDA:454,79,0,0
BRDA:454,79,1,0
BRDA:459,80,0,0
BRDA:459,80,1,0
BRDA:459,81,0,0
BRDA:459,81,1,0
BRDA:459,81,2,0
BRDA:461,82,0,0
BRDA:461,82,1,0
BRDA:461,83,0,0
BRDA:461,83,1,0
BRDA:463,84,0,0
BRDA:463,84,1,0
BRDA:463,85,0,0
BRDA:463,85,1,0
BRDA:482,86,0,0
BRDA:482,86,1,0
BRDA:484,87,0,0
BRDA:484,87,1,0
BRDA:486,88,0,0
BRDA:486,88,1,0
BRDA:495,89,0,0
BRDA:495,89,1,0
BRDA:508,90,0,0
BRDA:508,90,1,0
BRDA:514,91,0,0
BRDA:514,91,1,0
BRDA:518,92,0,0
BRDA:518,92,1,0
BRDA:518,93,0,0
BRDA:518,93,1,0
BRDA:519,94,0,0
BRDA:519,94,1,0
BRDA:524,95,0,0
BRDA:524,95,1,0
BRDA:533,96,0,0
BRDA:533,96,1,0
BRDA:534,97,0,0
BRDA:534,97,1,0
BRDA:536,98,0,0
BRDA:536,98,1,0
BRDA:537,99,0,0
BRDA:537,99,1,0
BRDA:542,100,0,0
BRDA:542,100,1,0
BRDA:545,101,0,0
BRDA:545,101,1,0
BRDA:546,102,0,0
BRDA:546,102,1,0
BRDA:548,103,0,0
BRDA:548,103,1,0
BRDA:557,104,0,0
BRDA:557,104,1,0
BRDA:558,105,0,0
BRDA:558,105,1,0
BRDA:560,106,0,0
BRDA:560,106,1,0
BRDA:565,107,0,0
BRDA:565,107,1,0
BRDA:579,108,0,0
BRDA:579,108,1,0
BRDA:593,109,0,0
BRDA:593,109,1,0
BRDA:595,110,0,0
BRDA:595,110,1,0
BRDA:596,111,0,0
BRDA:596,111,1,0
BRDA:597,112,0,0
BRDA:597,112,1,0
BRDA:598,113,0,0
BRDA:598,113,1,0
BRDA:604,114,0,0
BRDA:604,114,1,0
BRDA:610,115,0,0
BRDA:610,115,1,0
BRDA:615,116,0,0
BRDA:615,116,1,0
BRDA:616,117,0,0
BRDA:616,117,1,0
BRDA:618,118,0,0
BRDA:618,118,1,0
BRDA:622,119,0,0
BRDA:622,119,1,0
BRDA:630,120,0,0
BRDA:630,120,1,0
BRDA:631,121,0,0
BRDA:631,121,1,0
BRDA:634,122,0,0
BRDA:634,122,1,0
BRDA:637,123,0,0
BRDA:637,123,1,0
BRDA:638,124,0,0
BRDA:638,124,1,0
BRDA:639,125,0,0
BRDA:639,125,1,0
BRDA:640,126,0,0
BRDA:640,126,1,0
BRDA:645,127,0,0
BRDA:645,127,1,0
BRDA:646,128,0,0
BRDA:646,128,1,0
BRDA:647,129,0,0
BRDA:647,129,1,0
BRDA:650,130,0,0
BRDA:650,130,1,0
BRDA:651,131,0,0
BRDA:651,131,1,0
BRDA:654,132,0,0
BRDA:654,132,1,0
BRDA:655,133,0,0
BRDA:655,133,1,0
BRDA:658,134,0,0
BRDA:658,134,1,0
BRDA:659,135,0,0
BRDA:659,135,1,0
BRDA:665,136,0,0
BRDA:665,136,1,0
BRDA:665,136,2,0
BRDA:666,137,0,0
BRDA:666,137,1,0
BRDA:667,138,0,0
BRDA:667,138,1,0
BRDA:671,139,0,0
BRDA:671,139,1,0
BRDA:672,140,0,0
BRDA:672,140,1,0
BRDA:679,141,0,0
BRDA:679,141,1,0
BRDA:680,142,0,0
BRDA:680,142,1,0
BRDA:681,143,0,0
BRDA:681,143,1,0
BRDA:688,144,0,0
BRDA:688,144,1,0
BRDA:705,145,0,0
BRDA:705,145,1,0
BRDA:711,146,0,0
BRDA:711,146,1,0
BRDA:714,147,0,0
BRDA:714,147,1,0
BRDA:717,148,0,0
BRDA:717,148,1,0
BRDA:721,149,0,0
BRDA:721,149,1,0
BRDA:725,150,0,0
BRDA:725,150,1,0
BRDA:729,151,0,0
BRDA:729,151,1,0
BRDA:733,152,0,0
BRDA:733,152,1,0
BRDA:737,153,0,0
BRDA:737,153,1,0
BRDA:744,154,0,0
BRDA:744,154,1,0
BRF:314
BRH:0
end_of_record
TN:
SF:src\pages\Sensors.tsx
FN:61,(anonymous_0)
FN:68,(anonymous_1)
FN:69,(anonymous_2)
FN:72,(anonymous_3)
FN:89,(anonymous_4)
FN:100,(anonymous_5)
FN:108,(anonymous_6)
FN:134,(anonymous_7)
FN:137,(anonymous_8)
FN:213,(anonymous_9)
FNF:10
FNH:0
FNDA:0,(anonymous_0)
FNDA:0,(anonymous_1)
FNDA:0,(anonymous_2)
FNDA:0,(anonymous_3)
FNDA:0,(anonymous_4)
FNDA:0,(anonymous_5)
FNDA:0,(anonymous_6)
FNDA:0,(anonymous_7)
FNDA:0,(anonymous_8)
FNDA:0,(anonymous_9)
DA:61,0
DA:62,0
DA:63,0
DA:64,0
DA:65,0
DA:66,0
DA:68,0
DA:69,0
DA:70,0
DA:71,0
DA:72,0
DA:74,0
DA:75,0
DA:78,0
DA:79,0
DA:81,0
DA:83,0
DA:87,0
DA:88,0
DA:89,0
DA:92,0
DA:93,0
DA:100,0
DA:101,0
DA:102,0
DA:104,0
DA:105,0
DA:108,0
DA:109,0
DA:110,0
DA:111,0
DA:112,0
DA:113,0
DA:116,0
DA:134,0
DA:138,0
DA:214,0
DA:215,0
LF:38
LH:0
BRDA:74,0,0,0
BRDA:74,0,1,0
BRDA:74,1,0,0
BRDA:74,1,1,0
BRDA:92,2,0,0
BRDA:92,2,1,0
BRDA:101,3,0,0
BRDA:101,3,1,0
BRDA:109,4,0,0
BRDA:109,4,1,0
BRDA:109,5,0,0
BRDA:109,5,1,0
BRDA:110,6,0,0
BRDA:110,6,1,0
BRDA:110,7,0,0
BRDA:110,7,1,0
BRDA:111,8,0,0
BRDA:111,8,1,0
BRDA:111,9,0,0
BRDA:111,9,1,0
BRDA:112,10,0,0
BRDA:112,10,1,0
BRDA:112,11,0,0
BRDA:112,11,1,0
BRDA:113,12,0,0
BRDA:113,12,1,0
BRDA:122,13,0,0
BRDA:122,13,1,0
BRDA:123,14,0,0
BRDA:123,14,1,0
BRDA:126,15,0,0
BRDA:126,15,1,0
BRDA:131,16,0,0
BRDA:131,16,1,0
BRDA:135,17,0,0
BRDA:135,17,1,0
BRDA:139,18,0,0
BRDA:139,18,1,0
BRDA:152,19,0,0
BRDA:152,19,1,0
BRDA:153,20,0,0
BRDA:153,20,1,0
BRDA:158,21,0,0
BRDA:158,21,1,0
BRDA:165,22,0,0
BRDA:165,22,1,0
BRDA:176,23,0,0
BRDA:176,23,1,0
BRDA:177,24,0,0
BRDA:177,24,1,0
BRDA:182,25,0,0
BRDA:182,25,1,0
BRDA:189,26,0,0
BRDA:189,26,1,0
BRDA:202,27,0,0
BRDA:202,27,1,0
BRDA:203,28,0,0
BRDA:203,28,1,0
BRDA:206,29,0,0
BRDA:206,29,1,0
BRDA:211,30,0,0
BRDA:211,30,1,0
BRDA:218,31,0,0
BRDA:218,31,1,0
BRDA:223,32,0,0
BRDA:223,32,1,0
BRDA:228,33,0,0
BRDA:228,33,1,0
BRDA:230,34,0,0
BRDA:230,34,1,0
BRDA:234,35,0,0
BRDA:234,35,1,0
BRDA:243,36,0,0
BRDA:243,36,1,0
BRDA:244,37,0,0
BRDA:244,37,1,0
BRDA:245,38,0,0
BRDA:245,38,1,0
BRDA:253,39,0,0
BRDA:253,39,1,0
BRDA:254,40,0,0
BRDA:254,40,1,0
BRF:82
BRH:0
end_of_record
TN:
SF:src\pages\Servos.tsx
FN:79,(anonymous_0)
FN:89,(anonymous_1)
FN:93,(anonymous_2)
FN:97,(anonymous_3)
FN:101,(anonymous_4)
FN:104,(anonymous_5)
FN:117,(anonymous_6)
FN:141,(anonymous_7)
FN:149,(anonymous_8)
FN:157,(anonymous_9)
FN:198,(anonymous_10)
FN:202,(anonymous_11)
FN:234,(anonymous_12)
FN:240,(anonymous_13)
FN:246,(anonymous_14)
FN:254,(anonymous_15)
FNF:16
FNH:0
FNDA:0,(anonymous_0)
FNDA:0,(anonymous_1)
FNDA:0,(anonymous_2)
FNDA:0,(anonymous_3)
FNDA:0,(anonymous_4)
FNDA:0,(anonymous_5)
FNDA:0,(anonymous_6)
FNDA:0,(anonymous_7)
FNDA:0,(anonymous_8)
FNDA:0,(anonymous_9)
FNDA:0,(anonymous_10)
FNDA:0,(anonymous_11)
FNDA:0,(anonymous_12)
FNDA:0,(anonymous_13)
FNDA:0,(anonymous_14)
FNDA:0,(anonymous_15)
DA:79,0
DA:80,0
DA:81,0
DA:82,0
DA:83,0
DA:84,0
DA:85,0
DA:87,0
DA:89,0
DA:90,0
DA:93,0
DA:94,0
DA:95,0
DA:96,0
DA:97,0
DA:101,0
DA:102,0
DA:103,0
DA:104,0
DA:105,0
DA:106,0
DA:107,0
DA:109,0
DA:111,0
DA:112,0
DA:113,0
DA:117,0
DA:118,0
DA:120,0
DA:121,0
DA:122,0
DA:123,0
DA:124,0
DA:126,0
DA:127,0
DA:130,0
DA:131,0
DA:132,0
DA:133,0
DA:135,0
DA:137,0
DA:141,0
DA:142,0
DA:143,0
DA:144,0
DA:145,0
DA:149,0
DA:150,0
DA:151,0
DA:152,0
DA:153,0
DA:157,0
DA:158,0
DA:159,0
DA:160,0
DA:163,0
DA:164,0
DA:172,0
DA:198,0
DA:203,0
DA:234,0
DA:240,0
DA:246,0
DA:255,0
LF:64
LH:0
BRDA:94,0,0,0
BRDA:94,0,1,0
BRDA:106,1,0,0
BRDA:106,1,1,0
BRDA:106,2,0,0
BRDA:106,2,1,0
BRDA:118,3,0,0
BRDA:118,3,1,0
BRDA:122,4,0,0
BRDA:122,4,1,0
BRDA:122,5,0,0
BRDA:122,5,1,0
BRDA:122,5,2,0
BRDA:132,6,0,0
BRDA:132,6,1,0
BRDA:142,7,0,0
BRDA:142,7,1,0
BRDA:142,7,2,0
BRDA:143,8,0,0
BRDA:143,8,1,0
BRDA:144,9,0,0
BRDA:144,9,1,0
BRDA:145,10,0,0
BRDA:145,10,1,0
BRDA:150,11,0,0
BRDA:150,11,1,0
BRDA:150,11,2,0
BRDA:151,12,0,0
BRDA:151,12,1,0
BRDA:152,13,0,0
BRDA:152,13,1,0
BRDA:158,14,0,0
BRDA:158,14,1,0
BRDA:158,15,0,0
BRDA:158,15,1,0
BRDA:159,16,0,0
BRDA:159,16,1,0
BRDA:159,17,0,0
BRDA:159,17,1,0
BRDA:160,18,0,0
BRDA:160,18,1,0
BRDA:163,19,0,0
BRDA:163,19,1,0
BRDA:167,20,0,0
BRDA:167,20,1,0
BRDA:177,21,0,0
BRDA:177,21,1,0
BRDA:178,22,0,0
BRDA:178,22,1,0
BRDA:193,23,0,0
BRDA:193,23,1,0
BRDA:210,24,0,0
BRDA:210,24,1,0
BRDA:211,25,0,0
BRDA:211,25,1,0
BRDA:212,26,0,0
BRDA:212,26,1,0
BRDA:221,27,0,0
BRDA:221,27,1,0
BRDA:221,28,0,0
BRDA:221,28,1,0
BRDA:221,28,2,0
BRDA:225,29,0,0
BRDA:225,29,1,0
BRDA:227,30,0,0
BRDA:227,30,1,0
BRDA:228,31,0,0
BRDA:228,31,1,0
BRDA:229,32,0,0
BRDA:229,32,1,0
BRDA:231,33,0,0
BRDA:231,33,1,0
BRDA:232,34,0,0
BRDA:232,34,1,0
BRDA:233,35,0,0
BRDA:233,35,1,0
BRDA:237,36,0,0
BRDA:237,36,1,0
BRDA:238,37,0,0
BRDA:238,37,1,0
BRDA:239,38,0,0
BRDA:239,38,1,0
BRDA:243,39,0,0
BRDA:243,39,1,0
BRDA:244,40,0,0
BRDA:244,40,1,0
BRDA:245,41,0,0
BRDA:245,41,1,0
BRDA:260,42,0,0
BRDA:260,42,1,0
BRDA:266,43,0,0
BRDA:266,43,1,0
BRDA:268,44,0,0
BRDA:268,44,1,0
BRDA:272,45,0,0
BRDA:272,45,1,0
BRDA:276,46,0,0
BRDA:276,46,1,0
BRDA:285,47,0,0
BRDA:285,47,1,0
BRDA:287,48,0,0
BRDA:287,48,1,0
BRDA:295,49,0,0
BRDA:295,49,1,0
BRDA:298,50,0,0
BRDA:298,50,1,0
BRDA:299,51,0,0
BRDA:299,51,1,0
BRDA:307,52,0,0
BRDA:307,52,1,0
BRDA:309,53,0,0
BRDA:309,53,1,0
BRDA:313,54,0,0
BRDA:313,54,1,0
BRDA:320,55,0,0
BRDA:320,55,1,0
BRDA:322,56,0,0
BRDA:322,56,1,0
BRDA:324,57,0,0
BRDA:324,57,1,0
BRDA:325,58,0,0
BRDA:325,58,1,0
BRDA:326,59,0,0
BRDA:326,59,1,0
BRDA:328,60,0,0
BRDA:328,60,1,0
BRDA:334,61,0,0
BRDA:334,61,1,0
BRDA:336,62,0,0
BRDA:336,62,1,0
BRDA:337,63,0,0
BRDA:337,63,1,0
BRDA:347,64,0,0
BRDA:347,64,1,0
BRDA:348,65,0,0
BRDA:348,65,1,0
BRDA:351,66,0,0
BRDA:351,66,1,0
BRDA:361,67,0,0
BRDA:361,67,1,0
BRDA:365,68,0,0
BRDA:365,68,1,0
BRDA:365,69,0,0
BRDA:365,69,1,0
BRDA:367,70,0,0
BRDA:367,70,1,0
BRDA:368,71,0,0
BRDA:368,71,1,0
BRDA:369,72,0,0
BRDA:369,72,1,0
BRDA:373,73,0,0
BRDA:373,73,1,0
BRDA:375,74,0,0
BRDA:375,74,1,0
BRDA:376,75,0,0
BRDA:376,75,1,0
BRF:156
BRH:0
end_of_record
TN:
SF:src\pages\Users.tsx
FN:104,(anonymous_0)
FN:143,(anonymous_1)
FN:149,(anonymous_2)
FN:162,(anonymous_3)
FN:174,(anonymous_4)
FN:187,(anonymous_5)
FN:196,(anonymous_6)
FN:199,(anonymous_7)
FN:203,(anonymous_8)
FN:232,(anonymous_9)
FN:235,(anonymous_10)
FN:239,(anonymous_11)
FN:250,(anonymous_12)
FN:261,(anonymous_13)
FN:327,(anonymous_14)
FN:370,(anonymous_15)
FN:392,(anonymous_16)
FN:400,(anonymous_17)
FN:419,(anonymous_18)
FN:420,(anonymous_19)
FN:425,(anonymous_20)
FN:441,(anonymous_21)
FN:453,(anonymous_22)
FN:465,(anonymous_23)
FN:475,(anonymous_24)
FN:486,(anonymous_25)
FN:505,(anonymous_26)
FN:506,(anonymous_27)
FN:511,(anonymous_28)
FN:539,(anonymous_29)
FN:550,(anonymous_30)
FN:560,(anonymous_31)
FN:571,(anonymous_32)
FNF:33
FNH:7
FNDA:33,(anonymous_0)
FNDA:29,(anonymous_1)
FNDA:29,(anonymous_2)
FNDA:0,(anonymous_3)
FNDA:0,(anonymous_4)
FNDA:0,(anonymous_5)
FNDA:0,(anonymous_6)
FNDA:0,(anonymous_7)
FNDA:0,(anonymous_8)
FNDA:0,(anonymous_9)
FNDA:0,(anonymous_10)
FNDA:15,(anonymous_11)
FNDA:15,(anonymous_12)
FNDA:27,(anonymous_13)
FNDA:0,(anonymous_14)
FNDA:15,(anonymous_15)
FNDA:0,(anonymous_16)
FNDA:0,(anonymous_17)
FNDA:0,(anonymous_18)
FNDA:0,(anonymous_19)
FNDA:0,(anonymous_20)
FNDA:0,(anonymous_21)
FNDA:0,(anonymous_22)
FNDA:0,(anonymous_23)
FNDA:0,(anonymous_24)
FNDA:0,(anonymous_25)
FNDA:0,(anonymous_26)
FNDA:0,(anonymous_27)
FNDA:0,(anonymous_28)
FNDA:0,(anonymous_29)
FNDA:0,(anonymous_30)
FNDA:0,(anonymous_31)
FNDA:0,(anonymous_32)
DA:104,1
DA:106,33
DA:109,33
DA:116,33
DA:119,33
DA:122,33
DA:125,33
DA:126,33
DA:129,33
DA:132,33
DA:133,33
DA:136,33
DA:143,33
DA:144,29
DA:145,29
DA:149,33
DA:150,29
DA:151,29
DA:152,29
DA:153,26
DA:154,26
DA:156,3
DA:158,29
DA:162,33
DA:163,0
DA:169,0
DA:170,0
DA:171,0
DA:174,33
DA:175,0
DA:176,0
DA:182,0
DA:183,0
DA:184,0
DA:187,33
DA:188,0
DA:189,0
DA:192,0
DA:193,0
DA:194,0
DA:195,0
DA:196,0
DA:198,0
DA:199,0
DA:203,33
DA:204,0
DA:205,0
DA:206,0
DA:208,0
DA:209,0
DA:211,0
DA:212,0
DA:213,0
DA:215,0
DA:216,0
DA:217,0
DA:218,0
DA:220,0
DA:221,0
DA:222,0
DA:223,0
DA:225,0
DA:226,0
DA:227,0
DA:228,0
DA:231,0
DA:232,0
DA:234,0
DA:235,0
DA:239,33
DA:240,15
DA:242,5
DA:244,5
DA:246,5
DA:250,33
DA:251,15
DA:253,5
DA:255,5
DA:257,5
DA:261,33
DA:262,27
DA:267,33
DA:268,0
DA:279,33
DA:327,0
DA:371,15
DA:392,0
DA:400,0
DA:419,0
DA:420,0
DA:425,0
DA:441,0
DA:453,0
DA:465,0
DA:475,0
DA:486,0
DA:505,0
DA:506,0
DA:511,0
DA:539,0
DA:550,0
DA:560,0
DA:571,0
LF:103
LH:42
BRDA:144,0,0,29
BRDA:144,0,1,0
BRDA:188,1,0,0
BRDA:188,1,1,0
BRDA:209,2,0,0
BRDA:209,2,1,0
BRDA:211,3,0,0
BRDA:211,3,1,0
BRDA:218,4,0,0
BRDA:218,4,1,0
BRDA:218,5,0,0
BRDA:218,5,1,0
BRDA:221,6,0,0
BRDA:221,6,1,0
BRDA:222,7,0,0
BRDA:222,7,1,0
BRDA:223,8,0,0
BRDA:223,8,1,0
BRDA:225,9,0,0
BRDA:225,9,1,0
BRDA:240,10,0,5
BRDA:240,10,1,5
BRDA:240,10,2,5
BRDA:251,11,0,5
BRDA:251,11,1,5
BRDA:251,11,2,5
BRDA:253,12,0,0
BRDA:253,12,1,5
BRDA:255,13,0,0
BRDA:255,13,1,5
BRDA:257,14,0,0
BRDA:257,14,1,5
BRDA:262,15,0,27
BRDA:262,15,1,0
BRDA:267,16,0,0
BRDA:267,16,1,33
BRDA:269,17,0,0
BRDA:269,17,1,0
BRDA:270,18,0,0
BRDA:270,18,1,0
BRDA:271,19,0,0
BRDA:271,19,1,0
BRDA:272,20,0,0
BRDA:272,20,1,0
BRDA:273,21,0,0
BRDA:273,21,1,0
BRDA:280,22,0,0
BRDA:280,22,1,33
BRDA:283,23,0,0
BRDA:283,23,1,33
BRDA:286,24,0,0
BRDA:286,24,1,33
BRDA:290,25,0,0
BRDA:290,25,1,33
BRDA:296,26,0,0
BRDA:296,26,1,33
BRDA:305,27,0,33
BRDA:305,27,1,0
BRDA:306,28,0,0
BRDA:306,28,1,0
BRDA:312,29,0,33
BRDA:312,29,1,0
BRDA:313,30,0,0
BRDA:313,30,1,0
BRDA:320,31,0,0
BRDA:320,31,1,33
BRDA:322,32,0,0
BRDA:322,32,1,33
BRDA:328,33,0,0
BRDA:328,33,1,33
BRDA:334,34,0,0
BRDA:334,34,1,33
BRDA:335,35,0,22
BRDA:335,35,1,11
BRDA:338,36,0,0
BRDA:338,36,1,22
BRDA:340,37,0,6
BRDA:340,37,1,5
BRDA:342,38,0,0
BRDA:342,38,1,6
BRDA:343,39,0,0
BRDA:343,39,1,6
BRDA:344,40,0,0
BRDA:344,40,1,6
BRDA:350,41,0,0
BRDA:350,41,1,5
BRDA:352,42,0,0
BRDA:352,42,1,5
BRDA:355,43,0,0
BRDA:355,43,1,5
BRDA:358,44,0,0
BRDA:358,44,1,5
BRDA:361,45,0,0
BRDA:361,45,1,5
BRDA:364,46,0,0
BRDA:364,46,1,5
BRDA:369,47,0,0
BRDA:369,47,1,5
BRDA:371,48,0,0
BRDA:371,48,1,15
BRDA:372,49,0,0
BRDA:372,49,1,15
BRDA:375,50,0,0
BRDA:375,50,1,15
BRDA:385,51,0,10
BRDA:385,51,1,5
BRDA:385,52,0,0
BRDA:385,52,1,10
BRDA:385,53,0,0
BRDA:385,53,1,5
BRDA:386,54,0,10
BRDA:386,54,1,5
BRDA:393,55,0,0
BRDA:393,55,1,15
BRDA:398,56,0,15
BRDA:398,56,1,15
BRDA:401,57,0,0
BRDA:401,57,1,15
BRDA:418,58,0,33
BRDA:418,58,1,0
BRDA:420,59,0,0
BRDA:420,59,1,0
BRDA:421,60,0,0
BRDA:421,60,1,0
BRDA:423,61,0,0
BRDA:423,61,1,0
BRDA:426,62,0,0
BRDA:426,62,1,0
BRDA:434,63,0,0
BRDA:434,63,1,0
BRDA:442,64,0,0
BRDA:442,64,1,0
BRDA:446,65,0,0
BRDA:446,65,1,0
BRDA:454,66,0,0
BRDA:454,66,1,0
BRDA:458,67,0,0
BRDA:458,67,1,0
BRDA:466,68,0,0
BRDA:466,68,1,0
BRDA:470,69,0,0
BRDA:470,69,1,0
BRDA:476,70,0,0
BRDA:476,70,1,0
BRDA:487,71,0,0
BRDA:487,71,1,0
BRDA:493,72,0,0
BRDA:493,72,1,0
BRDA:504,73,0,33
BRDA:504,73,1,0
BRDA:504,73,2,0
BRDA:506,74,0,0
BRDA:506,74,1,0
BRDA:507,75,0,0
BRDA:507,75,1,0
BRDA:509,76,0,0
BRDA:509,76,1,0
BRDA:512,77,0,0
BRDA:512,77,1,0
BRDA:520,78,0,0
BRDA:520,78,1,0
BRDA:527,79,0,0
BRDA:527,79,1,0
BRDA:529,80,0,0
BRDA:529,80,1,0
BRDA:532,81,0,0
BRDA:532,81,1,0
BRDA:540,82,0,0
BRDA:540,82,1,0
BRDA:544,83,0,0
BRDA:544,83,1,0
BRDA:551,84,0,0
BRDA:551,84,1,0
BRDA:555,85,0,0
BRDA:555,85,1,0
BRDA:561,86,0,0
BRDA:561,86,1,0
BRDA:572,87,0,0
BRDA:572,87,1,0
BRDA:578,88,0,0
BRDA:578,88,1,0
BRF:181
BRH:53
end_of_record
TN:
SF:src\types\index.ts
FNF:0
FNH:0
LF:0
LH:0
BRF:0
BRH:0
end_of_record
TN:
SF:src\utils\api.ts
FN:105,(anonymous_0)
FN:113,(anonymous_1)
FN:121,(anonymous_2)
FN:141,(anonymous_3)
FN:149,(anonymous_4)
FN:169,(anonymous_5)
FN:172,(anonymous_6)
FN:208,(anonymous_7)
FN:275,(anonymous_8)
FN:292,(anonymous_9)
FN:310,(anonymous_10)
FN:320,(anonymous_11)
FN:337,(anonymous_12)
FN:354,(anonymous_13)
FN:364,(anonymous_14)
FN:373,(anonymous_15)
FN:387,(anonymous_16)
FN:396,(anonymous_17)
FN:406,(anonymous_18)
FN:418,(anonymous_19)
FN:433,(anonymous_20)
FN:442,(anonymous_21)
FN:458,(anonymous_22)
FN:476,(anonymous_23)
FN:492,(anonymous_24)
FN:502,(anonymous_25)
FN:512,(anonymous_26)
FN:523,(anonymous_27)
FN:538,(anonymous_28)
FN:550,(anonymous_29)
FN:567,(anonymous_30)
FN:583,(anonymous_31)
FN:595,(anonymous_32)
FN:613,(anonymous_33)
FN:642,(anonymous_34)
FN:655,(anonymous_35)
FN:676,(anonymous_36)
FN:685,(anonymous_37)
FN:696,(anonymous_38)
FN:708,(anonymous_39)
FN:718,(anonymous_40)
FN:728,(anonymous_41)
FN:738,(anonymous_42)
FN:756,(anonymous_43)
FN:769,(anonymous_44)
FN:783,(anonymous_45)
FN:812,(anonymous_46)
FN:825,(anonymous_47)
FN:844,(anonymous_48)
FN:860,(anonymous_49)
FN:872,(anonymous_50)
FN:884,(anonymous_51)
FN:906,(anonymous_52)
FN:915,(anonymous_53)
FN:931,(anonymous_54)
FN:945,(anonymous_55)
FN:954,(anonymous_56)
FN:966,(anonymous_57)
FN:976,(anonymous_58)
FN:986,(anonymous_59)
FN:1003,(anonymous_60)
FN:1017,(anonymous_61)
FNF:62
FNH:1
FNDA:0,(anonymous_0)
FNDA:0,(anonymous_1)
FNDA:0,(anonymous_2)
FNDA:0,(anonymous_3)
FNDA:0,(anonymous_4)
FNDA:0,(anonymous_5)
FNDA:0,(anonymous_6)
FNDA:7,(anonymous_7)
FNDA:0,(anonymous_8)
FNDA:0,(anonymous_9)
FNDA:0,(anonymous_10)
FNDA:0,(anonymous_11)
FNDA:0,(anonymous_12)
FNDA:0,(anonymous_13)
FNDA:0,(anonymous_14)
FNDA:0,(anonymous_15)
FNDA:0,(anonymous_16)
FNDA:0,(anonymous_17)
FNDA:0,(anonymous_18)
FNDA:0,(anonymous_19)
FNDA:0,(anonymous_20)
FNDA:0,(anonymous_21)
FNDA:0,(anonymous_22)
FNDA:0,(anonymous_23)
FNDA:0,(anonymous_24)
FNDA:0,(anonymous_25)
FNDA:0,(anonymous_26)
FNDA:0,(anonymous_27)
FNDA:0,(anonymous_28)
FNDA:0,(anonymous_29)
FNDA:0,(anonymous_30)
FNDA:0,(anonymous_31)
FNDA:0,(anonymous_32)
FNDA:0,(anonymous_33)
FNDA:0,(anonymous_34)
FNDA:0,(anonymous_35)
FNDA:0,(anonymous_36)
FNDA:0,(anonymous_37)
FNDA:0,(anonymous_38)
FNDA:0,(anonymous_39)
FNDA:0,(anonymous_40)
FNDA:0,(anonymous_41)
FNDA:0,(anonymous_42)
FNDA:0,(anonymous_43)
FNDA:0,(anonymous_44)
FNDA:0,(anonymous_45)
FNDA:0,(anonymous_46)
FNDA:0,(anonymous_47)
FNDA:0,(anonymous_48)
FNDA:0,(anonymous_49)
FNDA:0,(anonymous_50)
FNDA:0,(anonymous_51)
FNDA:0,(anonymous_52)
FNDA:0,(anonymous_53)
FNDA:0,(anonymous_54)
FNDA:0,(anonymous_55)
FNDA:0,(anonymous_56)
FNDA:0,(anonymous_57)
FNDA:0,(anonymous_58)
FNDA:0,(anonymous_59)
FNDA:0,(anonymous_60)
FNDA:0,(anonymous_61)
DA:75,1
DA:85,1
DA:92,1
DA:100,1
DA:106,0
DA:114,0
DA:122,0
DA:140,1
DA:142,0
DA:143,0
DA:145,0
DA:147,0
DA:150,0
DA:167,1
DA:169,0
DA:173,0
DA:175,0
DA:179,0
DA:180,0
DA:183,0
DA:208,1
DA:210,7
DA:211,5
DA:214,5
DA:215,1
DA:219,4
DA:220,1
DA:222,3
DA:223,1
DA:227,2
DA:228,1
DA:232,1
DA:233,1
DA:237,0
DA:241,2
DA:242,1
DA:246,1
DA:266,1
DA:276,0
DA:277,0
DA:293,0
DA:298,0
DA:299,0
DA:302,0
DA:303,0
DA:311,0
DA:312,0
DA:321,0
DA:322,0
DA:338,0
DA:342,0
DA:343,0
DA:345,0
DA:346,0
DA:355,0
DA:356,0
DA:365,0
DA:366,0
DA:374,0
DA:375,0
DA:388,0
DA:389,0
DA:397,0
DA:398,0
DA:407,0
DA:408,0
DA:419,0
DA:423,0
DA:434,0
DA:435,0
DA:443,0
DA:444,0
DA:459,0
DA:462,0
DA:477,0
DA:480,0
DA:493,0
DA:494,0
DA:503,0
DA:504,0
DA:505,0
DA:513,0
DA:514,0
DA:524,0
DA:525,0
DA:526,0
DA:528,0
DA:529,0
DA:539,0
DA:543,0
DA:551,0
DA:552,0
DA:568,0
DA:572,0
DA:573,0
DA:575,0
DA:576,0
DA:584,0
DA:585,0
DA:596,0
DA:600,0
DA:622,0
DA:623,0
DA:624,0
DA:625,0
DA:626,0
DA:627,0
DA:628,0
DA:629,0
DA:631,0
DA:632,0
DA:643,0
DA:644,0
DA:646,0
DA:647,0
DA:666,0
DA:667,0
DA:677,0
DA:678,0
DA:686,0
DA:687,0
DA:697,0
DA:698,0
DA:700,0
DA:701,0
DA:709,0
DA:710,0
DA:719,0
DA:720,0
DA:721,0
DA:729,0
DA:730,0
DA:745,0
DA:746,0
DA:761,0
DA:762,0
DA:770,0
DA:771,0
DA:792,0
DA:793,0
DA:794,0
DA:795,0
DA:796,0
DA:797,0
DA:798,0
DA:799,0
DA:801,0
DA:802,0
DA:813,0
DA:814,0
DA:816,0
DA:817,0
DA:832,0
DA:833,0
DA:845,0
DA:846,0
DA:848,0
DA:849,0
DA:861,0
DA:862,0
DA:864,0
DA:865,0
DA:873,0
DA:874,0
DA:890,0
DA:891,0
DA:892,0
DA:893,0
DA:894,0
DA:896,0
DA:899,0
DA:907,0
DA:908,0
DA:916,0
DA:917,0
DA:932,0
DA:933,0
DA:936,0
DA:938,0
DA:946,0
DA:947,0
DA:955,0
DA:967,0
DA:968,0
DA:977,0
DA:978,0
DA:992,0
DA:993,0
DA:1009,0
DA:1010,0
DA:1018,0
DA:1019,0
LF:192
LH:23
BRDA:143,0,0,0
BRDA:143,0,1,0
BRDA:173,1,0,0
BRDA:173,1,1,0
BRDA:179,2,0,0
BRDA:179,2,1,0
BRDA:210,3,0,5
BRDA:210,3,1,2
BRDA:214,4,0,1
BRDA:214,4,1,4
BRDA:219,5,0,1
BRDA:219,5,1,3
BRDA:222,6,0,1
BRDA:222,6,1,2
BRDA:227,7,0,1
BRDA:227,7,1,1
BRDA:232,8,0,1
BRDA:232,8,1,0
BRDA:241,9,0,1
BRDA:241,9,1,1
BRDA:292,10,0,0
BRDA:298,11,0,0
BRDA:298,11,1,0
BRDA:337,12,0,0
BRDA:342,13,0,0
BRDA:342,13,1,0
BRDA:343,14,0,0
BRDA:343,14,1,0
BRDA:458,15,0,0
BRDA:476,16,0,0
BRDA:503,17,0,0
BRDA:503,17,1,0
BRDA:523,18,0,0
BRDA:525,19,0,0
BRDA:525,19,1,0
BRDA:572,20,0,0
BRDA:572,20,1,0
BRDA:595,21,0,0
BRDA:613,22,0,0
BRDA:623,23,0,0
BRDA:623,23,1,0
BRDA:624,24,0,0
BRDA:624,24,1,0
BRDA:625,25,0,0
BRDA:625,25,1,0
BRDA:626,26,0,0
BRDA:626,26,1,0
BRDA:627,27,0,0
BRDA:627,27,1,0
BRDA:628,28,0,0
BRDA:628,28,1,0
BRDA:629,29,0,0
BRDA:629,29,1,0
BRDA:642,30,0,0
BRDA:644,31,0,0
BRDA:644,31,1,0
BRDA:676,32,0,0
BRDA:696,33,0,0
BRDA:698,34,0,0
BRDA:698,34,1,0
BRDA:719,35,0,0
BRDA:719,35,1,0
BRDA:783,36,0,0
BRDA:793,37,0,0
BRDA:793,37,1,0
BRDA:794,38,0,0
BRDA:794,38,1,0
BRDA:795,39,0,0
BRDA:795,39,1,0
BRDA:796,40,0,0
BRDA:796,40,1,0
BRDA:797,41,0,0
BRDA:797,41,1,0
BRDA:798,42,0,0
BRDA:798,42,1,0
BRDA:799,43,0,0
BRDA:799,43,1,0
BRDA:812,44,0,0
BRDA:814,45,0,0
BRDA:814,45,1,0
BRDA:844,46,0,0
BRDA:844,47,0,0
BRDA:846,48,0,0
BRDA:846,48,1,0
BRDA:860,49,0,0
BRDA:860,50,0,0
BRDA:862,51,0,0
BRDA:862,51,1,0
BRDA:872,52,0,0
BRDA:884,53,0,0
BRDA:891,54,0,0
BRDA:891,54,1,0
BRDA:892,55,0,0
BRDA:892,55,1,0
BRDA:893,56,0,0
BRDA:893,56,1,0
BRDA:894,57,0,0
BRDA:894,57,1,0
BRF:98
BRH:13
end_of_record
TN:
SF:src\utils\config.ts
FN:46,(anonymous_0)
FN:51,(anonymous_1)
FNF:2
FNH:2
FNDA:1,(anonymous_0)
FNDA:1,(anonymous_1)
DA:33,2
DA:34,2
DA:35,2
DA:36,2
DA:39,2
DA:42,2
DA:43,2
DA:46,2
DA:47,1
DA:51,2
DA:52,1
DA:56,2
DA:65,2
LF:13
LH:13
BRDA:33,0,0,2
BRDA:33,0,1,2
BRDA:39,1,0,2
BRDA:39,1,1,2
BRDA:42,2,0,2
BRDA:42,2,1,2
BRDA:46,3,0,0
BRF:7
BRH:6
end_of_record
TN:
SF:src\utils\grafana.ts
FN:58,(anonymous_0)
FN:67,(anonymous_1)
FN:87,(anonymous_2)
FN:125,(anonymous_3)
FNF:4
FNH:3
FNDA:4,(anonymous_0)
FNDA:0,(anonymous_1)
FNDA:9,(anonymous_2)
FNDA:4,(anonymous_3)
DA:49,1
DA:52,1
DA:58,1
DA:59,4
DA:60,0
DA:63,4
DA:66,4
DA:67,4
DA:69,4
DA:76,2
DA:77,2
DA:80,2
DA:87,1
DA:104,9
DA:106,9
DA:115,9
DA:116,3
DA:119,9
DA:125,1
DA:126,4
LF:20
LH:19
BRDA:49,0,0,1
BRDA:49,0,1,1
BRDA:59,1,0,0
BRDA:59,1,1,4
BRDA:90,2,0,3
BRDA:100,3,0,7
BRDA:101,4,0,7
BRDA:102,5,0,7
BRDA:103,6,0,7
BRDA:115,7,0,3
BRDA:115,7,1,6
BRF:11
BRH:10
end_of_record
TN:
SF:src\utils\helpers.ts
FN:53,cn
FN:74,formatDate
FN:93,formatBatteryLevel
FN:115,getStatusColor
FN:144,getBatteryColor
FNF:5
FNH:0
FNDA:0,cn
FNDA:0,formatDate
FNDA:0,formatBatteryLevel
FNDA:0,getStatusColor
FNDA:0,getBatteryColor
DA:54,0
DA:75,0
DA:76,0
DA:94,0
DA:116,0
DA:118,0
DA:120,0
DA:122,0
DA:124,0
DA:145,0
DA:146,0
DA:147,0
LF:12
LH:0
BRDA:75,0,0,0
BRDA:75,0,1,0
BRDA:116,1,0,0
BRDA:116,1,1,0
BRDA:116,1,2,0
BRDA:116,1,3,0
BRDA:145,2,0,0
BRDA:145,2,1,0
BRDA:146,3,0,0
BRDA:146,3,1,0
BRF:10
BRH:0
end_of_record
TN:
SF:src\utils\useMqtt.ts
FN:83,(anonymous_0)
FN:95,(anonymous_1)
FN:104,(anonymous_2)
FN:110,(anonymous_3)
FN:111,(anonymous_4)
FN:121,(anonymous_5)
FN:127,(anonymous_6)
FN:135,(anonymous_7)
FN:141,(anonymous_8)
FN:146,(anonymous_9)
FN:161,(anonymous_10)
FN:171,(anonymous_11)
FN:173,(anonymous_12)
FN:185,(anonymous_13)
FN:187,(anonymous_14)
FN:198,(anonymous_15)
FN:201,(anonymous_16)
FN:213,(anonymous_17)
FN:218,(anonymous_18)
FN:220,(anonymous_19)
FNF:20
FNH:0
FNDA:0,(anonymous_0)
FNDA:0,(anonymous_1)
FNDA:0,(anonymous_2)
FNDA:0,(anonymous_3)
FNDA:0,(anonymous_4)
FNDA:0,(anonymous_5)
FNDA:0,(anonymous_6)
FNDA:0,(anonymous_7)
FNDA:0,(anonymous_8)
FNDA:0,(anonymous_9)
FNDA:0,(anonymous_10)
FNDA:0,(anonymous_11)
FNDA:0,(anonymous_12)
FNDA:0,(anonymous_13)
FNDA:0,(anonymous_14)
FNDA:0,(anonymous_15)
FNDA:0,(anonymous_16)
FNDA:0,(anonymous_17)
FNDA:0,(anonymous_18)
FNDA:0,(anonymous_19)
DA:83,0
DA:88,0
DA:89,0
DA:90,0
DA:91,0
DA:92,0
DA:95,0
DA:96,0
DA:97,0
DA:104,0
DA:105,0
DA:106,0
DA:107,0
DA:110,0
DA:111,0
DA:112,0
DA:113,0
DA:115,0
DA:121,0
DA:122,0
DA:123,0
DA:124,0
DA:127,0
DA:128,0
DA:129,0
DA:135,0
DA:137,0
DA:141,0
DA:142,0
DA:143,0
DA:146,0
DA:147,0
DA:148,0
DA:151,0
DA:152,0
DA:155,0
DA:156,0
DA:161,0
DA:162,0
DA:163,0
DA:164,0
DA:165,0
DA:166,0
DA:171,0
DA:172,0
DA:173,0
DA:174,0
DA:175,0
DA:176,0
DA:178,0
DA:185,0
DA:186,0
DA:187,0
DA:188,0
DA:189,0
DA:191,0
DA:198,0
DA:199,0
DA:200,0
DA:201,0
DA:202,0
DA:203,0
DA:204,0
DA:206,0
DA:213,0
DA:214,0
DA:218,0
DA:219,0
DA:220,0
DA:221,0
DA:225,0
LF:71
LH:0
BRDA:83,0,0,0
BRDA:84,1,0,0
BRDA:84,2,0,0
BRDA:84,2,1,0
BRDA:85,3,0,0
BRDA:86,4,0,0
BRDA:112,5,0,0
BRDA:112,5,1,0
BRDA:156,6,0,0
BRDA:156,6,1,0
BRDA:162,7,0,0
BRDA:162,7,1,0
BRDA:172,8,0,0
BRDA:172,8,1,0
BRDA:172,9,0,0
BRDA:172,9,1,0
BRDA:174,10,0,0
BRDA:174,10,1,0
BRDA:186,11,0,0
BRDA:186,11,1,0
BRDA:186,12,0,0
BRDA:186,12,1,0
BRDA:188,13,0,0
BRDA:188,13,1,0
BRDA:199,14,0,0
BRDA:199,14,1,0
BRDA:199,15,0,0
BRDA:199,15,1,0
BRDA:200,16,0,0
BRDA:200,16,1,0
BRDA:202,17,0,0
BRDA:202,17,1,0
BRF:32
BRH:0
end_of_record
